Calling target program-options parser
[22:48:13.715] [bmv2] [D] [thread 7531] Set default default entry for table 'MyIngress.ipv4_lpm': MyIngress.drop - 
[22:48:13.715] [bmv2] [D] [thread 7531] Set default default entry for table 'MyIngress.ecmp_group_to_nhop': NoAction - 
[22:48:13.715] [bmv2] [D] [thread 7531] Set default default entry for table 'tbl_traceroutable117': traceroutable117 - 
[22:48:13.715] [bmv2] [D] [thread 7531] Set default default entry for table 'MyIngress.icmp_ingress_port': NoAction - 
[22:48:13.715] [bmv2] [D] [thread 7531] Set default default entry for table 'tbl_traceroutable137': traceroutable137 - 
Adding interface s1-eth1 as port 1
[22:48:13.716] [bmv2] [D] [thread 7531] Adding interface s1-eth1 as port 1
Adding interface s1-eth2 as port 2
[22:48:13.731] [bmv2] [D] [thread 7531] Adding interface s1-eth2 as port 2
Adding interface s1-eth3 as port 3
[22:48:13.755] [bmv2] [D] [thread 7531] Adding interface s1-eth3 as port 3
Adding interface s1-eth4 as port 4
[22:48:13.771] [bmv2] [D] [thread 7531] Adding interface s1-eth4 as port 4
Adding interface s1-eth5 as port 5
[22:48:13.795] [bmv2] [D] [thread 7531] Adding interface s1-eth5 as port 5
[22:48:13.842] [bmv2] [I] [thread 7531] Starting Thrift server on port 9090
[22:48:13.843] [bmv2] [I] [thread 7531] Thrift server was started
[22:48:13.867] [bmv2] [D] [thread 7537] [0.0] [cxt 0] Processing packet received on port 4
[22:48:13.867] [bmv2] [D] [thread 7537] [0.0] [cxt 0] Parser 'parser': start
[22:48:13.867] [bmv2] [D] [thread 7537] [0.0] [cxt 0] Parser 'parser' entering state 'start'
[22:48:13.867] [bmv2] [D] [thread 7537] [0.0] [cxt 0] Extracting header 'ethernet'
[22:48:13.867] [bmv2] [D] [thread 7537] [0.0] [cxt 0] Parser state 'start': key is 86dd
[22:48:13.867] [bmv2] [T] [thread 7537] [0.0] [cxt 0] Bytes parsed: 14
[22:48:13.867] [bmv2] [D] [thread 7537] [0.0] [cxt 0] Parser 'parser': end
[22:48:13.867] [bmv2] [D] [thread 7537] [0.0] [cxt 0] Pipeline 'ingress': start
[22:48:13.867] [bmv2] [T] [thread 7537] [0.0] [cxt 0] /home/wly/p4-learning/exercises/a-09-Traceroutable/p4src/traceroutable.p4(105) Condition "hdr.ipv4.isValid() && hdr.ipv4.ttl > 1" (node_2) is false
[22:48:13.867] [bmv2] [T] [thread 7537] [0.0] [cxt 0] /home/wly/p4-learning/exercises/a-09-Traceroutable/p4src/traceroutable.p4(114) Condition "hdr.ipv4.isValid() && hdr.tcp.isValid() && hdr.ipv4.ttl == 1" (node_5) is false
[22:48:13.867] [bmv2] [D] [thread 7537] [0.0] [cxt 0] Pipeline 'ingress': end
[22:48:13.867] [bmv2] [D] [thread 7537] [0.0] [cxt 0] Egress port is 0
[22:48:13.867] [bmv2] [D] [thread 7538] [0.0] [cxt 0] Pipeline 'egress': start
[22:48:13.867] [bmv2] [D] [thread 7538] [0.0] [cxt 0] Pipeline 'egress': end
[22:48:13.867] [bmv2] [D] [thread 7538] [0.0] [cxt 0] Deparser 'deparser': start
[22:48:13.867] [bmv2] [T] [thread 7538] [0.0] [cxt 0] Skipping checksum 'cksum' update because condition not met
[22:48:13.867] [bmv2] [T] [thread 7538] [0.0] [cxt 0] Skipping checksum 'cksum_0' update because condition not met
[22:48:13.867] [bmv2] [T] [thread 7538] [0.0] [cxt 0] Skipping checksum 'cksum_1' update because condition not met
[22:48:13.867] [bmv2] [D] [thread 7538] [0.0] [cxt 0] Deparsing header 'ethernet'
[22:48:13.867] [bmv2] [D] [thread 7538] [0.0] [cxt 0] Deparser 'deparser': end
[22:48:13.867] [bmv2] [D] [thread 7542] [0.0] [cxt 0] Transmitting packet of size 86 out of port 0
[22:48:13.930] [bmv2] [D] [thread 7537] [1.0] [cxt 0] Processing packet received on port 3
[22:48:13.930] [bmv2] [D] [thread 7537] [1.0] [cxt 0] Parser 'parser': start
[22:48:13.930] [bmv2] [D] [thread 7537] [1.0] [cxt 0] Parser 'parser' entering state 'start'
[22:48:13.930] [bmv2] [D] [thread 7537] [1.0] [cxt 0] Extracting header 'ethernet'
[22:48:13.930] [bmv2] [D] [thread 7537] [1.0] [cxt 0] Parser state 'start': key is 86dd
[22:48:13.930] [bmv2] [T] [thread 7537] [1.0] [cxt 0] Bytes parsed: 14
[22:48:13.930] [bmv2] [D] [thread 7537] [1.0] [cxt 0] Parser 'parser': end
[22:48:13.930] [bmv2] [D] [thread 7537] [1.0] [cxt 0] Pipeline 'ingress': start
[22:48:13.930] [bmv2] [T] [thread 7537] [1.0] [cxt 0] /home/wly/p4-learning/exercises/a-09-Traceroutable/p4src/traceroutable.p4(105) Condition "hdr.ipv4.isValid() && hdr.ipv4.ttl > 1" (node_2) is false
[22:48:13.930] [bmv2] [T] [thread 7537] [1.0] [cxt 0] /home/wly/p4-learning/exercises/a-09-Traceroutable/p4src/traceroutable.p4(114) Condition "hdr.ipv4.isValid() && hdr.tcp.isValid() && hdr.ipv4.ttl == 1" (node_5) is false
[22:48:13.930] [bmv2] [D] [thread 7537] [1.0] [cxt 0] Pipeline 'ingress': end
[22:48:13.930] [bmv2] [D] [thread 7537] [1.0] [cxt 0] Egress port is 0
[22:48:13.930] [bmv2] [D] [thread 7538] [1.0] [cxt 0] Pipeline 'egress': start
[22:48:13.930] [bmv2] [D] [thread 7538] [1.0] [cxt 0] Pipeline 'egress': end
[22:48:13.930] [bmv2] [D] [thread 7538] [1.0] [cxt 0] Deparser 'deparser': start
[22:48:13.930] [bmv2] [T] [thread 7538] [1.0] [cxt 0] Skipping checksum 'cksum' update because condition not met
[22:48:13.930] [bmv2] [T] [thread 7538] [1.0] [cxt 0] Skipping checksum 'cksum_0' update because condition not met
[22:48:13.930] [bmv2] [T] [thread 7538] [1.0] [cxt 0] Skipping checksum 'cksum_1' update because condition not met
[22:48:13.930] [bmv2] [D] [thread 7538] [1.0] [cxt 0] Deparsing header 'ethernet'
[22:48:13.930] [bmv2] [D] [thread 7538] [1.0] [cxt 0] Deparser 'deparser': end
[22:48:13.930] [bmv2] [D] [thread 7542] [1.0] [cxt 0] Transmitting packet of size 86 out of port 0
[22:48:13.931] [bmv2] [D] [thread 7537] [2.0] [cxt 0] Processing packet received on port 1
[22:48:13.931] [bmv2] [D] [thread 7537] [2.0] [cxt 0] Parser 'parser': start
[22:48:13.931] [bmv2] [D] [thread 7537] [2.0] [cxt 0] Parser 'parser' entering state 'start'
[22:48:13.931] [bmv2] [D] [thread 7537] [2.0] [cxt 0] Extracting header 'ethernet'
[22:48:13.931] [bmv2] [D] [thread 7537] [2.0] [cxt 0] Parser state 'start': key is 86dd
[22:48:13.931] [bmv2] [T] [thread 7537] [2.0] [cxt 0] Bytes parsed: 14
[22:48:13.931] [bmv2] [D] [thread 7537] [2.0] [cxt 0] Parser 'parser': end
[22:48:13.931] [bmv2] [D] [thread 7537] [2.0] [cxt 0] Pipeline 'ingress': start
[22:48:13.931] [bmv2] [T] [thread 7537] [2.0] [cxt 0] /home/wly/p4-learning/exercises/a-09-Traceroutable/p4src/traceroutable.p4(105) Condition "hdr.ipv4.isValid() && hdr.ipv4.ttl > 1" (node_2) is false
[22:48:13.931] [bmv2] [T] [thread 7537] [2.0] [cxt 0] /home/wly/p4-learning/exercises/a-09-Traceroutable/p4src/traceroutable.p4(114) Condition "hdr.ipv4.isValid() && hdr.tcp.isValid() && hdr.ipv4.ttl == 1" (node_5) is false
[22:48:13.931] [bmv2] [D] [thread 7537] [2.0] [cxt 0] Pipeline 'ingress': end
[22:48:13.931] [bmv2] [D] [thread 7537] [2.0] [cxt 0] Egress port is 0
[22:48:13.932] [bmv2] [D] [thread 7538] [2.0] [cxt 0] Pipeline 'egress': start
[22:48:13.932] [bmv2] [D] [thread 7538] [2.0] [cxt 0] Pipeline 'egress': end
[22:48:13.932] [bmv2] [D] [thread 7538] [2.0] [cxt 0] Deparser 'deparser': start
[22:48:13.932] [bmv2] [T] [thread 7538] [2.0] [cxt 0] Skipping checksum 'cksum' update because condition not met
[22:48:13.932] [bmv2] [T] [thread 7538] [2.0] [cxt 0] Skipping checksum 'cksum_0' update because condition not met
[22:48:13.932] [bmv2] [T] [thread 7538] [2.0] [cxt 0] Skipping checksum 'cksum_1' update because condition not met
[22:48:13.932] [bmv2] [D] [thread 7538] [2.0] [cxt 0] Deparsing header 'ethernet'
[22:48:13.932] [bmv2] [D] [thread 7538] [2.0] [cxt 0] Deparser 'deparser': end
[22:48:13.932] [bmv2] [D] [thread 7542] [2.0] [cxt 0] Transmitting packet of size 86 out of port 0
[22:48:13.990] [bmv2] [D] [thread 7537] [3.0] [cxt 0] Processing packet received on port 2
[22:48:13.990] [bmv2] [D] [thread 7537] [3.0] [cxt 0] Parser 'parser': start
[22:48:13.990] [bmv2] [D] [thread 7537] [3.0] [cxt 0] Parser 'parser' entering state 'start'
[22:48:13.990] [bmv2] [D] [thread 7537] [3.0] [cxt 0] Extracting header 'ethernet'
[22:48:13.990] [bmv2] [D] [thread 7537] [3.0] [cxt 0] Parser state 'start': key is 86dd
[22:48:13.990] [bmv2] [T] [thread 7537] [3.0] [cxt 0] Bytes parsed: 14
[22:48:13.990] [bmv2] [D] [thread 7537] [3.0] [cxt 0] Parser 'parser': end
[22:48:13.990] [bmv2] [D] [thread 7537] [3.0] [cxt 0] Pipeline 'ingress': start
[22:48:13.990] [bmv2] [T] [thread 7537] [3.0] [cxt 0] /home/wly/p4-learning/exercises/a-09-Traceroutable/p4src/traceroutable.p4(105) Condition "hdr.ipv4.isValid() && hdr.ipv4.ttl > 1" (node_2) is false
[22:48:13.990] [bmv2] [T] [thread 7537] [3.0] [cxt 0] /home/wly/p4-learning/exercises/a-09-Traceroutable/p4src/traceroutable.p4(114) Condition "hdr.ipv4.isValid() && hdr.tcp.isValid() && hdr.ipv4.ttl == 1" (node_5) is false
[22:48:13.990] [bmv2] [D] [thread 7537] [3.0] [cxt 0] Pipeline 'ingress': end
[22:48:13.990] [bmv2] [D] [thread 7537] [3.0] [cxt 0] Egress port is 0
[22:48:13.990] [bmv2] [D] [thread 7538] [3.0] [cxt 0] Pipeline 'egress': start
[22:48:13.990] [bmv2] [D] [thread 7538] [3.0] [cxt 0] Pipeline 'egress': end
[22:48:13.990] [bmv2] [D] [thread 7538] [3.0] [cxt 0] Deparser 'deparser': start
[22:48:13.990] [bmv2] [T] [thread 7538] [3.0] [cxt 0] Skipping checksum 'cksum' update because condition not met
[22:48:13.990] [bmv2] [T] [thread 7538] [3.0] [cxt 0] Skipping checksum 'cksum_0' update because condition not met
[22:48:13.990] [bmv2] [T] [thread 7538] [3.0] [cxt 0] Skipping checksum 'cksum_1' update because condition not met
[22:48:13.990] [bmv2] [D] [thread 7538] [3.0] [cxt 0] Deparsing header 'ethernet'
[22:48:13.990] [bmv2] [D] [thread 7538] [3.0] [cxt 0] Deparser 'deparser': end
[22:48:13.990] [bmv2] [D] [thread 7542] [3.0] [cxt 0] Transmitting packet of size 90 out of port 0
[22:48:14.027] [bmv2] [D] [thread 7537] [4.0] [cxt 0] Processing packet received on port 3
[22:48:14.027] [bmv2] [D] [thread 7537] [4.0] [cxt 0] Parser 'parser': start
[22:48:14.027] [bmv2] [D] [thread 7537] [4.0] [cxt 0] Parser 'parser' entering state 'start'
[22:48:14.027] [bmv2] [D] [thread 7537] [4.0] [cxt 0] Extracting header 'ethernet'
[22:48:14.027] [bmv2] [D] [thread 7537] [4.0] [cxt 0] Parser state 'start': key is 86dd
[22:48:14.027] [bmv2] [T] [thread 7537] [4.0] [cxt 0] Bytes parsed: 14
[22:48:14.027] [bmv2] [D] [thread 7537] [4.0] [cxt 0] Parser 'parser': end
[22:48:14.027] [bmv2] [D] [thread 7537] [4.0] [cxt 0] Pipeline 'ingress': start
[22:48:14.027] [bmv2] [T] [thread 7537] [4.0] [cxt 0] /home/wly/p4-learning/exercises/a-09-Traceroutable/p4src/traceroutable.p4(105) Condition "hdr.ipv4.isValid() && hdr.ipv4.ttl > 1" (node_2) is false
[22:48:14.027] [bmv2] [T] [thread 7537] [4.0] [cxt 0] /home/wly/p4-learning/exercises/a-09-Traceroutable/p4src/traceroutable.p4(114) Condition "hdr.ipv4.isValid() && hdr.tcp.isValid() && hdr.ipv4.ttl == 1" (node_5) is false
[22:48:14.027] [bmv2] [D] [thread 7537] [4.0] [cxt 0] Pipeline 'ingress': end
[22:48:14.027] [bmv2] [D] [thread 7537] [4.0] [cxt 0] Egress port is 0
[22:48:14.027] [bmv2] [D] [thread 7538] [4.0] [cxt 0] Pipeline 'egress': start
[22:48:14.027] [bmv2] [D] [thread 7538] [4.0] [cxt 0] Pipeline 'egress': end
[22:48:14.027] [bmv2] [D] [thread 7538] [4.0] [cxt 0] Deparser 'deparser': start
[22:48:14.027] [bmv2] [T] [thread 7538] [4.0] [cxt 0] Skipping checksum 'cksum' update because condition not met
[22:48:14.027] [bmv2] [T] [thread 7538] [4.0] [cxt 0] Skipping checksum 'cksum_0' update because condition not met
[22:48:14.027] [bmv2] [T] [thread 7538] [4.0] [cxt 0] Skipping checksum 'cksum_1' update because condition not met
[22:48:14.027] [bmv2] [D] [thread 7538] [4.0] [cxt 0] Deparsing header 'ethernet'
[22:48:14.027] [bmv2] [D] [thread 7538] [4.0] [cxt 0] Deparser 'deparser': end
[22:48:14.027] [bmv2] [D] [thread 7542] [4.0] [cxt 0] Transmitting packet of size 90 out of port 0
[22:48:14.119] [bmv2] [D] [thread 7537] [5.0] [cxt 0] Processing packet received on port 5
[22:48:14.119] [bmv2] [D] [thread 7537] [5.0] [cxt 0] Parser 'parser': start
[22:48:14.119] [bmv2] [D] [thread 7537] [5.0] [cxt 0] Parser 'parser' entering state 'start'
[22:48:14.119] [bmv2] [D] [thread 7537] [5.0] [cxt 0] Extracting header 'ethernet'
[22:48:14.119] [bmv2] [D] [thread 7537] [5.0] [cxt 0] Parser state 'start': key is 86dd
[22:48:14.119] [bmv2] [T] [thread 7537] [5.0] [cxt 0] Bytes parsed: 14
[22:48:14.119] [bmv2] [D] [thread 7537] [5.0] [cxt 0] Parser 'parser': end
[22:48:14.119] [bmv2] [D] [thread 7537] [5.0] [cxt 0] Pipeline 'ingress': start
[22:48:14.119] [bmv2] [T] [thread 7537] [5.0] [cxt 0] /home/wly/p4-learning/exercises/a-09-Traceroutable/p4src/traceroutable.p4(105) Condition "hdr.ipv4.isValid() && hdr.ipv4.ttl > 1" (node_2) is false
[22:48:14.119] [bmv2] [T] [thread 7537] [5.0] [cxt 0] /home/wly/p4-learning/exercises/a-09-Traceroutable/p4src/traceroutable.p4(114) Condition "hdr.ipv4.isValid() && hdr.tcp.isValid() && hdr.ipv4.ttl == 1" (node_5) is false
[22:48:14.119] [bmv2] [D] [thread 7537] [5.0] [cxt 0] Pipeline 'ingress': end
[22:48:14.119] [bmv2] [D] [thread 7537] [5.0] [cxt 0] Egress port is 0
[22:48:14.119] [bmv2] [D] [thread 7538] [5.0] [cxt 0] Pipeline 'egress': start
[22:48:14.119] [bmv2] [D] [thread 7538] [5.0] [cxt 0] Pipeline 'egress': end
[22:48:14.119] [bmv2] [D] [thread 7538] [5.0] [cxt 0] Deparser 'deparser': start
[22:48:14.119] [bmv2] [T] [thread 7538] [5.0] [cxt 0] Skipping checksum 'cksum' update because condition not met
[22:48:14.119] [bmv2] [T] [thread 7538] [5.0] [cxt 0] Skipping checksum 'cksum_0' update because condition not met
[22:48:14.119] [bmv2] [T] [thread 7538] [5.0] [cxt 0] Skipping checksum 'cksum_1' update because condition not met
[22:48:14.119] [bmv2] [D] [thread 7538] [5.0] [cxt 0] Deparsing header 'ethernet'
[22:48:14.119] [bmv2] [D] [thread 7538] [5.0] [cxt 0] Deparser 'deparser': end
[22:48:14.119] [bmv2] [D] [thread 7542] [5.0] [cxt 0] Transmitting packet of size 90 out of port 0
[22:48:14.183] [bmv2] [D] [thread 7537] [6.0] [cxt 0] Processing packet received on port 4
[22:48:14.183] [bmv2] [D] [thread 7537] [6.0] [cxt 0] Parser 'parser': start
[22:48:14.183] [bmv2] [D] [thread 7537] [6.0] [cxt 0] Parser 'parser' entering state 'start'
[22:48:14.183] [bmv2] [D] [thread 7537] [6.0] [cxt 0] Extracting header 'ethernet'
[22:48:14.183] [bmv2] [D] [thread 7537] [6.0] [cxt 0] Parser state 'start': key is 86dd
[22:48:14.183] [bmv2] [T] [thread 7537] [6.0] [cxt 0] Bytes parsed: 14
[22:48:14.183] [bmv2] [D] [thread 7537] [6.0] [cxt 0] Parser 'parser': end
[22:48:14.183] [bmv2] [D] [thread 7537] [6.0] [cxt 0] Pipeline 'ingress': start
[22:48:14.183] [bmv2] [T] [thread 7537] [6.0] [cxt 0] /home/wly/p4-learning/exercises/a-09-Traceroutable/p4src/traceroutable.p4(105) Condition "hdr.ipv4.isValid() && hdr.ipv4.ttl > 1" (node_2) is false
[22:48:14.183] [bmv2] [T] [thread 7537] [6.0] [cxt 0] /home/wly/p4-learning/exercises/a-09-Traceroutable/p4src/traceroutable.p4(114) Condition "hdr.ipv4.isValid() && hdr.tcp.isValid() && hdr.ipv4.ttl == 1" (node_5) is false
[22:48:14.183] [bmv2] [D] [thread 7537] [6.0] [cxt 0] Pipeline 'ingress': end
[22:48:14.183] [bmv2] [D] [thread 7537] [6.0] [cxt 0] Egress port is 0
[22:48:14.183] [bmv2] [D] [thread 7538] [6.0] [cxt 0] Pipeline 'egress': start
[22:48:14.183] [bmv2] [D] [thread 7538] [6.0] [cxt 0] Pipeline 'egress': end
[22:48:14.183] [bmv2] [D] [thread 7538] [6.0] [cxt 0] Deparser 'deparser': start
[22:48:14.183] [bmv2] [T] [thread 7538] [6.0] [cxt 0] Skipping checksum 'cksum' update because condition not met
[22:48:14.183] [bmv2] [T] [thread 7538] [6.0] [cxt 0] Skipping checksum 'cksum_0' update because condition not met
[22:48:14.183] [bmv2] [T] [thread 7538] [6.0] [cxt 0] Skipping checksum 'cksum_1' update because condition not met
[22:48:14.183] [bmv2] [D] [thread 7538] [6.0] [cxt 0] Deparsing header 'ethernet'
[22:48:14.183] [bmv2] [D] [thread 7538] [6.0] [cxt 0] Deparser 'deparser': end
[22:48:14.183] [bmv2] [D] [thread 7542] [6.0] [cxt 0] Transmitting packet of size 90 out of port 0
[22:58:28.695] [bmv2] [T] [thread 7746] bm_get_config
[22:58:28.696] [bmv2] [T] [thread 7746] bm_mt_get_entries
[22:58:28.697] [bmv2] [T] [thread 7746] bm_mt_get_entries
[22:58:28.697] [bmv2] [T] [thread 7746] bm_mt_get_entries
[22:58:28.703] [bmv2] [T] [thread 7746] bm_reset_state
[22:58:28.703] [bmv2] [D] [thread 7746] Resetting simple_switch target-specific state
[22:58:28.703] [bmv2] [D] [thread 7746] resetting PRE state
[22:58:28.706] [bmv2] [T] [thread 7746] bm_set_default_action
[22:58:28.706] [bmv2] [D] [thread 7746] Set default entry for table 'MyIngress.ipv4_lpm': MyIngress.drop - 
[22:58:28.706] [bmv2] [T] [thread 7746] bm_set_default_action
[22:58:28.706] [bmv2] [D] [thread 7746] Set default entry for table 'MyIngress.ecmp_group_to_nhop': MyIngress.drop - 
[22:58:28.709] [bmv2] [T] [thread 7746] bm_table_add_entry
[22:58:28.709] [bmv2] [D] [thread 7746] Entry 0 added to table 'MyIngress.icmp_ingress_port'
[22:58:28.709] [bmv2] [D] [thread 7746] Dumping entry 0
Match key:
* standard_metadata.ingress_port: EXACT     0001
Action entry: MyIngress.set_src_icmp_ip - a010102,

[23:02:32.968] [bmv2] [T] [thread 8028] bm_get_config
[23:02:32.968] [bmv2] [T] [thread 8028] bm_mt_get_entries
[23:02:32.969] [bmv2] [T] [thread 8028] bm_mt_get_entries
[23:02:32.969] [bmv2] [T] [thread 8028] bm_mt_get_entries
[23:02:32.977] [bmv2] [T] [thread 8028] bm_reset_state
[23:02:32.977] [bmv2] [D] [thread 8028] Resetting simple_switch target-specific state
[23:02:32.977] [bmv2] [D] [thread 8028] resetting PRE state
[23:02:32.979] [bmv2] [T] [thread 8028] bm_set_default_action
[23:02:32.979] [bmv2] [D] [thread 8028] Set default entry for table 'MyIngress.ipv4_lpm': MyIngress.drop - 
[23:02:32.979] [bmv2] [T] [thread 8028] bm_set_default_action
[23:02:32.980] [bmv2] [D] [thread 8028] Set default entry for table 'MyIngress.ecmp_group_to_nhop': MyIngress.drop - 
[23:03:50.707] [bmv2] [T] [thread 8079] bm_get_config
[23:03:50.708] [bmv2] [T] [thread 8079] bm_mt_get_entries
[23:03:50.708] [bmv2] [T] [thread 8079] bm_mt_get_entries
[23:03:50.709] [bmv2] [T] [thread 8079] bm_mt_get_entries
[23:03:50.716] [bmv2] [T] [thread 8079] bm_reset_state
[23:03:50.717] [bmv2] [D] [thread 8079] Resetting simple_switch target-specific state
[23:03:50.717] [bmv2] [D] [thread 8079] resetting PRE state
[23:03:50.719] [bmv2] [T] [thread 8079] bm_set_default_action
[23:03:50.719] [bmv2] [D] [thread 8079] Set default entry for table 'MyIngress.ipv4_lpm': MyIngress.drop - 
[23:03:50.719] [bmv2] [T] [thread 8079] bm_set_default_action
[23:03:50.719] [bmv2] [D] [thread 8079] Set default entry for table 'MyIngress.ecmp_group_to_nhop': MyIngress.drop - 
[23:03:57.869] [bmv2] [T] [thread 8101] bm_get_config
[23:03:57.870] [bmv2] [T] [thread 8101] bm_mt_get_entries
[23:03:57.870] [bmv2] [T] [thread 8101] bm_mt_get_entries
[23:03:57.870] [bmv2] [T] [thread 8101] bm_mt_get_entries
[23:03:57.878] [bmv2] [T] [thread 8101] bm_reset_state
[23:03:57.878] [bmv2] [D] [thread 8101] Resetting simple_switch target-specific state
[23:03:57.878] [bmv2] [D] [thread 8101] resetting PRE state
[23:03:57.880] [bmv2] [T] [thread 8101] bm_set_default_action
[23:03:57.880] [bmv2] [D] [thread 8101] Set default entry for table 'MyIngress.ipv4_lpm': MyIngress.drop - 
[23:03:57.880] [bmv2] [T] [thread 8101] bm_set_default_action
[23:03:57.880] [bmv2] [D] [thread 8101] Set default entry for table 'MyIngress.ecmp_group_to_nhop': MyIngress.drop - 
[23:03:57.883] [bmv2] [T] [thread 8101] bm_table_add_entry
[23:03:57.883] [bmv2] [D] [thread 8101] Entry 0 added to table 'MyIngress.icmp_ingress_port'
[23:03:57.883] [bmv2] [D] [thread 8101] Dumping entry 0
Match key:
* standard_metadata.ingress_port: EXACT     0001
Action entry: MyIngress.set_src_icmp_ip - a010102,

[23:07:57.509] [bmv2] [T] [thread 8133] bm_get_config
[23:07:57.510] [bmv2] [T] [thread 8133] bm_mt_get_entries
[23:07:57.510] [bmv2] [T] [thread 8133] bm_mt_get_entries
[23:07:57.511] [bmv2] [T] [thread 8133] bm_mt_get_entries
[23:07:57.518] [bmv2] [T] [thread 8133] bm_reset_state
[23:07:57.518] [bmv2] [D] [thread 8133] Resetting simple_switch target-specific state
[23:07:57.518] [bmv2] [D] [thread 8133] resetting PRE state
[23:07:57.520] [bmv2] [T] [thread 8133] bm_set_default_action
[23:07:57.520] [bmv2] [D] [thread 8133] Set default entry for table 'MyIngress.ipv4_lpm': MyIngress.drop - 
[23:07:57.520] [bmv2] [T] [thread 8133] bm_set_default_action
[23:07:57.521] [bmv2] [D] [thread 8133] Set default entry for table 'MyIngress.ecmp_group_to_nhop': MyIngress.drop - 
[23:07:57.523] [bmv2] [T] [thread 8133] bm_table_add_entry
[23:07:57.523] [bmv2] [D] [thread 8133] Entry 0 added to table 'MyIngress.icmp_ingress_port'
[23:07:57.523] [bmv2] [D] [thread 8133] Dumping entry 0
Match key:
* standard_metadata.ingress_port: EXACT     0001
Action entry: MyIngress.set_src_icmp_ip - a010102,

open: No such file or directory
open: No such file or directory
open: No such file or directory
