Calling target program-options parser
[22:48:14.058] [bmv2] [D] [thread 7596] Set default default entry for table 'MyIngress.ipv4_lpm': MyIngress.drop - 
[22:48:14.058] [bmv2] [D] [thread 7596] Set default default entry for table 'MyIngress.ecmp_group_to_nhop': NoAction - 
[22:48:14.058] [bmv2] [D] [thread 7596] Set default default entry for table 'tbl_traceroutable117': traceroutable117 - 
[22:48:14.058] [bmv2] [D] [thread 7596] Set default default entry for table 'MyIngress.icmp_ingress_port': NoAction - 
[22:48:14.058] [bmv2] [D] [thread 7596] Set default default entry for table 'tbl_traceroutable137': traceroutable137 - 
Adding interface s6-eth1 as port 1
[22:48:14.058] [bmv2] [D] [thread 7596] Adding interface s6-eth1 as port 1
Adding interface s6-eth2 as port 2
[22:48:14.074] [bmv2] [D] [thread 7596] Adding interface s6-eth2 as port 2
Adding interface s6-eth3 as port 3
[22:48:14.091] [bmv2] [D] [thread 7596] Adding interface s6-eth3 as port 3
Adding interface s6-eth4 as port 4
[22:48:14.110] [bmv2] [D] [thread 7596] Adding interface s6-eth4 as port 4
Adding interface s6-eth5 as port 5
[22:48:14.135] [bmv2] [D] [thread 7596] Adding interface s6-eth5 as port 5
[22:48:14.152] [bmv2] [I] [thread 7596] Starting Thrift server on port 9095
[22:48:14.152] [bmv2] [I] [thread 7596] Thrift server was started
[22:58:28.702] [bmv2] [T] [thread 7751] bm_get_config
[22:58:28.702] [bmv2] [T] [thread 7751] bm_mt_get_entries
[22:58:28.702] [bmv2] [T] [thread 7751] bm_mt_get_entries
[22:58:28.702] [bmv2] [T] [thread 7751] bm_mt_get_entries
[22:58:28.705] [bmv2] [T] [thread 7751] bm_reset_state
[22:58:28.706] [bmv2] [D] [thread 7751] Resetting simple_switch target-specific state
[22:58:28.706] [bmv2] [D] [thread 7751] resetting PRE state
[22:58:28.708] [bmv2] [T] [thread 7751] bm_set_default_action
[22:58:28.708] [bmv2] [D] [thread 7751] Set default entry for table 'MyIngress.ipv4_lpm': MyIngress.drop - 
[22:58:28.709] [bmv2] [T] [thread 7751] bm_set_default_action
[22:58:28.709] [bmv2] [D] [thread 7751] Set default entry for table 'MyIngress.ecmp_group_to_nhop': MyIngress.drop - 
[23:02:32.976] [bmv2] [T] [thread 8033] bm_get_config
[23:02:32.976] [bmv2] [T] [thread 8033] bm_mt_get_entries
[23:02:32.977] [bmv2] [T] [thread 8033] bm_mt_get_entries
[23:02:32.977] [bmv2] [T] [thread 8033] bm_mt_get_entries
[23:02:32.979] [bmv2] [T] [thread 8033] bm_reset_state
[23:02:32.979] [bmv2] [D] [thread 8033] Resetting simple_switch target-specific state
[23:02:32.979] [bmv2] [D] [thread 8033] resetting PRE state
[23:02:32.982] [bmv2] [T] [thread 8033] bm_set_default_action
[23:02:32.982] [bmv2] [D] [thread 8033] Set default entry for table 'MyIngress.ipv4_lpm': MyIngress.drop - 
[23:02:32.982] [bmv2] [T] [thread 8033] bm_set_default_action
[23:02:32.982] [bmv2] [D] [thread 8033] Set default entry for table 'MyIngress.ecmp_group_to_nhop': MyIngress.drop - 
[23:03:50.715] [bmv2] [T] [thread 8084] bm_get_config
[23:03:50.716] [bmv2] [T] [thread 8084] bm_mt_get_entries
[23:03:50.716] [bmv2] [T] [thread 8084] bm_mt_get_entries
[23:03:50.716] [bmv2] [T] [thread 8084] bm_mt_get_entries
[23:03:50.718] [bmv2] [T] [thread 8084] bm_reset_state
[23:03:50.719] [bmv2] [D] [thread 8084] Resetting simple_switch target-specific state
[23:03:50.719] [bmv2] [D] [thread 8084] resetting PRE state
[23:03:50.720] [bmv2] [T] [thread 8084] bm_set_default_action
[23:03:50.720] [bmv2] [D] [thread 8084] Set default entry for table 'MyIngress.ipv4_lpm': MyIngress.drop - 
[23:03:50.721] [bmv2] [T] [thread 8084] bm_set_default_action
[23:03:50.721] [bmv2] [D] [thread 8084] Set default entry for table 'MyIngress.ecmp_group_to_nhop': MyIngress.drop - 
[23:03:57.877] [bmv2] [T] [thread 8106] bm_get_config
[23:03:57.877] [bmv2] [T] [thread 8106] bm_mt_get_entries
[23:03:57.877] [bmv2] [T] [thread 8106] bm_mt_get_entries
[23:03:57.877] [bmv2] [T] [thread 8106] bm_mt_get_entries
[23:03:57.879] [bmv2] [T] [thread 8106] bm_reset_state
[23:03:57.879] [bmv2] [D] [thread 8106] Resetting simple_switch target-specific state
[23:03:57.879] [bmv2] [D] [thread 8106] resetting PRE state
[23:03:57.883] [bmv2] [T] [thread 8106] bm_set_default_action
[23:03:57.883] [bmv2] [D] [thread 8106] Set default entry for table 'MyIngress.ipv4_lpm': MyIngress.drop - 
[23:03:57.883] [bmv2] [T] [thread 8106] bm_set_default_action
[23:03:57.883] [bmv2] [D] [thread 8106] Set default entry for table 'MyIngress.ecmp_group_to_nhop': MyIngress.drop - 
[23:07:57.517] [bmv2] [T] [thread 8138] bm_get_config
[23:07:57.517] [bmv2] [T] [thread 8138] bm_mt_get_entries
[23:07:57.518] [bmv2] [T] [thread 8138] bm_mt_get_entries
[23:07:57.518] [bmv2] [T] [thread 8138] bm_mt_get_entries
[23:07:57.520] [bmv2] [T] [thread 8138] bm_reset_state
[23:07:57.520] [bmv2] [D] [thread 8138] Resetting simple_switch target-specific state
[23:07:57.520] [bmv2] [D] [thread 8138] resetting PRE state
[23:07:57.522] [bmv2] [T] [thread 8138] bm_set_default_action
[23:07:57.522] [bmv2] [D] [thread 8138] Set default entry for table 'MyIngress.ipv4_lpm': MyIngress.drop - 
[23:07:57.522] [bmv2] [T] [thread 8138] bm_set_default_action
[23:07:57.522] [bmv2] [D] [thread 8138] Set default entry for table 'MyIngress.ecmp_group_to_nhop': MyIngress.drop - 
open: No such file or directory
open: No such file or directory
open: No such file or directory
open: No such file or directory
open: No such file or directory
open: No such file or directory
open: No such file or directory
open: No such file or directory
open: No such file or directory
open: No such file or directory
open: No such file or directory
open: No such file or directory
open: No such file or directory
open: No such file or directory
open: No such file or directory
open: No such file or directory
