Calling target program-options parser
[22:48:14.012] [bmv2] [D] [thread 7583] Set default default entry for table 'MyIngress.ipv4_lpm': MyIngress.drop - 
[22:48:14.012] [bmv2] [D] [thread 7583] Set default default entry for table 'MyIngress.ecmp_group_to_nhop': NoAction - 
[22:48:14.012] [bmv2] [D] [thread 7583] Set default default entry for table 'tbl_traceroutable117': traceroutable117 - 
[22:48:14.012] [bmv2] [D] [thread 7583] Set default default entry for table 'MyIngress.icmp_ingress_port': NoAction - 
[22:48:14.012] [bmv2] [D] [thread 7583] Set default default entry for table 'tbl_traceroutable137': traceroutable137 - 
Adding interface s5-eth1 as port 1
[22:48:14.013] [bmv2] [D] [thread 7583] Adding interface s5-eth1 as port 1
Adding interface s5-eth2 as port 2
[22:48:14.035] [bmv2] [D] [thread 7583] Adding interface s5-eth2 as port 2
[22:48:14.051] [bmv2] [I] [thread 7583] Starting Thrift server on port 9094
[22:48:14.051] [bmv2] [I] [thread 7583] Thrift server was started
[22:48:14.092] [bmv2] [D] [thread 7589] [0.0] [cxt 0] Processing packet received on port 2
[22:48:14.092] [bmv2] [D] [thread 7589] [0.0] [cxt 0] Parser 'parser': start
[22:48:14.092] [bmv2] [D] [thread 7589] [0.0] [cxt 0] Parser 'parser' entering state 'start'
[22:48:14.092] [bmv2] [D] [thread 7589] [0.0] [cxt 0] Extracting header 'ethernet'
[22:48:14.092] [bmv2] [D] [thread 7589] [0.0] [cxt 0] Parser state 'start': key is 86dd
[22:48:14.092] [bmv2] [T] [thread 7589] [0.0] [cxt 0] Bytes parsed: 14
[22:48:14.092] [bmv2] [D] [thread 7589] [0.0] [cxt 0] Parser 'parser': end
[22:48:14.092] [bmv2] [D] [thread 7589] [0.0] [cxt 0] Pipeline 'ingress': start
[22:48:14.092] [bmv2] [T] [thread 7589] [0.0] [cxt 0] /home/wly/p4-learning/exercises/a-09-Traceroutable/p4src/traceroutable.p4(105) Condition "hdr.ipv4.isValid() && hdr.ipv4.ttl > 1" (node_2) is false
[22:48:14.092] [bmv2] [T] [thread 7589] [0.0] [cxt 0] /home/wly/p4-learning/exercises/a-09-Traceroutable/p4src/traceroutable.p4(114) Condition "hdr.ipv4.isValid() && hdr.tcp.isValid() && hdr.ipv4.ttl == 1" (node_5) is false
[22:48:14.092] [bmv2] [D] [thread 7589] [0.0] [cxt 0] Pipeline 'ingress': end
[22:48:14.092] [bmv2] [D] [thread 7589] [0.0] [cxt 0] Egress port is 0
[22:48:14.092] [bmv2] [D] [thread 7590] [0.0] [cxt 0] Pipeline 'egress': start
[22:48:14.092] [bmv2] [D] [thread 7590] [0.0] [cxt 0] Pipeline 'egress': end
[22:48:14.092] [bmv2] [D] [thread 7590] [0.0] [cxt 0] Deparser 'deparser': start
[22:48:14.092] [bmv2] [T] [thread 7590] [0.0] [cxt 0] Skipping checksum 'cksum' update because condition not met
[22:48:14.092] [bmv2] [T] [thread 7590] [0.0] [cxt 0] Skipping checksum 'cksum_0' update because condition not met
[22:48:14.092] [bmv2] [T] [thread 7590] [0.0] [cxt 0] Skipping checksum 'cksum_1' update because condition not met
[22:48:14.092] [bmv2] [D] [thread 7590] [0.0] [cxt 0] Deparsing header 'ethernet'
[22:48:14.092] [bmv2] [D] [thread 7590] [0.0] [cxt 0] Deparser 'deparser': end
[22:48:14.092] [bmv2] [D] [thread 7594] [0.0] [cxt 0] Transmitting packet of size 86 out of port 0
[22:48:14.119] [bmv2] [D] [thread 7589] [1.0] [cxt 0] Processing packet received on port 1
[22:48:14.119] [bmv2] [D] [thread 7589] [1.0] [cxt 0] Parser 'parser': start
[22:48:14.119] [bmv2] [D] [thread 7589] [1.0] [cxt 0] Parser 'parser' entering state 'start'
[22:48:14.119] [bmv2] [D] [thread 7589] [1.0] [cxt 0] Extracting header 'ethernet'
[22:48:14.119] [bmv2] [D] [thread 7589] [1.0] [cxt 0] Parser state 'start': key is 86dd
[22:48:14.119] [bmv2] [T] [thread 7589] [1.0] [cxt 0] Bytes parsed: 14
[22:48:14.119] [bmv2] [D] [thread 7589] [1.0] [cxt 0] Parser 'parser': end
[22:48:14.119] [bmv2] [D] [thread 7589] [1.0] [cxt 0] Pipeline 'ingress': start
[22:48:14.119] [bmv2] [T] [thread 7589] [1.0] [cxt 0] /home/wly/p4-learning/exercises/a-09-Traceroutable/p4src/traceroutable.p4(105) Condition "hdr.ipv4.isValid() && hdr.ipv4.ttl > 1" (node_2) is false
[22:48:14.119] [bmv2] [T] [thread 7589] [1.0] [cxt 0] /home/wly/p4-learning/exercises/a-09-Traceroutable/p4src/traceroutable.p4(114) Condition "hdr.ipv4.isValid() && hdr.tcp.isValid() && hdr.ipv4.ttl == 1" (node_5) is false
[22:48:14.119] [bmv2] [D] [thread 7589] [1.0] [cxt 0] Pipeline 'ingress': end
[22:48:14.119] [bmv2] [D] [thread 7589] [1.0] [cxt 0] Egress port is 0
[22:48:14.119] [bmv2] [D] [thread 7590] [1.0] [cxt 0] Pipeline 'egress': start
[22:48:14.119] [bmv2] [D] [thread 7590] [1.0] [cxt 0] Pipeline 'egress': end
[22:48:14.119] [bmv2] [D] [thread 7590] [1.0] [cxt 0] Deparser 'deparser': start
[22:48:14.119] [bmv2] [T] [thread 7590] [1.0] [cxt 0] Skipping checksum 'cksum' update because condition not met
[22:48:14.119] [bmv2] [T] [thread 7590] [1.0] [cxt 0] Skipping checksum 'cksum_0' update because condition not met
[22:48:14.119] [bmv2] [T] [thread 7590] [1.0] [cxt 0] Skipping checksum 'cksum_1' update because condition not met
[22:48:14.119] [bmv2] [D] [thread 7590] [1.0] [cxt 0] Deparsing header 'ethernet'
[22:48:14.119] [bmv2] [D] [thread 7590] [1.0] [cxt 0] Deparser 'deparser': end
[22:48:14.119] [bmv2] [D] [thread 7594] [1.0] [cxt 0] Transmitting packet of size 90 out of port 0
[22:58:28.700] [bmv2] [T] [thread 7750] bm_get_config
[22:58:28.701] [bmv2] [T] [thread 7750] bm_mt_get_entries
[22:58:28.701] [bmv2] [T] [thread 7750] bm_mt_get_entries
[22:58:28.701] [bmv2] [T] [thread 7750] bm_mt_get_entries
[22:58:28.705] [bmv2] [T] [thread 7750] bm_reset_state
[22:58:28.705] [bmv2] [D] [thread 7750] Resetting simple_switch target-specific state
[22:58:28.705] [bmv2] [D] [thread 7750] resetting PRE state
[22:58:28.708] [bmv2] [T] [thread 7750] bm_set_default_action
[22:58:28.708] [bmv2] [D] [thread 7750] Set default entry for table 'MyIngress.ipv4_lpm': MyIngress.drop - 
[22:58:28.708] [bmv2] [T] [thread 7750] bm_set_default_action
[22:58:28.708] [bmv2] [D] [thread 7750] Set default entry for table 'MyIngress.ecmp_group_to_nhop': MyIngress.drop - 
[23:02:32.974] [bmv2] [T] [thread 8032] bm_get_config
[23:02:32.975] [bmv2] [T] [thread 8032] bm_mt_get_entries
[23:02:32.975] [bmv2] [T] [thread 8032] bm_mt_get_entries
[23:02:32.975] [bmv2] [T] [thread 8032] bm_mt_get_entries
[23:02:32.978] [bmv2] [T] [thread 8032] bm_reset_state
[23:02:32.979] [bmv2] [D] [thread 8032] Resetting simple_switch target-specific state
[23:02:32.979] [bmv2] [D] [thread 8032] resetting PRE state
[23:02:32.981] [bmv2] [T] [thread 8032] bm_set_default_action
[23:02:32.981] [bmv2] [D] [thread 8032] Set default entry for table 'MyIngress.ipv4_lpm': MyIngress.drop - 
[23:02:32.981] [bmv2] [T] [thread 8032] bm_set_default_action
[23:02:32.981] [bmv2] [D] [thread 8032] Set default entry for table 'MyIngress.ecmp_group_to_nhop': MyIngress.drop - 
[23:03:50.714] [bmv2] [T] [thread 8083] bm_get_config
[23:03:50.714] [bmv2] [T] [thread 8083] bm_mt_get_entries
[23:03:50.715] [bmv2] [T] [thread 8083] bm_mt_get_entries
[23:03:50.715] [bmv2] [T] [thread 8083] bm_mt_get_entries
[23:03:50.718] [bmv2] [T] [thread 8083] bm_reset_state
[23:03:50.718] [bmv2] [D] [thread 8083] Resetting simple_switch target-specific state
[23:03:50.718] [bmv2] [D] [thread 8083] resetting PRE state
[23:03:50.720] [bmv2] [T] [thread 8083] bm_set_default_action
[23:03:50.720] [bmv2] [D] [thread 8083] Set default entry for table 'MyIngress.ipv4_lpm': MyIngress.drop - 
[23:03:50.720] [bmv2] [T] [thread 8083] bm_set_default_action
[23:03:50.720] [bmv2] [D] [thread 8083] Set default entry for table 'MyIngress.ecmp_group_to_nhop': MyIngress.drop - 
[23:03:57.875] [bmv2] [T] [thread 8105] bm_get_config
[23:03:57.876] [bmv2] [T] [thread 8105] bm_mt_get_entries
[23:03:57.876] [bmv2] [T] [thread 8105] bm_mt_get_entries
[23:03:57.876] [bmv2] [T] [thread 8105] bm_mt_get_entries
[23:03:57.879] [bmv2] [T] [thread 8105] bm_reset_state
[23:03:57.879] [bmv2] [D] [thread 8105] Resetting simple_switch target-specific state
[23:03:57.879] [bmv2] [D] [thread 8105] resetting PRE state
[23:03:57.881] [bmv2] [T] [thread 8105] bm_set_default_action
[23:03:57.881] [bmv2] [D] [thread 8105] Set default entry for table 'MyIngress.ipv4_lpm': MyIngress.drop - 
[23:03:57.882] [bmv2] [T] [thread 8105] bm_set_default_action
[23:03:57.882] [bmv2] [D] [thread 8105] Set default entry for table 'MyIngress.ecmp_group_to_nhop': MyIngress.drop - 
[23:07:57.516] [bmv2] [T] [thread 8137] bm_get_config
[23:07:57.516] [bmv2] [T] [thread 8137] bm_mt_get_entries
[23:07:57.516] [bmv2] [T] [thread 8137] bm_mt_get_entries
[23:07:57.517] [bmv2] [T] [thread 8137] bm_mt_get_entries
[23:07:57.520] [bmv2] [T] [thread 8137] bm_reset_state
[23:07:57.520] [bmv2] [D] [thread 8137] Resetting simple_switch target-specific state
[23:07:57.520] [bmv2] [D] [thread 8137] resetting PRE state
[23:07:57.522] [bmv2] [T] [thread 8137] bm_set_default_action
[23:07:57.522] [bmv2] [D] [thread 8137] Set default entry for table 'MyIngress.ipv4_lpm': MyIngress.drop - 
[23:07:57.522] [bmv2] [T] [thread 8137] bm_set_default_action
[23:07:57.522] [bmv2] [D] [thread 8137] Set default entry for table 'MyIngress.ecmp_group_to_nhop': MyIngress.drop - 
open: No such file or directory
open: No such file or directory
open: No such file or directory
open: No such file or directory
open: No such file or directory
open: No such file or directory
open: No such file or directory
