Calling target program-options parser
[20:41:10.892] [bmv2] [D] [thread 17148] Set default default entry for table 'tbl_loadbalancer167': loadbalancer167 - 
[20:41:10.893] [bmv2] [D] [thread 17148] Set default default entry for table 'MyIngress.ipv4_lpm': MyIngress.drop - 
[20:41:10.893] [bmv2] [D] [thread 17148] Set default default entry for table 'MyIngress.ecmp_group_to_nhop': NoAction - 
[20:41:10.893] [bmv2] [D] [thread 17148] Set default default entry for table 'MyIngress.egress_type': NoAction - 
[20:41:10.893] [bmv2] [D] [thread 17148] Set default default entry for table 'tbl_update_flow_seed': MyIngress.update_flow_seed - 
[20:41:10.893] [bmv2] [D] [thread 17148] Set default default entry for table 'tbl_drop': MyIngress.drop - 
[20:41:10.893] [bmv2] [D] [thread 17148] Set default default entry for table 'tbl_loadbalancer235': loadbalancer235 - 
[20:41:10.893] [bmv2] [D] [thread 17148] Set default default entry for table 'tbl_loadbalancer249': loadbalancer249 - 
[20:41:10.893] [bmv2] [D] [thread 17148] Set default default entry for table 'tbl_loadbalancer254': loadbalancer254 - 
[20:41:10.893] [bmv2] [D] [thread 17148] Set default default entry for table 'tbl_read_feedback_ts': MyEgress.read_feedback_ts - 
[20:41:10.893] [bmv2] [D] [thread 17148] Set default default entry for table 'tbl_loadbalancer265': loadbalancer265 - 
[20:41:10.893] [bmv2] [D] [thread 17148] Set default default entry for table 'tbl_loadbalancer269': loadbalancer269 - 
[20:41:10.893] [bmv2] [D] [thread 17148] Set default default entry for table 'tbl_loadbalancer276': loadbalancer276 - 
[20:41:10.893] [bmv2] [D] [thread 17148] Set default default entry for table 'tbl_loadbalancer287': loadbalancer287 - 
Adding interface s20-eth1 as port 1
[20:41:10.893] [bmv2] [D] [thread 17148] Adding interface s20-eth1 as port 1
Adding interface s20-eth2 as port 2
[20:41:10.911] [bmv2] [D] [thread 17148] Adding interface s20-eth2 as port 2
Adding interface s20-eth3 as port 3
[20:41:10.934] [bmv2] [D] [thread 17148] Adding interface s20-eth3 as port 3
Adding interface s20-eth4 as port 4
[20:41:10.963] [bmv2] [D] [thread 17148] Adding interface s20-eth4 as port 4
[20:41:10.979] [bmv2] [I] [thread 17148] Starting Thrift server on port 9109
[20:41:10.979] [bmv2] [I] [thread 17148] Thrift server was started
[20:41:10.986] [bmv2] [D] [thread 17154] [0.0] [cxt 0] Processing packet received on port 3
[20:41:10.986] [bmv2] [D] [thread 17154] [0.0] [cxt 0] Parser 'parser': start
[20:41:10.986] [bmv2] [D] [thread 17154] [0.0] [cxt 0] Parser 'parser' entering state 'start'
[20:41:10.986] [bmv2] [D] [thread 17154] [0.0] [cxt 0] Extracting header 'ethernet'
[20:41:10.986] [bmv2] [D] [thread 17154] [0.0] [cxt 0] Parser state 'start': key is 86dd
[20:41:10.986] [bmv2] [T] [thread 17154] [0.0] [cxt 0] Bytes parsed: 14
[20:41:10.987] [bmv2] [D] [thread 17154] [0.0] [cxt 0] Parser 'parser': end
[20:41:10.987] [bmv2] [D] [thread 17154] [0.0] [cxt 0] Pipeline 'ingress': start
[20:41:10.987] [bmv2] [T] [thread 17154] [0.0] [cxt 0] /home/wly/p4-learning/exercises/10-Congestion_Aware_Load_Balancing/p4src/loadbalancer.p4(165) Condition "standard_metadata.instance_type == 4" (node_2) is false
[20:41:10.987] [bmv2] [T] [thread 17154] [0.0] [cxt 0] /home/wly/p4-learning/exercises/10-Congestion_Aware_Load_Balancing/p4src/loadbalancer.p4(175) Condition "hdr.ipv4.isValid() && hdr.ipv4.ttl > 1" (node_4) is false
[20:41:10.987] [bmv2] [T] [thread 17154] [0.0] [cxt 0] Applying table 'MyIngress.egress_type'
[20:41:10.987] [bmv2] [D] [thread 17154] [0.0] [cxt 0] Looking up key:
* standard_metadata.egress_spec: 0000

[20:41:10.987] [bmv2] [D] [thread 17154] [0.0] [cxt 0] Table 'MyIngress.egress_type': miss
[20:41:10.987] [bmv2] [D] [thread 17154] [0.0] [cxt 0] Action entry is NoAction - 
[20:41:10.987] [bmv2] [T] [thread 17154] [0.0] [cxt 0] Action NoAction
[20:41:10.987] [bmv2] [T] [thread 17154] [0.0] [cxt 0] /home/wly/p4-learning/exercises/10-Congestion_Aware_Load_Balancing/p4src/loadbalancer.p4(191) Condition "standard_metadata.instance_type == 0 && hdr.ethernet.etherType == TYPE_FEEDBACK && meta.egress_type == TYPE_EGRESS_HOST" (node_8) is false
[20:41:10.987] [bmv2] [D] [thread 17154] [0.0] [cxt 0] Pipeline 'ingress': end
[20:41:10.987] [bmv2] [D] [thread 17154] [0.0] [cxt 0] Egress port is 0
[20:41:10.990] [bmv2] [D] [thread 17154] [1.0] [cxt 0] Processing packet received on port 2
[20:41:10.990] [bmv2] [D] [thread 17154] [1.0] [cxt 0] Parser 'parser': start
[20:41:10.990] [bmv2] [D] [thread 17154] [1.0] [cxt 0] Parser 'parser' entering state 'start'
[20:41:10.990] [bmv2] [D] [thread 17154] [1.0] [cxt 0] Extracting header 'ethernet'
[20:41:10.990] [bmv2] [D] [thread 17154] [1.0] [cxt 0] Parser state 'start': key is 86dd
[20:41:10.990] [bmv2] [T] [thread 17154] [1.0] [cxt 0] Bytes parsed: 14
[20:41:10.990] [bmv2] [D] [thread 17154] [1.0] [cxt 0] Parser 'parser': end
[20:41:10.990] [bmv2] [D] [thread 17154] [1.0] [cxt 0] Pipeline 'ingress': start
[20:41:10.990] [bmv2] [T] [thread 17154] [1.0] [cxt 0] /home/wly/p4-learning/exercises/10-Congestion_Aware_Load_Balancing/p4src/loadbalancer.p4(165) Condition "standard_metadata.instance_type == 4" (node_2) is false
[20:41:10.990] [bmv2] [T] [thread 17154] [1.0] [cxt 0] /home/wly/p4-learning/exercises/10-Congestion_Aware_Load_Balancing/p4src/loadbalancer.p4(175) Condition "hdr.ipv4.isValid() && hdr.ipv4.ttl > 1" (node_4) is false
[20:41:10.990] [bmv2] [T] [thread 17154] [1.0] [cxt 0] Applying table 'MyIngress.egress_type'
[20:41:10.990] [bmv2] [D] [thread 17154] [1.0] [cxt 0] Looking up key:
* standard_metadata.egress_spec: 0000

[20:41:10.990] [bmv2] [D] [thread 17154] [1.0] [cxt 0] Table 'MyIngress.egress_type': miss
[20:41:10.990] [bmv2] [D] [thread 17154] [1.0] [cxt 0] Action entry is NoAction - 
[20:41:10.990] [bmv2] [T] [thread 17154] [1.0] [cxt 0] Action NoAction
[20:41:10.990] [bmv2] [T] [thread 17154] [1.0] [cxt 0] /home/wly/p4-learning/exercises/10-Congestion_Aware_Load_Balancing/p4src/loadbalancer.p4(191) Condition "standard_metadata.instance_type == 0 && hdr.ethernet.etherType == TYPE_FEEDBACK && meta.egress_type == TYPE_EGRESS_HOST" (node_8) is false
[20:41:10.990] [bmv2] [D] [thread 17154] [1.0] [cxt 0] Pipeline 'ingress': end
[20:41:10.990] [bmv2] [D] [thread 17154] [1.0] [cxt 0] Egress port is 0
[20:41:10.991] [bmv2] [D] [thread 17155] [0.0] [cxt 0] Pipeline 'egress': start
[20:41:10.992] [bmv2] [T] [thread 17155] [0.0] [cxt 0] /home/wly/p4-learning/exercises/10-Congestion_Aware_Load_Balancing/p4src/loadbalancer.p4(234) Condition "standard_metadata.instance_type == 2" (node_13) is false
[20:41:10.992] [bmv2] [T] [thread 17155] [0.0] [cxt 0] /home/wly/p4-learning/exercises/10-Congestion_Aware_Load_Balancing/p4src/loadbalancer.p4(239) Condition "standard_metadata.instance_type == 0 && hdr.ethernet.etherType != TYPE_FEEDBACK" (node_15) is true
[20:41:10.992] [bmv2] [T] [thread 17155] [0.0] [cxt 0] /home/wly/p4-learning/exercises/10-Congestion_Aware_Load_Balancing/p4src/loadbalancer.p4(241) Condition "hdr.tcp.isValid()" (node_16) is false
[20:41:10.992] [bmv2] [D] [thread 17155] [0.0] [cxt 0] Pipeline 'egress': end
[20:41:10.992] [bmv2] [D] [thread 17155] [0.0] [cxt 0] Deparser 'deparser': start
[20:41:10.992] [bmv2] [T] [thread 17155] [0.0] [cxt 0] Skipping checksum 'cksum' update because condition not met
[20:41:10.992] [bmv2] [D] [thread 17155] [0.0] [cxt 0] Deparsing header 'ethernet'
[20:41:10.992] [bmv2] [D] [thread 17155] [0.0] [cxt 0] Deparser 'deparser': end
[20:41:10.992] [bmv2] [D] [thread 17155] [1.0] [cxt 0] Pipeline 'egress': start
[20:41:10.992] [bmv2] [T] [thread 17155] [1.0] [cxt 0] /home/wly/p4-learning/exercises/10-Congestion_Aware_Load_Balancing/p4src/loadbalancer.p4(234) Condition "standard_metadata.instance_type == 2" (node_13) is false
[20:41:10.992] [bmv2] [T] [thread 17155] [1.0] [cxt 0] /home/wly/p4-learning/exercises/10-Congestion_Aware_Load_Balancing/p4src/loadbalancer.p4(239) Condition "standard_metadata.instance_type == 0 && hdr.ethernet.etherType != TYPE_FEEDBACK" (node_15) is true
[20:41:10.992] [bmv2] [T] [thread 17155] [1.0] [cxt 0] /home/wly/p4-learning/exercises/10-Congestion_Aware_Load_Balancing/p4src/loadbalancer.p4(241) Condition "hdr.tcp.isValid()" (node_16) is false
[20:41:10.992] [bmv2] [D] [thread 17155] [1.0] [cxt 0] Pipeline 'egress': end
[20:41:10.992] [bmv2] [D] [thread 17155] [1.0] [cxt 0] Deparser 'deparser': start
[20:41:10.992] [bmv2] [T] [thread 17155] [1.0] [cxt 0] Skipping checksum 'cksum' update because condition not met
[20:41:10.992] [bmv2] [D] [thread 17155] [1.0] [cxt 0] Deparsing header 'ethernet'
[20:41:10.992] [bmv2] [D] [thread 17155] [1.0] [cxt 0] Deparser 'deparser': end
[20:41:10.992] [bmv2] [D] [thread 17159] [0.0] [cxt 0] Transmitting packet of size 90 out of port 0
[20:41:10.992] [bmv2] [D] [thread 17159] [1.0] [cxt 0] Transmitting packet of size 203 out of port 0
[20:41:10.995] [bmv2] [D] [thread 17154] [2.0] [cxt 0] Processing packet received on port 4
[20:41:10.995] [bmv2] [D] [thread 17154] [2.0] [cxt 0] Parser 'parser': start
[20:41:10.995] [bmv2] [D] [thread 17154] [2.0] [cxt 0] Parser 'parser' entering state 'start'
[20:41:10.995] [bmv2] [D] [thread 17154] [2.0] [cxt 0] Extracting header 'ethernet'
[20:41:10.995] [bmv2] [D] [thread 17154] [2.0] [cxt 0] Parser state 'start': key is 86dd
[20:41:10.995] [bmv2] [T] [thread 17154] [2.0] [cxt 0] Bytes parsed: 14
[20:41:10.995] [bmv2] [D] [thread 17154] [2.0] [cxt 0] Parser 'parser': end
[20:41:10.995] [bmv2] [D] [thread 17154] [2.0] [cxt 0] Pipeline 'ingress': start
[20:41:10.995] [bmv2] [T] [thread 17154] [2.0] [cxt 0] /home/wly/p4-learning/exercises/10-Congestion_Aware_Load_Balancing/p4src/loadbalancer.p4(165) Condition "standard_metadata.instance_type == 4" (node_2) is false
[20:41:10.995] [bmv2] [T] [thread 17154] [2.0] [cxt 0] /home/wly/p4-learning/exercises/10-Congestion_Aware_Load_Balancing/p4src/loadbalancer.p4(175) Condition "hdr.ipv4.isValid() && hdr.ipv4.ttl > 1" (node_4) is false
[20:41:10.995] [bmv2] [T] [thread 17154] [2.0] [cxt 0] Applying table 'MyIngress.egress_type'
[20:41:10.995] [bmv2] [D] [thread 17154] [2.0] [cxt 0] Looking up key:
* standard_metadata.egress_spec: 0000

[20:41:10.995] [bmv2] [D] [thread 17154] [2.0] [cxt 0] Table 'MyIngress.egress_type': miss
[20:41:10.995] [bmv2] [D] [thread 17154] [2.0] [cxt 0] Action entry is NoAction - 
[20:41:10.995] [bmv2] [T] [thread 17154] [2.0] [cxt 0] Action NoAction
[20:41:10.995] [bmv2] [T] [thread 17154] [2.0] [cxt 0] /home/wly/p4-learning/exercises/10-Congestion_Aware_Load_Balancing/p4src/loadbalancer.p4(191) Condition "standard_metadata.instance_type == 0 && hdr.ethernet.etherType == TYPE_FEEDBACK && meta.egress_type == TYPE_EGRESS_HOST" (node_8) is false
[20:41:10.995] [bmv2] [D] [thread 17154] [2.0] [cxt 0] Pipeline 'ingress': end
[20:41:10.995] [bmv2] [D] [thread 17154] [2.0] [cxt 0] Egress port is 0
[20:41:10.995] [bmv2] [D] [thread 17155] [2.0] [cxt 0] Pipeline 'egress': start
[20:41:10.995] [bmv2] [T] [thread 17155] [2.0] [cxt 0] /home/wly/p4-learning/exercises/10-Congestion_Aware_Load_Balancing/p4src/loadbalancer.p4(234) Condition "standard_metadata.instance_type == 2" (node_13) is false
[20:41:10.995] [bmv2] [T] [thread 17155] [2.0] [cxt 0] /home/wly/p4-learning/exercises/10-Congestion_Aware_Load_Balancing/p4src/loadbalancer.p4(239) Condition "standard_metadata.instance_type == 0 && hdr.ethernet.etherType != TYPE_FEEDBACK" (node_15) is true
[20:41:10.995] [bmv2] [T] [thread 17155] [2.0] [cxt 0] /home/wly/p4-learning/exercises/10-Congestion_Aware_Load_Balancing/p4src/loadbalancer.p4(241) Condition "hdr.tcp.isValid()" (node_16) is false
[20:41:10.995] [bmv2] [D] [thread 17155] [2.0] [cxt 0] Pipeline 'egress': end
[20:41:10.995] [bmv2] [D] [thread 17155] [2.0] [cxt 0] Deparser 'deparser': start
[20:41:10.995] [bmv2] [T] [thread 17155] [2.0] [cxt 0] Skipping checksum 'cksum' update because condition not met
[20:41:10.995] [bmv2] [D] [thread 17155] [2.0] [cxt 0] Deparsing header 'ethernet'
[20:41:10.995] [bmv2] [D] [thread 17155] [2.0] [cxt 0] Deparser 'deparser': end
[20:41:10.996] [bmv2] [D] [thread 17159] [2.0] [cxt 0] Transmitting packet of size 213 out of port 0
[20:41:11.035] [bmv2] [D] [thread 17154] [3.0] [cxt 0] Processing packet received on port 4
[20:41:11.035] [bmv2] [D] [thread 17154] [3.0] [cxt 0] Parser 'parser': start
[20:41:11.035] [bmv2] [D] [thread 17154] [3.0] [cxt 0] Parser 'parser' entering state 'start'
[20:41:11.035] [bmv2] [D] [thread 17154] [3.0] [cxt 0] Extracting header 'ethernet'
[20:41:11.035] [bmv2] [D] [thread 17154] [3.0] [cxt 0] Parser state 'start': key is 86dd
[20:41:11.035] [bmv2] [T] [thread 17154] [3.0] [cxt 0] Bytes parsed: 14
[20:41:11.035] [bmv2] [D] [thread 17154] [3.0] [cxt 0] Parser 'parser': end
[20:41:11.035] [bmv2] [D] [thread 17154] [3.0] [cxt 0] Pipeline 'ingress': start
[20:41:11.035] [bmv2] [T] [thread 17154] [3.0] [cxt 0] /home/wly/p4-learning/exercises/10-Congestion_Aware_Load_Balancing/p4src/loadbalancer.p4(165) Condition "standard_metadata.instance_type == 4" (node_2) is false
[20:41:11.035] [bmv2] [T] [thread 17154] [3.0] [cxt 0] /home/wly/p4-learning/exercises/10-Congestion_Aware_Load_Balancing/p4src/loadbalancer.p4(175) Condition "hdr.ipv4.isValid() && hdr.ipv4.ttl > 1" (node_4) is false
[20:41:11.035] [bmv2] [T] [thread 17154] [3.0] [cxt 0] Applying table 'MyIngress.egress_type'
[20:41:11.035] [bmv2] [D] [thread 17154] [3.0] [cxt 0] Looking up key:
* standard_metadata.egress_spec: 0000

[20:41:11.035] [bmv2] [D] [thread 17154] [3.0] [cxt 0] Table 'MyIngress.egress_type': miss
[20:41:11.035] [bmv2] [D] [thread 17154] [3.0] [cxt 0] Action entry is NoAction - 
[20:41:11.035] [bmv2] [T] [thread 17154] [3.0] [cxt 0] Action NoAction
[20:41:11.035] [bmv2] [T] [thread 17154] [3.0] [cxt 0] /home/wly/p4-learning/exercises/10-Congestion_Aware_Load_Balancing/p4src/loadbalancer.p4(191) Condition "standard_metadata.instance_type == 0 && hdr.ethernet.etherType == TYPE_FEEDBACK && meta.egress_type == TYPE_EGRESS_HOST" (node_8) is false
[20:41:11.035] [bmv2] [D] [thread 17154] [3.0] [cxt 0] Pipeline 'ingress': end
[20:41:11.035] [bmv2] [D] [thread 17154] [3.0] [cxt 0] Egress port is 0
[20:41:11.035] [bmv2] [D] [thread 17155] [3.0] [cxt 0] Pipeline 'egress': start
[20:41:11.035] [bmv2] [T] [thread 17155] [3.0] [cxt 0] /home/wly/p4-learning/exercises/10-Congestion_Aware_Load_Balancing/p4src/loadbalancer.p4(234) Condition "standard_metadata.instance_type == 2" (node_13) is false
[20:41:11.035] [bmv2] [T] [thread 17155] [3.0] [cxt 0] /home/wly/p4-learning/exercises/10-Congestion_Aware_Load_Balancing/p4src/loadbalancer.p4(239) Condition "standard_metadata.instance_type == 0 && hdr.ethernet.etherType != TYPE_FEEDBACK" (node_15) is true
[20:41:11.035] [bmv2] [T] [thread 17155] [3.0] [cxt 0] /home/wly/p4-learning/exercises/10-Congestion_Aware_Load_Balancing/p4src/loadbalancer.p4(241) Condition "hdr.tcp.isValid()" (node_16) is false
[20:41:11.035] [bmv2] [D] [thread 17155] [3.0] [cxt 0] Pipeline 'egress': end
[20:41:11.035] [bmv2] [D] [thread 17155] [3.0] [cxt 0] Deparser 'deparser': start
[20:41:11.035] [bmv2] [T] [thread 17155] [3.0] [cxt 0] Skipping checksum 'cksum' update because condition not met
[20:41:11.035] [bmv2] [D] [thread 17155] [3.0] [cxt 0] Deparsing header 'ethernet'
[20:41:11.035] [bmv2] [D] [thread 17155] [3.0] [cxt 0] Deparser 'deparser': end
[20:41:11.035] [bmv2] [D] [thread 17159] [3.0] [cxt 0] Transmitting packet of size 90 out of port 0
[20:41:11.056] [bmv2] [D] [thread 17154] [4.0] [cxt 0] Processing packet received on port 3
[20:41:11.056] [bmv2] [D] [thread 17154] [4.0] [cxt 0] Parser 'parser': start
[20:41:11.056] [bmv2] [D] [thread 17154] [4.0] [cxt 0] Parser 'parser' entering state 'start'
[20:41:11.056] [bmv2] [D] [thread 17154] [4.0] [cxt 0] Extracting header 'ethernet'
[20:41:11.056] [bmv2] [D] [thread 17154] [4.0] [cxt 0] Parser state 'start': key is 86dd
[20:41:11.056] [bmv2] [T] [thread 17154] [4.0] [cxt 0] Bytes parsed: 14
[20:41:11.056] [bmv2] [D] [thread 17154] [4.0] [cxt 0] Parser 'parser': end
[20:41:11.056] [bmv2] [D] [thread 17154] [4.0] [cxt 0] Pipeline 'ingress': start
[20:41:11.056] [bmv2] [T] [thread 17154] [4.0] [cxt 0] /home/wly/p4-learning/exercises/10-Congestion_Aware_Load_Balancing/p4src/loadbalancer.p4(165) Condition "standard_metadata.instance_type == 4" (node_2) is false
[20:41:11.056] [bmv2] [T] [thread 17154] [4.0] [cxt 0] /home/wly/p4-learning/exercises/10-Congestion_Aware_Load_Balancing/p4src/loadbalancer.p4(175) Condition "hdr.ipv4.isValid() && hdr.ipv4.ttl > 1" (node_4) is false
[20:41:11.056] [bmv2] [T] [thread 17154] [4.0] [cxt 0] Applying table 'MyIngress.egress_type'
[20:41:11.056] [bmv2] [D] [thread 17154] [4.0] [cxt 0] Looking up key:
* standard_metadata.egress_spec: 0000

[20:41:11.056] [bmv2] [D] [thread 17154] [4.0] [cxt 0] Table 'MyIngress.egress_type': miss
[20:41:11.056] [bmv2] [D] [thread 17154] [4.0] [cxt 0] Action entry is NoAction - 
[20:41:11.056] [bmv2] [T] [thread 17154] [4.0] [cxt 0] Action NoAction
[20:41:11.056] [bmv2] [T] [thread 17154] [4.0] [cxt 0] /home/wly/p4-learning/exercises/10-Congestion_Aware_Load_Balancing/p4src/loadbalancer.p4(191) Condition "standard_metadata.instance_type == 0 && hdr.ethernet.etherType == TYPE_FEEDBACK && meta.egress_type == TYPE_EGRESS_HOST" (node_8) is false
[20:41:11.056] [bmv2] [D] [thread 17154] [4.0] [cxt 0] Pipeline 'ingress': end
[20:41:11.056] [bmv2] [D] [thread 17154] [4.0] [cxt 0] Egress port is 0
[20:41:11.056] [bmv2] [D] [thread 17155] [4.0] [cxt 0] Pipeline 'egress': start
[20:41:11.056] [bmv2] [T] [thread 17155] [4.0] [cxt 0] /home/wly/p4-learning/exercises/10-Congestion_Aware_Load_Balancing/p4src/loadbalancer.p4(234) Condition "standard_metadata.instance_type == 2" (node_13) is false
[20:41:11.056] [bmv2] [T] [thread 17155] [4.0] [cxt 0] /home/wly/p4-learning/exercises/10-Congestion_Aware_Load_Balancing/p4src/loadbalancer.p4(239) Condition "standard_metadata.instance_type == 0 && hdr.ethernet.etherType != TYPE_FEEDBACK" (node_15) is true
[20:41:11.056] [bmv2] [T] [thread 17155] [4.0] [cxt 0] /home/wly/p4-learning/exercises/10-Congestion_Aware_Load_Balancing/p4src/loadbalancer.p4(241) Condition "hdr.tcp.isValid()" (node_16) is false
[20:41:11.056] [bmv2] [D] [thread 17155] [4.0] [cxt 0] Pipeline 'egress': end
[20:41:11.056] [bmv2] [D] [thread 17155] [4.0] [cxt 0] Deparser 'deparser': start
[20:41:11.056] [bmv2] [T] [thread 17155] [4.0] [cxt 0] Skipping checksum 'cksum' update because condition not met
[20:41:11.056] [bmv2] [D] [thread 17155] [4.0] [cxt 0] Deparsing header 'ethernet'
[20:41:11.056] [bmv2] [D] [thread 17155] [4.0] [cxt 0] Deparser 'deparser': end
[20:41:11.056] [bmv2] [D] [thread 17159] [4.0] [cxt 0] Transmitting packet of size 201 out of port 0
[20:41:11.116] [bmv2] [D] [thread 17154] [5.0] [cxt 0] Processing packet received on port 2
[20:41:11.116] [bmv2] [D] [thread 17154] [5.0] [cxt 0] Parser 'parser': start
[20:41:11.116] [bmv2] [D] [thread 17154] [5.0] [cxt 0] Parser 'parser' entering state 'start'
[20:41:11.116] [bmv2] [D] [thread 17154] [5.0] [cxt 0] Extracting header 'ethernet'
[20:41:11.116] [bmv2] [D] [thread 17154] [5.0] [cxt 0] Parser state 'start': key is 86dd
[20:41:11.116] [bmv2] [T] [thread 17154] [5.0] [cxt 0] Bytes parsed: 14
[20:41:11.116] [bmv2] [D] [thread 17154] [5.0] [cxt 0] Parser 'parser': end
[20:41:11.116] [bmv2] [D] [thread 17154] [5.0] [cxt 0] Pipeline 'ingress': start
[20:41:11.116] [bmv2] [T] [thread 17154] [5.0] [cxt 0] /home/wly/p4-learning/exercises/10-Congestion_Aware_Load_Balancing/p4src/loadbalancer.p4(165) Condition "standard_metadata.instance_type == 4" (node_2) is false
[20:41:11.116] [bmv2] [T] [thread 17154] [5.0] [cxt 0] /home/wly/p4-learning/exercises/10-Congestion_Aware_Load_Balancing/p4src/loadbalancer.p4(175) Condition "hdr.ipv4.isValid() && hdr.ipv4.ttl > 1" (node_4) is false
[20:41:11.116] [bmv2] [T] [thread 17154] [5.0] [cxt 0] Applying table 'MyIngress.egress_type'
[20:41:11.116] [bmv2] [D] [thread 17154] [5.0] [cxt 0] Looking up key:
* standard_metadata.egress_spec: 0000

[20:41:11.116] [bmv2] [D] [thread 17154] [5.0] [cxt 0] Table 'MyIngress.egress_type': miss
[20:41:11.116] [bmv2] [D] [thread 17154] [5.0] [cxt 0] Action entry is NoAction - 
[20:41:11.116] [bmv2] [T] [thread 17154] [5.0] [cxt 0] Action NoAction
[20:41:11.116] [bmv2] [T] [thread 17154] [5.0] [cxt 0] /home/wly/p4-learning/exercises/10-Congestion_Aware_Load_Balancing/p4src/loadbalancer.p4(191) Condition "standard_metadata.instance_type == 0 && hdr.ethernet.etherType == TYPE_FEEDBACK && meta.egress_type == TYPE_EGRESS_HOST" (node_8) is false
[20:41:11.116] [bmv2] [D] [thread 17154] [5.0] [cxt 0] Pipeline 'ingress': end
[20:41:11.116] [bmv2] [D] [thread 17154] [5.0] [cxt 0] Egress port is 0
[20:41:11.117] [bmv2] [D] [thread 17155] [5.0] [cxt 0] Pipeline 'egress': start
[20:41:11.117] [bmv2] [T] [thread 17155] [5.0] [cxt 0] /home/wly/p4-learning/exercises/10-Congestion_Aware_Load_Balancing/p4src/loadbalancer.p4(234) Condition "standard_metadata.instance_type == 2" (node_13) is false
[20:41:11.117] [bmv2] [T] [thread 17155] [5.0] [cxt 0] /home/wly/p4-learning/exercises/10-Congestion_Aware_Load_Balancing/p4src/loadbalancer.p4(239) Condition "standard_metadata.instance_type == 0 && hdr.ethernet.etherType != TYPE_FEEDBACK" (node_15) is true
[20:41:11.117] [bmv2] [T] [thread 17155] [5.0] [cxt 0] /home/wly/p4-learning/exercises/10-Congestion_Aware_Load_Balancing/p4src/loadbalancer.p4(241) Condition "hdr.tcp.isValid()" (node_16) is false
[20:41:11.117] [bmv2] [D] [thread 17155] [5.0] [cxt 0] Pipeline 'egress': end
[20:41:11.117] [bmv2] [D] [thread 17155] [5.0] [cxt 0] Deparser 'deparser': start
[20:41:11.117] [bmv2] [T] [thread 17155] [5.0] [cxt 0] Skipping checksum 'cksum' update because condition not met
[20:41:11.117] [bmv2] [D] [thread 17155] [5.0] [cxt 0] Deparsing header 'ethernet'
[20:41:11.117] [bmv2] [D] [thread 17155] [5.0] [cxt 0] Deparser 'deparser': end
[20:41:11.117] [bmv2] [D] [thread 17159] [5.0] [cxt 0] Transmitting packet of size 213 out of port 0
[20:41:11.178] [bmv2] [D] [thread 17154] [6.0] [cxt 0] Processing packet received on port 4
[20:41:11.178] [bmv2] [D] [thread 17154] [6.0] [cxt 0] Parser 'parser': start
[20:41:11.178] [bmv2] [D] [thread 17154] [6.0] [cxt 0] Parser 'parser' entering state 'start'
[20:41:11.178] [bmv2] [D] [thread 17154] [6.0] [cxt 0] Extracting header 'ethernet'
[20:41:11.178] [bmv2] [D] [thread 17154] [6.0] [cxt 0] Parser state 'start': key is 86dd
[20:41:11.178] [bmv2] [T] [thread 17154] [6.0] [cxt 0] Bytes parsed: 14
[20:41:11.178] [bmv2] [D] [thread 17154] [6.0] [cxt 0] Parser 'parser': end
[20:41:11.178] [bmv2] [D] [thread 17154] [6.0] [cxt 0] Pipeline 'ingress': start
[20:41:11.178] [bmv2] [T] [thread 17154] [6.0] [cxt 0] /home/wly/p4-learning/exercises/10-Congestion_Aware_Load_Balancing/p4src/loadbalancer.p4(165) Condition "standard_metadata.instance_type == 4" (node_2) is false
[20:41:11.178] [bmv2] [T] [thread 17154] [6.0] [cxt 0] /home/wly/p4-learning/exercises/10-Congestion_Aware_Load_Balancing/p4src/loadbalancer.p4(175) Condition "hdr.ipv4.isValid() && hdr.ipv4.ttl > 1" (node_4) is false
[20:41:11.178] [bmv2] [T] [thread 17154] [6.0] [cxt 0] Applying table 'MyIngress.egress_type'
[20:41:11.178] [bmv2] [D] [thread 17154] [6.0] [cxt 0] Looking up key:
* standard_metadata.egress_spec: 0000

[20:41:11.178] [bmv2] [D] [thread 17154] [6.0] [cxt 0] Table 'MyIngress.egress_type': miss
[20:41:11.178] [bmv2] [D] [thread 17154] [6.0] [cxt 0] Action entry is NoAction - 
[20:41:11.178] [bmv2] [T] [thread 17154] [6.0] [cxt 0] Action NoAction
[20:41:11.178] [bmv2] [T] [thread 17154] [6.0] [cxt 0] /home/wly/p4-learning/exercises/10-Congestion_Aware_Load_Balancing/p4src/loadbalancer.p4(191) Condition "standard_metadata.instance_type == 0 && hdr.ethernet.etherType == TYPE_FEEDBACK && meta.egress_type == TYPE_EGRESS_HOST" (node_8) is false
[20:41:11.178] [bmv2] [D] [thread 17154] [6.0] [cxt 0] Pipeline 'ingress': end
[20:41:11.178] [bmv2] [D] [thread 17154] [6.0] [cxt 0] Egress port is 0
[20:41:11.178] [bmv2] [D] [thread 17155] [6.0] [cxt 0] Pipeline 'egress': start
[20:41:11.178] [bmv2] [T] [thread 17155] [6.0] [cxt 0] /home/wly/p4-learning/exercises/10-Congestion_Aware_Load_Balancing/p4src/loadbalancer.p4(234) Condition "standard_metadata.instance_type == 2" (node_13) is false
[20:41:11.178] [bmv2] [T] [thread 17155] [6.0] [cxt 0] /home/wly/p4-learning/exercises/10-Congestion_Aware_Load_Balancing/p4src/loadbalancer.p4(239) Condition "standard_metadata.instance_type == 0 && hdr.ethernet.etherType != TYPE_FEEDBACK" (node_15) is true
[20:41:11.178] [bmv2] [T] [thread 17155] [6.0] [cxt 0] /home/wly/p4-learning/exercises/10-Congestion_Aware_Load_Balancing/p4src/loadbalancer.p4(241) Condition "hdr.tcp.isValid()" (node_16) is false
[20:41:11.178] [bmv2] [D] [thread 17155] [6.0] [cxt 0] Pipeline 'egress': end
[20:41:11.178] [bmv2] [D] [thread 17155] [6.0] [cxt 0] Deparser 'deparser': start
[20:41:11.178] [bmv2] [T] [thread 17155] [6.0] [cxt 0] Skipping checksum 'cksum' update because condition not met
[20:41:11.178] [bmv2] [D] [thread 17155] [6.0] [cxt 0] Deparsing header 'ethernet'
[20:41:11.178] [bmv2] [D] [thread 17155] [6.0] [cxt 0] Deparser 'deparser': end
[20:41:11.178] [bmv2] [D] [thread 17159] [6.0] [cxt 0] Transmitting packet of size 213 out of port 0
[20:41:11.194] [bmv2] [D] [thread 17154] [7.0] [cxt 0] Processing packet received on port 3
[20:41:11.194] [bmv2] [D] [thread 17154] [7.0] [cxt 0] Parser 'parser': start
[20:41:11.194] [bmv2] [D] [thread 17154] [7.0] [cxt 0] Parser 'parser' entering state 'start'
[20:41:11.194] [bmv2] [D] [thread 17154] [7.0] [cxt 0] Extracting header 'ethernet'
[20:41:11.194] [bmv2] [D] [thread 17154] [7.0] [cxt 0] Parser state 'start': key is 86dd
[20:41:11.194] [bmv2] [T] [thread 17154] [7.0] [cxt 0] Bytes parsed: 14
[20:41:11.194] [bmv2] [D] [thread 17154] [7.0] [cxt 0] Parser 'parser': end
[20:41:11.194] [bmv2] [D] [thread 17154] [7.0] [cxt 0] Pipeline 'ingress': start
[20:41:11.194] [bmv2] [T] [thread 17154] [7.0] [cxt 0] /home/wly/p4-learning/exercises/10-Congestion_Aware_Load_Balancing/p4src/loadbalancer.p4(165) Condition "standard_metadata.instance_type == 4" (node_2) is false
[20:41:11.194] [bmv2] [T] [thread 17154] [7.0] [cxt 0] /home/wly/p4-learning/exercises/10-Congestion_Aware_Load_Balancing/p4src/loadbalancer.p4(175) Condition "hdr.ipv4.isValid() && hdr.ipv4.ttl > 1" (node_4) is false
[20:41:11.194] [bmv2] [T] [thread 17154] [7.0] [cxt 0] Applying table 'MyIngress.egress_type'
[20:41:11.194] [bmv2] [D] [thread 17154] [7.0] [cxt 0] Looking up key:
* standard_metadata.egress_spec: 0000

[20:41:11.194] [bmv2] [D] [thread 17154] [7.0] [cxt 0] Table 'MyIngress.egress_type': miss
[20:41:11.194] [bmv2] [D] [thread 17154] [7.0] [cxt 0] Action entry is NoAction - 
[20:41:11.194] [bmv2] [T] [thread 17154] [7.0] [cxt 0] Action NoAction
[20:41:11.194] [bmv2] [T] [thread 17154] [7.0] [cxt 0] /home/wly/p4-learning/exercises/10-Congestion_Aware_Load_Balancing/p4src/loadbalancer.p4(191) Condition "standard_metadata.instance_type == 0 && hdr.ethernet.etherType == TYPE_FEEDBACK && meta.egress_type == TYPE_EGRESS_HOST" (node_8) is false
[20:41:11.194] [bmv2] [D] [thread 17154] [7.0] [cxt 0] Pipeline 'ingress': end
[20:41:11.194] [bmv2] [D] [thread 17154] [7.0] [cxt 0] Egress port is 0
[20:41:11.195] [bmv2] [D] [thread 17155] [7.0] [cxt 0] Pipeline 'egress': start
[20:41:11.195] [bmv2] [T] [thread 17155] [7.0] [cxt 0] /home/wly/p4-learning/exercises/10-Congestion_Aware_Load_Balancing/p4src/loadbalancer.p4(234) Condition "standard_metadata.instance_type == 2" (node_13) is false
[20:41:11.195] [bmv2] [T] [thread 17155] [7.0] [cxt 0] /home/wly/p4-learning/exercises/10-Congestion_Aware_Load_Balancing/p4src/loadbalancer.p4(239) Condition "standard_metadata.instance_type == 0 && hdr.ethernet.etherType != TYPE_FEEDBACK" (node_15) is true
[20:41:11.195] [bmv2] [T] [thread 17155] [7.0] [cxt 0] /home/wly/p4-learning/exercises/10-Congestion_Aware_Load_Balancing/p4src/loadbalancer.p4(241) Condition "hdr.tcp.isValid()" (node_16) is false
[20:41:11.195] [bmv2] [D] [thread 17155] [7.0] [cxt 0] Pipeline 'egress': end
[20:41:11.195] [bmv2] [D] [thread 17155] [7.0] [cxt 0] Deparser 'deparser': start
[20:41:11.195] [bmv2] [T] [thread 17155] [7.0] [cxt 0] Skipping checksum 'cksum' update because condition not met
[20:41:11.195] [bmv2] [D] [thread 17155] [7.0] [cxt 0] Deparsing header 'ethernet'
[20:41:11.195] [bmv2] [D] [thread 17155] [7.0] [cxt 0] Deparser 'deparser': end
[20:41:11.195] [bmv2] [D] [thread 17159] [7.0] [cxt 0] Transmitting packet of size 110 out of port 0
[20:41:11.227] [bmv2] [D] [thread 17154] [8.0] [cxt 0] Processing packet received on port 4
[20:41:11.227] [bmv2] [D] [thread 17154] [8.0] [cxt 0] Parser 'parser': start
[20:41:11.227] [bmv2] [D] [thread 17154] [8.0] [cxt 0] Parser 'parser' entering state 'start'
[20:41:11.227] [bmv2] [D] [thread 17154] [8.0] [cxt 0] Extracting header 'ethernet'
[20:41:11.227] [bmv2] [D] [thread 17154] [8.0] [cxt 0] Parser state 'start': key is 86dd
[20:41:11.227] [bmv2] [T] [thread 17154] [8.0] [cxt 0] Bytes parsed: 14
[20:41:11.227] [bmv2] [D] [thread 17154] [8.0] [cxt 0] Parser 'parser': end
[20:41:11.227] [bmv2] [D] [thread 17154] [8.0] [cxt 0] Pipeline 'ingress': start
[20:41:11.227] [bmv2] [T] [thread 17154] [8.0] [cxt 0] /home/wly/p4-learning/exercises/10-Congestion_Aware_Load_Balancing/p4src/loadbalancer.p4(165) Condition "standard_metadata.instance_type == 4" (node_2) is false
[20:41:11.227] [bmv2] [T] [thread 17154] [8.0] [cxt 0] /home/wly/p4-learning/exercises/10-Congestion_Aware_Load_Balancing/p4src/loadbalancer.p4(175) Condition "hdr.ipv4.isValid() && hdr.ipv4.ttl > 1" (node_4) is false
[20:41:11.227] [bmv2] [T] [thread 17154] [8.0] [cxt 0] Applying table 'MyIngress.egress_type'
[20:41:11.227] [bmv2] [D] [thread 17154] [8.0] [cxt 0] Looking up key:
* standard_metadata.egress_spec: 0000

[20:41:11.227] [bmv2] [D] [thread 17154] [8.0] [cxt 0] Table 'MyIngress.egress_type': miss
[20:41:11.227] [bmv2] [D] [thread 17154] [8.0] [cxt 0] Action entry is NoAction - 
[20:41:11.227] [bmv2] [T] [thread 17154] [8.0] [cxt 0] Action NoAction
[20:41:11.227] [bmv2] [T] [thread 17154] [8.0] [cxt 0] /home/wly/p4-learning/exercises/10-Congestion_Aware_Load_Balancing/p4src/loadbalancer.p4(191) Condition "standard_metadata.instance_type == 0 && hdr.ethernet.etherType == TYPE_FEEDBACK && meta.egress_type == TYPE_EGRESS_HOST" (node_8) is false
[20:41:11.227] [bmv2] [D] [thread 17154] [8.0] [cxt 0] Pipeline 'ingress': end
[20:41:11.227] [bmv2] [D] [thread 17154] [8.0] [cxt 0] Egress port is 0
[20:41:11.227] [bmv2] [D] [thread 17155] [8.0] [cxt 0] Pipeline 'egress': start
[20:41:11.227] [bmv2] [T] [thread 17155] [8.0] [cxt 0] /home/wly/p4-learning/exercises/10-Congestion_Aware_Load_Balancing/p4src/loadbalancer.p4(234) Condition "standard_metadata.instance_type == 2" (node_13) is false
[20:41:11.227] [bmv2] [T] [thread 17155] [8.0] [cxt 0] /home/wly/p4-learning/exercises/10-Congestion_Aware_Load_Balancing/p4src/loadbalancer.p4(239) Condition "standard_metadata.instance_type == 0 && hdr.ethernet.etherType != TYPE_FEEDBACK" (node_15) is true
[20:41:11.227] [bmv2] [T] [thread 17155] [8.0] [cxt 0] /home/wly/p4-learning/exercises/10-Congestion_Aware_Load_Balancing/p4src/loadbalancer.p4(241) Condition "hdr.tcp.isValid()" (node_16) is false
[20:41:11.227] [bmv2] [D] [thread 17155] [8.0] [cxt 0] Pipeline 'egress': end
[20:41:11.227] [bmv2] [D] [thread 17155] [8.0] [cxt 0] Deparser 'deparser': start
[20:41:11.227] [bmv2] [T] [thread 17155] [8.0] [cxt 0] Skipping checksum 'cksum' update because condition not met
[20:41:11.227] [bmv2] [D] [thread 17155] [8.0] [cxt 0] Deparsing header 'ethernet'
[20:41:11.227] [bmv2] [D] [thread 17155] [8.0] [cxt 0] Deparser 'deparser': end
[20:41:11.227] [bmv2] [D] [thread 17159] [8.0] [cxt 0] Transmitting packet of size 110 out of port 0
[20:41:11.246] [bmv2] [D] [thread 17154] [9.0] [cxt 0] Processing packet received on port 4
[20:41:11.246] [bmv2] [D] [thread 17154] [9.0] [cxt 0] Parser 'parser': start
[20:41:11.246] [bmv2] [D] [thread 17154] [9.0] [cxt 0] Parser 'parser' entering state 'start'
[20:41:11.246] [bmv2] [D] [thread 17154] [9.0] [cxt 0] Extracting header 'ethernet'
[20:41:11.246] [bmv2] [D] [thread 17154] [9.0] [cxt 0] Parser state 'start': key is 86dd
[20:41:11.246] [bmv2] [T] [thread 17154] [9.0] [cxt 0] Bytes parsed: 14
[20:41:11.246] [bmv2] [D] [thread 17154] [9.0] [cxt 0] Parser 'parser': end
[20:41:11.246] [bmv2] [D] [thread 17154] [9.0] [cxt 0] Pipeline 'ingress': start
[20:41:11.246] [bmv2] [T] [thread 17154] [9.0] [cxt 0] /home/wly/p4-learning/exercises/10-Congestion_Aware_Load_Balancing/p4src/loadbalancer.p4(165) Condition "standard_metadata.instance_type == 4" (node_2) is false
[20:41:11.247] [bmv2] [T] [thread 17154] [9.0] [cxt 0] /home/wly/p4-learning/exercises/10-Congestion_Aware_Load_Balancing/p4src/loadbalancer.p4(175) Condition "hdr.ipv4.isValid() && hdr.ipv4.ttl > 1" (node_4) is false
[20:41:11.247] [bmv2] [T] [thread 17154] [9.0] [cxt 0] Applying table 'MyIngress.egress_type'
[20:41:11.247] [bmv2] [D] [thread 17154] [9.0] [cxt 0] Looking up key:
* standard_metadata.egress_spec: 0000

[20:41:11.247] [bmv2] [D] [thread 17154] [9.0] [cxt 0] Table 'MyIngress.egress_type': miss
[20:41:11.247] [bmv2] [D] [thread 17154] [9.0] [cxt 0] Action entry is NoAction - 
[20:41:11.247] [bmv2] [T] [thread 17154] [9.0] [cxt 0] Action NoAction
[20:41:11.247] [bmv2] [T] [thread 17154] [9.0] [cxt 0] /home/wly/p4-learning/exercises/10-Congestion_Aware_Load_Balancing/p4src/loadbalancer.p4(191) Condition "standard_metadata.instance_type == 0 && hdr.ethernet.etherType == TYPE_FEEDBACK && meta.egress_type == TYPE_EGRESS_HOST" (node_8) is false
[20:41:11.247] [bmv2] [D] [thread 17154] [9.0] [cxt 0] Pipeline 'ingress': end
[20:41:11.247] [bmv2] [D] [thread 17154] [9.0] [cxt 0] Egress port is 0
[20:41:11.247] [bmv2] [D] [thread 17155] [9.0] [cxt 0] Pipeline 'egress': start
[20:41:11.247] [bmv2] [T] [thread 17155] [9.0] [cxt 0] /home/wly/p4-learning/exercises/10-Congestion_Aware_Load_Balancing/p4src/loadbalancer.p4(234) Condition "standard_metadata.instance_type == 2" (node_13) is false
[20:41:11.247] [bmv2] [T] [thread 17155] [9.0] [cxt 0] /home/wly/p4-learning/exercises/10-Congestion_Aware_Load_Balancing/p4src/loadbalancer.p4(239) Condition "standard_metadata.instance_type == 0 && hdr.ethernet.etherType != TYPE_FEEDBACK" (node_15) is true
[20:41:11.247] [bmv2] [T] [thread 17155] [9.0] [cxt 0] /home/wly/p4-learning/exercises/10-Congestion_Aware_Load_Balancing/p4src/loadbalancer.p4(241) Condition "hdr.tcp.isValid()" (node_16) is false
[20:41:11.247] [bmv2] [D] [thread 17155] [9.0] [cxt 0] Pipeline 'egress': end
[20:41:11.247] [bmv2] [D] [thread 17155] [9.0] [cxt 0] Deparser 'deparser': start
[20:41:11.247] [bmv2] [T] [thread 17155] [9.0] [cxt 0] Skipping checksum 'cksum' update because condition not met
[20:41:11.247] [bmv2] [D] [thread 17155] [9.0] [cxt 0] Deparsing header 'ethernet'
[20:41:11.247] [bmv2] [D] [thread 17155] [9.0] [cxt 0] Deparser 'deparser': end
[20:41:11.247] [bmv2] [D] [thread 17159] [9.0] [cxt 0] Transmitting packet of size 213 out of port 0
[20:41:11.305] [bmv2] [D] [thread 17154] [10.0] [cxt 0] Processing packet received on port 3
[20:41:11.305] [bmv2] [D] [thread 17154] [10.0] [cxt 0] Parser 'parser': start
[20:41:11.305] [bmv2] [D] [thread 17154] [10.0] [cxt 0] Parser 'parser' entering state 'start'
[20:41:11.305] [bmv2] [D] [thread 17154] [10.0] [cxt 0] Extracting header 'ethernet'
[20:41:11.305] [bmv2] [D] [thread 17154] [10.0] [cxt 0] Parser state 'start': key is 86dd
[20:41:11.305] [bmv2] [T] [thread 17154] [10.0] [cxt 0] Bytes parsed: 14
[20:41:11.305] [bmv2] [D] [thread 17154] [10.0] [cxt 0] Parser 'parser': end
[20:41:11.305] [bmv2] [D] [thread 17154] [10.0] [cxt 0] Pipeline 'ingress': start
[20:41:11.305] [bmv2] [T] [thread 17154] [10.0] [cxt 0] /home/wly/p4-learning/exercises/10-Congestion_Aware_Load_Balancing/p4src/loadbalancer.p4(165) Condition "standard_metadata.instance_type == 4" (node_2) is false
[20:41:11.305] [bmv2] [T] [thread 17154] [10.0] [cxt 0] /home/wly/p4-learning/exercises/10-Congestion_Aware_Load_Balancing/p4src/loadbalancer.p4(175) Condition "hdr.ipv4.isValid() && hdr.ipv4.ttl > 1" (node_4) is false
[20:41:11.305] [bmv2] [T] [thread 17154] [10.0] [cxt 0] Applying table 'MyIngress.egress_type'
[20:41:11.305] [bmv2] [D] [thread 17154] [10.0] [cxt 0] Looking up key:
* standard_metadata.egress_spec: 0000

[20:41:11.305] [bmv2] [D] [thread 17154] [10.0] [cxt 0] Table 'MyIngress.egress_type': miss
[20:41:11.305] [bmv2] [D] [thread 17154] [10.0] [cxt 0] Action entry is NoAction - 
[20:41:11.305] [bmv2] [T] [thread 17154] [10.0] [cxt 0] Action NoAction
[20:41:11.305] [bmv2] [T] [thread 17154] [10.0] [cxt 0] /home/wly/p4-learning/exercises/10-Congestion_Aware_Load_Balancing/p4src/loadbalancer.p4(191) Condition "standard_metadata.instance_type == 0 && hdr.ethernet.etherType == TYPE_FEEDBACK && meta.egress_type == TYPE_EGRESS_HOST" (node_8) is false
[20:41:11.305] [bmv2] [D] [thread 17154] [10.0] [cxt 0] Pipeline 'ingress': end
[20:41:11.305] [bmv2] [D] [thread 17154] [10.0] [cxt 0] Egress port is 0
[20:41:11.305] [bmv2] [D] [thread 17155] [10.0] [cxt 0] Pipeline 'egress': start
[20:41:11.305] [bmv2] [T] [thread 17155] [10.0] [cxt 0] /home/wly/p4-learning/exercises/10-Congestion_Aware_Load_Balancing/p4src/loadbalancer.p4(234) Condition "standard_metadata.instance_type == 2" (node_13) is false
[20:41:11.305] [bmv2] [T] [thread 17155] [10.0] [cxt 0] /home/wly/p4-learning/exercises/10-Congestion_Aware_Load_Balancing/p4src/loadbalancer.p4(239) Condition "standard_metadata.instance_type == 0 && hdr.ethernet.etherType != TYPE_FEEDBACK" (node_15) is true
[20:41:11.305] [bmv2] [T] [thread 17155] [10.0] [cxt 0] /home/wly/p4-learning/exercises/10-Congestion_Aware_Load_Balancing/p4src/loadbalancer.p4(241) Condition "hdr.tcp.isValid()" (node_16) is false
[20:41:11.305] [bmv2] [D] [thread 17155] [10.0] [cxt 0] Pipeline 'egress': end
[20:41:11.305] [bmv2] [D] [thread 17155] [10.0] [cxt 0] Deparser 'deparser': start
[20:41:11.305] [bmv2] [T] [thread 17155] [10.0] [cxt 0] Skipping checksum 'cksum' update because condition not met
[20:41:11.305] [bmv2] [D] [thread 17155] [10.0] [cxt 0] Deparsing header 'ethernet'
[20:41:11.305] [bmv2] [D] [thread 17155] [10.0] [cxt 0] Deparser 'deparser': end
[20:41:11.305] [bmv2] [D] [thread 17159] [10.0] [cxt 0] Transmitting packet of size 203 out of port 0
[20:41:11.316] [bmv2] [D] [thread 17154] [11.0] [cxt 0] Processing packet received on port 2
[20:41:11.316] [bmv2] [D] [thread 17154] [11.0] [cxt 0] Parser 'parser': start
[20:41:11.316] [bmv2] [D] [thread 17154] [11.0] [cxt 0] Parser 'parser' entering state 'start'
[20:41:11.316] [bmv2] [D] [thread 17154] [11.0] [cxt 0] Extracting header 'ethernet'
[20:41:11.316] [bmv2] [D] [thread 17154] [11.0] [cxt 0] Parser state 'start': key is 86dd
[20:41:11.316] [bmv2] [T] [thread 17154] [11.0] [cxt 0] Bytes parsed: 14
[20:41:11.316] [bmv2] [D] [thread 17154] [11.0] [cxt 0] Parser 'parser': end
[20:41:11.316] [bmv2] [D] [thread 17154] [11.0] [cxt 0] Pipeline 'ingress': start
[20:41:11.316] [bmv2] [T] [thread 17154] [11.0] [cxt 0] /home/wly/p4-learning/exercises/10-Congestion_Aware_Load_Balancing/p4src/loadbalancer.p4(165) Condition "standard_metadata.instance_type == 4" (node_2) is false
[20:41:11.316] [bmv2] [T] [thread 17154] [11.0] [cxt 0] /home/wly/p4-learning/exercises/10-Congestion_Aware_Load_Balancing/p4src/loadbalancer.p4(175) Condition "hdr.ipv4.isValid() && hdr.ipv4.ttl > 1" (node_4) is false
[20:41:11.316] [bmv2] [T] [thread 17154] [11.0] [cxt 0] Applying table 'MyIngress.egress_type'
[20:41:11.316] [bmv2] [D] [thread 17154] [11.0] [cxt 0] Looking up key:
* standard_metadata.egress_spec: 0000

[20:41:11.316] [bmv2] [D] [thread 17154] [11.0] [cxt 0] Table 'MyIngress.egress_type': miss
[20:41:11.316] [bmv2] [D] [thread 17154] [11.0] [cxt 0] Action entry is NoAction - 
[20:41:11.316] [bmv2] [T] [thread 17154] [11.0] [cxt 0] Action NoAction
[20:41:11.316] [bmv2] [T] [thread 17154] [11.0] [cxt 0] /home/wly/p4-learning/exercises/10-Congestion_Aware_Load_Balancing/p4src/loadbalancer.p4(191) Condition "standard_metadata.instance_type == 0 && hdr.ethernet.etherType == TYPE_FEEDBACK && meta.egress_type == TYPE_EGRESS_HOST" (node_8) is false
[20:41:11.316] [bmv2] [D] [thread 17154] [11.0] [cxt 0] Pipeline 'ingress': end
[20:41:11.316] [bmv2] [D] [thread 17154] [11.0] [cxt 0] Egress port is 0
[20:41:11.316] [bmv2] [D] [thread 17155] [11.0] [cxt 0] Pipeline 'egress': start
[20:41:11.316] [bmv2] [T] [thread 17155] [11.0] [cxt 0] /home/wly/p4-learning/exercises/10-Congestion_Aware_Load_Balancing/p4src/loadbalancer.p4(234) Condition "standard_metadata.instance_type == 2" (node_13) is false
[20:41:11.316] [bmv2] [T] [thread 17155] [11.0] [cxt 0] /home/wly/p4-learning/exercises/10-Congestion_Aware_Load_Balancing/p4src/loadbalancer.p4(239) Condition "standard_metadata.instance_type == 0 && hdr.ethernet.etherType != TYPE_FEEDBACK" (node_15) is true
[20:41:11.316] [bmv2] [T] [thread 17155] [11.0] [cxt 0] /home/wly/p4-learning/exercises/10-Congestion_Aware_Load_Balancing/p4src/loadbalancer.p4(241) Condition "hdr.tcp.isValid()" (node_16) is false
[20:41:11.316] [bmv2] [D] [thread 17155] [11.0] [cxt 0] Pipeline 'egress': end
[20:41:11.316] [bmv2] [D] [thread 17155] [11.0] [cxt 0] Deparser 'deparser': start
[20:41:11.316] [bmv2] [T] [thread 17155] [11.0] [cxt 0] Skipping checksum 'cksum' update because condition not met
[20:41:11.316] [bmv2] [D] [thread 17155] [11.0] [cxt 0] Deparsing header 'ethernet'
[20:41:11.316] [bmv2] [D] [thread 17155] [11.0] [cxt 0] Deparser 'deparser': end
[20:41:11.316] [bmv2] [D] [thread 17159] [11.0] [cxt 0] Transmitting packet of size 201 out of port 0
[20:41:11.326] [bmv2] [D] [thread 17154] [12.0] [cxt 0] Processing packet received on port 2
[20:41:11.326] [bmv2] [D] [thread 17154] [12.0] [cxt 0] Parser 'parser': start
[20:41:11.326] [bmv2] [D] [thread 17154] [12.0] [cxt 0] Parser 'parser' entering state 'start'
[20:41:11.326] [bmv2] [D] [thread 17154] [12.0] [cxt 0] Extracting header 'ethernet'
[20:41:11.326] [bmv2] [D] [thread 17154] [12.0] [cxt 0] Parser state 'start': key is 86dd
[20:41:11.326] [bmv2] [T] [thread 17154] [12.0] [cxt 0] Bytes parsed: 14
[20:41:11.326] [bmv2] [D] [thread 17154] [12.0] [cxt 0] Parser 'parser': end
[20:41:11.326] [bmv2] [D] [thread 17154] [12.0] [cxt 0] Pipeline 'ingress': start
[20:41:11.326] [bmv2] [T] [thread 17154] [12.0] [cxt 0] /home/wly/p4-learning/exercises/10-Congestion_Aware_Load_Balancing/p4src/loadbalancer.p4(165) Condition "standard_metadata.instance_type == 4" (node_2) is false
[20:41:11.326] [bmv2] [T] [thread 17154] [12.0] [cxt 0] /home/wly/p4-learning/exercises/10-Congestion_Aware_Load_Balancing/p4src/loadbalancer.p4(175) Condition "hdr.ipv4.isValid() && hdr.ipv4.ttl > 1" (node_4) is false
[20:41:11.326] [bmv2] [T] [thread 17154] [12.0] [cxt 0] Applying table 'MyIngress.egress_type'
[20:41:11.326] [bmv2] [D] [thread 17154] [12.0] [cxt 0] Looking up key:
* standard_metadata.egress_spec: 0000

[20:41:11.326] [bmv2] [D] [thread 17154] [12.0] [cxt 0] Table 'MyIngress.egress_type': miss
[20:41:11.326] [bmv2] [D] [thread 17154] [12.0] [cxt 0] Action entry is NoAction - 
[20:41:11.326] [bmv2] [T] [thread 17154] [12.0] [cxt 0] Action NoAction
[20:41:11.326] [bmv2] [T] [thread 17154] [12.0] [cxt 0] /home/wly/p4-learning/exercises/10-Congestion_Aware_Load_Balancing/p4src/loadbalancer.p4(191) Condition "standard_metadata.instance_type == 0 && hdr.ethernet.etherType == TYPE_FEEDBACK && meta.egress_type == TYPE_EGRESS_HOST" (node_8) is false
[20:41:11.326] [bmv2] [D] [thread 17154] [12.0] [cxt 0] Pipeline 'ingress': end
[20:41:11.326] [bmv2] [D] [thread 17154] [12.0] [cxt 0] Egress port is 0
[20:41:11.326] [bmv2] [D] [thread 17155] [12.0] [cxt 0] Pipeline 'egress': start
[20:41:11.326] [bmv2] [T] [thread 17155] [12.0] [cxt 0] /home/wly/p4-learning/exercises/10-Congestion_Aware_Load_Balancing/p4src/loadbalancer.p4(234) Condition "standard_metadata.instance_type == 2" (node_13) is false
[20:41:11.326] [bmv2] [T] [thread 17155] [12.0] [cxt 0] /home/wly/p4-learning/exercises/10-Congestion_Aware_Load_Balancing/p4src/loadbalancer.p4(239) Condition "standard_metadata.instance_type == 0 && hdr.ethernet.etherType != TYPE_FEEDBACK" (node_15) is true
[20:41:11.326] [bmv2] [T] [thread 17155] [12.0] [cxt 0] /home/wly/p4-learning/exercises/10-Congestion_Aware_Load_Balancing/p4src/loadbalancer.p4(241) Condition "hdr.tcp.isValid()" (node_16) is false
[20:41:11.326] [bmv2] [D] [thread 17155] [12.0] [cxt 0] Pipeline 'egress': end
[20:41:11.326] [bmv2] [D] [thread 17155] [12.0] [cxt 0] Deparser 'deparser': start
[20:41:11.326] [bmv2] [T] [thread 17155] [12.0] [cxt 0] Skipping checksum 'cksum' update because condition not met
[20:41:11.326] [bmv2] [D] [thread 17155] [12.0] [cxt 0] Deparsing header 'ethernet'
[20:41:11.326] [bmv2] [D] [thread 17155] [12.0] [cxt 0] Deparser 'deparser': end
[20:41:11.327] [bmv2] [D] [thread 17159] [12.0] [cxt 0] Transmitting packet of size 110 out of port 0
[20:41:11.354] [bmv2] [D] [thread 17154] [13.0] [cxt 0] Processing packet received on port 4
[20:41:11.354] [bmv2] [D] [thread 17154] [13.0] [cxt 0] Parser 'parser': start
[20:41:11.354] [bmv2] [D] [thread 17154] [13.0] [cxt 0] Parser 'parser' entering state 'start'
[20:41:11.354] [bmv2] [D] [thread 17154] [13.0] [cxt 0] Extracting header 'ethernet'
[20:41:11.354] [bmv2] [D] [thread 17154] [13.0] [cxt 0] Parser state 'start': key is 86dd
[20:41:11.355] [bmv2] [T] [thread 17154] [13.0] [cxt 0] Bytes parsed: 14
[20:41:11.355] [bmv2] [D] [thread 17154] [13.0] [cxt 0] Parser 'parser': end
[20:41:11.355] [bmv2] [D] [thread 17154] [13.0] [cxt 0] Pipeline 'ingress': start
[20:41:11.355] [bmv2] [T] [thread 17154] [13.0] [cxt 0] /home/wly/p4-learning/exercises/10-Congestion_Aware_Load_Balancing/p4src/loadbalancer.p4(165) Condition "standard_metadata.instance_type == 4" (node_2) is false
[20:41:11.355] [bmv2] [T] [thread 17154] [13.0] [cxt 0] /home/wly/p4-learning/exercises/10-Congestion_Aware_Load_Balancing/p4src/loadbalancer.p4(175) Condition "hdr.ipv4.isValid() && hdr.ipv4.ttl > 1" (node_4) is false
[20:41:11.355] [bmv2] [T] [thread 17154] [13.0] [cxt 0] Applying table 'MyIngress.egress_type'
[20:41:11.355] [bmv2] [D] [thread 17154] [13.0] [cxt 0] Looking up key:
* standard_metadata.egress_spec: 0000

[20:41:11.355] [bmv2] [D] [thread 17154] [13.0] [cxt 0] Table 'MyIngress.egress_type': miss
[20:41:11.355] [bmv2] [D] [thread 17154] [13.0] [cxt 0] Action entry is NoAction - 
[20:41:11.355] [bmv2] [T] [thread 17154] [13.0] [cxt 0] Action NoAction
[20:41:11.355] [bmv2] [T] [thread 17154] [13.0] [cxt 0] /home/wly/p4-learning/exercises/10-Congestion_Aware_Load_Balancing/p4src/loadbalancer.p4(191) Condition "standard_metadata.instance_type == 0 && hdr.ethernet.etherType == TYPE_FEEDBACK && meta.egress_type == TYPE_EGRESS_HOST" (node_8) is false
[20:41:11.355] [bmv2] [D] [thread 17154] [13.0] [cxt 0] Pipeline 'ingress': end
[20:41:11.355] [bmv2] [D] [thread 17154] [13.0] [cxt 0] Egress port is 0
[20:41:11.355] [bmv2] [D] [thread 17155] [13.0] [cxt 0] Pipeline 'egress': start
[20:41:11.355] [bmv2] [T] [thread 17155] [13.0] [cxt 0] /home/wly/p4-learning/exercises/10-Congestion_Aware_Load_Balancing/p4src/loadbalancer.p4(234) Condition "standard_metadata.instance_type == 2" (node_13) is false
[20:41:11.355] [bmv2] [T] [thread 17155] [13.0] [cxt 0] /home/wly/p4-learning/exercises/10-Congestion_Aware_Load_Balancing/p4src/loadbalancer.p4(239) Condition "standard_metadata.instance_type == 0 && hdr.ethernet.etherType != TYPE_FEEDBACK" (node_15) is true
[20:41:11.355] [bmv2] [T] [thread 17155] [13.0] [cxt 0] /home/wly/p4-learning/exercises/10-Congestion_Aware_Load_Balancing/p4src/loadbalancer.p4(241) Condition "hdr.tcp.isValid()" (node_16) is false
[20:41:11.355] [bmv2] [D] [thread 17155] [13.0] [cxt 0] Pipeline 'egress': end
[20:41:11.355] [bmv2] [D] [thread 17155] [13.0] [cxt 0] Deparser 'deparser': start
[20:41:11.355] [bmv2] [T] [thread 17155] [13.0] [cxt 0] Skipping checksum 'cksum' update because condition not met
[20:41:11.355] [bmv2] [D] [thread 17155] [13.0] [cxt 0] Deparsing header 'ethernet'
[20:41:11.355] [bmv2] [D] [thread 17155] [13.0] [cxt 0] Deparser 'deparser': end
[20:41:11.355] [bmv2] [D] [thread 17159] [13.0] [cxt 0] Transmitting packet of size 90 out of port 0
[20:41:11.377] [bmv2] [D] [thread 17154] [14.0] [cxt 0] Processing packet received on port 4
[20:41:11.377] [bmv2] [D] [thread 17154] [14.0] [cxt 0] Parser 'parser': start
[20:41:11.377] [bmv2] [D] [thread 17154] [14.0] [cxt 0] Parser 'parser' entering state 'start'
[20:41:11.377] [bmv2] [D] [thread 17154] [14.0] [cxt 0] Extracting header 'ethernet'
[20:41:11.377] [bmv2] [D] [thread 17154] [14.0] [cxt 0] Parser state 'start': key is 86dd
[20:41:11.377] [bmv2] [T] [thread 17154] [14.0] [cxt 0] Bytes parsed: 14
[20:41:11.377] [bmv2] [D] [thread 17154] [14.0] [cxt 0] Parser 'parser': end
[20:41:11.377] [bmv2] [D] [thread 17154] [14.0] [cxt 0] Pipeline 'ingress': start
[20:41:11.377] [bmv2] [T] [thread 17154] [14.0] [cxt 0] /home/wly/p4-learning/exercises/10-Congestion_Aware_Load_Balancing/p4src/loadbalancer.p4(165) Condition "standard_metadata.instance_type == 4" (node_2) is false
[20:41:11.377] [bmv2] [T] [thread 17154] [14.0] [cxt 0] /home/wly/p4-learning/exercises/10-Congestion_Aware_Load_Balancing/p4src/loadbalancer.p4(175) Condition "hdr.ipv4.isValid() && hdr.ipv4.ttl > 1" (node_4) is false
[20:41:11.377] [bmv2] [T] [thread 17154] [14.0] [cxt 0] Applying table 'MyIngress.egress_type'
[20:41:11.377] [bmv2] [D] [thread 17154] [14.0] [cxt 0] Looking up key:
* standard_metadata.egress_spec: 0000

[20:41:11.377] [bmv2] [D] [thread 17154] [14.0] [cxt 0] Table 'MyIngress.egress_type': miss
[20:41:11.377] [bmv2] [D] [thread 17154] [14.0] [cxt 0] Action entry is NoAction - 
[20:41:11.377] [bmv2] [T] [thread 17154] [14.0] [cxt 0] Action NoAction
[20:41:11.377] [bmv2] [T] [thread 17154] [14.0] [cxt 0] /home/wly/p4-learning/exercises/10-Congestion_Aware_Load_Balancing/p4src/loadbalancer.p4(191) Condition "standard_metadata.instance_type == 0 && hdr.ethernet.etherType == TYPE_FEEDBACK && meta.egress_type == TYPE_EGRESS_HOST" (node_8) is false
[20:41:11.377] [bmv2] [D] [thread 17154] [14.0] [cxt 0] Pipeline 'ingress': end
[20:41:11.377] [bmv2] [D] [thread 17154] [14.0] [cxt 0] Egress port is 0
[20:41:11.377] [bmv2] [D] [thread 17155] [14.0] [cxt 0] Pipeline 'egress': start
[20:41:11.377] [bmv2] [T] [thread 17155] [14.0] [cxt 0] /home/wly/p4-learning/exercises/10-Congestion_Aware_Load_Balancing/p4src/loadbalancer.p4(234) Condition "standard_metadata.instance_type == 2" (node_13) is false
[20:41:11.377] [bmv2] [T] [thread 17155] [14.0] [cxt 0] /home/wly/p4-learning/exercises/10-Congestion_Aware_Load_Balancing/p4src/loadbalancer.p4(239) Condition "standard_metadata.instance_type == 0 && hdr.ethernet.etherType != TYPE_FEEDBACK" (node_15) is true
[20:41:11.377] [bmv2] [T] [thread 17155] [14.0] [cxt 0] /home/wly/p4-learning/exercises/10-Congestion_Aware_Load_Balancing/p4src/loadbalancer.p4(241) Condition "hdr.tcp.isValid()" (node_16) is false
[20:41:11.377] [bmv2] [D] [thread 17155] [14.0] [cxt 0] Pipeline 'egress': end
[20:41:11.377] [bmv2] [D] [thread 17155] [14.0] [cxt 0] Deparser 'deparser': start
[20:41:11.377] [bmv2] [T] [thread 17155] [14.0] [cxt 0] Skipping checksum 'cksum' update because condition not met
[20:41:11.377] [bmv2] [D] [thread 17155] [14.0] [cxt 0] Deparsing header 'ethernet'
[20:41:11.377] [bmv2] [D] [thread 17155] [14.0] [cxt 0] Deparser 'deparser': end
[20:41:11.377] [bmv2] [D] [thread 17159] [14.0] [cxt 0] Transmitting packet of size 201 out of port 0
[20:41:11.445] [bmv2] [D] [thread 17154] [15.0] [cxt 0] Processing packet received on port 4
[20:41:11.445] [bmv2] [D] [thread 17154] [15.0] [cxt 0] Parser 'parser': start
[20:41:11.445] [bmv2] [D] [thread 17154] [15.0] [cxt 0] Parser 'parser' entering state 'start'
[20:41:11.445] [bmv2] [D] [thread 17154] [15.0] [cxt 0] Extracting header 'ethernet'
[20:41:11.445] [bmv2] [D] [thread 17154] [15.0] [cxt 0] Parser state 'start': key is 86dd
[20:41:11.445] [bmv2] [T] [thread 17154] [15.0] [cxt 0] Bytes parsed: 14
[20:41:11.445] [bmv2] [D] [thread 17154] [15.0] [cxt 0] Parser 'parser': end
[20:41:11.445] [bmv2] [D] [thread 17154] [15.0] [cxt 0] Pipeline 'ingress': start
[20:41:11.445] [bmv2] [T] [thread 17154] [15.0] [cxt 0] /home/wly/p4-learning/exercises/10-Congestion_Aware_Load_Balancing/p4src/loadbalancer.p4(165) Condition "standard_metadata.instance_type == 4" (node_2) is false
[20:41:11.445] [bmv2] [T] [thread 17154] [15.0] [cxt 0] /home/wly/p4-learning/exercises/10-Congestion_Aware_Load_Balancing/p4src/loadbalancer.p4(175) Condition "hdr.ipv4.isValid() && hdr.ipv4.ttl > 1" (node_4) is false
[20:41:11.445] [bmv2] [T] [thread 17154] [15.0] [cxt 0] Applying table 'MyIngress.egress_type'
[20:41:11.445] [bmv2] [D] [thread 17154] [15.0] [cxt 0] Looking up key:
* standard_metadata.egress_spec: 0000

[20:41:11.445] [bmv2] [D] [thread 17154] [15.0] [cxt 0] Table 'MyIngress.egress_type': miss
[20:41:11.445] [bmv2] [D] [thread 17154] [15.0] [cxt 0] Action entry is NoAction - 
[20:41:11.445] [bmv2] [T] [thread 17154] [15.0] [cxt 0] Action NoAction
[20:41:11.445] [bmv2] [T] [thread 17154] [15.0] [cxt 0] /home/wly/p4-learning/exercises/10-Congestion_Aware_Load_Balancing/p4src/loadbalancer.p4(191) Condition "standard_metadata.instance_type == 0 && hdr.ethernet.etherType == TYPE_FEEDBACK && meta.egress_type == TYPE_EGRESS_HOST" (node_8) is false
[20:41:11.445] [bmv2] [D] [thread 17154] [15.0] [cxt 0] Pipeline 'ingress': end
[20:41:11.445] [bmv2] [D] [thread 17154] [15.0] [cxt 0] Egress port is 0
[20:41:11.446] [bmv2] [D] [thread 17155] [15.0] [cxt 0] Pipeline 'egress': start
[20:41:11.446] [bmv2] [T] [thread 17155] [15.0] [cxt 0] /home/wly/p4-learning/exercises/10-Congestion_Aware_Load_Balancing/p4src/loadbalancer.p4(234) Condition "standard_metadata.instance_type == 2" (node_13) is false
[20:41:11.446] [bmv2] [T] [thread 17155] [15.0] [cxt 0] /home/wly/p4-learning/exercises/10-Congestion_Aware_Load_Balancing/p4src/loadbalancer.p4(239) Condition "standard_metadata.instance_type == 0 && hdr.ethernet.etherType != TYPE_FEEDBACK" (node_15) is true
[20:41:11.446] [bmv2] [T] [thread 17155] [15.0] [cxt 0] /home/wly/p4-learning/exercises/10-Congestion_Aware_Load_Balancing/p4src/loadbalancer.p4(241) Condition "hdr.tcp.isValid()" (node_16) is false
[20:41:11.446] [bmv2] [D] [thread 17155] [15.0] [cxt 0] Pipeline 'egress': end
[20:41:11.446] [bmv2] [D] [thread 17155] [15.0] [cxt 0] Deparser 'deparser': start
[20:41:11.446] [bmv2] [T] [thread 17155] [15.0] [cxt 0] Skipping checksum 'cksum' update because condition not met
[20:41:11.446] [bmv2] [D] [thread 17155] [15.0] [cxt 0] Deparsing header 'ethernet'
[20:41:11.446] [bmv2] [D] [thread 17155] [15.0] [cxt 0] Deparser 'deparser': end
[20:41:11.446] [bmv2] [D] [thread 17159] [15.0] [cxt 0] Transmitting packet of size 201 out of port 0
[20:41:11.825] [bmv2] [T] [thread 17599] bm_get_config
[20:41:11.825] [bmv2] [T] [thread 17599] bm_mt_get_entries
[20:41:11.825] [bmv2] [T] [thread 17599] bm_mt_get_entries
[20:41:11.826] [bmv2] [T] [thread 17599] bm_mt_get_entries
[20:41:11.858] [bmv2] [T] [thread 17599] bm_reset_state
[20:41:11.859] [bmv2] [D] [thread 17599] Resetting simple_switch target-specific state
[20:41:11.859] [bmv2] [D] [thread 17599] resetting PRE state
[20:41:11.865] [bmv2] [T] [thread 17599] bm_set_default_action
[20:41:11.865] [bmv2] [D] [thread 17599] Set default entry for table 'MyIngress.ipv4_lpm': MyIngress.drop - 
[20:41:11.865] [bmv2] [T] [thread 17599] bm_set_default_action
[20:41:11.865] [bmv2] [D] [thread 17599] Set default entry for table 'MyIngress.ecmp_group_to_nhop': MyIngress.drop - 
[20:41:11.880] [bmv2] [T] [thread 17599] bm_table_add_entry
[20:41:11.880] [bmv2] [D] [thread 17599] Entry 0 added to table 'MyIngress.egress_type'
[20:41:11.880] [bmv2] [D] [thread 17599] Dumping entry 0
Match key:
* standard_metadata.egress_spec: EXACT     0001
Action entry: MyIngress.set_egress_type - 2,

[20:41:11.880] [bmv2] [T] [thread 17599] bm_table_add_entry
[20:41:11.880] [bmv2] [D] [thread 17599] Entry 1 added to table 'MyIngress.egress_type'
[20:41:11.880] [bmv2] [D] [thread 17599] Dumping entry 1
Match key:
* standard_metadata.egress_spec: EXACT     0002
Action entry: MyIngress.set_egress_type - 2,

[20:41:11.880] [bmv2] [T] [thread 17599] bm_table_add_entry
[20:41:11.880] [bmv2] [D] [thread 17599] Entry 2 added to table 'MyIngress.egress_type'
[20:41:11.880] [bmv2] [D] [thread 17599] Dumping entry 2
Match key:
* standard_metadata.egress_spec: EXACT     0003
Action entry: MyIngress.set_egress_type - 2,

[20:41:11.881] [bmv2] [T] [thread 17599] bm_table_add_entry
[20:41:11.881] [bmv2] [D] [thread 17599] Entry 3 added to table 'MyIngress.egress_type'
[20:41:11.881] [bmv2] [D] [thread 17599] Dumping entry 3
Match key:
* standard_metadata.egress_spec: EXACT     0004
Action entry: MyIngress.set_egress_type - 2,

[20:41:11.885] [bmv2] [T] [thread 17619] mirroring_sesssion_add
[20:41:11.985] [bmv2] [T] [thread 17599] bm_table_add_entry
[20:41:11.985] [bmv2] [D] [thread 17599] Entry 0 added to table 'MyIngress.ipv4_lpm'
[20:41:11.985] [bmv2] [D] [thread 17599] Dumping entry 0
Match key:
* hdr.ipv4.dstAddr    : LPM       0a010102/24
Action entry: MyIngress.set_nhop - 8a038c163bcd,1,

[20:41:11.985] [bmv2] [T] [thread 17599] bm_table_add_entry
[20:41:11.985] [bmv2] [D] [thread 17599] Entry 1 added to table 'MyIngress.ipv4_lpm'
[20:41:11.985] [bmv2] [D] [thread 17599] Dumping entry 1
Match key:
* hdr.ipv4.dstAddr    : LPM       0a010202/24
Action entry: MyIngress.set_nhop - 8a038c163bcd,1,

[20:41:11.985] [bmv2] [T] [thread 17599] bm_table_add_entry
[20:41:11.985] [bmv2] [D] [thread 17599] Entry 2 added to table 'MyIngress.ipv4_lpm'
[20:41:11.985] [bmv2] [D] [thread 17599] Dumping entry 2
Match key:
* hdr.ipv4.dstAddr    : LPM       0a020302/24
Action entry: MyIngress.set_nhop - 8a038c163bcd,1,

[20:41:11.985] [bmv2] [T] [thread 17599] bm_table_add_entry
[20:41:11.985] [bmv2] [D] [thread 17599] Entry 3 added to table 'MyIngress.ipv4_lpm'
[20:41:11.985] [bmv2] [D] [thread 17599] Dumping entry 3
Match key:
* hdr.ipv4.dstAddr    : LPM       0a020402/24
Action entry: MyIngress.set_nhop - 8a038c163bcd,1,

[20:41:11.986] [bmv2] [T] [thread 17599] bm_table_add_entry
[20:41:11.986] [bmv2] [D] [thread 17599] Entry 4 added to table 'MyIngress.ipv4_lpm'
[20:41:11.986] [bmv2] [D] [thread 17599] Dumping entry 4
Match key:
* hdr.ipv4.dstAddr    : LPM       0a030502/24
Action entry: MyIngress.set_nhop - ea0d413ca2fa,2,

[20:41:11.986] [bmv2] [T] [thread 17599] bm_table_add_entry
[20:41:11.986] [bmv2] [D] [thread 17599] Entry 5 added to table 'MyIngress.ipv4_lpm'
[20:41:11.986] [bmv2] [D] [thread 17599] Dumping entry 5
Match key:
* hdr.ipv4.dstAddr    : LPM       0a030602/24
Action entry: MyIngress.set_nhop - ea0d413ca2fa,2,

[20:41:11.986] [bmv2] [T] [thread 17599] bm_table_add_entry
[20:41:11.986] [bmv2] [D] [thread 17599] Entry 6 added to table 'MyIngress.ipv4_lpm'
[20:41:11.986] [bmv2] [D] [thread 17599] Dumping entry 6
Match key:
* hdr.ipv4.dstAddr    : LPM       0a040702/24
Action entry: MyIngress.set_nhop - ea0d413ca2fa,2,

[20:41:11.986] [bmv2] [T] [thread 17599] bm_table_add_entry
[20:41:11.986] [bmv2] [D] [thread 17599] Entry 7 added to table 'MyIngress.ipv4_lpm'
[20:41:11.986] [bmv2] [D] [thread 17599] Dumping entry 7
Match key:
* hdr.ipv4.dstAddr    : LPM       0a040802/24
Action entry: MyIngress.set_nhop - ea0d413ca2fa,2,

[20:41:11.986] [bmv2] [T] [thread 17599] bm_table_add_entry
[20:41:11.986] [bmv2] [D] [thread 17599] Entry 8 added to table 'MyIngress.ipv4_lpm'
[20:41:11.986] [bmv2] [D] [thread 17599] Dumping entry 8
Match key:
* hdr.ipv4.dstAddr    : LPM       0a050902/24
Action entry: MyIngress.set_nhop - 669dc2dedb3,3,

[20:41:11.987] [bmv2] [T] [thread 17599] bm_table_add_entry
[20:41:11.987] [bmv2] [D] [thread 17599] Entry 9 added to table 'MyIngress.ipv4_lpm'
[20:41:11.987] [bmv2] [D] [thread 17599] Dumping entry 9
Match key:
* hdr.ipv4.dstAddr    : LPM       0a050a02/24
Action entry: MyIngress.set_nhop - 669dc2dedb3,3,

[20:41:11.987] [bmv2] [T] [thread 17599] bm_table_add_entry
[20:41:11.987] [bmv2] [D] [thread 17599] Entry 10 added to table 'MyIngress.ipv4_lpm'
[20:41:11.987] [bmv2] [D] [thread 17599] Dumping entry 10
Match key:
* hdr.ipv4.dstAddr    : LPM       0a060b02/24
Action entry: MyIngress.set_nhop - 669dc2dedb3,3,

[20:41:11.987] [bmv2] [T] [thread 17599] bm_table_add_entry
[20:41:11.987] [bmv2] [D] [thread 17599] Entry 11 added to table 'MyIngress.ipv4_lpm'
[20:41:11.987] [bmv2] [D] [thread 17599] Dumping entry 11
Match key:
* hdr.ipv4.dstAddr    : LPM       0a060c02/24
Action entry: MyIngress.set_nhop - 669dc2dedb3,3,

[20:41:11.988] [bmv2] [T] [thread 17599] bm_table_add_entry
[20:41:11.988] [bmv2] [D] [thread 17599] Entry 12 added to table 'MyIngress.ipv4_lpm'
[20:41:11.988] [bmv2] [D] [thread 17599] Dumping entry 12
Match key:
* hdr.ipv4.dstAddr    : LPM       0a070d02/24
Action entry: MyIngress.set_nhop - ba1b3079f0bd,4,

[20:41:11.988] [bmv2] [T] [thread 17599] bm_table_add_entry
[20:41:11.988] [bmv2] [D] [thread 17599] Entry 13 added to table 'MyIngress.ipv4_lpm'
[20:41:11.988] [bmv2] [D] [thread 17599] Dumping entry 13
Match key:
* hdr.ipv4.dstAddr    : LPM       0a070e02/24
Action entry: MyIngress.set_nhop - ba1b3079f0bd,4,

[20:41:11.988] [bmv2] [T] [thread 17599] bm_table_add_entry
[20:41:11.988] [bmv2] [D] [thread 17599] Entry 14 added to table 'MyIngress.ipv4_lpm'
[20:41:11.988] [bmv2] [D] [thread 17599] Dumping entry 14
Match key:
* hdr.ipv4.dstAddr    : LPM       0a080f02/24
Action entry: MyIngress.set_nhop - ba1b3079f0bd,4,

[20:41:11.989] [bmv2] [T] [thread 17599] bm_table_add_entry
[20:41:11.989] [bmv2] [D] [thread 17599] Entry 15 added to table 'MyIngress.ipv4_lpm'
[20:41:11.989] [bmv2] [D] [thread 17599] Dumping entry 15
Match key:
* hdr.ipv4.dstAddr    : LPM       0a081002/24
Action entry: MyIngress.set_nhop - ba1b3079f0bd,4,

