Calling target program-options parser
[20:41:10.801] [bmv2] [D] [thread 17133] Set default default entry for table 'tbl_loadbalancer167': loadbalancer167 - 
[20:41:10.801] [bmv2] [D] [thread 17133] Set default default entry for table 'MyIngress.ipv4_lpm': MyIngress.drop - 
[20:41:10.801] [bmv2] [D] [thread 17133] Set default default entry for table 'MyIngress.ecmp_group_to_nhop': NoAction - 
[20:41:10.801] [bmv2] [D] [thread 17133] Set default default entry for table 'MyIngress.egress_type': NoAction - 
[20:41:10.801] [bmv2] [D] [thread 17133] Set default default entry for table 'tbl_update_flow_seed': MyIngress.update_flow_seed - 
[20:41:10.801] [bmv2] [D] [thread 17133] Set default default entry for table 'tbl_drop': MyIngress.drop - 
[20:41:10.804] [bmv2] [D] [thread 17133] Set default default entry for table 'tbl_loadbalancer235': loadbalancer235 - 
[20:41:10.804] [bmv2] [D] [thread 17133] Set default default entry for table 'tbl_loadbalancer249': loadbalancer249 - 
[20:41:10.804] [bmv2] [D] [thread 17133] Set default default entry for table 'tbl_loadbalancer254': loadbalancer254 - 
[20:41:10.804] [bmv2] [D] [thread 17133] Set default default entry for table 'tbl_read_feedback_ts': MyEgress.read_feedback_ts - 
[20:41:10.804] [bmv2] [D] [thread 17133] Set default default entry for table 'tbl_loadbalancer265': loadbalancer265 - 
[20:41:10.804] [bmv2] [D] [thread 17133] Set default default entry for table 'tbl_loadbalancer269': loadbalancer269 - 
[20:41:10.804] [bmv2] [D] [thread 17133] Set default default entry for table 'tbl_loadbalancer276': loadbalancer276 - 
[20:41:10.804] [bmv2] [D] [thread 17133] Set default default entry for table 'tbl_loadbalancer287': loadbalancer287 - 
Adding interface s19-eth1 as port 1
[20:41:10.805] [bmv2] [D] [thread 17133] Adding interface s19-eth1 as port 1
Adding interface s19-eth2 as port 2
[20:41:10.806] [bmv2] [D] [thread 17133] Adding interface s19-eth2 as port 2
Adding interface s19-eth3 as port 3
[20:41:10.824] [bmv2] [D] [thread 17133] Adding interface s19-eth3 as port 3
Adding interface s19-eth4 as port 4
[20:41:10.847] [bmv2] [D] [thread 17133] Adding interface s19-eth4 as port 4
[20:41:10.871] [bmv2] [I] [thread 17133] Starting Thrift server on port 9108
[20:41:10.871] [bmv2] [I] [thread 17133] Thrift server was started
[20:41:10.872] [bmv2] [D] [thread 17141] [0.0] [cxt 0] Processing packet received on port 1
[20:41:10.872] [bmv2] [D] [thread 17141] [0.0] [cxt 0] Parser 'parser': start
[20:41:10.872] [bmv2] [D] [thread 17141] [0.0] [cxt 0] Parser 'parser' entering state 'start'
[20:41:10.872] [bmv2] [D] [thread 17141] [0.0] [cxt 0] Extracting header 'ethernet'
[20:41:10.872] [bmv2] [D] [thread 17141] [0.0] [cxt 0] Parser state 'start': key is 86dd
[20:41:10.873] [bmv2] [T] [thread 17141] [0.0] [cxt 0] Bytes parsed: 14
[20:41:10.873] [bmv2] [D] [thread 17141] [0.0] [cxt 0] Parser 'parser': end
[20:41:10.873] [bmv2] [D] [thread 17141] [0.0] [cxt 0] Pipeline 'ingress': start
[20:41:10.873] [bmv2] [T] [thread 17141] [0.0] [cxt 0] /home/wly/p4-learning/exercises/10-Congestion_Aware_Load_Balancing/p4src/loadbalancer.p4(165) Condition "standard_metadata.instance_type == 4" (node_2) is false
[20:41:10.873] [bmv2] [T] [thread 17141] [0.0] [cxt 0] /home/wly/p4-learning/exercises/10-Congestion_Aware_Load_Balancing/p4src/loadbalancer.p4(175) Condition "hdr.ipv4.isValid() && hdr.ipv4.ttl > 1" (node_4) is false
[20:41:10.873] [bmv2] [T] [thread 17141] [0.0] [cxt 0] Applying table 'MyIngress.egress_type'
[20:41:10.873] [bmv2] [D] [thread 17141] [0.0] [cxt 0] Looking up key:
* standard_metadata.egress_spec: 0000

[20:41:10.873] [bmv2] [D] [thread 17141] [0.0] [cxt 0] Table 'MyIngress.egress_type': miss
[20:41:10.873] [bmv2] [D] [thread 17141] [0.0] [cxt 0] Action entry is NoAction - 
[20:41:10.873] [bmv2] [T] [thread 17141] [0.0] [cxt 0] Action NoAction
[20:41:10.873] [bmv2] [T] [thread 17141] [0.0] [cxt 0] /home/wly/p4-learning/exercises/10-Congestion_Aware_Load_Balancing/p4src/loadbalancer.p4(191) Condition "standard_metadata.instance_type == 0 && hdr.ethernet.etherType == TYPE_FEEDBACK && meta.egress_type == TYPE_EGRESS_HOST" (node_8) is false
[20:41:10.873] [bmv2] [D] [thread 17141] [0.0] [cxt 0] Pipeline 'ingress': end
[20:41:10.873] [bmv2] [D] [thread 17141] [0.0] [cxt 0] Egress port is 0
[20:41:10.873] [bmv2] [D] [thread 17142] [0.0] [cxt 0] Pipeline 'egress': start
[20:41:10.873] [bmv2] [T] [thread 17142] [0.0] [cxt 0] /home/wly/p4-learning/exercises/10-Congestion_Aware_Load_Balancing/p4src/loadbalancer.p4(234) Condition "standard_metadata.instance_type == 2" (node_13) is false
[20:41:10.873] [bmv2] [T] [thread 17142] [0.0] [cxt 0] /home/wly/p4-learning/exercises/10-Congestion_Aware_Load_Balancing/p4src/loadbalancer.p4(239) Condition "standard_metadata.instance_type == 0 && hdr.ethernet.etherType != TYPE_FEEDBACK" (node_15) is true
[20:41:10.873] [bmv2] [T] [thread 17142] [0.0] [cxt 0] /home/wly/p4-learning/exercises/10-Congestion_Aware_Load_Balancing/p4src/loadbalancer.p4(241) Condition "hdr.tcp.isValid()" (node_16) is false
[20:41:10.873] [bmv2] [D] [thread 17142] [0.0] [cxt 0] Pipeline 'egress': end
[20:41:10.873] [bmv2] [D] [thread 17142] [0.0] [cxt 0] Deparser 'deparser': start
[20:41:10.873] [bmv2] [T] [thread 17142] [0.0] [cxt 0] Skipping checksum 'cksum' update because condition not met
[20:41:10.873] [bmv2] [D] [thread 17142] [0.0] [cxt 0] Deparsing header 'ethernet'
[20:41:10.873] [bmv2] [D] [thread 17142] [0.0] [cxt 0] Deparser 'deparser': end
[20:41:10.873] [bmv2] [D] [thread 17146] [0.0] [cxt 0] Transmitting packet of size 203 out of port 0
[20:41:10.892] [bmv2] [D] [thread 17141] [1.0] [cxt 0] Processing packet received on port 3
[20:41:10.892] [bmv2] [D] [thread 17141] [1.0] [cxt 0] Parser 'parser': start
[20:41:10.892] [bmv2] [D] [thread 17141] [1.0] [cxt 0] Parser 'parser' entering state 'start'
[20:41:10.892] [bmv2] [D] [thread 17141] [1.0] [cxt 0] Extracting header 'ethernet'
[20:41:10.893] [bmv2] [D] [thread 17141] [1.0] [cxt 0] Parser state 'start': key is 86dd
[20:41:10.893] [bmv2] [T] [thread 17141] [1.0] [cxt 0] Bytes parsed: 14
[20:41:10.893] [bmv2] [D] [thread 17141] [1.0] [cxt 0] Parser 'parser': end
[20:41:10.893] [bmv2] [D] [thread 17141] [1.0] [cxt 0] Pipeline 'ingress': start
[20:41:10.893] [bmv2] [T] [thread 17141] [1.0] [cxt 0] /home/wly/p4-learning/exercises/10-Congestion_Aware_Load_Balancing/p4src/loadbalancer.p4(165) Condition "standard_metadata.instance_type == 4" (node_2) is false
[20:41:10.893] [bmv2] [T] [thread 17141] [1.0] [cxt 0] /home/wly/p4-learning/exercises/10-Congestion_Aware_Load_Balancing/p4src/loadbalancer.p4(175) Condition "hdr.ipv4.isValid() && hdr.ipv4.ttl > 1" (node_4) is false
[20:41:10.893] [bmv2] [T] [thread 17141] [1.0] [cxt 0] Applying table 'MyIngress.egress_type'
[20:41:10.893] [bmv2] [D] [thread 17141] [1.0] [cxt 0] Looking up key:
* standard_metadata.egress_spec: 0000

[20:41:10.893] [bmv2] [D] [thread 17141] [1.0] [cxt 0] Table 'MyIngress.egress_type': miss
[20:41:10.893] [bmv2] [D] [thread 17141] [1.0] [cxt 0] Action entry is NoAction - 
[20:41:10.893] [bmv2] [T] [thread 17141] [1.0] [cxt 0] Action NoAction
[20:41:10.893] [bmv2] [T] [thread 17141] [1.0] [cxt 0] /home/wly/p4-learning/exercises/10-Congestion_Aware_Load_Balancing/p4src/loadbalancer.p4(191) Condition "standard_metadata.instance_type == 0 && hdr.ethernet.etherType == TYPE_FEEDBACK && meta.egress_type == TYPE_EGRESS_HOST" (node_8) is false
[20:41:10.893] [bmv2] [D] [thread 17141] [1.0] [cxt 0] Pipeline 'ingress': end
[20:41:10.893] [bmv2] [D] [thread 17141] [1.0] [cxt 0] Egress port is 0
[20:41:10.893] [bmv2] [D] [thread 17142] [1.0] [cxt 0] Pipeline 'egress': start
[20:41:10.893] [bmv2] [T] [thread 17142] [1.0] [cxt 0] /home/wly/p4-learning/exercises/10-Congestion_Aware_Load_Balancing/p4src/loadbalancer.p4(234) Condition "standard_metadata.instance_type == 2" (node_13) is false
[20:41:10.893] [bmv2] [T] [thread 17142] [1.0] [cxt 0] /home/wly/p4-learning/exercises/10-Congestion_Aware_Load_Balancing/p4src/loadbalancer.p4(239) Condition "standard_metadata.instance_type == 0 && hdr.ethernet.etherType != TYPE_FEEDBACK" (node_15) is true
[20:41:10.893] [bmv2] [T] [thread 17142] [1.0] [cxt 0] /home/wly/p4-learning/exercises/10-Congestion_Aware_Load_Balancing/p4src/loadbalancer.p4(241) Condition "hdr.tcp.isValid()" (node_16) is false
[20:41:10.895] [bmv2] [D] [thread 17142] [1.0] [cxt 0] Pipeline 'egress': end
[20:41:10.895] [bmv2] [D] [thread 17142] [1.0] [cxt 0] Deparser 'deparser': start
[20:41:10.895] [bmv2] [T] [thread 17142] [1.0] [cxt 0] Skipping checksum 'cksum' update because condition not met
[20:41:10.895] [bmv2] [D] [thread 17142] [1.0] [cxt 0] Deparsing header 'ethernet'
[20:41:10.895] [bmv2] [D] [thread 17142] [1.0] [cxt 0] Deparser 'deparser': end
[20:41:10.895] [bmv2] [D] [thread 17146] [1.0] [cxt 0] Transmitting packet of size 213 out of port 0
[20:41:10.925] [bmv2] [D] [thread 17141] [2.0] [cxt 0] Processing packet received on port 3
[20:41:10.925] [bmv2] [D] [thread 17141] [2.0] [cxt 0] Parser 'parser': start
[20:41:10.925] [bmv2] [D] [thread 17141] [2.0] [cxt 0] Parser 'parser' entering state 'start'
[20:41:10.925] [bmv2] [D] [thread 17141] [2.0] [cxt 0] Extracting header 'ethernet'
[20:41:10.925] [bmv2] [D] [thread 17141] [2.0] [cxt 0] Parser state 'start': key is 86dd
[20:41:10.925] [bmv2] [T] [thread 17141] [2.0] [cxt 0] Bytes parsed: 14
[20:41:10.925] [bmv2] [D] [thread 17141] [2.0] [cxt 0] Parser 'parser': end
[20:41:10.925] [bmv2] [D] [thread 17141] [2.0] [cxt 0] Pipeline 'ingress': start
[20:41:10.925] [bmv2] [T] [thread 17141] [2.0] [cxt 0] /home/wly/p4-learning/exercises/10-Congestion_Aware_Load_Balancing/p4src/loadbalancer.p4(165) Condition "standard_metadata.instance_type == 4" (node_2) is false
[20:41:10.925] [bmv2] [T] [thread 17141] [2.0] [cxt 0] /home/wly/p4-learning/exercises/10-Congestion_Aware_Load_Balancing/p4src/loadbalancer.p4(175) Condition "hdr.ipv4.isValid() && hdr.ipv4.ttl > 1" (node_4) is false
[20:41:10.925] [bmv2] [T] [thread 17141] [2.0] [cxt 0] Applying table 'MyIngress.egress_type'
[20:41:10.925] [bmv2] [D] [thread 17141] [2.0] [cxt 0] Looking up key:
* standard_metadata.egress_spec: 0000

[20:41:10.925] [bmv2] [D] [thread 17141] [2.0] [cxt 0] Table 'MyIngress.egress_type': miss
[20:41:10.925] [bmv2] [D] [thread 17141] [2.0] [cxt 0] Action entry is NoAction - 
[20:41:10.925] [bmv2] [T] [thread 17141] [2.0] [cxt 0] Action NoAction
[20:41:10.925] [bmv2] [T] [thread 17141] [2.0] [cxt 0] /home/wly/p4-learning/exercises/10-Congestion_Aware_Load_Balancing/p4src/loadbalancer.p4(191) Condition "standard_metadata.instance_type == 0 && hdr.ethernet.etherType == TYPE_FEEDBACK && meta.egress_type == TYPE_EGRESS_HOST" (node_8) is false
[20:41:10.925] [bmv2] [D] [thread 17141] [2.0] [cxt 0] Pipeline 'ingress': end
[20:41:10.925] [bmv2] [D] [thread 17141] [2.0] [cxt 0] Egress port is 0
[20:41:10.926] [bmv2] [D] [thread 17142] [2.0] [cxt 0] Pipeline 'egress': start
[20:41:10.926] [bmv2] [T] [thread 17142] [2.0] [cxt 0] /home/wly/p4-learning/exercises/10-Congestion_Aware_Load_Balancing/p4src/loadbalancer.p4(234) Condition "standard_metadata.instance_type == 2" (node_13) is false
[20:41:10.926] [bmv2] [T] [thread 17142] [2.0] [cxt 0] /home/wly/p4-learning/exercises/10-Congestion_Aware_Load_Balancing/p4src/loadbalancer.p4(239) Condition "standard_metadata.instance_type == 0 && hdr.ethernet.etherType != TYPE_FEEDBACK" (node_15) is true
[20:41:10.926] [bmv2] [T] [thread 17142] [2.0] [cxt 0] /home/wly/p4-learning/exercises/10-Congestion_Aware_Load_Balancing/p4src/loadbalancer.p4(241) Condition "hdr.tcp.isValid()" (node_16) is false
[20:41:10.926] [bmv2] [D] [thread 17142] [2.0] [cxt 0] Pipeline 'egress': end
[20:41:10.926] [bmv2] [D] [thread 17142] [2.0] [cxt 0] Deparser 'deparser': start
[20:41:10.926] [bmv2] [T] [thread 17142] [2.0] [cxt 0] Skipping checksum 'cksum' update because condition not met
[20:41:10.926] [bmv2] [D] [thread 17142] [2.0] [cxt 0] Deparsing header 'ethernet'
[20:41:10.926] [bmv2] [D] [thread 17142] [2.0] [cxt 0] Deparser 'deparser': end
[20:41:10.926] [bmv2] [D] [thread 17146] [2.0] [cxt 0] Transmitting packet of size 213 out of port 0
[20:41:10.928] [bmv2] [D] [thread 17141] [3.0] [cxt 0] Processing packet received on port 4
[20:41:10.928] [bmv2] [D] [thread 17141] [3.0] [cxt 0] Parser 'parser': start
[20:41:10.928] [bmv2] [D] [thread 17141] [3.0] [cxt 0] Parser 'parser' entering state 'start'
[20:41:10.928] [bmv2] [D] [thread 17141] [3.0] [cxt 0] Extracting header 'ethernet'
[20:41:10.928] [bmv2] [D] [thread 17141] [3.0] [cxt 0] Parser state 'start': key is 86dd
[20:41:10.928] [bmv2] [T] [thread 17141] [3.0] [cxt 0] Bytes parsed: 14
[20:41:10.928] [bmv2] [D] [thread 17141] [3.0] [cxt 0] Parser 'parser': end
[20:41:10.928] [bmv2] [D] [thread 17141] [3.0] [cxt 0] Pipeline 'ingress': start
[20:41:10.928] [bmv2] [T] [thread 17141] [3.0] [cxt 0] /home/wly/p4-learning/exercises/10-Congestion_Aware_Load_Balancing/p4src/loadbalancer.p4(165) Condition "standard_metadata.instance_type == 4" (node_2) is false
[20:41:10.928] [bmv2] [T] [thread 17141] [3.0] [cxt 0] /home/wly/p4-learning/exercises/10-Congestion_Aware_Load_Balancing/p4src/loadbalancer.p4(175) Condition "hdr.ipv4.isValid() && hdr.ipv4.ttl > 1" (node_4) is false
[20:41:10.928] [bmv2] [T] [thread 17141] [3.0] [cxt 0] Applying table 'MyIngress.egress_type'
[20:41:10.928] [bmv2] [D] [thread 17141] [3.0] [cxt 0] Looking up key:
* standard_metadata.egress_spec: 0000

[20:41:10.928] [bmv2] [D] [thread 17141] [3.0] [cxt 0] Table 'MyIngress.egress_type': miss
[20:41:10.928] [bmv2] [D] [thread 17141] [3.0] [cxt 0] Action entry is NoAction - 
[20:41:10.928] [bmv2] [T] [thread 17141] [3.0] [cxt 0] Action NoAction
[20:41:10.928] [bmv2] [T] [thread 17141] [3.0] [cxt 0] /home/wly/p4-learning/exercises/10-Congestion_Aware_Load_Balancing/p4src/loadbalancer.p4(191) Condition "standard_metadata.instance_type == 0 && hdr.ethernet.etherType == TYPE_FEEDBACK && meta.egress_type == TYPE_EGRESS_HOST" (node_8) is false
[20:41:10.928] [bmv2] [D] [thread 17141] [3.0] [cxt 0] Pipeline 'ingress': end
[20:41:10.928] [bmv2] [D] [thread 17141] [3.0] [cxt 0] Egress port is 0
[20:41:10.928] [bmv2] [D] [thread 17142] [3.0] [cxt 0] Pipeline 'egress': start
[20:41:10.928] [bmv2] [T] [thread 17142] [3.0] [cxt 0] /home/wly/p4-learning/exercises/10-Congestion_Aware_Load_Balancing/p4src/loadbalancer.p4(234) Condition "standard_metadata.instance_type == 2" (node_13) is false
[20:41:10.928] [bmv2] [T] [thread 17142] [3.0] [cxt 0] /home/wly/p4-learning/exercises/10-Congestion_Aware_Load_Balancing/p4src/loadbalancer.p4(239) Condition "standard_metadata.instance_type == 0 && hdr.ethernet.etherType != TYPE_FEEDBACK" (node_15) is true
[20:41:10.929] [bmv2] [T] [thread 17142] [3.0] [cxt 0] /home/wly/p4-learning/exercises/10-Congestion_Aware_Load_Balancing/p4src/loadbalancer.p4(241) Condition "hdr.tcp.isValid()" (node_16) is false
[20:41:10.929] [bmv2] [D] [thread 17142] [3.0] [cxt 0] Pipeline 'egress': end
[20:41:10.929] [bmv2] [D] [thread 17142] [3.0] [cxt 0] Deparser 'deparser': start
[20:41:10.929] [bmv2] [T] [thread 17142] [3.0] [cxt 0] Skipping checksum 'cksum' update because condition not met
[20:41:10.929] [bmv2] [D] [thread 17142] [3.0] [cxt 0] Deparsing header 'ethernet'
[20:41:10.929] [bmv2] [D] [thread 17142] [3.0] [cxt 0] Deparser 'deparser': end
[20:41:10.929] [bmv2] [D] [thread 17146] [3.0] [cxt 0] Transmitting packet of size 201 out of port 0
[20:41:10.988] [bmv2] [D] [thread 17141] [4.0] [cxt 0] Processing packet received on port 4
[20:41:10.988] [bmv2] [D] [thread 17141] [4.0] [cxt 0] Parser 'parser': start
[20:41:10.988] [bmv2] [D] [thread 17141] [4.0] [cxt 0] Parser 'parser' entering state 'start'
[20:41:10.988] [bmv2] [D] [thread 17141] [4.0] [cxt 0] Extracting header 'ethernet'
[20:41:10.988] [bmv2] [D] [thread 17141] [4.0] [cxt 0] Parser state 'start': key is 86dd
[20:41:10.988] [bmv2] [T] [thread 17141] [4.0] [cxt 0] Bytes parsed: 14
[20:41:10.988] [bmv2] [D] [thread 17141] [4.0] [cxt 0] Parser 'parser': end
[20:41:10.988] [bmv2] [D] [thread 17141] [4.0] [cxt 0] Pipeline 'ingress': start
[20:41:10.988] [bmv2] [T] [thread 17141] [4.0] [cxt 0] /home/wly/p4-learning/exercises/10-Congestion_Aware_Load_Balancing/p4src/loadbalancer.p4(165) Condition "standard_metadata.instance_type == 4" (node_2) is false
[20:41:10.988] [bmv2] [T] [thread 17141] [4.0] [cxt 0] /home/wly/p4-learning/exercises/10-Congestion_Aware_Load_Balancing/p4src/loadbalancer.p4(175) Condition "hdr.ipv4.isValid() && hdr.ipv4.ttl > 1" (node_4) is false
[20:41:10.988] [bmv2] [T] [thread 17141] [4.0] [cxt 0] Applying table 'MyIngress.egress_type'
[20:41:10.988] [bmv2] [D] [thread 17141] [4.0] [cxt 0] Looking up key:
* standard_metadata.egress_spec: 0000

[20:41:10.988] [bmv2] [D] [thread 17141] [4.0] [cxt 0] Table 'MyIngress.egress_type': miss
[20:41:10.988] [bmv2] [D] [thread 17141] [4.0] [cxt 0] Action entry is NoAction - 
[20:41:10.988] [bmv2] [T] [thread 17141] [4.0] [cxt 0] Action NoAction
[20:41:10.988] [bmv2] [T] [thread 17141] [4.0] [cxt 0] /home/wly/p4-learning/exercises/10-Congestion_Aware_Load_Balancing/p4src/loadbalancer.p4(191) Condition "standard_metadata.instance_type == 0 && hdr.ethernet.etherType == TYPE_FEEDBACK && meta.egress_type == TYPE_EGRESS_HOST" (node_8) is false
[20:41:10.988] [bmv2] [D] [thread 17141] [4.0] [cxt 0] Pipeline 'ingress': end
[20:41:10.988] [bmv2] [D] [thread 17141] [4.0] [cxt 0] Egress port is 0
[20:41:10.989] [bmv2] [D] [thread 17142] [4.0] [cxt 0] Pipeline 'egress': start
[20:41:10.989] [bmv2] [T] [thread 17142] [4.0] [cxt 0] /home/wly/p4-learning/exercises/10-Congestion_Aware_Load_Balancing/p4src/loadbalancer.p4(234) Condition "standard_metadata.instance_type == 2" (node_13) is false
[20:41:10.989] [bmv2] [T] [thread 17142] [4.0] [cxt 0] /home/wly/p4-learning/exercises/10-Congestion_Aware_Load_Balancing/p4src/loadbalancer.p4(239) Condition "standard_metadata.instance_type == 0 && hdr.ethernet.etherType != TYPE_FEEDBACK" (node_15) is true
[20:41:10.989] [bmv2] [T] [thread 17142] [4.0] [cxt 0] /home/wly/p4-learning/exercises/10-Congestion_Aware_Load_Balancing/p4src/loadbalancer.p4(241) Condition "hdr.tcp.isValid()" (node_16) is false
[20:41:10.989] [bmv2] [D] [thread 17142] [4.0] [cxt 0] Pipeline 'egress': end
[20:41:10.989] [bmv2] [D] [thread 17142] [4.0] [cxt 0] Deparser 'deparser': start
[20:41:10.989] [bmv2] [T] [thread 17142] [4.0] [cxt 0] Skipping checksum 'cksum' update because condition not met
[20:41:10.989] [bmv2] [D] [thread 17142] [4.0] [cxt 0] Deparsing header 'ethernet'
[20:41:10.989] [bmv2] [D] [thread 17142] [4.0] [cxt 0] Deparser 'deparser': end
[20:41:10.989] [bmv2] [D] [thread 17146] [4.0] [cxt 0] Transmitting packet of size 213 out of port 0
[20:41:11.007] [bmv2] [D] [thread 17141] [5.0] [cxt 0] Processing packet received on port 3
[20:41:11.007] [bmv2] [D] [thread 17141] [5.0] [cxt 0] Parser 'parser': start
[20:41:11.007] [bmv2] [D] [thread 17141] [5.0] [cxt 0] Parser 'parser' entering state 'start'
[20:41:11.007] [bmv2] [D] [thread 17141] [5.0] [cxt 0] Extracting header 'ethernet'
[20:41:11.007] [bmv2] [D] [thread 17141] [5.0] [cxt 0] Parser state 'start': key is 86dd
[20:41:11.007] [bmv2] [T] [thread 17141] [5.0] [cxt 0] Bytes parsed: 14
[20:41:11.007] [bmv2] [D] [thread 17141] [5.0] [cxt 0] Parser 'parser': end
[20:41:11.007] [bmv2] [D] [thread 17141] [5.0] [cxt 0] Pipeline 'ingress': start
[20:41:11.007] [bmv2] [T] [thread 17141] [5.0] [cxt 0] /home/wly/p4-learning/exercises/10-Congestion_Aware_Load_Balancing/p4src/loadbalancer.p4(165) Condition "standard_metadata.instance_type == 4" (node_2) is false
[20:41:11.007] [bmv2] [T] [thread 17141] [5.0] [cxt 0] /home/wly/p4-learning/exercises/10-Congestion_Aware_Load_Balancing/p4src/loadbalancer.p4(175) Condition "hdr.ipv4.isValid() && hdr.ipv4.ttl > 1" (node_4) is false
[20:41:11.007] [bmv2] [T] [thread 17141] [5.0] [cxt 0] Applying table 'MyIngress.egress_type'
[20:41:11.007] [bmv2] [D] [thread 17141] [5.0] [cxt 0] Looking up key:
* standard_metadata.egress_spec: 0000

[20:41:11.007] [bmv2] [D] [thread 17141] [5.0] [cxt 0] Table 'MyIngress.egress_type': miss
[20:41:11.007] [bmv2] [D] [thread 17141] [5.0] [cxt 0] Action entry is NoAction - 
[20:41:11.007] [bmv2] [T] [thread 17141] [5.0] [cxt 0] Action NoAction
[20:41:11.007] [bmv2] [T] [thread 17141] [5.0] [cxt 0] /home/wly/p4-learning/exercises/10-Congestion_Aware_Load_Balancing/p4src/loadbalancer.p4(191) Condition "standard_metadata.instance_type == 0 && hdr.ethernet.etherType == TYPE_FEEDBACK && meta.egress_type == TYPE_EGRESS_HOST" (node_8) is false
[20:41:11.007] [bmv2] [D] [thread 17141] [5.0] [cxt 0] Pipeline 'ingress': end
[20:41:11.007] [bmv2] [D] [thread 17141] [5.0] [cxt 0] Egress port is 0
[20:41:11.007] [bmv2] [D] [thread 17142] [5.0] [cxt 0] Pipeline 'egress': start
[20:41:11.007] [bmv2] [T] [thread 17142] [5.0] [cxt 0] /home/wly/p4-learning/exercises/10-Congestion_Aware_Load_Balancing/p4src/loadbalancer.p4(234) Condition "standard_metadata.instance_type == 2" (node_13) is false
[20:41:11.007] [bmv2] [T] [thread 17142] [5.0] [cxt 0] /home/wly/p4-learning/exercises/10-Congestion_Aware_Load_Balancing/p4src/loadbalancer.p4(239) Condition "standard_metadata.instance_type == 0 && hdr.ethernet.etherType != TYPE_FEEDBACK" (node_15) is true
[20:41:11.007] [bmv2] [T] [thread 17142] [5.0] [cxt 0] /home/wly/p4-learning/exercises/10-Congestion_Aware_Load_Balancing/p4src/loadbalancer.p4(241) Condition "hdr.tcp.isValid()" (node_16) is false
[20:41:11.007] [bmv2] [D] [thread 17142] [5.0] [cxt 0] Pipeline 'egress': end
[20:41:11.007] [bmv2] [D] [thread 17142] [5.0] [cxt 0] Deparser 'deparser': start
[20:41:11.007] [bmv2] [T] [thread 17142] [5.0] [cxt 0] Skipping checksum 'cksum' update because condition not met
[20:41:11.007] [bmv2] [D] [thread 17142] [5.0] [cxt 0] Deparsing header 'ethernet'
[20:41:11.007] [bmv2] [D] [thread 17142] [5.0] [cxt 0] Deparser 'deparser': end
[20:41:11.007] [bmv2] [D] [thread 17146] [5.0] [cxt 0] Transmitting packet of size 90 out of port 0
[20:41:11.024] [bmv2] [D] [thread 17141] [6.0] [cxt 0] Processing packet received on port 2
[20:41:11.024] [bmv2] [D] [thread 17141] [6.0] [cxt 0] Parser 'parser': start
[20:41:11.024] [bmv2] [D] [thread 17141] [6.0] [cxt 0] Parser 'parser' entering state 'start'
[20:41:11.024] [bmv2] [D] [thread 17141] [6.0] [cxt 0] Extracting header 'ethernet'
[20:41:11.024] [bmv2] [D] [thread 17141] [6.0] [cxt 0] Parser state 'start': key is 86dd
[20:41:11.024] [bmv2] [T] [thread 17141] [6.0] [cxt 0] Bytes parsed: 14
[20:41:11.024] [bmv2] [D] [thread 17141] [6.0] [cxt 0] Parser 'parser': end
[20:41:11.024] [bmv2] [D] [thread 17141] [6.0] [cxt 0] Pipeline 'ingress': start
[20:41:11.024] [bmv2] [T] [thread 17141] [6.0] [cxt 0] /home/wly/p4-learning/exercises/10-Congestion_Aware_Load_Balancing/p4src/loadbalancer.p4(165) Condition "standard_metadata.instance_type == 4" (node_2) is false
[20:41:11.024] [bmv2] [T] [thread 17141] [6.0] [cxt 0] /home/wly/p4-learning/exercises/10-Congestion_Aware_Load_Balancing/p4src/loadbalancer.p4(175) Condition "hdr.ipv4.isValid() && hdr.ipv4.ttl > 1" (node_4) is false
[20:41:11.024] [bmv2] [T] [thread 17141] [6.0] [cxt 0] Applying table 'MyIngress.egress_type'
[20:41:11.024] [bmv2] [D] [thread 17141] [6.0] [cxt 0] Looking up key:
* standard_metadata.egress_spec: 0000

[20:41:11.024] [bmv2] [D] [thread 17141] [6.0] [cxt 0] Table 'MyIngress.egress_type': miss
[20:41:11.024] [bmv2] [D] [thread 17141] [6.0] [cxt 0] Action entry is NoAction - 
[20:41:11.024] [bmv2] [T] [thread 17141] [6.0] [cxt 0] Action NoAction
[20:41:11.024] [bmv2] [T] [thread 17141] [6.0] [cxt 0] /home/wly/p4-learning/exercises/10-Congestion_Aware_Load_Balancing/p4src/loadbalancer.p4(191) Condition "standard_metadata.instance_type == 0 && hdr.ethernet.etherType == TYPE_FEEDBACK && meta.egress_type == TYPE_EGRESS_HOST" (node_8) is false
[20:41:11.024] [bmv2] [D] [thread 17141] [6.0] [cxt 0] Pipeline 'ingress': end
[20:41:11.024] [bmv2] [D] [thread 17141] [6.0] [cxt 0] Egress port is 0
[20:41:11.024] [bmv2] [D] [thread 17142] [6.0] [cxt 0] Pipeline 'egress': start
[20:41:11.024] [bmv2] [T] [thread 17142] [6.0] [cxt 0] /home/wly/p4-learning/exercises/10-Congestion_Aware_Load_Balancing/p4src/loadbalancer.p4(234) Condition "standard_metadata.instance_type == 2" (node_13) is false
[20:41:11.024] [bmv2] [T] [thread 17142] [6.0] [cxt 0] /home/wly/p4-learning/exercises/10-Congestion_Aware_Load_Balancing/p4src/loadbalancer.p4(239) Condition "standard_metadata.instance_type == 0 && hdr.ethernet.etherType != TYPE_FEEDBACK" (node_15) is true
[20:41:11.024] [bmv2] [T] [thread 17142] [6.0] [cxt 0] /home/wly/p4-learning/exercises/10-Congestion_Aware_Load_Balancing/p4src/loadbalancer.p4(241) Condition "hdr.tcp.isValid()" (node_16) is false
[20:41:11.024] [bmv2] [D] [thread 17142] [6.0] [cxt 0] Pipeline 'egress': end
[20:41:11.024] [bmv2] [D] [thread 17142] [6.0] [cxt 0] Deparser 'deparser': start
[20:41:11.024] [bmv2] [T] [thread 17142] [6.0] [cxt 0] Skipping checksum 'cksum' update because condition not met
[20:41:11.024] [bmv2] [D] [thread 17142] [6.0] [cxt 0] Deparsing header 'ethernet'
[20:41:11.024] [bmv2] [D] [thread 17142] [6.0] [cxt 0] Deparser 'deparser': end
[20:41:11.024] [bmv2] [D] [thread 17146] [6.0] [cxt 0] Transmitting packet of size 201 out of port 0
[20:41:11.050] [bmv2] [D] [thread 17141] [7.0] [cxt 0] Processing packet received on port 2
[20:41:11.050] [bmv2] [D] [thread 17141] [7.0] [cxt 0] Parser 'parser': start
[20:41:11.050] [bmv2] [D] [thread 17141] [7.0] [cxt 0] Parser 'parser' entering state 'start'
[20:41:11.050] [bmv2] [D] [thread 17141] [7.0] [cxt 0] Extracting header 'ethernet'
[20:41:11.050] [bmv2] [D] [thread 17141] [7.0] [cxt 0] Parser state 'start': key is 86dd
[20:41:11.050] [bmv2] [T] [thread 17141] [7.0] [cxt 0] Bytes parsed: 14
[20:41:11.050] [bmv2] [D] [thread 17141] [7.0] [cxt 0] Parser 'parser': end
[20:41:11.050] [bmv2] [D] [thread 17141] [7.0] [cxt 0] Pipeline 'ingress': start
[20:41:11.050] [bmv2] [T] [thread 17141] [7.0] [cxt 0] /home/wly/p4-learning/exercises/10-Congestion_Aware_Load_Balancing/p4src/loadbalancer.p4(165) Condition "standard_metadata.instance_type == 4" (node_2) is false
[20:41:11.050] [bmv2] [T] [thread 17141] [7.0] [cxt 0] /home/wly/p4-learning/exercises/10-Congestion_Aware_Load_Balancing/p4src/loadbalancer.p4(175) Condition "hdr.ipv4.isValid() && hdr.ipv4.ttl > 1" (node_4) is false
[20:41:11.050] [bmv2] [T] [thread 17141] [7.0] [cxt 0] Applying table 'MyIngress.egress_type'
[20:41:11.050] [bmv2] [D] [thread 17141] [7.0] [cxt 0] Looking up key:
* standard_metadata.egress_spec: 0000

[20:41:11.050] [bmv2] [D] [thread 17141] [7.0] [cxt 0] Table 'MyIngress.egress_type': miss
[20:41:11.050] [bmv2] [D] [thread 17141] [7.0] [cxt 0] Action entry is NoAction - 
[20:41:11.050] [bmv2] [T] [thread 17141] [7.0] [cxt 0] Action NoAction
[20:41:11.050] [bmv2] [T] [thread 17141] [7.0] [cxt 0] /home/wly/p4-learning/exercises/10-Congestion_Aware_Load_Balancing/p4src/loadbalancer.p4(191) Condition "standard_metadata.instance_type == 0 && hdr.ethernet.etherType == TYPE_FEEDBACK && meta.egress_type == TYPE_EGRESS_HOST" (node_8) is false
[20:41:11.050] [bmv2] [D] [thread 17141] [7.0] [cxt 0] Pipeline 'ingress': end
[20:41:11.050] [bmv2] [D] [thread 17141] [7.0] [cxt 0] Egress port is 0
[20:41:11.050] [bmv2] [D] [thread 17142] [7.0] [cxt 0] Pipeline 'egress': start
[20:41:11.051] [bmv2] [T] [thread 17142] [7.0] [cxt 0] /home/wly/p4-learning/exercises/10-Congestion_Aware_Load_Balancing/p4src/loadbalancer.p4(234) Condition "standard_metadata.instance_type == 2" (node_13) is false
[20:41:11.051] [bmv2] [T] [thread 17142] [7.0] [cxt 0] /home/wly/p4-learning/exercises/10-Congestion_Aware_Load_Balancing/p4src/loadbalancer.p4(239) Condition "standard_metadata.instance_type == 0 && hdr.ethernet.etherType != TYPE_FEEDBACK" (node_15) is true
[20:41:11.051] [bmv2] [T] [thread 17142] [7.0] [cxt 0] /home/wly/p4-learning/exercises/10-Congestion_Aware_Load_Balancing/p4src/loadbalancer.p4(241) Condition "hdr.tcp.isValid()" (node_16) is false
[20:41:11.051] [bmv2] [D] [thread 17142] [7.0] [cxt 0] Pipeline 'egress': end
[20:41:11.051] [bmv2] [D] [thread 17142] [7.0] [cxt 0] Deparser 'deparser': start
[20:41:11.051] [bmv2] [T] [thread 17142] [7.0] [cxt 0] Skipping checksum 'cksum' update because condition not met
[20:41:11.051] [bmv2] [D] [thread 17142] [7.0] [cxt 0] Deparsing header 'ethernet'
[20:41:11.051] [bmv2] [D] [thread 17142] [7.0] [cxt 0] Deparser 'deparser': end
[20:41:11.051] [bmv2] [D] [thread 17146] [7.0] [cxt 0] Transmitting packet of size 213 out of port 0
[20:41:11.090] [bmv2] [D] [thread 17141] [8.0] [cxt 0] Processing packet received on port 3
[20:41:11.090] [bmv2] [D] [thread 17141] [8.0] [cxt 0] Parser 'parser': start
[20:41:11.090] [bmv2] [D] [thread 17141] [8.0] [cxt 0] Parser 'parser' entering state 'start'
[20:41:11.090] [bmv2] [D] [thread 17141] [8.0] [cxt 0] Extracting header 'ethernet'
[20:41:11.090] [bmv2] [D] [thread 17141] [8.0] [cxt 0] Parser state 'start': key is 86dd
[20:41:11.090] [bmv2] [T] [thread 17141] [8.0] [cxt 0] Bytes parsed: 14
[20:41:11.090] [bmv2] [D] [thread 17141] [8.0] [cxt 0] Parser 'parser': end
[20:41:11.090] [bmv2] [D] [thread 17141] [8.0] [cxt 0] Pipeline 'ingress': start
[20:41:11.090] [bmv2] [T] [thread 17141] [8.0] [cxt 0] /home/wly/p4-learning/exercises/10-Congestion_Aware_Load_Balancing/p4src/loadbalancer.p4(165) Condition "standard_metadata.instance_type == 4" (node_2) is false
[20:41:11.090] [bmv2] [T] [thread 17141] [8.0] [cxt 0] /home/wly/p4-learning/exercises/10-Congestion_Aware_Load_Balancing/p4src/loadbalancer.p4(175) Condition "hdr.ipv4.isValid() && hdr.ipv4.ttl > 1" (node_4) is false
[20:41:11.090] [bmv2] [T] [thread 17141] [8.0] [cxt 0] Applying table 'MyIngress.egress_type'
[20:41:11.090] [bmv2] [D] [thread 17141] [8.0] [cxt 0] Looking up key:
* standard_metadata.egress_spec: 0000

[20:41:11.090] [bmv2] [D] [thread 17141] [8.0] [cxt 0] Table 'MyIngress.egress_type': miss
[20:41:11.090] [bmv2] [D] [thread 17141] [8.0] [cxt 0] Action entry is NoAction - 
[20:41:11.090] [bmv2] [T] [thread 17141] [8.0] [cxt 0] Action NoAction
[20:41:11.090] [bmv2] [T] [thread 17141] [8.0] [cxt 0] /home/wly/p4-learning/exercises/10-Congestion_Aware_Load_Balancing/p4src/loadbalancer.p4(191) Condition "standard_metadata.instance_type == 0 && hdr.ethernet.etherType == TYPE_FEEDBACK && meta.egress_type == TYPE_EGRESS_HOST" (node_8) is false
[20:41:11.090] [bmv2] [D] [thread 17141] [8.0] [cxt 0] Pipeline 'ingress': end
[20:41:11.090] [bmv2] [D] [thread 17141] [8.0] [cxt 0] Egress port is 0
[20:41:11.090] [bmv2] [D] [thread 17142] [8.0] [cxt 0] Pipeline 'egress': start
[20:41:11.090] [bmv2] [T] [thread 17142] [8.0] [cxt 0] /home/wly/p4-learning/exercises/10-Congestion_Aware_Load_Balancing/p4src/loadbalancer.p4(234) Condition "standard_metadata.instance_type == 2" (node_13) is false
[20:41:11.090] [bmv2] [T] [thread 17142] [8.0] [cxt 0] /home/wly/p4-learning/exercises/10-Congestion_Aware_Load_Balancing/p4src/loadbalancer.p4(239) Condition "standard_metadata.instance_type == 0 && hdr.ethernet.etherType != TYPE_FEEDBACK" (node_15) is true
[20:41:11.090] [bmv2] [T] [thread 17142] [8.0] [cxt 0] /home/wly/p4-learning/exercises/10-Congestion_Aware_Load_Balancing/p4src/loadbalancer.p4(241) Condition "hdr.tcp.isValid()" (node_16) is false
[20:41:11.090] [bmv2] [D] [thread 17142] [8.0] [cxt 0] Pipeline 'egress': end
[20:41:11.090] [bmv2] [D] [thread 17142] [8.0] [cxt 0] Deparser 'deparser': start
[20:41:11.090] [bmv2] [T] [thread 17142] [8.0] [cxt 0] Skipping checksum 'cksum' update because condition not met
[20:41:11.090] [bmv2] [D] [thread 17142] [8.0] [cxt 0] Deparsing header 'ethernet'
[20:41:11.090] [bmv2] [D] [thread 17142] [8.0] [cxt 0] Deparser 'deparser': end
[20:41:11.090] [bmv2] [D] [thread 17146] [8.0] [cxt 0] Transmitting packet of size 201 out of port 0
[20:41:11.131] [bmv2] [D] [thread 17141] [9.0] [cxt 0] Processing packet received on port 3
[20:41:11.131] [bmv2] [D] [thread 17141] [9.0] [cxt 0] Parser 'parser': start
[20:41:11.131] [bmv2] [D] [thread 17141] [9.0] [cxt 0] Parser 'parser' entering state 'start'
[20:41:11.131] [bmv2] [D] [thread 17141] [9.0] [cxt 0] Extracting header 'ethernet'
[20:41:11.131] [bmv2] [D] [thread 17141] [9.0] [cxt 0] Parser state 'start': key is 86dd
[20:41:11.131] [bmv2] [T] [thread 17141] [9.0] [cxt 0] Bytes parsed: 14
[20:41:11.131] [bmv2] [D] [thread 17141] [9.0] [cxt 0] Parser 'parser': end
[20:41:11.131] [bmv2] [D] [thread 17141] [9.0] [cxt 0] Pipeline 'ingress': start
[20:41:11.131] [bmv2] [T] [thread 17141] [9.0] [cxt 0] /home/wly/p4-learning/exercises/10-Congestion_Aware_Load_Balancing/p4src/loadbalancer.p4(165) Condition "standard_metadata.instance_type == 4" (node_2) is false
[20:41:11.131] [bmv2] [T] [thread 17141] [9.0] [cxt 0] /home/wly/p4-learning/exercises/10-Congestion_Aware_Load_Balancing/p4src/loadbalancer.p4(175) Condition "hdr.ipv4.isValid() && hdr.ipv4.ttl > 1" (node_4) is false
[20:41:11.131] [bmv2] [T] [thread 17141] [9.0] [cxt 0] Applying table 'MyIngress.egress_type'
[20:41:11.131] [bmv2] [D] [thread 17141] [9.0] [cxt 0] Looking up key:
* standard_metadata.egress_spec: 0000

[20:41:11.131] [bmv2] [D] [thread 17141] [9.0] [cxt 0] Table 'MyIngress.egress_type': miss
[20:41:11.131] [bmv2] [D] [thread 17141] [9.0] [cxt 0] Action entry is NoAction - 
[20:41:11.131] [bmv2] [T] [thread 17141] [9.0] [cxt 0] Action NoAction
[20:41:11.131] [bmv2] [T] [thread 17141] [9.0] [cxt 0] /home/wly/p4-learning/exercises/10-Congestion_Aware_Load_Balancing/p4src/loadbalancer.p4(191) Condition "standard_metadata.instance_type == 0 && hdr.ethernet.etherType == TYPE_FEEDBACK && meta.egress_type == TYPE_EGRESS_HOST" (node_8) is false
[20:41:11.131] [bmv2] [D] [thread 17141] [9.0] [cxt 0] Pipeline 'ingress': end
[20:41:11.131] [bmv2] [D] [thread 17141] [9.0] [cxt 0] Egress port is 0
[20:41:11.131] [bmv2] [D] [thread 17142] [9.0] [cxt 0] Pipeline 'egress': start
[20:41:11.131] [bmv2] [T] [thread 17142] [9.0] [cxt 0] /home/wly/p4-learning/exercises/10-Congestion_Aware_Load_Balancing/p4src/loadbalancer.p4(234) Condition "standard_metadata.instance_type == 2" (node_13) is false
[20:41:11.131] [bmv2] [T] [thread 17142] [9.0] [cxt 0] /home/wly/p4-learning/exercises/10-Congestion_Aware_Load_Balancing/p4src/loadbalancer.p4(239) Condition "standard_metadata.instance_type == 0 && hdr.ethernet.etherType != TYPE_FEEDBACK" (node_15) is true
[20:41:11.131] [bmv2] [T] [thread 17142] [9.0] [cxt 0] /home/wly/p4-learning/exercises/10-Congestion_Aware_Load_Balancing/p4src/loadbalancer.p4(241) Condition "hdr.tcp.isValid()" (node_16) is false
[20:41:11.131] [bmv2] [D] [thread 17142] [9.0] [cxt 0] Pipeline 'egress': end
[20:41:11.131] [bmv2] [D] [thread 17142] [9.0] [cxt 0] Deparser 'deparser': start
[20:41:11.131] [bmv2] [T] [thread 17142] [9.0] [cxt 0] Skipping checksum 'cksum' update because condition not met
[20:41:11.131] [bmv2] [D] [thread 17142] [9.0] [cxt 0] Deparsing header 'ethernet'
[20:41:11.131] [bmv2] [D] [thread 17142] [9.0] [cxt 0] Deparser 'deparser': end
[20:41:11.131] [bmv2] [D] [thread 17146] [9.0] [cxt 0] Transmitting packet of size 110 out of port 0
[20:41:11.177] [bmv2] [D] [thread 17141] [10.0] [cxt 0] Processing packet received on port 4
[20:41:11.177] [bmv2] [D] [thread 17141] [10.0] [cxt 0] Parser 'parser': start
[20:41:11.177] [bmv2] [D] [thread 17141] [10.0] [cxt 0] Parser 'parser' entering state 'start'
[20:41:11.177] [bmv2] [D] [thread 17141] [10.0] [cxt 0] Extracting header 'ethernet'
[20:41:11.177] [bmv2] [D] [thread 17141] [10.0] [cxt 0] Parser state 'start': key is 86dd
[20:41:11.177] [bmv2] [T] [thread 17141] [10.0] [cxt 0] Bytes parsed: 14
[20:41:11.177] [bmv2] [D] [thread 17141] [10.0] [cxt 0] Parser 'parser': end
[20:41:11.177] [bmv2] [D] [thread 17141] [10.0] [cxt 0] Pipeline 'ingress': start
[20:41:11.177] [bmv2] [T] [thread 17141] [10.0] [cxt 0] /home/wly/p4-learning/exercises/10-Congestion_Aware_Load_Balancing/p4src/loadbalancer.p4(165) Condition "standard_metadata.instance_type == 4" (node_2) is false
[20:41:11.177] [bmv2] [T] [thread 17141] [10.0] [cxt 0] /home/wly/p4-learning/exercises/10-Congestion_Aware_Load_Balancing/p4src/loadbalancer.p4(175) Condition "hdr.ipv4.isValid() && hdr.ipv4.ttl > 1" (node_4) is false
[20:41:11.177] [bmv2] [T] [thread 17141] [10.0] [cxt 0] Applying table 'MyIngress.egress_type'
[20:41:11.177] [bmv2] [D] [thread 17141] [10.0] [cxt 0] Looking up key:
* standard_metadata.egress_spec: 0000

[20:41:11.177] [bmv2] [D] [thread 17141] [10.0] [cxt 0] Table 'MyIngress.egress_type': miss
[20:41:11.177] [bmv2] [D] [thread 17141] [10.0] [cxt 0] Action entry is NoAction - 
[20:41:11.177] [bmv2] [T] [thread 17141] [10.0] [cxt 0] Action NoAction
[20:41:11.177] [bmv2] [T] [thread 17141] [10.0] [cxt 0] /home/wly/p4-learning/exercises/10-Congestion_Aware_Load_Balancing/p4src/loadbalancer.p4(191) Condition "standard_metadata.instance_type == 0 && hdr.ethernet.etherType == TYPE_FEEDBACK && meta.egress_type == TYPE_EGRESS_HOST" (node_8) is false
[20:41:11.177] [bmv2] [D] [thread 17141] [10.0] [cxt 0] Pipeline 'ingress': end
[20:41:11.177] [bmv2] [D] [thread 17141] [10.0] [cxt 0] Egress port is 0
[20:41:11.177] [bmv2] [D] [thread 17141] [11.0] [cxt 0] Processing packet received on port 3
[20:41:11.177] [bmv2] [D] [thread 17141] [11.0] [cxt 0] Parser 'parser': start
[20:41:11.177] [bmv2] [D] [thread 17141] [11.0] [cxt 0] Parser 'parser' entering state 'start'
[20:41:11.177] [bmv2] [D] [thread 17141] [11.0] [cxt 0] Extracting header 'ethernet'
[20:41:11.177] [bmv2] [D] [thread 17141] [11.0] [cxt 0] Parser state 'start': key is 86dd
[20:41:11.177] [bmv2] [T] [thread 17141] [11.0] [cxt 0] Bytes parsed: 14
[20:41:11.177] [bmv2] [D] [thread 17141] [11.0] [cxt 0] Parser 'parser': end
[20:41:11.177] [bmv2] [D] [thread 17141] [11.0] [cxt 0] Pipeline 'ingress': start
[20:41:11.177] [bmv2] [T] [thread 17141] [11.0] [cxt 0] /home/wly/p4-learning/exercises/10-Congestion_Aware_Load_Balancing/p4src/loadbalancer.p4(165) Condition "standard_metadata.instance_type == 4" (node_2) is false
[20:41:11.177] [bmv2] [T] [thread 17141] [11.0] [cxt 0] /home/wly/p4-learning/exercises/10-Congestion_Aware_Load_Balancing/p4src/loadbalancer.p4(175) Condition "hdr.ipv4.isValid() && hdr.ipv4.ttl > 1" (node_4) is false
[20:41:11.177] [bmv2] [T] [thread 17141] [11.0] [cxt 0] Applying table 'MyIngress.egress_type'
[20:41:11.177] [bmv2] [D] [thread 17141] [11.0] [cxt 0] Looking up key:
* standard_metadata.egress_spec: 0000

[20:41:11.177] [bmv2] [D] [thread 17141] [11.0] [cxt 0] Table 'MyIngress.egress_type': miss
[20:41:11.177] [bmv2] [D] [thread 17141] [11.0] [cxt 0] Action entry is NoAction - 
[20:41:11.177] [bmv2] [T] [thread 17141] [11.0] [cxt 0] Action NoAction
[20:41:11.177] [bmv2] [T] [thread 17141] [11.0] [cxt 0] /home/wly/p4-learning/exercises/10-Congestion_Aware_Load_Balancing/p4src/loadbalancer.p4(191) Condition "standard_metadata.instance_type == 0 && hdr.ethernet.etherType == TYPE_FEEDBACK && meta.egress_type == TYPE_EGRESS_HOST" (node_8) is false
[20:41:11.178] [bmv2] [D] [thread 17141] [11.0] [cxt 0] Pipeline 'ingress': end
[20:41:11.178] [bmv2] [D] [thread 17141] [11.0] [cxt 0] Egress port is 0
[20:41:11.178] [bmv2] [D] [thread 17142] [10.0] [cxt 0] Pipeline 'egress': start
[20:41:11.178] [bmv2] [T] [thread 17142] [10.0] [cxt 0] /home/wly/p4-learning/exercises/10-Congestion_Aware_Load_Balancing/p4src/loadbalancer.p4(234) Condition "standard_metadata.instance_type == 2" (node_13) is false
[20:41:11.178] [bmv2] [T] [thread 17142] [10.0] [cxt 0] /home/wly/p4-learning/exercises/10-Congestion_Aware_Load_Balancing/p4src/loadbalancer.p4(239) Condition "standard_metadata.instance_type == 0 && hdr.ethernet.etherType != TYPE_FEEDBACK" (node_15) is true
[20:41:11.178] [bmv2] [T] [thread 17142] [10.0] [cxt 0] /home/wly/p4-learning/exercises/10-Congestion_Aware_Load_Balancing/p4src/loadbalancer.p4(241) Condition "hdr.tcp.isValid()" (node_16) is false
[20:41:11.178] [bmv2] [D] [thread 17142] [10.0] [cxt 0] Pipeline 'egress': end
[20:41:11.178] [bmv2] [D] [thread 17142] [10.0] [cxt 0] Deparser 'deparser': start
[20:41:11.178] [bmv2] [T] [thread 17142] [10.0] [cxt 0] Skipping checksum 'cksum' update because condition not met
[20:41:11.178] [bmv2] [D] [thread 17142] [10.0] [cxt 0] Deparsing header 'ethernet'
[20:41:11.178] [bmv2] [D] [thread 17142] [10.0] [cxt 0] Deparser 'deparser': end
[20:41:11.178] [bmv2] [D] [thread 17142] [11.0] [cxt 0] Pipeline 'egress': start
[20:41:11.178] [bmv2] [T] [thread 17142] [11.0] [cxt 0] /home/wly/p4-learning/exercises/10-Congestion_Aware_Load_Balancing/p4src/loadbalancer.p4(234) Condition "standard_metadata.instance_type == 2" (node_13) is false
[20:41:11.178] [bmv2] [T] [thread 17142] [11.0] [cxt 0] /home/wly/p4-learning/exercises/10-Congestion_Aware_Load_Balancing/p4src/loadbalancer.p4(239) Condition "standard_metadata.instance_type == 0 && hdr.ethernet.etherType != TYPE_FEEDBACK" (node_15) is true
[20:41:11.178] [bmv2] [T] [thread 17142] [11.0] [cxt 0] /home/wly/p4-learning/exercises/10-Congestion_Aware_Load_Balancing/p4src/loadbalancer.p4(241) Condition "hdr.tcp.isValid()" (node_16) is false
[20:41:11.178] [bmv2] [D] [thread 17142] [11.0] [cxt 0] Pipeline 'egress': end
[20:41:11.178] [bmv2] [D] [thread 17142] [11.0] [cxt 0] Deparser 'deparser': start
[20:41:11.178] [bmv2] [T] [thread 17142] [11.0] [cxt 0] Skipping checksum 'cksum' update because condition not met
[20:41:11.178] [bmv2] [D] [thread 17142] [11.0] [cxt 0] Deparsing header 'ethernet'
[20:41:11.178] [bmv2] [D] [thread 17142] [11.0] [cxt 0] Deparser 'deparser': end
[20:41:11.178] [bmv2] [D] [thread 17146] [10.0] [cxt 0] Transmitting packet of size 203 out of port 0
[20:41:11.178] [bmv2] [D] [thread 17146] [11.0] [cxt 0] Transmitting packet of size 213 out of port 0
[20:41:11.190] [bmv2] [D] [thread 17141] [12.0] [cxt 0] Processing packet received on port 4
[20:41:11.190] [bmv2] [D] [thread 17141] [12.0] [cxt 0] Parser 'parser': start
[20:41:11.190] [bmv2] [D] [thread 17141] [12.0] [cxt 0] Parser 'parser' entering state 'start'
[20:41:11.190] [bmv2] [D] [thread 17141] [12.0] [cxt 0] Extracting header 'ethernet'
[20:41:11.190] [bmv2] [D] [thread 17141] [12.0] [cxt 0] Parser state 'start': key is 86dd
[20:41:11.190] [bmv2] [T] [thread 17141] [12.0] [cxt 0] Bytes parsed: 14
[20:41:11.190] [bmv2] [D] [thread 17141] [12.0] [cxt 0] Parser 'parser': end
[20:41:11.190] [bmv2] [D] [thread 17141] [12.0] [cxt 0] Pipeline 'ingress': start
[20:41:11.190] [bmv2] [T] [thread 17141] [12.0] [cxt 0] /home/wly/p4-learning/exercises/10-Congestion_Aware_Load_Balancing/p4src/loadbalancer.p4(165) Condition "standard_metadata.instance_type == 4" (node_2) is false
[20:41:11.190] [bmv2] [T] [thread 17141] [12.0] [cxt 0] /home/wly/p4-learning/exercises/10-Congestion_Aware_Load_Balancing/p4src/loadbalancer.p4(175) Condition "hdr.ipv4.isValid() && hdr.ipv4.ttl > 1" (node_4) is false
[20:41:11.190] [bmv2] [T] [thread 17141] [12.0] [cxt 0] Applying table 'MyIngress.egress_type'
[20:41:11.190] [bmv2] [D] [thread 17141] [12.0] [cxt 0] Looking up key:
* standard_metadata.egress_spec: 0000

[20:41:11.190] [bmv2] [D] [thread 17141] [12.0] [cxt 0] Table 'MyIngress.egress_type': miss
[20:41:11.190] [bmv2] [D] [thread 17141] [12.0] [cxt 0] Action entry is NoAction - 
[20:41:11.190] [bmv2] [T] [thread 17141] [12.0] [cxt 0] Action NoAction
[20:41:11.190] [bmv2] [T] [thread 17141] [12.0] [cxt 0] /home/wly/p4-learning/exercises/10-Congestion_Aware_Load_Balancing/p4src/loadbalancer.p4(191) Condition "standard_metadata.instance_type == 0 && hdr.ethernet.etherType == TYPE_FEEDBACK && meta.egress_type == TYPE_EGRESS_HOST" (node_8) is false
[20:41:11.190] [bmv2] [D] [thread 17141] [12.0] [cxt 0] Pipeline 'ingress': end
[20:41:11.190] [bmv2] [D] [thread 17141] [12.0] [cxt 0] Egress port is 0
[20:41:11.190] [bmv2] [D] [thread 17142] [12.0] [cxt 0] Pipeline 'egress': start
[20:41:11.190] [bmv2] [T] [thread 17142] [12.0] [cxt 0] /home/wly/p4-learning/exercises/10-Congestion_Aware_Load_Balancing/p4src/loadbalancer.p4(234) Condition "standard_metadata.instance_type == 2" (node_13) is false
[20:41:11.190] [bmv2] [T] [thread 17142] [12.0] [cxt 0] /home/wly/p4-learning/exercises/10-Congestion_Aware_Load_Balancing/p4src/loadbalancer.p4(239) Condition "standard_metadata.instance_type == 0 && hdr.ethernet.etherType != TYPE_FEEDBACK" (node_15) is true
[20:41:11.190] [bmv2] [T] [thread 17142] [12.0] [cxt 0] /home/wly/p4-learning/exercises/10-Congestion_Aware_Load_Balancing/p4src/loadbalancer.p4(241) Condition "hdr.tcp.isValid()" (node_16) is false
[20:41:11.190] [bmv2] [D] [thread 17142] [12.0] [cxt 0] Pipeline 'egress': end
[20:41:11.190] [bmv2] [D] [thread 17142] [12.0] [cxt 0] Deparser 'deparser': start
[20:41:11.190] [bmv2] [T] [thread 17142] [12.0] [cxt 0] Skipping checksum 'cksum' update because condition not met
[20:41:11.190] [bmv2] [D] [thread 17142] [12.0] [cxt 0] Deparsing header 'ethernet'
[20:41:11.190] [bmv2] [D] [thread 17142] [12.0] [cxt 0] Deparser 'deparser': end
[20:41:11.190] [bmv2] [D] [thread 17146] [12.0] [cxt 0] Transmitting packet of size 201 out of port 0
[20:41:11.248] [bmv2] [D] [thread 17141] [13.0] [cxt 0] Processing packet received on port 2
[20:41:11.248] [bmv2] [D] [thread 17141] [13.0] [cxt 0] Parser 'parser': start
[20:41:11.248] [bmv2] [D] [thread 17141] [13.0] [cxt 0] Parser 'parser' entering state 'start'
[20:41:11.248] [bmv2] [D] [thread 17141] [13.0] [cxt 0] Extracting header 'ethernet'
[20:41:11.248] [bmv2] [D] [thread 17141] [13.0] [cxt 0] Parser state 'start': key is 86dd
[20:41:11.248] [bmv2] [T] [thread 17141] [13.0] [cxt 0] Bytes parsed: 14
[20:41:11.248] [bmv2] [D] [thread 17141] [13.0] [cxt 0] Parser 'parser': end
[20:41:11.248] [bmv2] [D] [thread 17141] [13.0] [cxt 0] Pipeline 'ingress': start
[20:41:11.248] [bmv2] [T] [thread 17141] [13.0] [cxt 0] /home/wly/p4-learning/exercises/10-Congestion_Aware_Load_Balancing/p4src/loadbalancer.p4(165) Condition "standard_metadata.instance_type == 4" (node_2) is false
[20:41:11.248] [bmv2] [T] [thread 17141] [13.0] [cxt 0] /home/wly/p4-learning/exercises/10-Congestion_Aware_Load_Balancing/p4src/loadbalancer.p4(175) Condition "hdr.ipv4.isValid() && hdr.ipv4.ttl > 1" (node_4) is false
[20:41:11.248] [bmv2] [T] [thread 17141] [13.0] [cxt 0] Applying table 'MyIngress.egress_type'
[20:41:11.248] [bmv2] [D] [thread 17141] [13.0] [cxt 0] Looking up key:
* standard_metadata.egress_spec: 0000

[20:41:11.248] [bmv2] [D] [thread 17141] [13.0] [cxt 0] Table 'MyIngress.egress_type': miss
[20:41:11.248] [bmv2] [D] [thread 17141] [13.0] [cxt 0] Action entry is NoAction - 
[20:41:11.248] [bmv2] [T] [thread 17141] [13.0] [cxt 0] Action NoAction
[20:41:11.248] [bmv2] [T] [thread 17141] [13.0] [cxt 0] /home/wly/p4-learning/exercises/10-Congestion_Aware_Load_Balancing/p4src/loadbalancer.p4(191) Condition "standard_metadata.instance_type == 0 && hdr.ethernet.etherType == TYPE_FEEDBACK && meta.egress_type == TYPE_EGRESS_HOST" (node_8) is false
[20:41:11.248] [bmv2] [D] [thread 17141] [13.0] [cxt 0] Pipeline 'ingress': end
[20:41:11.248] [bmv2] [D] [thread 17141] [13.0] [cxt 0] Egress port is 0
[20:41:11.249] [bmv2] [D] [thread 17142] [13.0] [cxt 0] Pipeline 'egress': start
[20:41:11.249] [bmv2] [T] [thread 17142] [13.0] [cxt 0] /home/wly/p4-learning/exercises/10-Congestion_Aware_Load_Balancing/p4src/loadbalancer.p4(234) Condition "standard_metadata.instance_type == 2" (node_13) is false
[20:41:11.249] [bmv2] [T] [thread 17142] [13.0] [cxt 0] /home/wly/p4-learning/exercises/10-Congestion_Aware_Load_Balancing/p4src/loadbalancer.p4(239) Condition "standard_metadata.instance_type == 0 && hdr.ethernet.etherType != TYPE_FEEDBACK" (node_15) is true
[20:41:11.249] [bmv2] [T] [thread 17142] [13.0] [cxt 0] /home/wly/p4-learning/exercises/10-Congestion_Aware_Load_Balancing/p4src/loadbalancer.p4(241) Condition "hdr.tcp.isValid()" (node_16) is false
[20:41:11.249] [bmv2] [D] [thread 17142] [13.0] [cxt 0] Pipeline 'egress': end
[20:41:11.249] [bmv2] [D] [thread 17142] [13.0] [cxt 0] Deparser 'deparser': start
[20:41:11.249] [bmv2] [T] [thread 17142] [13.0] [cxt 0] Skipping checksum 'cksum' update because condition not met
[20:41:11.249] [bmv2] [D] [thread 17142] [13.0] [cxt 0] Deparsing header 'ethernet'
[20:41:11.249] [bmv2] [D] [thread 17142] [13.0] [cxt 0] Deparser 'deparser': end
[20:41:11.249] [bmv2] [D] [thread 17146] [13.0] [cxt 0] Transmitting packet of size 201 out of port 0
[20:41:11.259] [bmv2] [D] [thread 17141] [14.0] [cxt 0] Processing packet received on port 4
[20:41:11.259] [bmv2] [D] [thread 17141] [14.0] [cxt 0] Parser 'parser': start
[20:41:11.259] [bmv2] [D] [thread 17141] [14.0] [cxt 0] Parser 'parser' entering state 'start'
[20:41:11.259] [bmv2] [D] [thread 17141] [14.0] [cxt 0] Extracting header 'ethernet'
[20:41:11.259] [bmv2] [D] [thread 17141] [14.0] [cxt 0] Parser state 'start': key is 86dd
[20:41:11.259] [bmv2] [T] [thread 17141] [14.0] [cxt 0] Bytes parsed: 14
[20:41:11.259] [bmv2] [D] [thread 17141] [14.0] [cxt 0] Parser 'parser': end
[20:41:11.259] [bmv2] [D] [thread 17141] [14.0] [cxt 0] Pipeline 'ingress': start
[20:41:11.259] [bmv2] [T] [thread 17141] [14.0] [cxt 0] /home/wly/p4-learning/exercises/10-Congestion_Aware_Load_Balancing/p4src/loadbalancer.p4(165) Condition "standard_metadata.instance_type == 4" (node_2) is false
[20:41:11.259] [bmv2] [T] [thread 17141] [14.0] [cxt 0] /home/wly/p4-learning/exercises/10-Congestion_Aware_Load_Balancing/p4src/loadbalancer.p4(175) Condition "hdr.ipv4.isValid() && hdr.ipv4.ttl > 1" (node_4) is false
[20:41:11.259] [bmv2] [T] [thread 17141] [14.0] [cxt 0] Applying table 'MyIngress.egress_type'
[20:41:11.259] [bmv2] [D] [thread 17141] [14.0] [cxt 0] Looking up key:
* standard_metadata.egress_spec: 0000

[20:41:11.259] [bmv2] [D] [thread 17141] [14.0] [cxt 0] Table 'MyIngress.egress_type': miss
[20:41:11.259] [bmv2] [D] [thread 17141] [14.0] [cxt 0] Action entry is NoAction - 
[20:41:11.259] [bmv2] [T] [thread 17141] [14.0] [cxt 0] Action NoAction
[20:41:11.259] [bmv2] [T] [thread 17141] [14.0] [cxt 0] /home/wly/p4-learning/exercises/10-Congestion_Aware_Load_Balancing/p4src/loadbalancer.p4(191) Condition "standard_metadata.instance_type == 0 && hdr.ethernet.etherType == TYPE_FEEDBACK && meta.egress_type == TYPE_EGRESS_HOST" (node_8) is false
[20:41:11.259] [bmv2] [D] [thread 17141] [14.0] [cxt 0] Pipeline 'ingress': end
[20:41:11.259] [bmv2] [D] [thread 17141] [14.0] [cxt 0] Egress port is 0
[20:41:11.259] [bmv2] [D] [thread 17142] [14.0] [cxt 0] Pipeline 'egress': start
[20:41:11.259] [bmv2] [T] [thread 17142] [14.0] [cxt 0] /home/wly/p4-learning/exercises/10-Congestion_Aware_Load_Balancing/p4src/loadbalancer.p4(234) Condition "standard_metadata.instance_type == 2" (node_13) is false
[20:41:11.259] [bmv2] [T] [thread 17142] [14.0] [cxt 0] /home/wly/p4-learning/exercises/10-Congestion_Aware_Load_Balancing/p4src/loadbalancer.p4(239) Condition "standard_metadata.instance_type == 0 && hdr.ethernet.etherType != TYPE_FEEDBACK" (node_15) is true
[20:41:11.259] [bmv2] [T] [thread 17142] [14.0] [cxt 0] /home/wly/p4-learning/exercises/10-Congestion_Aware_Load_Balancing/p4src/loadbalancer.p4(241) Condition "hdr.tcp.isValid()" (node_16) is false
[20:41:11.259] [bmv2] [D] [thread 17142] [14.0] [cxt 0] Pipeline 'egress': end
[20:41:11.259] [bmv2] [D] [thread 17142] [14.0] [cxt 0] Deparser 'deparser': start
[20:41:11.259] [bmv2] [T] [thread 17142] [14.0] [cxt 0] Skipping checksum 'cksum' update because condition not met
[20:41:11.259] [bmv2] [D] [thread 17142] [14.0] [cxt 0] Deparsing header 'ethernet'
[20:41:11.259] [bmv2] [D] [thread 17142] [14.0] [cxt 0] Deparser 'deparser': end
[20:41:11.259] [bmv2] [D] [thread 17146] [14.0] [cxt 0] Transmitting packet of size 90 out of port 0
[20:41:11.272] [bmv2] [D] [thread 17141] [15.0] [cxt 0] Processing packet received on port 2
[20:41:11.272] [bmv2] [D] [thread 17141] [15.0] [cxt 0] Parser 'parser': start
[20:41:11.272] [bmv2] [D] [thread 17141] [15.0] [cxt 0] Parser 'parser' entering state 'start'
[20:41:11.272] [bmv2] [D] [thread 17141] [15.0] [cxt 0] Extracting header 'ethernet'
[20:41:11.272] [bmv2] [D] [thread 17141] [15.0] [cxt 0] Parser state 'start': key is 86dd
[20:41:11.272] [bmv2] [T] [thread 17141] [15.0] [cxt 0] Bytes parsed: 14
[20:41:11.272] [bmv2] [D] [thread 17141] [15.0] [cxt 0] Parser 'parser': end
[20:41:11.272] [bmv2] [D] [thread 17141] [15.0] [cxt 0] Pipeline 'ingress': start
[20:41:11.272] [bmv2] [T] [thread 17141] [15.0] [cxt 0] /home/wly/p4-learning/exercises/10-Congestion_Aware_Load_Balancing/p4src/loadbalancer.p4(165) Condition "standard_metadata.instance_type == 4" (node_2) is false
[20:41:11.272] [bmv2] [T] [thread 17141] [15.0] [cxt 0] /home/wly/p4-learning/exercises/10-Congestion_Aware_Load_Balancing/p4src/loadbalancer.p4(175) Condition "hdr.ipv4.isValid() && hdr.ipv4.ttl > 1" (node_4) is false
[20:41:11.272] [bmv2] [T] [thread 17141] [15.0] [cxt 0] Applying table 'MyIngress.egress_type'
[20:41:11.272] [bmv2] [D] [thread 17141] [15.0] [cxt 0] Looking up key:
* standard_metadata.egress_spec: 0000

[20:41:11.272] [bmv2] [D] [thread 17141] [15.0] [cxt 0] Table 'MyIngress.egress_type': miss
[20:41:11.272] [bmv2] [D] [thread 17141] [15.0] [cxt 0] Action entry is NoAction - 
[20:41:11.272] [bmv2] [T] [thread 17141] [15.0] [cxt 0] Action NoAction
[20:41:11.272] [bmv2] [T] [thread 17141] [15.0] [cxt 0] /home/wly/p4-learning/exercises/10-Congestion_Aware_Load_Balancing/p4src/loadbalancer.p4(191) Condition "standard_metadata.instance_type == 0 && hdr.ethernet.etherType == TYPE_FEEDBACK && meta.egress_type == TYPE_EGRESS_HOST" (node_8) is false
[20:41:11.272] [bmv2] [D] [thread 17141] [15.0] [cxt 0] Pipeline 'ingress': end
[20:41:11.272] [bmv2] [D] [thread 17141] [15.0] [cxt 0] Egress port is 0
[20:41:11.272] [bmv2] [D] [thread 17142] [15.0] [cxt 0] Pipeline 'egress': start
[20:41:11.272] [bmv2] [T] [thread 17142] [15.0] [cxt 0] /home/wly/p4-learning/exercises/10-Congestion_Aware_Load_Balancing/p4src/loadbalancer.p4(234) Condition "standard_metadata.instance_type == 2" (node_13) is false
[20:41:11.272] [bmv2] [T] [thread 17142] [15.0] [cxt 0] /home/wly/p4-learning/exercises/10-Congestion_Aware_Load_Balancing/p4src/loadbalancer.p4(239) Condition "standard_metadata.instance_type == 0 && hdr.ethernet.etherType != TYPE_FEEDBACK" (node_15) is true
[20:41:11.272] [bmv2] [T] [thread 17142] [15.0] [cxt 0] /home/wly/p4-learning/exercises/10-Congestion_Aware_Load_Balancing/p4src/loadbalancer.p4(241) Condition "hdr.tcp.isValid()" (node_16) is false
[20:41:11.272] [bmv2] [D] [thread 17142] [15.0] [cxt 0] Pipeline 'egress': end
[20:41:11.272] [bmv2] [D] [thread 17142] [15.0] [cxt 0] Deparser 'deparser': start
[20:41:11.272] [bmv2] [T] [thread 17142] [15.0] [cxt 0] Skipping checksum 'cksum' update because condition not met
[20:41:11.272] [bmv2] [D] [thread 17142] [15.0] [cxt 0] Deparsing header 'ethernet'
[20:41:11.272] [bmv2] [D] [thread 17142] [15.0] [cxt 0] Deparser 'deparser': end
[20:41:11.272] [bmv2] [D] [thread 17146] [15.0] [cxt 0] Transmitting packet of size 203 out of port 0
[20:41:11.326] [bmv2] [D] [thread 17141] [16.0] [cxt 0] Processing packet received on port 3
[20:41:11.326] [bmv2] [D] [thread 17141] [16.0] [cxt 0] Parser 'parser': start
[20:41:11.326] [bmv2] [D] [thread 17141] [16.0] [cxt 0] Parser 'parser' entering state 'start'
[20:41:11.326] [bmv2] [D] [thread 17141] [16.0] [cxt 0] Extracting header 'ethernet'
[20:41:11.326] [bmv2] [D] [thread 17141] [16.0] [cxt 0] Parser state 'start': key is 86dd
[20:41:11.327] [bmv2] [T] [thread 17141] [16.0] [cxt 0] Bytes parsed: 14
[20:41:11.327] [bmv2] [D] [thread 17141] [16.0] [cxt 0] Parser 'parser': end
[20:41:11.327] [bmv2] [D] [thread 17141] [16.0] [cxt 0] Pipeline 'ingress': start
[20:41:11.327] [bmv2] [T] [thread 17141] [16.0] [cxt 0] /home/wly/p4-learning/exercises/10-Congestion_Aware_Load_Balancing/p4src/loadbalancer.p4(165) Condition "standard_metadata.instance_type == 4" (node_2) is false
[20:41:11.327] [bmv2] [T] [thread 17141] [16.0] [cxt 0] /home/wly/p4-learning/exercises/10-Congestion_Aware_Load_Balancing/p4src/loadbalancer.p4(175) Condition "hdr.ipv4.isValid() && hdr.ipv4.ttl > 1" (node_4) is false
[20:41:11.327] [bmv2] [T] [thread 17141] [16.0] [cxt 0] Applying table 'MyIngress.egress_type'
[20:41:11.327] [bmv2] [D] [thread 17141] [16.0] [cxt 0] Looking up key:
* standard_metadata.egress_spec: 0000

[20:41:11.327] [bmv2] [D] [thread 17141] [16.0] [cxt 0] Table 'MyIngress.egress_type': miss
[20:41:11.327] [bmv2] [D] [thread 17141] [16.0] [cxt 0] Action entry is NoAction - 
[20:41:11.327] [bmv2] [T] [thread 17141] [16.0] [cxt 0] Action NoAction
[20:41:11.327] [bmv2] [T] [thread 17141] [16.0] [cxt 0] /home/wly/p4-learning/exercises/10-Congestion_Aware_Load_Balancing/p4src/loadbalancer.p4(191) Condition "standard_metadata.instance_type == 0 && hdr.ethernet.etherType == TYPE_FEEDBACK && meta.egress_type == TYPE_EGRESS_HOST" (node_8) is false
[20:41:11.327] [bmv2] [D] [thread 17141] [16.0] [cxt 0] Pipeline 'ingress': end
[20:41:11.327] [bmv2] [D] [thread 17141] [16.0] [cxt 0] Egress port is 0
[20:41:11.327] [bmv2] [D] [thread 17142] [16.0] [cxt 0] Pipeline 'egress': start
[20:41:11.327] [bmv2] [T] [thread 17142] [16.0] [cxt 0] /home/wly/p4-learning/exercises/10-Congestion_Aware_Load_Balancing/p4src/loadbalancer.p4(234) Condition "standard_metadata.instance_type == 2" (node_13) is false
[20:41:11.327] [bmv2] [T] [thread 17142] [16.0] [cxt 0] /home/wly/p4-learning/exercises/10-Congestion_Aware_Load_Balancing/p4src/loadbalancer.p4(239) Condition "standard_metadata.instance_type == 0 && hdr.ethernet.etherType != TYPE_FEEDBACK" (node_15) is true
[20:41:11.327] [bmv2] [T] [thread 17142] [16.0] [cxt 0] /home/wly/p4-learning/exercises/10-Congestion_Aware_Load_Balancing/p4src/loadbalancer.p4(241) Condition "hdr.tcp.isValid()" (node_16) is false
[20:41:11.327] [bmv2] [D] [thread 17142] [16.0] [cxt 0] Pipeline 'egress': end
[20:41:11.327] [bmv2] [D] [thread 17142] [16.0] [cxt 0] Deparser 'deparser': start
[20:41:11.327] [bmv2] [T] [thread 17142] [16.0] [cxt 0] Skipping checksum 'cksum' update because condition not met
[20:41:11.327] [bmv2] [D] [thread 17142] [16.0] [cxt 0] Deparsing header 'ethernet'
[20:41:11.327] [bmv2] [D] [thread 17142] [16.0] [cxt 0] Deparser 'deparser': end
[20:41:11.327] [bmv2] [D] [thread 17146] [16.0] [cxt 0] Transmitting packet of size 90 out of port 0
[20:41:11.339] [bmv2] [D] [thread 17141] [17.0] [cxt 0] Processing packet received on port 3
[20:41:11.339] [bmv2] [D] [thread 17141] [17.0] [cxt 0] Parser 'parser': start
[20:41:11.339] [bmv2] [D] [thread 17141] [17.0] [cxt 0] Parser 'parser' entering state 'start'
[20:41:11.339] [bmv2] [D] [thread 17141] [17.0] [cxt 0] Extracting header 'ethernet'
[20:41:11.339] [bmv2] [D] [thread 17141] [17.0] [cxt 0] Parser state 'start': key is 86dd
[20:41:11.339] [bmv2] [T] [thread 17141] [17.0] [cxt 0] Bytes parsed: 14
[20:41:11.339] [bmv2] [D] [thread 17141] [17.0] [cxt 0] Parser 'parser': end
[20:41:11.339] [bmv2] [D] [thread 17141] [17.0] [cxt 0] Pipeline 'ingress': start
[20:41:11.339] [bmv2] [T] [thread 17141] [17.0] [cxt 0] /home/wly/p4-learning/exercises/10-Congestion_Aware_Load_Balancing/p4src/loadbalancer.p4(165) Condition "standard_metadata.instance_type == 4" (node_2) is false
[20:41:11.339] [bmv2] [T] [thread 17141] [17.0] [cxt 0] /home/wly/p4-learning/exercises/10-Congestion_Aware_Load_Balancing/p4src/loadbalancer.p4(175) Condition "hdr.ipv4.isValid() && hdr.ipv4.ttl > 1" (node_4) is false
[20:41:11.339] [bmv2] [T] [thread 17141] [17.0] [cxt 0] Applying table 'MyIngress.egress_type'
[20:41:11.339] [bmv2] [D] [thread 17141] [17.0] [cxt 0] Looking up key:
* standard_metadata.egress_spec: 0000

[20:41:11.339] [bmv2] [D] [thread 17141] [17.0] [cxt 0] Table 'MyIngress.egress_type': miss
[20:41:11.339] [bmv2] [D] [thread 17141] [17.0] [cxt 0] Action entry is NoAction - 
[20:41:11.339] [bmv2] [T] [thread 17141] [17.0] [cxt 0] Action NoAction
[20:41:11.339] [bmv2] [T] [thread 17141] [17.0] [cxt 0] /home/wly/p4-learning/exercises/10-Congestion_Aware_Load_Balancing/p4src/loadbalancer.p4(191) Condition "standard_metadata.instance_type == 0 && hdr.ethernet.etherType == TYPE_FEEDBACK && meta.egress_type == TYPE_EGRESS_HOST" (node_8) is false
[20:41:11.339] [bmv2] [D] [thread 17141] [17.0] [cxt 0] Pipeline 'ingress': end
[20:41:11.339] [bmv2] [D] [thread 17141] [17.0] [cxt 0] Egress port is 0
[20:41:11.339] [bmv2] [D] [thread 17142] [17.0] [cxt 0] Pipeline 'egress': start
[20:41:11.339] [bmv2] [T] [thread 17142] [17.0] [cxt 0] /home/wly/p4-learning/exercises/10-Congestion_Aware_Load_Balancing/p4src/loadbalancer.p4(234) Condition "standard_metadata.instance_type == 2" (node_13) is false
[20:41:11.339] [bmv2] [T] [thread 17142] [17.0] [cxt 0] /home/wly/p4-learning/exercises/10-Congestion_Aware_Load_Balancing/p4src/loadbalancer.p4(239) Condition "standard_metadata.instance_type == 0 && hdr.ethernet.etherType != TYPE_FEEDBACK" (node_15) is true
[20:41:11.339] [bmv2] [T] [thread 17142] [17.0] [cxt 0] /home/wly/p4-learning/exercises/10-Congestion_Aware_Load_Balancing/p4src/loadbalancer.p4(241) Condition "hdr.tcp.isValid()" (node_16) is false
[20:41:11.339] [bmv2] [D] [thread 17142] [17.0] [cxt 0] Pipeline 'egress': end
[20:41:11.339] [bmv2] [D] [thread 17142] [17.0] [cxt 0] Deparser 'deparser': start
[20:41:11.339] [bmv2] [T] [thread 17142] [17.0] [cxt 0] Skipping checksum 'cksum' update because condition not met
[20:41:11.339] [bmv2] [D] [thread 17142] [17.0] [cxt 0] Deparsing header 'ethernet'
[20:41:11.339] [bmv2] [D] [thread 17142] [17.0] [cxt 0] Deparser 'deparser': end
[20:41:11.339] [bmv2] [D] [thread 17146] [17.0] [cxt 0] Transmitting packet of size 203 out of port 0
[20:41:11.377] [bmv2] [D] [thread 17141] [18.0] [cxt 0] Processing packet received on port 3
[20:41:11.377] [bmv2] [D] [thread 17141] [18.0] [cxt 0] Parser 'parser': start
[20:41:11.377] [bmv2] [D] [thread 17141] [18.0] [cxt 0] Parser 'parser' entering state 'start'
[20:41:11.377] [bmv2] [D] [thread 17141] [18.0] [cxt 0] Extracting header 'ethernet'
[20:41:11.377] [bmv2] [D] [thread 17141] [18.0] [cxt 0] Parser state 'start': key is 86dd
[20:41:11.377] [bmv2] [T] [thread 17141] [18.0] [cxt 0] Bytes parsed: 14
[20:41:11.377] [bmv2] [D] [thread 17141] [18.0] [cxt 0] Parser 'parser': end
[20:41:11.377] [bmv2] [D] [thread 17141] [18.0] [cxt 0] Pipeline 'ingress': start
[20:41:11.377] [bmv2] [T] [thread 17141] [18.0] [cxt 0] /home/wly/p4-learning/exercises/10-Congestion_Aware_Load_Balancing/p4src/loadbalancer.p4(165) Condition "standard_metadata.instance_type == 4" (node_2) is false
[20:41:11.377] [bmv2] [T] [thread 17141] [18.0] [cxt 0] /home/wly/p4-learning/exercises/10-Congestion_Aware_Load_Balancing/p4src/loadbalancer.p4(175) Condition "hdr.ipv4.isValid() && hdr.ipv4.ttl > 1" (node_4) is false
[20:41:11.377] [bmv2] [T] [thread 17141] [18.0] [cxt 0] Applying table 'MyIngress.egress_type'
[20:41:11.377] [bmv2] [D] [thread 17141] [18.0] [cxt 0] Looking up key:
* standard_metadata.egress_spec: 0000

[20:41:11.377] [bmv2] [D] [thread 17141] [18.0] [cxt 0] Table 'MyIngress.egress_type': miss
[20:41:11.377] [bmv2] [D] [thread 17141] [18.0] [cxt 0] Action entry is NoAction - 
[20:41:11.377] [bmv2] [T] [thread 17141] [18.0] [cxt 0] Action NoAction
[20:41:11.377] [bmv2] [T] [thread 17141] [18.0] [cxt 0] /home/wly/p4-learning/exercises/10-Congestion_Aware_Load_Balancing/p4src/loadbalancer.p4(191) Condition "standard_metadata.instance_type == 0 && hdr.ethernet.etherType == TYPE_FEEDBACK && meta.egress_type == TYPE_EGRESS_HOST" (node_8) is false
[20:41:11.377] [bmv2] [D] [thread 17141] [18.0] [cxt 0] Pipeline 'ingress': end
[20:41:11.377] [bmv2] [D] [thread 17141] [18.0] [cxt 0] Egress port is 0
[20:41:11.377] [bmv2] [D] [thread 17142] [18.0] [cxt 0] Pipeline 'egress': start
[20:41:11.377] [bmv2] [T] [thread 17142] [18.0] [cxt 0] /home/wly/p4-learning/exercises/10-Congestion_Aware_Load_Balancing/p4src/loadbalancer.p4(234) Condition "standard_metadata.instance_type == 2" (node_13) is false
[20:41:11.377] [bmv2] [T] [thread 17142] [18.0] [cxt 0] /home/wly/p4-learning/exercises/10-Congestion_Aware_Load_Balancing/p4src/loadbalancer.p4(239) Condition "standard_metadata.instance_type == 0 && hdr.ethernet.etherType != TYPE_FEEDBACK" (node_15) is true
[20:41:11.377] [bmv2] [T] [thread 17142] [18.0] [cxt 0] /home/wly/p4-learning/exercises/10-Congestion_Aware_Load_Balancing/p4src/loadbalancer.p4(241) Condition "hdr.tcp.isValid()" (node_16) is false
[20:41:11.377] [bmv2] [D] [thread 17142] [18.0] [cxt 0] Pipeline 'egress': end
[20:41:11.377] [bmv2] [D] [thread 17142] [18.0] [cxt 0] Deparser 'deparser': start
[20:41:11.377] [bmv2] [T] [thread 17142] [18.0] [cxt 0] Skipping checksum 'cksum' update because condition not met
[20:41:11.377] [bmv2] [D] [thread 17142] [18.0] [cxt 0] Deparsing header 'ethernet'
[20:41:11.377] [bmv2] [D] [thread 17142] [18.0] [cxt 0] Deparser 'deparser': end
[20:41:11.377] [bmv2] [D] [thread 17146] [18.0] [cxt 0] Transmitting packet of size 201 out of port 0
[20:41:11.419] [bmv2] [D] [thread 17141] [19.0] [cxt 0] Processing packet received on port 1
[20:41:11.419] [bmv2] [D] [thread 17141] [19.0] [cxt 0] Parser 'parser': start
[20:41:11.419] [bmv2] [D] [thread 17141] [19.0] [cxt 0] Parser 'parser' entering state 'start'
[20:41:11.419] [bmv2] [D] [thread 17141] [19.0] [cxt 0] Extracting header 'ethernet'
[20:41:11.419] [bmv2] [D] [thread 17141] [19.0] [cxt 0] Parser state 'start': key is 86dd
[20:41:11.419] [bmv2] [T] [thread 17141] [19.0] [cxt 0] Bytes parsed: 14
[20:41:11.419] [bmv2] [D] [thread 17141] [19.0] [cxt 0] Parser 'parser': end
[20:41:11.419] [bmv2] [D] [thread 17141] [19.0] [cxt 0] Pipeline 'ingress': start
[20:41:11.419] [bmv2] [T] [thread 17141] [19.0] [cxt 0] /home/wly/p4-learning/exercises/10-Congestion_Aware_Load_Balancing/p4src/loadbalancer.p4(165) Condition "standard_metadata.instance_type == 4" (node_2) is false
[20:41:11.419] [bmv2] [T] [thread 17141] [19.0] [cxt 0] /home/wly/p4-learning/exercises/10-Congestion_Aware_Load_Balancing/p4src/loadbalancer.p4(175) Condition "hdr.ipv4.isValid() && hdr.ipv4.ttl > 1" (node_4) is false
[20:41:11.419] [bmv2] [T] [thread 17141] [19.0] [cxt 0] Applying table 'MyIngress.egress_type'
[20:41:11.419] [bmv2] [D] [thread 17141] [19.0] [cxt 0] Looking up key:
* standard_metadata.egress_spec: 0000

[20:41:11.419] [bmv2] [D] [thread 17141] [19.0] [cxt 0] Table 'MyIngress.egress_type': miss
[20:41:11.419] [bmv2] [D] [thread 17141] [19.0] [cxt 0] Action entry is NoAction - 
[20:41:11.419] [bmv2] [T] [thread 17141] [19.0] [cxt 0] Action NoAction
[20:41:11.419] [bmv2] [T] [thread 17141] [19.0] [cxt 0] /home/wly/p4-learning/exercises/10-Congestion_Aware_Load_Balancing/p4src/loadbalancer.p4(191) Condition "standard_metadata.instance_type == 0 && hdr.ethernet.etherType == TYPE_FEEDBACK && meta.egress_type == TYPE_EGRESS_HOST" (node_8) is false
[20:41:11.419] [bmv2] [D] [thread 17141] [19.0] [cxt 0] Pipeline 'ingress': end
[20:41:11.419] [bmv2] [D] [thread 17141] [19.0] [cxt 0] Egress port is 0
[20:41:11.419] [bmv2] [D] [thread 17142] [19.0] [cxt 0] Pipeline 'egress': start
[20:41:11.419] [bmv2] [T] [thread 17142] [19.0] [cxt 0] /home/wly/p4-learning/exercises/10-Congestion_Aware_Load_Balancing/p4src/loadbalancer.p4(234) Condition "standard_metadata.instance_type == 2" (node_13) is false
[20:41:11.419] [bmv2] [T] [thread 17142] [19.0] [cxt 0] /home/wly/p4-learning/exercises/10-Congestion_Aware_Load_Balancing/p4src/loadbalancer.p4(239) Condition "standard_metadata.instance_type == 0 && hdr.ethernet.etherType != TYPE_FEEDBACK" (node_15) is true
[20:41:11.419] [bmv2] [T] [thread 17142] [19.0] [cxt 0] /home/wly/p4-learning/exercises/10-Congestion_Aware_Load_Balancing/p4src/loadbalancer.p4(241) Condition "hdr.tcp.isValid()" (node_16) is false
[20:41:11.419] [bmv2] [D] [thread 17142] [19.0] [cxt 0] Pipeline 'egress': end
[20:41:11.419] [bmv2] [D] [thread 17142] [19.0] [cxt 0] Deparser 'deparser': start
[20:41:11.419] [bmv2] [T] [thread 17142] [19.0] [cxt 0] Skipping checksum 'cksum' update because condition not met
[20:41:11.419] [bmv2] [D] [thread 17142] [19.0] [cxt 0] Deparsing header 'ethernet'
[20:41:11.419] [bmv2] [D] [thread 17142] [19.0] [cxt 0] Deparser 'deparser': end
[20:41:11.419] [bmv2] [D] [thread 17146] [19.0] [cxt 0] Transmitting packet of size 201 out of port 0
[20:41:11.437] [bmv2] [D] [thread 17141] [20.0] [cxt 0] Processing packet received on port 4
[20:41:11.437] [bmv2] [D] [thread 17141] [20.0] [cxt 0] Parser 'parser': start
[20:41:11.437] [bmv2] [D] [thread 17141] [20.0] [cxt 0] Parser 'parser' entering state 'start'
[20:41:11.437] [bmv2] [D] [thread 17141] [20.0] [cxt 0] Extracting header 'ethernet'
[20:41:11.437] [bmv2] [D] [thread 17141] [20.0] [cxt 0] Parser state 'start': key is 86dd
[20:41:11.437] [bmv2] [T] [thread 17141] [20.0] [cxt 0] Bytes parsed: 14
[20:41:11.437] [bmv2] [D] [thread 17141] [20.0] [cxt 0] Parser 'parser': end
[20:41:11.437] [bmv2] [D] [thread 17141] [20.0] [cxt 0] Pipeline 'ingress': start
[20:41:11.437] [bmv2] [T] [thread 17141] [20.0] [cxt 0] /home/wly/p4-learning/exercises/10-Congestion_Aware_Load_Balancing/p4src/loadbalancer.p4(165) Condition "standard_metadata.instance_type == 4" (node_2) is false
[20:41:11.437] [bmv2] [T] [thread 17141] [20.0] [cxt 0] /home/wly/p4-learning/exercises/10-Congestion_Aware_Load_Balancing/p4src/loadbalancer.p4(175) Condition "hdr.ipv4.isValid() && hdr.ipv4.ttl > 1" (node_4) is false
[20:41:11.437] [bmv2] [T] [thread 17141] [20.0] [cxt 0] Applying table 'MyIngress.egress_type'
[20:41:11.437] [bmv2] [D] [thread 17141] [20.0] [cxt 0] Looking up key:
* standard_metadata.egress_spec: 0000

[20:41:11.437] [bmv2] [D] [thread 17141] [20.0] [cxt 0] Table 'MyIngress.egress_type': miss
[20:41:11.437] [bmv2] [D] [thread 17141] [20.0] [cxt 0] Action entry is NoAction - 
[20:41:11.437] [bmv2] [T] [thread 17141] [20.0] [cxt 0] Action NoAction
[20:41:11.437] [bmv2] [T] [thread 17141] [20.0] [cxt 0] /home/wly/p4-learning/exercises/10-Congestion_Aware_Load_Balancing/p4src/loadbalancer.p4(191) Condition "standard_metadata.instance_type == 0 && hdr.ethernet.etherType == TYPE_FEEDBACK && meta.egress_type == TYPE_EGRESS_HOST" (node_8) is false
[20:41:11.437] [bmv2] [D] [thread 17141] [20.0] [cxt 0] Pipeline 'ingress': end
[20:41:11.437] [bmv2] [D] [thread 17141] [20.0] [cxt 0] Egress port is 0
[20:41:11.437] [bmv2] [D] [thread 17142] [20.0] [cxt 0] Pipeline 'egress': start
[20:41:11.437] [bmv2] [T] [thread 17142] [20.0] [cxt 0] /home/wly/p4-learning/exercises/10-Congestion_Aware_Load_Balancing/p4src/loadbalancer.p4(234) Condition "standard_metadata.instance_type == 2" (node_13) is false
[20:41:11.437] [bmv2] [T] [thread 17142] [20.0] [cxt 0] /home/wly/p4-learning/exercises/10-Congestion_Aware_Load_Balancing/p4src/loadbalancer.p4(239) Condition "standard_metadata.instance_type == 0 && hdr.ethernet.etherType != TYPE_FEEDBACK" (node_15) is true
[20:41:11.437] [bmv2] [T] [thread 17142] [20.0] [cxt 0] /home/wly/p4-learning/exercises/10-Congestion_Aware_Load_Balancing/p4src/loadbalancer.p4(241) Condition "hdr.tcp.isValid()" (node_16) is false
[20:41:11.437] [bmv2] [D] [thread 17142] [20.0] [cxt 0] Pipeline 'egress': end
[20:41:11.437] [bmv2] [D] [thread 17142] [20.0] [cxt 0] Deparser 'deparser': start
[20:41:11.437] [bmv2] [T] [thread 17142] [20.0] [cxt 0] Skipping checksum 'cksum' update because condition not met
[20:41:11.437] [bmv2] [D] [thread 17142] [20.0] [cxt 0] Deparsing header 'ethernet'
[20:41:11.437] [bmv2] [D] [thread 17142] [20.0] [cxt 0] Deparser 'deparser': end
[20:41:11.437] [bmv2] [D] [thread 17146] [20.0] [cxt 0] Transmitting packet of size 203 out of port 0
[20:41:11.823] [bmv2] [T] [thread 17598] bm_get_config
[20:41:11.824] [bmv2] [T] [thread 17598] bm_mt_get_entries
[20:41:11.824] [bmv2] [T] [thread 17598] bm_mt_get_entries
[20:41:11.824] [bmv2] [T] [thread 17598] bm_mt_get_entries
[20:41:11.857] [bmv2] [T] [thread 17598] bm_reset_state
[20:41:11.858] [bmv2] [D] [thread 17598] Resetting simple_switch target-specific state
[20:41:11.858] [bmv2] [D] [thread 17598] resetting PRE state
[20:41:11.865] [bmv2] [T] [thread 17598] bm_set_default_action
[20:41:11.865] [bmv2] [D] [thread 17598] Set default entry for table 'MyIngress.ipv4_lpm': MyIngress.drop - 
[20:41:11.865] [bmv2] [T] [thread 17598] bm_set_default_action
[20:41:11.865] [bmv2] [D] [thread 17598] Set default entry for table 'MyIngress.ecmp_group_to_nhop': MyIngress.drop - 
[20:41:11.879] [bmv2] [T] [thread 17598] bm_table_add_entry
[20:41:11.879] [bmv2] [D] [thread 17598] Entry 0 added to table 'MyIngress.egress_type'
[20:41:11.879] [bmv2] [D] [thread 17598] Dumping entry 0
Match key:
* standard_metadata.egress_spec: EXACT     0001
Action entry: MyIngress.set_egress_type - 2,

[20:41:11.879] [bmv2] [T] [thread 17598] bm_table_add_entry
[20:41:11.879] [bmv2] [D] [thread 17598] Entry 1 added to table 'MyIngress.egress_type'
[20:41:11.880] [bmv2] [D] [thread 17598] Dumping entry 1
Match key:
* standard_metadata.egress_spec: EXACT     0002
Action entry: MyIngress.set_egress_type - 2,

[20:41:11.880] [bmv2] [T] [thread 17598] bm_table_add_entry
[20:41:11.880] [bmv2] [D] [thread 17598] Entry 2 added to table 'MyIngress.egress_type'
[20:41:11.880] [bmv2] [D] [thread 17598] Dumping entry 2
Match key:
* standard_metadata.egress_spec: EXACT     0003
Action entry: MyIngress.set_egress_type - 2,

[20:41:11.880] [bmv2] [T] [thread 17598] bm_table_add_entry
[20:41:11.880] [bmv2] [D] [thread 17598] Entry 3 added to table 'MyIngress.egress_type'
[20:41:11.880] [bmv2] [D] [thread 17598] Dumping entry 3
Match key:
* standard_metadata.egress_spec: EXACT     0004
Action entry: MyIngress.set_egress_type - 2,

[20:41:11.885] [bmv2] [T] [thread 17618] mirroring_sesssion_add
[20:41:11.980] [bmv2] [T] [thread 17598] bm_table_add_entry
[20:41:11.980] [bmv2] [D] [thread 17598] Entry 0 added to table 'MyIngress.ipv4_lpm'
[20:41:11.980] [bmv2] [D] [thread 17598] Dumping entry 0
Match key:
* hdr.ipv4.dstAddr    : LPM       0a010102/24
Action entry: MyIngress.set_nhop - ba1604cbd979,1,

[20:41:11.980] [bmv2] [T] [thread 17598] bm_table_add_entry
[20:41:11.980] [bmv2] [D] [thread 17598] Entry 1 added to table 'MyIngress.ipv4_lpm'
[20:41:11.980] [bmv2] [D] [thread 17598] Dumping entry 1
Match key:
* hdr.ipv4.dstAddr    : LPM       0a010202/24
Action entry: MyIngress.set_nhop - ba1604cbd979,1,

[20:41:11.980] [bmv2] [T] [thread 17598] bm_table_add_entry
[20:41:11.980] [bmv2] [D] [thread 17598] Entry 2 added to table 'MyIngress.ipv4_lpm'
[20:41:11.980] [bmv2] [D] [thread 17598] Dumping entry 2
Match key:
* hdr.ipv4.dstAddr    : LPM       0a020302/24
Action entry: MyIngress.set_nhop - ba1604cbd979,1,

[20:41:11.980] [bmv2] [T] [thread 17598] bm_table_add_entry
[20:41:11.980] [bmv2] [D] [thread 17598] Entry 3 added to table 'MyIngress.ipv4_lpm'
[20:41:11.980] [bmv2] [D] [thread 17598] Dumping entry 3
Match key:
* hdr.ipv4.dstAddr    : LPM       0a020402/24
Action entry: MyIngress.set_nhop - ba1604cbd979,1,

[20:41:11.981] [bmv2] [T] [thread 17598] bm_table_add_entry
[20:41:11.981] [bmv2] [D] [thread 17598] Entry 4 added to table 'MyIngress.ipv4_lpm'
[20:41:11.981] [bmv2] [D] [thread 17598] Dumping entry 4
Match key:
* hdr.ipv4.dstAddr    : LPM       0a030502/24
Action entry: MyIngress.set_nhop - b61f3c292d30,2,

[20:41:11.981] [bmv2] [T] [thread 17598] bm_table_add_entry
[20:41:11.981] [bmv2] [D] [thread 17598] Entry 5 added to table 'MyIngress.ipv4_lpm'
[20:41:11.981] [bmv2] [D] [thread 17598] Dumping entry 5
Match key:
* hdr.ipv4.dstAddr    : LPM       0a030602/24
Action entry: MyIngress.set_nhop - b61f3c292d30,2,

[20:41:11.981] [bmv2] [T] [thread 17598] bm_table_add_entry
[20:41:11.981] [bmv2] [D] [thread 17598] Entry 6 added to table 'MyIngress.ipv4_lpm'
[20:41:11.981] [bmv2] [D] [thread 17598] Dumping entry 6
Match key:
* hdr.ipv4.dstAddr    : LPM       0a040702/24
Action entry: MyIngress.set_nhop - b61f3c292d30,2,

[20:41:11.981] [bmv2] [T] [thread 17598] bm_table_add_entry
[20:41:11.981] [bmv2] [D] [thread 17598] Entry 7 added to table 'MyIngress.ipv4_lpm'
[20:41:11.981] [bmv2] [D] [thread 17598] Dumping entry 7
Match key:
* hdr.ipv4.dstAddr    : LPM       0a040802/24
Action entry: MyIngress.set_nhop - b61f3c292d30,2,

[20:41:11.981] [bmv2] [T] [thread 17598] bm_table_add_entry
[20:41:11.981] [bmv2] [D] [thread 17598] Entry 8 added to table 'MyIngress.ipv4_lpm'
[20:41:11.981] [bmv2] [D] [thread 17598] Dumping entry 8
Match key:
* hdr.ipv4.dstAddr    : LPM       0a050902/24
Action entry: MyIngress.set_nhop - 56e8e40a9dbf,3,

[20:41:11.982] [bmv2] [T] [thread 17598] bm_table_add_entry
[20:41:11.982] [bmv2] [D] [thread 17598] Entry 9 added to table 'MyIngress.ipv4_lpm'
[20:41:11.982] [bmv2] [D] [thread 17598] Dumping entry 9
Match key:
* hdr.ipv4.dstAddr    : LPM       0a050a02/24
Action entry: MyIngress.set_nhop - 56e8e40a9dbf,3,

[20:41:11.982] [bmv2] [T] [thread 17598] bm_table_add_entry
[20:41:11.982] [bmv2] [D] [thread 17598] Entry 10 added to table 'MyIngress.ipv4_lpm'
[20:41:11.982] [bmv2] [D] [thread 17598] Dumping entry 10
Match key:
* hdr.ipv4.dstAddr    : LPM       0a060b02/24
Action entry: MyIngress.set_nhop - 56e8e40a9dbf,3,

[20:41:11.983] [bmv2] [T] [thread 17598] bm_table_add_entry
[20:41:11.983] [bmv2] [D] [thread 17598] Entry 11 added to table 'MyIngress.ipv4_lpm'
[20:41:11.983] [bmv2] [D] [thread 17598] Dumping entry 11
Match key:
* hdr.ipv4.dstAddr    : LPM       0a060c02/24
Action entry: MyIngress.set_nhop - 56e8e40a9dbf,3,

[20:41:11.983] [bmv2] [T] [thread 17598] bm_table_add_entry
[20:41:11.983] [bmv2] [D] [thread 17598] Entry 12 added to table 'MyIngress.ipv4_lpm'
[20:41:11.983] [bmv2] [D] [thread 17598] Dumping entry 12
Match key:
* hdr.ipv4.dstAddr    : LPM       0a070d02/24
Action entry: MyIngress.set_nhop - 56fcfc359377,4,

[20:41:11.983] [bmv2] [T] [thread 17598] bm_table_add_entry
[20:41:11.983] [bmv2] [D] [thread 17598] Entry 13 added to table 'MyIngress.ipv4_lpm'
[20:41:11.983] [bmv2] [D] [thread 17598] Dumping entry 13
Match key:
* hdr.ipv4.dstAddr    : LPM       0a070e02/24
Action entry: MyIngress.set_nhop - 56fcfc359377,4,

[20:41:11.984] [bmv2] [T] [thread 17598] bm_table_add_entry
[20:41:11.984] [bmv2] [D] [thread 17598] Entry 14 added to table 'MyIngress.ipv4_lpm'
[20:41:11.984] [bmv2] [D] [thread 17598] Dumping entry 14
Match key:
* hdr.ipv4.dstAddr    : LPM       0a080f02/24
Action entry: MyIngress.set_nhop - 56fcfc359377,4,

[20:41:11.984] [bmv2] [T] [thread 17598] bm_table_add_entry
[20:41:11.984] [bmv2] [D] [thread 17598] Entry 15 added to table 'MyIngress.ipv4_lpm'
[20:41:11.984] [bmv2] [D] [thread 17598] Dumping entry 15
Match key:
* hdr.ipv4.dstAddr    : LPM       0a081002/24
Action entry: MyIngress.set_nhop - 56fcfc359377,4,

