Calling target program-options parser
[20:41:10.665] [bmv2] [D] [thread 17098] Set default default entry for table 'tbl_loadbalancer167': loadbalancer167 - 
[20:41:10.665] [bmv2] [D] [thread 17098] Set default default entry for table 'MyIngress.ipv4_lpm': MyIngress.drop - 
[20:41:10.665] [bmv2] [D] [thread 17098] Set default default entry for table 'MyIngress.ecmp_group_to_nhop': NoAction - 
[20:41:10.665] [bmv2] [D] [thread 17098] Set default default entry for table 'MyIngress.egress_type': NoAction - 
[20:41:10.665] [bmv2] [D] [thread 17098] Set default default entry for table 'tbl_update_flow_seed': MyIngress.update_flow_seed - 
[20:41:10.665] [bmv2] [D] [thread 17098] Set default default entry for table 'tbl_drop': MyIngress.drop - 
[20:41:10.666] [bmv2] [D] [thread 17098] Set default default entry for table 'tbl_loadbalancer235': loadbalancer235 - 
[20:41:10.666] [bmv2] [D] [thread 17098] Set default default entry for table 'tbl_loadbalancer249': loadbalancer249 - 
[20:41:10.666] [bmv2] [D] [thread 17098] Set default default entry for table 'tbl_loadbalancer254': loadbalancer254 - 
[20:41:10.666] [bmv2] [D] [thread 17098] Set default default entry for table 'tbl_read_feedback_ts': MyEgress.read_feedback_ts - 
[20:41:10.666] [bmv2] [D] [thread 17098] Set default default entry for table 'tbl_loadbalancer265': loadbalancer265 - 
[20:41:10.666] [bmv2] [D] [thread 17098] Set default default entry for table 'tbl_loadbalancer269': loadbalancer269 - 
[20:41:10.666] [bmv2] [D] [thread 17098] Set default default entry for table 'tbl_loadbalancer276': loadbalancer276 - 
[20:41:10.666] [bmv2] [D] [thread 17098] Set default default entry for table 'tbl_loadbalancer287': loadbalancer287 - 
Adding interface s17-eth1 as port 1
[20:41:10.666] [bmv2] [D] [thread 17098] Adding interface s17-eth1 as port 1
Adding interface s17-eth2 as port 2
[20:41:10.667] [bmv2] [D] [thread 17098] Adding interface s17-eth2 as port 2
Adding interface s17-eth3 as port 3
[20:41:10.683] [bmv2] [D] [thread 17098] Adding interface s17-eth3 as port 3
Adding interface s17-eth4 as port 4
[20:41:10.684] [bmv2] [D] [thread 17098] Adding interface s17-eth4 as port 4
[20:41:10.707] [bmv2] [I] [thread 17098] Starting Thrift server on port 9106
[20:41:10.707] [bmv2] [I] [thread 17098] Thrift server was started
[20:41:10.723] [bmv2] [D] [thread 17104] [0.0] [cxt 0] Processing packet received on port 2
[20:41:10.723] [bmv2] [D] [thread 17104] [0.0] [cxt 0] Parser 'parser': start
[20:41:10.723] [bmv2] [D] [thread 17104] [0.0] [cxt 0] Parser 'parser' entering state 'start'
[20:41:10.723] [bmv2] [D] [thread 17104] [0.0] [cxt 0] Extracting header 'ethernet'
[20:41:10.723] [bmv2] [D] [thread 17104] [0.0] [cxt 0] Parser state 'start': key is 86dd
[20:41:10.723] [bmv2] [T] [thread 17104] [0.0] [cxt 0] Bytes parsed: 14
[20:41:10.723] [bmv2] [D] [thread 17104] [0.0] [cxt 0] Parser 'parser': end
[20:41:10.723] [bmv2] [D] [thread 17104] [0.0] [cxt 0] Pipeline 'ingress': start
[20:41:10.723] [bmv2] [T] [thread 17104] [0.0] [cxt 0] /home/wly/p4-learning/exercises/10-Congestion_Aware_Load_Balancing/p4src/loadbalancer.p4(165) Condition "standard_metadata.instance_type == 4" (node_2) is false
[20:41:10.723] [bmv2] [T] [thread 17104] [0.0] [cxt 0] /home/wly/p4-learning/exercises/10-Congestion_Aware_Load_Balancing/p4src/loadbalancer.p4(175) Condition "hdr.ipv4.isValid() && hdr.ipv4.ttl > 1" (node_4) is false
[20:41:10.723] [bmv2] [T] [thread 17104] [0.0] [cxt 0] Applying table 'MyIngress.egress_type'
[20:41:10.723] [bmv2] [D] [thread 17104] [0.0] [cxt 0] Looking up key:
* standard_metadata.egress_spec: 0000

[20:41:10.723] [bmv2] [D] [thread 17104] [0.0] [cxt 0] Table 'MyIngress.egress_type': miss
[20:41:10.723] [bmv2] [D] [thread 17104] [0.0] [cxt 0] Action entry is NoAction - 
[20:41:10.723] [bmv2] [T] [thread 17104] [0.0] [cxt 0] Action NoAction
[20:41:10.723] [bmv2] [T] [thread 17104] [0.0] [cxt 0] /home/wly/p4-learning/exercises/10-Congestion_Aware_Load_Balancing/p4src/loadbalancer.p4(191) Condition "standard_metadata.instance_type == 0 && hdr.ethernet.etherType == TYPE_FEEDBACK && meta.egress_type == TYPE_EGRESS_HOST" (node_8) is false
[20:41:10.723] [bmv2] [D] [thread 17104] [0.0] [cxt 0] Pipeline 'ingress': end
[20:41:10.723] [bmv2] [D] [thread 17104] [0.0] [cxt 0] Egress port is 0
[20:41:10.723] [bmv2] [D] [thread 17105] [0.0] [cxt 0] Pipeline 'egress': start
[20:41:10.723] [bmv2] [T] [thread 17105] [0.0] [cxt 0] /home/wly/p4-learning/exercises/10-Congestion_Aware_Load_Balancing/p4src/loadbalancer.p4(234) Condition "standard_metadata.instance_type == 2" (node_13) is false
[20:41:10.723] [bmv2] [T] [thread 17105] [0.0] [cxt 0] /home/wly/p4-learning/exercises/10-Congestion_Aware_Load_Balancing/p4src/loadbalancer.p4(239) Condition "standard_metadata.instance_type == 0 && hdr.ethernet.etherType != TYPE_FEEDBACK" (node_15) is true
[20:41:10.723] [bmv2] [T] [thread 17105] [0.0] [cxt 0] /home/wly/p4-learning/exercises/10-Congestion_Aware_Load_Balancing/p4src/loadbalancer.p4(241) Condition "hdr.tcp.isValid()" (node_16) is false
[20:41:10.723] [bmv2] [D] [thread 17105] [0.0] [cxt 0] Pipeline 'egress': end
[20:41:10.723] [bmv2] [D] [thread 17105] [0.0] [cxt 0] Deparser 'deparser': start
[20:41:10.723] [bmv2] [T] [thread 17105] [0.0] [cxt 0] Skipping checksum 'cksum' update because condition not met
[20:41:10.723] [bmv2] [D] [thread 17105] [0.0] [cxt 0] Deparsing header 'ethernet'
[20:41:10.723] [bmv2] [D] [thread 17105] [0.0] [cxt 0] Deparser 'deparser': end
[20:41:10.723] [bmv2] [D] [thread 17109] [0.0] [cxt 0] Transmitting packet of size 110 out of port 0
[20:41:10.751] [bmv2] [D] [thread 17104] [1.0] [cxt 0] Processing packet received on port 1
[20:41:10.751] [bmv2] [D] [thread 17104] [1.0] [cxt 0] Parser 'parser': start
[20:41:10.751] [bmv2] [D] [thread 17104] [1.0] [cxt 0] Parser 'parser' entering state 'start'
[20:41:10.751] [bmv2] [D] [thread 17104] [1.0] [cxt 0] Extracting header 'ethernet'
[20:41:10.751] [bmv2] [D] [thread 17104] [1.0] [cxt 0] Parser state 'start': key is 86dd
[20:41:10.751] [bmv2] [T] [thread 17104] [1.0] [cxt 0] Bytes parsed: 14
[20:41:10.751] [bmv2] [D] [thread 17104] [1.0] [cxt 0] Parser 'parser': end
[20:41:10.751] [bmv2] [D] [thread 17104] [1.0] [cxt 0] Pipeline 'ingress': start
[20:41:10.751] [bmv2] [T] [thread 17104] [1.0] [cxt 0] /home/wly/p4-learning/exercises/10-Congestion_Aware_Load_Balancing/p4src/loadbalancer.p4(165) Condition "standard_metadata.instance_type == 4" (node_2) is false
[20:41:10.751] [bmv2] [T] [thread 17104] [1.0] [cxt 0] /home/wly/p4-learning/exercises/10-Congestion_Aware_Load_Balancing/p4src/loadbalancer.p4(175) Condition "hdr.ipv4.isValid() && hdr.ipv4.ttl > 1" (node_4) is false
[20:41:10.751] [bmv2] [T] [thread 17104] [1.0] [cxt 0] Applying table 'MyIngress.egress_type'
[20:41:10.751] [bmv2] [D] [thread 17104] [1.0] [cxt 0] Looking up key:
* standard_metadata.egress_spec: 0000

[20:41:10.751] [bmv2] [D] [thread 17104] [1.0] [cxt 0] Table 'MyIngress.egress_type': miss
[20:41:10.751] [bmv2] [D] [thread 17104] [1.0] [cxt 0] Action entry is NoAction - 
[20:41:10.751] [bmv2] [T] [thread 17104] [1.0] [cxt 0] Action NoAction
[20:41:10.751] [bmv2] [T] [thread 17104] [1.0] [cxt 0] /home/wly/p4-learning/exercises/10-Congestion_Aware_Load_Balancing/p4src/loadbalancer.p4(191) Condition "standard_metadata.instance_type == 0 && hdr.ethernet.etherType == TYPE_FEEDBACK && meta.egress_type == TYPE_EGRESS_HOST" (node_8) is false
[20:41:10.751] [bmv2] [D] [thread 17104] [1.0] [cxt 0] Pipeline 'ingress': end
[20:41:10.751] [bmv2] [D] [thread 17104] [1.0] [cxt 0] Egress port is 0
[20:41:10.751] [bmv2] [D] [thread 17105] [1.0] [cxt 0] Pipeline 'egress': start
[20:41:10.751] [bmv2] [T] [thread 17105] [1.0] [cxt 0] /home/wly/p4-learning/exercises/10-Congestion_Aware_Load_Balancing/p4src/loadbalancer.p4(234) Condition "standard_metadata.instance_type == 2" (node_13) is false
[20:41:10.751] [bmv2] [T] [thread 17105] [1.0] [cxt 0] /home/wly/p4-learning/exercises/10-Congestion_Aware_Load_Balancing/p4src/loadbalancer.p4(239) Condition "standard_metadata.instance_type == 0 && hdr.ethernet.etherType != TYPE_FEEDBACK" (node_15) is true
[20:41:10.751] [bmv2] [T] [thread 17105] [1.0] [cxt 0] /home/wly/p4-learning/exercises/10-Congestion_Aware_Load_Balancing/p4src/loadbalancer.p4(241) Condition "hdr.tcp.isValid()" (node_16) is false
[20:41:10.751] [bmv2] [D] [thread 17105] [1.0] [cxt 0] Pipeline 'egress': end
[20:41:10.751] [bmv2] [D] [thread 17105] [1.0] [cxt 0] Deparser 'deparser': start
[20:41:10.751] [bmv2] [T] [thread 17105] [1.0] [cxt 0] Skipping checksum 'cksum' update because condition not met
[20:41:10.751] [bmv2] [D] [thread 17105] [1.0] [cxt 0] Deparsing header 'ethernet'
[20:41:10.751] [bmv2] [D] [thread 17105] [1.0] [cxt 0] Deparser 'deparser': end
[20:41:10.751] [bmv2] [D] [thread 17109] [1.0] [cxt 0] Transmitting packet of size 110 out of port 0
[20:41:10.760] [bmv2] [D] [thread 17104] [2.0] [cxt 0] Processing packet received on port 4
[20:41:10.760] [bmv2] [D] [thread 17104] [2.0] [cxt 0] Parser 'parser': start
[20:41:10.760] [bmv2] [D] [thread 17104] [2.0] [cxt 0] Parser 'parser' entering state 'start'
[20:41:10.760] [bmv2] [D] [thread 17104] [2.0] [cxt 0] Extracting header 'ethernet'
[20:41:10.760] [bmv2] [D] [thread 17104] [2.0] [cxt 0] Parser state 'start': key is 86dd
[20:41:10.760] [bmv2] [T] [thread 17104] [2.0] [cxt 0] Bytes parsed: 14
[20:41:10.760] [bmv2] [D] [thread 17104] [2.0] [cxt 0] Parser 'parser': end
[20:41:10.760] [bmv2] [D] [thread 17104] [2.0] [cxt 0] Pipeline 'ingress': start
[20:41:10.760] [bmv2] [T] [thread 17104] [2.0] [cxt 0] /home/wly/p4-learning/exercises/10-Congestion_Aware_Load_Balancing/p4src/loadbalancer.p4(165) Condition "standard_metadata.instance_type == 4" (node_2) is false
[20:41:10.760] [bmv2] [T] [thread 17104] [2.0] [cxt 0] /home/wly/p4-learning/exercises/10-Congestion_Aware_Load_Balancing/p4src/loadbalancer.p4(175) Condition "hdr.ipv4.isValid() && hdr.ipv4.ttl > 1" (node_4) is false
[20:41:10.760] [bmv2] [T] [thread 17104] [2.0] [cxt 0] Applying table 'MyIngress.egress_type'
[20:41:10.760] [bmv2] [D] [thread 17104] [2.0] [cxt 0] Looking up key:
* standard_metadata.egress_spec: 0000

[20:41:10.760] [bmv2] [D] [thread 17104] [2.0] [cxt 0] Table 'MyIngress.egress_type': miss
[20:41:10.760] [bmv2] [D] [thread 17104] [2.0] [cxt 0] Action entry is NoAction - 
[20:41:10.760] [bmv2] [T] [thread 17104] [2.0] [cxt 0] Action NoAction
[20:41:10.760] [bmv2] [T] [thread 17104] [2.0] [cxt 0] /home/wly/p4-learning/exercises/10-Congestion_Aware_Load_Balancing/p4src/loadbalancer.p4(191) Condition "standard_metadata.instance_type == 0 && hdr.ethernet.etherType == TYPE_FEEDBACK && meta.egress_type == TYPE_EGRESS_HOST" (node_8) is false
[20:41:10.760] [bmv2] [D] [thread 17104] [2.0] [cxt 0] Pipeline 'ingress': end
[20:41:10.760] [bmv2] [D] [thread 17104] [2.0] [cxt 0] Egress port is 0
[20:41:10.760] [bmv2] [D] [thread 17105] [2.0] [cxt 0] Pipeline 'egress': start
[20:41:10.760] [bmv2] [T] [thread 17105] [2.0] [cxt 0] /home/wly/p4-learning/exercises/10-Congestion_Aware_Load_Balancing/p4src/loadbalancer.p4(234) Condition "standard_metadata.instance_type == 2" (node_13) is false
[20:41:10.760] [bmv2] [T] [thread 17105] [2.0] [cxt 0] /home/wly/p4-learning/exercises/10-Congestion_Aware_Load_Balancing/p4src/loadbalancer.p4(239) Condition "standard_metadata.instance_type == 0 && hdr.ethernet.etherType != TYPE_FEEDBACK" (node_15) is true
[20:41:10.760] [bmv2] [T] [thread 17105] [2.0] [cxt 0] /home/wly/p4-learning/exercises/10-Congestion_Aware_Load_Balancing/p4src/loadbalancer.p4(241) Condition "hdr.tcp.isValid()" (node_16) is false
[20:41:10.760] [bmv2] [D] [thread 17105] [2.0] [cxt 0] Pipeline 'egress': end
[20:41:10.760] [bmv2] [D] [thread 17105] [2.0] [cxt 0] Deparser 'deparser': start
[20:41:10.760] [bmv2] [T] [thread 17105] [2.0] [cxt 0] Skipping checksum 'cksum' update because condition not met
[20:41:10.760] [bmv2] [D] [thread 17105] [2.0] [cxt 0] Deparsing header 'ethernet'
[20:41:10.760] [bmv2] [D] [thread 17105] [2.0] [cxt 0] Deparser 'deparser': end
[20:41:10.760] [bmv2] [D] [thread 17109] [2.0] [cxt 0] Transmitting packet of size 203 out of port 0
[20:41:10.763] [bmv2] [D] [thread 17104] [3.0] [cxt 0] Processing packet received on port 2
[20:41:10.763] [bmv2] [D] [thread 17104] [3.0] [cxt 0] Parser 'parser': start
[20:41:10.763] [bmv2] [D] [thread 17104] [3.0] [cxt 0] Parser 'parser' entering state 'start'
[20:41:10.763] [bmv2] [D] [thread 17104] [3.0] [cxt 0] Extracting header 'ethernet'
[20:41:10.763] [bmv2] [D] [thread 17104] [3.0] [cxt 0] Parser state 'start': key is 86dd
[20:41:10.763] [bmv2] [T] [thread 17104] [3.0] [cxt 0] Bytes parsed: 14
[20:41:10.763] [bmv2] [D] [thread 17104] [3.0] [cxt 0] Parser 'parser': end
[20:41:10.763] [bmv2] [D] [thread 17104] [3.0] [cxt 0] Pipeline 'ingress': start
[20:41:10.763] [bmv2] [T] [thread 17104] [3.0] [cxt 0] /home/wly/p4-learning/exercises/10-Congestion_Aware_Load_Balancing/p4src/loadbalancer.p4(165) Condition "standard_metadata.instance_type == 4" (node_2) is false
[20:41:10.763] [bmv2] [T] [thread 17104] [3.0] [cxt 0] /home/wly/p4-learning/exercises/10-Congestion_Aware_Load_Balancing/p4src/loadbalancer.p4(175) Condition "hdr.ipv4.isValid() && hdr.ipv4.ttl > 1" (node_4) is false
[20:41:10.763] [bmv2] [T] [thread 17104] [3.0] [cxt 0] Applying table 'MyIngress.egress_type'
[20:41:10.763] [bmv2] [D] [thread 17104] [3.0] [cxt 0] Looking up key:
* standard_metadata.egress_spec: 0000

[20:41:10.763] [bmv2] [D] [thread 17104] [3.0] [cxt 0] Table 'MyIngress.egress_type': miss
[20:41:10.763] [bmv2] [D] [thread 17104] [3.0] [cxt 0] Action entry is NoAction - 
[20:41:10.763] [bmv2] [T] [thread 17104] [3.0] [cxt 0] Action NoAction
[20:41:10.763] [bmv2] [T] [thread 17104] [3.0] [cxt 0] /home/wly/p4-learning/exercises/10-Congestion_Aware_Load_Balancing/p4src/loadbalancer.p4(191) Condition "standard_metadata.instance_type == 0 && hdr.ethernet.etherType == TYPE_FEEDBACK && meta.egress_type == TYPE_EGRESS_HOST" (node_8) is false
[20:41:10.763] [bmv2] [D] [thread 17104] [3.0] [cxt 0] Pipeline 'ingress': end
[20:41:10.763] [bmv2] [D] [thread 17104] [3.0] [cxt 0] Egress port is 0
[20:41:10.763] [bmv2] [D] [thread 17105] [3.0] [cxt 0] Pipeline 'egress': start
[20:41:10.763] [bmv2] [T] [thread 17105] [3.0] [cxt 0] /home/wly/p4-learning/exercises/10-Congestion_Aware_Load_Balancing/p4src/loadbalancer.p4(234) Condition "standard_metadata.instance_type == 2" (node_13) is false
[20:41:10.763] [bmv2] [T] [thread 17105] [3.0] [cxt 0] /home/wly/p4-learning/exercises/10-Congestion_Aware_Load_Balancing/p4src/loadbalancer.p4(239) Condition "standard_metadata.instance_type == 0 && hdr.ethernet.etherType != TYPE_FEEDBACK" (node_15) is true
[20:41:10.763] [bmv2] [T] [thread 17105] [3.0] [cxt 0] /home/wly/p4-learning/exercises/10-Congestion_Aware_Load_Balancing/p4src/loadbalancer.p4(241) Condition "hdr.tcp.isValid()" (node_16) is false
[20:41:10.763] [bmv2] [D] [thread 17105] [3.0] [cxt 0] Pipeline 'egress': end
[20:41:10.763] [bmv2] [D] [thread 17105] [3.0] [cxt 0] Deparser 'deparser': start
[20:41:10.763] [bmv2] [T] [thread 17105] [3.0] [cxt 0] Skipping checksum 'cksum' update because condition not met
[20:41:10.763] [bmv2] [D] [thread 17105] [3.0] [cxt 0] Deparsing header 'ethernet'
[20:41:10.763] [bmv2] [D] [thread 17105] [3.0] [cxt 0] Deparser 'deparser': end
[20:41:10.763] [bmv2] [D] [thread 17109] [3.0] [cxt 0] Transmitting packet of size 213 out of port 0
[20:41:10.767] [bmv2] [D] [thread 17104] [4.0] [cxt 0] Processing packet received on port 3
[20:41:10.767] [bmv2] [D] [thread 17104] [4.0] [cxt 0] Parser 'parser': start
[20:41:10.767] [bmv2] [D] [thread 17104] [4.0] [cxt 0] Parser 'parser' entering state 'start'
[20:41:10.767] [bmv2] [D] [thread 17104] [4.0] [cxt 0] Extracting header 'ethernet'
[20:41:10.767] [bmv2] [D] [thread 17104] [4.0] [cxt 0] Parser state 'start': key is 86dd
[20:41:10.767] [bmv2] [T] [thread 17104] [4.0] [cxt 0] Bytes parsed: 14
[20:41:10.767] [bmv2] [D] [thread 17104] [4.0] [cxt 0] Parser 'parser': end
[20:41:10.767] [bmv2] [D] [thread 17104] [4.0] [cxt 0] Pipeline 'ingress': start
[20:41:10.767] [bmv2] [T] [thread 17104] [4.0] [cxt 0] /home/wly/p4-learning/exercises/10-Congestion_Aware_Load_Balancing/p4src/loadbalancer.p4(165) Condition "standard_metadata.instance_type == 4" (node_2) is false
[20:41:10.767] [bmv2] [T] [thread 17104] [4.0] [cxt 0] /home/wly/p4-learning/exercises/10-Congestion_Aware_Load_Balancing/p4src/loadbalancer.p4(175) Condition "hdr.ipv4.isValid() && hdr.ipv4.ttl > 1" (node_4) is false
[20:41:10.767] [bmv2] [T] [thread 17104] [4.0] [cxt 0] Applying table 'MyIngress.egress_type'
[20:41:10.768] [bmv2] [D] [thread 17104] [4.0] [cxt 0] Looking up key:
* standard_metadata.egress_spec: 0000

[20:41:10.768] [bmv2] [D] [thread 17104] [4.0] [cxt 0] Table 'MyIngress.egress_type': miss
[20:41:10.768] [bmv2] [D] [thread 17104] [4.0] [cxt 0] Action entry is NoAction - 
[20:41:10.768] [bmv2] [T] [thread 17104] [4.0] [cxt 0] Action NoAction
[20:41:10.768] [bmv2] [T] [thread 17104] [4.0] [cxt 0] /home/wly/p4-learning/exercises/10-Congestion_Aware_Load_Balancing/p4src/loadbalancer.p4(191) Condition "standard_metadata.instance_type == 0 && hdr.ethernet.etherType == TYPE_FEEDBACK && meta.egress_type == TYPE_EGRESS_HOST" (node_8) is false
[20:41:10.768] [bmv2] [D] [thread 17104] [4.0] [cxt 0] Pipeline 'ingress': end
[20:41:10.769] [bmv2] [D] [thread 17104] [4.0] [cxt 0] Egress port is 0
[20:41:10.769] [bmv2] [D] [thread 17105] [4.0] [cxt 0] Pipeline 'egress': start
[20:41:10.769] [bmv2] [T] [thread 17105] [4.0] [cxt 0] /home/wly/p4-learning/exercises/10-Congestion_Aware_Load_Balancing/p4src/loadbalancer.p4(234) Condition "standard_metadata.instance_type == 2" (node_13) is false
[20:41:10.769] [bmv2] [T] [thread 17105] [4.0] [cxt 0] /home/wly/p4-learning/exercises/10-Congestion_Aware_Load_Balancing/p4src/loadbalancer.p4(239) Condition "standard_metadata.instance_type == 0 && hdr.ethernet.etherType != TYPE_FEEDBACK" (node_15) is true
[20:41:10.769] [bmv2] [T] [thread 17105] [4.0] [cxt 0] /home/wly/p4-learning/exercises/10-Congestion_Aware_Load_Balancing/p4src/loadbalancer.p4(241) Condition "hdr.tcp.isValid()" (node_16) is false
[20:41:10.769] [bmv2] [D] [thread 17105] [4.0] [cxt 0] Pipeline 'egress': end
[20:41:10.769] [bmv2] [D] [thread 17105] [4.0] [cxt 0] Deparser 'deparser': start
[20:41:10.769] [bmv2] [T] [thread 17105] [4.0] [cxt 0] Skipping checksum 'cksum' update because condition not met
[20:41:10.769] [bmv2] [D] [thread 17105] [4.0] [cxt 0] Deparsing header 'ethernet'
[20:41:10.769] [bmv2] [D] [thread 17105] [4.0] [cxt 0] Deparser 'deparser': end
[20:41:10.769] [bmv2] [D] [thread 17109] [4.0] [cxt 0] Transmitting packet of size 201 out of port 0
[20:41:10.783] [bmv2] [D] [thread 17104] [5.0] [cxt 0] Processing packet received on port 3
[20:41:10.783] [bmv2] [D] [thread 17104] [5.0] [cxt 0] Parser 'parser': start
[20:41:10.783] [bmv2] [D] [thread 17104] [5.0] [cxt 0] Parser 'parser' entering state 'start'
[20:41:10.783] [bmv2] [D] [thread 17104] [5.0] [cxt 0] Extracting header 'ethernet'
[20:41:10.783] [bmv2] [D] [thread 17104] [5.0] [cxt 0] Parser state 'start': key is 86dd
[20:41:10.783] [bmv2] [T] [thread 17104] [5.0] [cxt 0] Bytes parsed: 14
[20:41:10.783] [bmv2] [D] [thread 17104] [5.0] [cxt 0] Parser 'parser': end
[20:41:10.783] [bmv2] [D] [thread 17104] [5.0] [cxt 0] Pipeline 'ingress': start
[20:41:10.783] [bmv2] [T] [thread 17104] [5.0] [cxt 0] /home/wly/p4-learning/exercises/10-Congestion_Aware_Load_Balancing/p4src/loadbalancer.p4(165) Condition "standard_metadata.instance_type == 4" (node_2) is false
[20:41:10.783] [bmv2] [T] [thread 17104] [5.0] [cxt 0] /home/wly/p4-learning/exercises/10-Congestion_Aware_Load_Balancing/p4src/loadbalancer.p4(175) Condition "hdr.ipv4.isValid() && hdr.ipv4.ttl > 1" (node_4) is false
[20:41:10.783] [bmv2] [T] [thread 17104] [5.0] [cxt 0] Applying table 'MyIngress.egress_type'
[20:41:10.783] [bmv2] [D] [thread 17104] [5.0] [cxt 0] Looking up key:
* standard_metadata.egress_spec: 0000

[20:41:10.783] [bmv2] [D] [thread 17104] [5.0] [cxt 0] Table 'MyIngress.egress_type': miss
[20:41:10.783] [bmv2] [D] [thread 17104] [5.0] [cxt 0] Action entry is NoAction - 
[20:41:10.783] [bmv2] [T] [thread 17104] [5.0] [cxt 0] Action NoAction
[20:41:10.783] [bmv2] [T] [thread 17104] [5.0] [cxt 0] /home/wly/p4-learning/exercises/10-Congestion_Aware_Load_Balancing/p4src/loadbalancer.p4(191) Condition "standard_metadata.instance_type == 0 && hdr.ethernet.etherType == TYPE_FEEDBACK && meta.egress_type == TYPE_EGRESS_HOST" (node_8) is false
[20:41:10.783] [bmv2] [D] [thread 17104] [5.0] [cxt 0] Pipeline 'ingress': end
[20:41:10.783] [bmv2] [D] [thread 17104] [5.0] [cxt 0] Egress port is 0
[20:41:10.783] [bmv2] [D] [thread 17105] [5.0] [cxt 0] Pipeline 'egress': start
[20:41:10.783] [bmv2] [T] [thread 17105] [5.0] [cxt 0] /home/wly/p4-learning/exercises/10-Congestion_Aware_Load_Balancing/p4src/loadbalancer.p4(234) Condition "standard_metadata.instance_type == 2" (node_13) is false
[20:41:10.783] [bmv2] [T] [thread 17105] [5.0] [cxt 0] /home/wly/p4-learning/exercises/10-Congestion_Aware_Load_Balancing/p4src/loadbalancer.p4(239) Condition "standard_metadata.instance_type == 0 && hdr.ethernet.etherType != TYPE_FEEDBACK" (node_15) is true
[20:41:10.783] [bmv2] [T] [thread 17105] [5.0] [cxt 0] /home/wly/p4-learning/exercises/10-Congestion_Aware_Load_Balancing/p4src/loadbalancer.p4(241) Condition "hdr.tcp.isValid()" (node_16) is false
[20:41:10.783] [bmv2] [D] [thread 17105] [5.0] [cxt 0] Pipeline 'egress': end
[20:41:10.783] [bmv2] [D] [thread 17105] [5.0] [cxt 0] Deparser 'deparser': start
[20:41:10.783] [bmv2] [T] [thread 17105] [5.0] [cxt 0] Skipping checksum 'cksum' update because condition not met
[20:41:10.783] [bmv2] [D] [thread 17105] [5.0] [cxt 0] Deparsing header 'ethernet'
[20:41:10.783] [bmv2] [D] [thread 17105] [5.0] [cxt 0] Deparser 'deparser': end
[20:41:10.783] [bmv2] [D] [thread 17109] [5.0] [cxt 0] Transmitting packet of size 90 out of port 0
[20:41:10.800] [bmv2] [D] [thread 17104] [6.0] [cxt 0] Processing packet received on port 1
[20:41:10.800] [bmv2] [D] [thread 17104] [6.0] [cxt 0] Parser 'parser': start
[20:41:10.800] [bmv2] [D] [thread 17104] [6.0] [cxt 0] Parser 'parser' entering state 'start'
[20:41:10.800] [bmv2] [D] [thread 17104] [6.0] [cxt 0] Extracting header 'ethernet'
[20:41:10.800] [bmv2] [D] [thread 17104] [6.0] [cxt 0] Parser state 'start': key is 86dd
[20:41:10.800] [bmv2] [T] [thread 17104] [6.0] [cxt 0] Bytes parsed: 14
[20:41:10.800] [bmv2] [D] [thread 17104] [6.0] [cxt 0] Parser 'parser': end
[20:41:10.800] [bmv2] [D] [thread 17104] [6.0] [cxt 0] Pipeline 'ingress': start
[20:41:10.800] [bmv2] [T] [thread 17104] [6.0] [cxt 0] /home/wly/p4-learning/exercises/10-Congestion_Aware_Load_Balancing/p4src/loadbalancer.p4(165) Condition "standard_metadata.instance_type == 4" (node_2) is false
[20:41:10.800] [bmv2] [T] [thread 17104] [6.0] [cxt 0] /home/wly/p4-learning/exercises/10-Congestion_Aware_Load_Balancing/p4src/loadbalancer.p4(175) Condition "hdr.ipv4.isValid() && hdr.ipv4.ttl > 1" (node_4) is false
[20:41:10.800] [bmv2] [T] [thread 17104] [6.0] [cxt 0] Applying table 'MyIngress.egress_type'
[20:41:10.800] [bmv2] [D] [thread 17104] [6.0] [cxt 0] Looking up key:
* standard_metadata.egress_spec: 0000

[20:41:10.800] [bmv2] [D] [thread 17104] [6.0] [cxt 0] Table 'MyIngress.egress_type': miss
[20:41:10.800] [bmv2] [D] [thread 17104] [6.0] [cxt 0] Action entry is NoAction - 
[20:41:10.800] [bmv2] [T] [thread 17104] [6.0] [cxt 0] Action NoAction
[20:41:10.800] [bmv2] [T] [thread 17104] [6.0] [cxt 0] /home/wly/p4-learning/exercises/10-Congestion_Aware_Load_Balancing/p4src/loadbalancer.p4(191) Condition "standard_metadata.instance_type == 0 && hdr.ethernet.etherType == TYPE_FEEDBACK && meta.egress_type == TYPE_EGRESS_HOST" (node_8) is false
[20:41:10.800] [bmv2] [D] [thread 17104] [6.0] [cxt 0] Pipeline 'ingress': end
[20:41:10.800] [bmv2] [D] [thread 17104] [6.0] [cxt 0] Egress port is 0
[20:41:10.800] [bmv2] [D] [thread 17105] [6.0] [cxt 0] Pipeline 'egress': start
[20:41:10.800] [bmv2] [T] [thread 17105] [6.0] [cxt 0] /home/wly/p4-learning/exercises/10-Congestion_Aware_Load_Balancing/p4src/loadbalancer.p4(234) Condition "standard_metadata.instance_type == 2" (node_13) is false
[20:41:10.800] [bmv2] [T] [thread 17105] [6.0] [cxt 0] /home/wly/p4-learning/exercises/10-Congestion_Aware_Load_Balancing/p4src/loadbalancer.p4(239) Condition "standard_metadata.instance_type == 0 && hdr.ethernet.etherType != TYPE_FEEDBACK" (node_15) is true
[20:41:10.800] [bmv2] [T] [thread 17105] [6.0] [cxt 0] /home/wly/p4-learning/exercises/10-Congestion_Aware_Load_Balancing/p4src/loadbalancer.p4(241) Condition "hdr.tcp.isValid()" (node_16) is false
[20:41:10.800] [bmv2] [D] [thread 17105] [6.0] [cxt 0] Pipeline 'egress': end
[20:41:10.800] [bmv2] [D] [thread 17105] [6.0] [cxt 0] Deparser 'deparser': start
[20:41:10.800] [bmv2] [T] [thread 17105] [6.0] [cxt 0] Skipping checksum 'cksum' update because condition not met
[20:41:10.800] [bmv2] [D] [thread 17105] [6.0] [cxt 0] Deparsing header 'ethernet'
[20:41:10.800] [bmv2] [D] [thread 17105] [6.0] [cxt 0] Deparser 'deparser': end
[20:41:10.800] [bmv2] [D] [thread 17109] [6.0] [cxt 0] Transmitting packet of size 201 out of port 0
[20:41:10.843] [bmv2] [D] [thread 17104] [7.0] [cxt 0] Processing packet received on port 1
[20:41:10.843] [bmv2] [D] [thread 17104] [7.0] [cxt 0] Parser 'parser': start
[20:41:10.843] [bmv2] [D] [thread 17104] [7.0] [cxt 0] Parser 'parser' entering state 'start'
[20:41:10.843] [bmv2] [D] [thread 17104] [7.0] [cxt 0] Extracting header 'ethernet'
[20:41:10.843] [bmv2] [D] [thread 17104] [7.0] [cxt 0] Parser state 'start': key is 86dd
[20:41:10.843] [bmv2] [T] [thread 17104] [7.0] [cxt 0] Bytes parsed: 14
[20:41:10.843] [bmv2] [D] [thread 17104] [7.0] [cxt 0] Parser 'parser': end
[20:41:10.843] [bmv2] [D] [thread 17104] [7.0] [cxt 0] Pipeline 'ingress': start
[20:41:10.843] [bmv2] [T] [thread 17104] [7.0] [cxt 0] /home/wly/p4-learning/exercises/10-Congestion_Aware_Load_Balancing/p4src/loadbalancer.p4(165) Condition "standard_metadata.instance_type == 4" (node_2) is false
[20:41:10.843] [bmv2] [T] [thread 17104] [7.0] [cxt 0] /home/wly/p4-learning/exercises/10-Congestion_Aware_Load_Balancing/p4src/loadbalancer.p4(175) Condition "hdr.ipv4.isValid() && hdr.ipv4.ttl > 1" (node_4) is false
[20:41:10.843] [bmv2] [T] [thread 17104] [7.0] [cxt 0] Applying table 'MyIngress.egress_type'
[20:41:10.843] [bmv2] [D] [thread 17104] [7.0] [cxt 0] Looking up key:
* standard_metadata.egress_spec: 0000

[20:41:10.843] [bmv2] [D] [thread 17104] [7.0] [cxt 0] Table 'MyIngress.egress_type': miss
[20:41:10.843] [bmv2] [D] [thread 17104] [7.0] [cxt 0] Action entry is NoAction - 
[20:41:10.843] [bmv2] [T] [thread 17104] [7.0] [cxt 0] Action NoAction
[20:41:10.843] [bmv2] [T] [thread 17104] [7.0] [cxt 0] /home/wly/p4-learning/exercises/10-Congestion_Aware_Load_Balancing/p4src/loadbalancer.p4(191) Condition "standard_metadata.instance_type == 0 && hdr.ethernet.etherType == TYPE_FEEDBACK && meta.egress_type == TYPE_EGRESS_HOST" (node_8) is false
[20:41:10.843] [bmv2] [D] [thread 17104] [7.0] [cxt 0] Pipeline 'ingress': end
[20:41:10.843] [bmv2] [D] [thread 17104] [7.0] [cxt 0] Egress port is 0
[20:41:10.843] [bmv2] [D] [thread 17105] [7.0] [cxt 0] Pipeline 'egress': start
[20:41:10.843] [bmv2] [T] [thread 17105] [7.0] [cxt 0] /home/wly/p4-learning/exercises/10-Congestion_Aware_Load_Balancing/p4src/loadbalancer.p4(234) Condition "standard_metadata.instance_type == 2" (node_13) is false
[20:41:10.843] [bmv2] [T] [thread 17105] [7.0] [cxt 0] /home/wly/p4-learning/exercises/10-Congestion_Aware_Load_Balancing/p4src/loadbalancer.p4(239) Condition "standard_metadata.instance_type == 0 && hdr.ethernet.etherType != TYPE_FEEDBACK" (node_15) is true
[20:41:10.843] [bmv2] [T] [thread 17105] [7.0] [cxt 0] /home/wly/p4-learning/exercises/10-Congestion_Aware_Load_Balancing/p4src/loadbalancer.p4(241) Condition "hdr.tcp.isValid()" (node_16) is false
[20:41:10.843] [bmv2] [D] [thread 17105] [7.0] [cxt 0] Pipeline 'egress': end
[20:41:10.843] [bmv2] [D] [thread 17105] [7.0] [cxt 0] Deparser 'deparser': start
[20:41:10.843] [bmv2] [T] [thread 17105] [7.0] [cxt 0] Skipping checksum 'cksum' update because condition not met
[20:41:10.843] [bmv2] [D] [thread 17105] [7.0] [cxt 0] Deparsing header 'ethernet'
[20:41:10.843] [bmv2] [D] [thread 17105] [7.0] [cxt 0] Deparser 'deparser': end
[20:41:10.843] [bmv2] [D] [thread 17109] [7.0] [cxt 0] Transmitting packet of size 90 out of port 0
[20:41:10.856] [bmv2] [D] [thread 17104] [8.0] [cxt 0] Processing packet received on port 1
[20:41:10.857] [bmv2] [D] [thread 17104] [8.0] [cxt 0] Parser 'parser': start
[20:41:10.857] [bmv2] [D] [thread 17104] [8.0] [cxt 0] Parser 'parser' entering state 'start'
[20:41:10.857] [bmv2] [D] [thread 17104] [8.0] [cxt 0] Extracting header 'ethernet'
[20:41:10.857] [bmv2] [D] [thread 17104] [8.0] [cxt 0] Parser state 'start': key is 86dd
[20:41:10.857] [bmv2] [T] [thread 17104] [8.0] [cxt 0] Bytes parsed: 14
[20:41:10.857] [bmv2] [D] [thread 17104] [8.0] [cxt 0] Parser 'parser': end
[20:41:10.857] [bmv2] [D] [thread 17104] [8.0] [cxt 0] Pipeline 'ingress': start
[20:41:10.857] [bmv2] [T] [thread 17104] [8.0] [cxt 0] /home/wly/p4-learning/exercises/10-Congestion_Aware_Load_Balancing/p4src/loadbalancer.p4(165) Condition "standard_metadata.instance_type == 4" (node_2) is false
[20:41:10.857] [bmv2] [T] [thread 17104] [8.0] [cxt 0] /home/wly/p4-learning/exercises/10-Congestion_Aware_Load_Balancing/p4src/loadbalancer.p4(175) Condition "hdr.ipv4.isValid() && hdr.ipv4.ttl > 1" (node_4) is false
[20:41:10.857] [bmv2] [T] [thread 17104] [8.0] [cxt 0] Applying table 'MyIngress.egress_type'
[20:41:10.857] [bmv2] [D] [thread 17104] [8.0] [cxt 0] Looking up key:
* standard_metadata.egress_spec: 0000

[20:41:10.857] [bmv2] [D] [thread 17104] [8.0] [cxt 0] Table 'MyIngress.egress_type': miss
[20:41:10.857] [bmv2] [D] [thread 17104] [8.0] [cxt 0] Action entry is NoAction - 
[20:41:10.857] [bmv2] [T] [thread 17104] [8.0] [cxt 0] Action NoAction
[20:41:10.857] [bmv2] [T] [thread 17104] [8.0] [cxt 0] /home/wly/p4-learning/exercises/10-Congestion_Aware_Load_Balancing/p4src/loadbalancer.p4(191) Condition "standard_metadata.instance_type == 0 && hdr.ethernet.etherType == TYPE_FEEDBACK && meta.egress_type == TYPE_EGRESS_HOST" (node_8) is false
[20:41:10.857] [bmv2] [D] [thread 17104] [8.0] [cxt 0] Pipeline 'ingress': end
[20:41:10.857] [bmv2] [D] [thread 17104] [8.0] [cxt 0] Egress port is 0
[20:41:10.857] [bmv2] [D] [thread 17105] [8.0] [cxt 0] Pipeline 'egress': start
[20:41:10.857] [bmv2] [T] [thread 17105] [8.0] [cxt 0] /home/wly/p4-learning/exercises/10-Congestion_Aware_Load_Balancing/p4src/loadbalancer.p4(234) Condition "standard_metadata.instance_type == 2" (node_13) is false
[20:41:10.857] [bmv2] [T] [thread 17105] [8.0] [cxt 0] /home/wly/p4-learning/exercises/10-Congestion_Aware_Load_Balancing/p4src/loadbalancer.p4(239) Condition "standard_metadata.instance_type == 0 && hdr.ethernet.etherType != TYPE_FEEDBACK" (node_15) is true
[20:41:10.857] [bmv2] [T] [thread 17105] [8.0] [cxt 0] /home/wly/p4-learning/exercises/10-Congestion_Aware_Load_Balancing/p4src/loadbalancer.p4(241) Condition "hdr.tcp.isValid()" (node_16) is false
[20:41:10.857] [bmv2] [D] [thread 17105] [8.0] [cxt 0] Pipeline 'egress': end
[20:41:10.857] [bmv2] [D] [thread 17105] [8.0] [cxt 0] Deparser 'deparser': start
[20:41:10.857] [bmv2] [T] [thread 17105] [8.0] [cxt 0] Skipping checksum 'cksum' update because condition not met
[20:41:10.857] [bmv2] [D] [thread 17105] [8.0] [cxt 0] Deparsing header 'ethernet'
[20:41:10.857] [bmv2] [D] [thread 17105] [8.0] [cxt 0] Deparser 'deparser': end
[20:41:10.857] [bmv2] [D] [thread 17109] [8.0] [cxt 0] Transmitting packet of size 213 out of port 0
[20:41:10.911] [bmv2] [D] [thread 17104] [9.0] [cxt 0] Processing packet received on port 1
[20:41:10.911] [bmv2] [D] [thread 17104] [9.0] [cxt 0] Parser 'parser': start
[20:41:10.911] [bmv2] [D] [thread 17104] [9.0] [cxt 0] Parser 'parser' entering state 'start'
[20:41:10.911] [bmv2] [D] [thread 17104] [9.0] [cxt 0] Extracting header 'ethernet'
[20:41:10.911] [bmv2] [D] [thread 17104] [9.0] [cxt 0] Parser state 'start': key is 86dd
[20:41:10.911] [bmv2] [T] [thread 17104] [9.0] [cxt 0] Bytes parsed: 14
[20:41:10.911] [bmv2] [D] [thread 17104] [9.0] [cxt 0] Parser 'parser': end
[20:41:10.911] [bmv2] [D] [thread 17104] [9.0] [cxt 0] Pipeline 'ingress': start
[20:41:10.911] [bmv2] [T] [thread 17104] [9.0] [cxt 0] /home/wly/p4-learning/exercises/10-Congestion_Aware_Load_Balancing/p4src/loadbalancer.p4(165) Condition "standard_metadata.instance_type == 4" (node_2) is false
[20:41:10.911] [bmv2] [T] [thread 17104] [9.0] [cxt 0] /home/wly/p4-learning/exercises/10-Congestion_Aware_Load_Balancing/p4src/loadbalancer.p4(175) Condition "hdr.ipv4.isValid() && hdr.ipv4.ttl > 1" (node_4) is false
[20:41:10.911] [bmv2] [T] [thread 17104] [9.0] [cxt 0] Applying table 'MyIngress.egress_type'
[20:41:10.911] [bmv2] [D] [thread 17104] [9.0] [cxt 0] Looking up key:
* standard_metadata.egress_spec: 0000

[20:41:10.911] [bmv2] [D] [thread 17104] [9.0] [cxt 0] Table 'MyIngress.egress_type': miss
[20:41:10.911] [bmv2] [D] [thread 17104] [9.0] [cxt 0] Action entry is NoAction - 
[20:41:10.911] [bmv2] [T] [thread 17104] [9.0] [cxt 0] Action NoAction
[20:41:10.911] [bmv2] [T] [thread 17104] [9.0] [cxt 0] /home/wly/p4-learning/exercises/10-Congestion_Aware_Load_Balancing/p4src/loadbalancer.p4(191) Condition "standard_metadata.instance_type == 0 && hdr.ethernet.etherType == TYPE_FEEDBACK && meta.egress_type == TYPE_EGRESS_HOST" (node_8) is false
[20:41:10.911] [bmv2] [D] [thread 17104] [9.0] [cxt 0] Pipeline 'ingress': end
[20:41:10.911] [bmv2] [D] [thread 17104] [9.0] [cxt 0] Egress port is 0
[20:41:10.911] [bmv2] [D] [thread 17105] [9.0] [cxt 0] Pipeline 'egress': start
[20:41:10.911] [bmv2] [T] [thread 17105] [9.0] [cxt 0] /home/wly/p4-learning/exercises/10-Congestion_Aware_Load_Balancing/p4src/loadbalancer.p4(234) Condition "standard_metadata.instance_type == 2" (node_13) is false
[20:41:10.911] [bmv2] [T] [thread 17105] [9.0] [cxt 0] /home/wly/p4-learning/exercises/10-Congestion_Aware_Load_Balancing/p4src/loadbalancer.p4(239) Condition "standard_metadata.instance_type == 0 && hdr.ethernet.etherType != TYPE_FEEDBACK" (node_15) is true
[20:41:10.911] [bmv2] [T] [thread 17105] [9.0] [cxt 0] /home/wly/p4-learning/exercises/10-Congestion_Aware_Load_Balancing/p4src/loadbalancer.p4(241) Condition "hdr.tcp.isValid()" (node_16) is false
[20:41:10.911] [bmv2] [D] [thread 17105] [9.0] [cxt 0] Pipeline 'egress': end
[20:41:10.911] [bmv2] [D] [thread 17105] [9.0] [cxt 0] Deparser 'deparser': start
[20:41:10.911] [bmv2] [T] [thread 17105] [9.0] [cxt 0] Skipping checksum 'cksum' update because condition not met
[20:41:10.911] [bmv2] [D] [thread 17105] [9.0] [cxt 0] Deparsing header 'ethernet'
[20:41:10.911] [bmv2] [D] [thread 17105] [9.0] [cxt 0] Deparser 'deparser': end
[20:41:10.911] [bmv2] [D] [thread 17109] [9.0] [cxt 0] Transmitting packet of size 110 out of port 0
[20:41:10.921] [bmv2] [D] [thread 17104] [10.0] [cxt 0] Processing packet received on port 3
[20:41:10.921] [bmv2] [D] [thread 17104] [10.0] [cxt 0] Parser 'parser': start
[20:41:10.921] [bmv2] [D] [thread 17104] [10.0] [cxt 0] Parser 'parser' entering state 'start'
[20:41:10.921] [bmv2] [D] [thread 17104] [10.0] [cxt 0] Extracting header 'ethernet'
[20:41:10.921] [bmv2] [D] [thread 17104] [10.0] [cxt 0] Parser state 'start': key is 86dd
[20:41:10.921] [bmv2] [T] [thread 17104] [10.0] [cxt 0] Bytes parsed: 14
[20:41:10.921] [bmv2] [D] [thread 17104] [10.0] [cxt 0] Parser 'parser': end
[20:41:10.921] [bmv2] [D] [thread 17104] [10.0] [cxt 0] Pipeline 'ingress': start
[20:41:10.921] [bmv2] [T] [thread 17104] [10.0] [cxt 0] /home/wly/p4-learning/exercises/10-Congestion_Aware_Load_Balancing/p4src/loadbalancer.p4(165) Condition "standard_metadata.instance_type == 4" (node_2) is false
[20:41:10.921] [bmv2] [T] [thread 17104] [10.0] [cxt 0] /home/wly/p4-learning/exercises/10-Congestion_Aware_Load_Balancing/p4src/loadbalancer.p4(175) Condition "hdr.ipv4.isValid() && hdr.ipv4.ttl > 1" (node_4) is false
[20:41:10.921] [bmv2] [T] [thread 17104] [10.0] [cxt 0] Applying table 'MyIngress.egress_type'
[20:41:10.921] [bmv2] [D] [thread 17104] [10.0] [cxt 0] Looking up key:
* standard_metadata.egress_spec: 0000

[20:41:10.921] [bmv2] [D] [thread 17104] [10.0] [cxt 0] Table 'MyIngress.egress_type': miss
[20:41:10.921] [bmv2] [D] [thread 17104] [10.0] [cxt 0] Action entry is NoAction - 
[20:41:10.921] [bmv2] [T] [thread 17104] [10.0] [cxt 0] Action NoAction
[20:41:10.921] [bmv2] [T] [thread 17104] [10.0] [cxt 0] /home/wly/p4-learning/exercises/10-Congestion_Aware_Load_Balancing/p4src/loadbalancer.p4(191) Condition "standard_metadata.instance_type == 0 && hdr.ethernet.etherType == TYPE_FEEDBACK && meta.egress_type == TYPE_EGRESS_HOST" (node_8) is false
[20:41:10.921] [bmv2] [D] [thread 17104] [10.0] [cxt 0] Pipeline 'ingress': end
[20:41:10.921] [bmv2] [D] [thread 17104] [10.0] [cxt 0] Egress port is 0
[20:41:10.921] [bmv2] [D] [thread 17105] [10.0] [cxt 0] Pipeline 'egress': start
[20:41:10.921] [bmv2] [T] [thread 17105] [10.0] [cxt 0] /home/wly/p4-learning/exercises/10-Congestion_Aware_Load_Balancing/p4src/loadbalancer.p4(234) Condition "standard_metadata.instance_type == 2" (node_13) is false
[20:41:10.921] [bmv2] [T] [thread 17105] [10.0] [cxt 0] /home/wly/p4-learning/exercises/10-Congestion_Aware_Load_Balancing/p4src/loadbalancer.p4(239) Condition "standard_metadata.instance_type == 0 && hdr.ethernet.etherType != TYPE_FEEDBACK" (node_15) is true
[20:41:10.921] [bmv2] [T] [thread 17105] [10.0] [cxt 0] /home/wly/p4-learning/exercises/10-Congestion_Aware_Load_Balancing/p4src/loadbalancer.p4(241) Condition "hdr.tcp.isValid()" (node_16) is false
[20:41:10.921] [bmv2] [D] [thread 17105] [10.0] [cxt 0] Pipeline 'egress': end
[20:41:10.921] [bmv2] [D] [thread 17105] [10.0] [cxt 0] Deparser 'deparser': start
[20:41:10.921] [bmv2] [T] [thread 17105] [10.0] [cxt 0] Skipping checksum 'cksum' update because condition not met
[20:41:10.921] [bmv2] [D] [thread 17105] [10.0] [cxt 0] Deparsing header 'ethernet'
[20:41:10.921] [bmv2] [D] [thread 17105] [10.0] [cxt 0] Deparser 'deparser': end
[20:41:10.921] [bmv2] [D] [thread 17109] [10.0] [cxt 0] Transmitting packet of size 213 out of port 0
[20:41:10.938] [bmv2] [D] [thread 17104] [11.0] [cxt 0] Processing packet received on port 2
[20:41:10.939] [bmv2] [D] [thread 17104] [11.0] [cxt 0] Parser 'parser': start
[20:41:10.939] [bmv2] [D] [thread 17104] [11.0] [cxt 0] Parser 'parser' entering state 'start'
[20:41:10.939] [bmv2] [D] [thread 17104] [11.0] [cxt 0] Extracting header 'ethernet'
[20:41:10.939] [bmv2] [D] [thread 17104] [11.0] [cxt 0] Parser state 'start': key is 86dd
[20:41:10.939] [bmv2] [T] [thread 17104] [11.0] [cxt 0] Bytes parsed: 14
[20:41:10.939] [bmv2] [D] [thread 17104] [11.0] [cxt 0] Parser 'parser': end
[20:41:10.939] [bmv2] [D] [thread 17104] [11.0] [cxt 0] Pipeline 'ingress': start
[20:41:10.939] [bmv2] [T] [thread 17104] [11.0] [cxt 0] /home/wly/p4-learning/exercises/10-Congestion_Aware_Load_Balancing/p4src/loadbalancer.p4(165) Condition "standard_metadata.instance_type == 4" (node_2) is false
[20:41:10.939] [bmv2] [T] [thread 17104] [11.0] [cxt 0] /home/wly/p4-learning/exercises/10-Congestion_Aware_Load_Balancing/p4src/loadbalancer.p4(175) Condition "hdr.ipv4.isValid() && hdr.ipv4.ttl > 1" (node_4) is false
[20:41:10.939] [bmv2] [T] [thread 17104] [11.0] [cxt 0] Applying table 'MyIngress.egress_type'
[20:41:10.939] [bmv2] [D] [thread 17104] [11.0] [cxt 0] Looking up key:
* standard_metadata.egress_spec: 0000

[20:41:10.939] [bmv2] [D] [thread 17104] [11.0] [cxt 0] Table 'MyIngress.egress_type': miss
[20:41:10.939] [bmv2] [D] [thread 17104] [11.0] [cxt 0] Action entry is NoAction - 
[20:41:10.939] [bmv2] [T] [thread 17104] [11.0] [cxt 0] Action NoAction
[20:41:10.939] [bmv2] [T] [thread 17104] [11.0] [cxt 0] /home/wly/p4-learning/exercises/10-Congestion_Aware_Load_Balancing/p4src/loadbalancer.p4(191) Condition "standard_metadata.instance_type == 0 && hdr.ethernet.etherType == TYPE_FEEDBACK && meta.egress_type == TYPE_EGRESS_HOST" (node_8) is false
[20:41:10.939] [bmv2] [D] [thread 17104] [11.0] [cxt 0] Pipeline 'ingress': end
[20:41:10.939] [bmv2] [D] [thread 17104] [11.0] [cxt 0] Egress port is 0
[20:41:10.939] [bmv2] [D] [thread 17105] [11.0] [cxt 0] Pipeline 'egress': start
[20:41:10.939] [bmv2] [T] [thread 17105] [11.0] [cxt 0] /home/wly/p4-learning/exercises/10-Congestion_Aware_Load_Balancing/p4src/loadbalancer.p4(234) Condition "standard_metadata.instance_type == 2" (node_13) is false
[20:41:10.939] [bmv2] [T] [thread 17105] [11.0] [cxt 0] /home/wly/p4-learning/exercises/10-Congestion_Aware_Load_Balancing/p4src/loadbalancer.p4(239) Condition "standard_metadata.instance_type == 0 && hdr.ethernet.etherType != TYPE_FEEDBACK" (node_15) is true
[20:41:10.939] [bmv2] [T] [thread 17105] [11.0] [cxt 0] /home/wly/p4-learning/exercises/10-Congestion_Aware_Load_Balancing/p4src/loadbalancer.p4(241) Condition "hdr.tcp.isValid()" (node_16) is false
[20:41:10.939] [bmv2] [D] [thread 17105] [11.0] [cxt 0] Pipeline 'egress': end
[20:41:10.939] [bmv2] [D] [thread 17105] [11.0] [cxt 0] Deparser 'deparser': start
[20:41:10.939] [bmv2] [T] [thread 17105] [11.0] [cxt 0] Skipping checksum 'cksum' update because condition not met
[20:41:10.939] [bmv2] [D] [thread 17105] [11.0] [cxt 0] Deparsing header 'ethernet'
[20:41:10.939] [bmv2] [D] [thread 17105] [11.0] [cxt 0] Deparser 'deparser': end
[20:41:10.939] [bmv2] [D] [thread 17109] [11.0] [cxt 0] Transmitting packet of size 90 out of port 0
[20:41:10.942] [bmv2] [D] [thread 17104] [12.0] [cxt 0] Processing packet received on port 3
[20:41:10.942] [bmv2] [D] [thread 17104] [12.0] [cxt 0] Parser 'parser': start
[20:41:10.942] [bmv2] [D] [thread 17104] [12.0] [cxt 0] Parser 'parser' entering state 'start'
[20:41:10.942] [bmv2] [D] [thread 17104] [12.0] [cxt 0] Extracting header 'ethernet'
[20:41:10.942] [bmv2] [D] [thread 17104] [12.0] [cxt 0] Parser state 'start': key is 86dd
[20:41:10.942] [bmv2] [T] [thread 17104] [12.0] [cxt 0] Bytes parsed: 14
[20:41:10.942] [bmv2] [D] [thread 17104] [12.0] [cxt 0] Parser 'parser': end
[20:41:10.942] [bmv2] [D] [thread 17104] [12.0] [cxt 0] Pipeline 'ingress': start
[20:41:10.942] [bmv2] [T] [thread 17104] [12.0] [cxt 0] /home/wly/p4-learning/exercises/10-Congestion_Aware_Load_Balancing/p4src/loadbalancer.p4(165) Condition "standard_metadata.instance_type == 4" (node_2) is false
[20:41:10.942] [bmv2] [T] [thread 17104] [12.0] [cxt 0] /home/wly/p4-learning/exercises/10-Congestion_Aware_Load_Balancing/p4src/loadbalancer.p4(175) Condition "hdr.ipv4.isValid() && hdr.ipv4.ttl > 1" (node_4) is false
[20:41:10.942] [bmv2] [T] [thread 17104] [12.0] [cxt 0] Applying table 'MyIngress.egress_type'
[20:41:10.942] [bmv2] [D] [thread 17104] [12.0] [cxt 0] Looking up key:
* standard_metadata.egress_spec: 0000

[20:41:10.942] [bmv2] [D] [thread 17104] [12.0] [cxt 0] Table 'MyIngress.egress_type': miss
[20:41:10.942] [bmv2] [D] [thread 17104] [12.0] [cxt 0] Action entry is NoAction - 
[20:41:10.942] [bmv2] [T] [thread 17104] [12.0] [cxt 0] Action NoAction
[20:41:10.942] [bmv2] [T] [thread 17104] [12.0] [cxt 0] /home/wly/p4-learning/exercises/10-Congestion_Aware_Load_Balancing/p4src/loadbalancer.p4(191) Condition "standard_metadata.instance_type == 0 && hdr.ethernet.etherType == TYPE_FEEDBACK && meta.egress_type == TYPE_EGRESS_HOST" (node_8) is false
[20:41:10.942] [bmv2] [D] [thread 17104] [12.0] [cxt 0] Pipeline 'ingress': end
[20:41:10.942] [bmv2] [D] [thread 17104] [12.0] [cxt 0] Egress port is 0
[20:41:10.942] [bmv2] [D] [thread 17105] [12.0] [cxt 0] Pipeline 'egress': start
[20:41:10.942] [bmv2] [T] [thread 17105] [12.0] [cxt 0] /home/wly/p4-learning/exercises/10-Congestion_Aware_Load_Balancing/p4src/loadbalancer.p4(234) Condition "standard_metadata.instance_type == 2" (node_13) is false
[20:41:10.942] [bmv2] [T] [thread 17105] [12.0] [cxt 0] /home/wly/p4-learning/exercises/10-Congestion_Aware_Load_Balancing/p4src/loadbalancer.p4(239) Condition "standard_metadata.instance_type == 0 && hdr.ethernet.etherType != TYPE_FEEDBACK" (node_15) is true
[20:41:10.942] [bmv2] [T] [thread 17105] [12.0] [cxt 0] /home/wly/p4-learning/exercises/10-Congestion_Aware_Load_Balancing/p4src/loadbalancer.p4(241) Condition "hdr.tcp.isValid()" (node_16) is false
[20:41:10.942] [bmv2] [D] [thread 17105] [12.0] [cxt 0] Pipeline 'egress': end
[20:41:10.942] [bmv2] [D] [thread 17105] [12.0] [cxt 0] Deparser 'deparser': start
[20:41:10.942] [bmv2] [T] [thread 17105] [12.0] [cxt 0] Skipping checksum 'cksum' update because condition not met
[20:41:10.943] [bmv2] [D] [thread 17105] [12.0] [cxt 0] Deparsing header 'ethernet'
[20:41:10.943] [bmv2] [D] [thread 17105] [12.0] [cxt 0] Deparser 'deparser': end
[20:41:10.943] [bmv2] [D] [thread 17109] [12.0] [cxt 0] Transmitting packet of size 90 out of port 0
[20:41:10.965] [bmv2] [D] [thread 17104] [13.0] [cxt 0] Processing packet received on port 2
[20:41:10.965] [bmv2] [D] [thread 17104] [13.0] [cxt 0] Parser 'parser': start
[20:41:10.965] [bmv2] [D] [thread 17104] [13.0] [cxt 0] Parser 'parser' entering state 'start'
[20:41:10.965] [bmv2] [D] [thread 17104] [13.0] [cxt 0] Extracting header 'ethernet'
[20:41:10.965] [bmv2] [D] [thread 17104] [13.0] [cxt 0] Parser state 'start': key is 86dd
[20:41:10.965] [bmv2] [T] [thread 17104] [13.0] [cxt 0] Bytes parsed: 14
[20:41:10.965] [bmv2] [D] [thread 17104] [13.0] [cxt 0] Parser 'parser': end
[20:41:10.965] [bmv2] [D] [thread 17104] [13.0] [cxt 0] Pipeline 'ingress': start
[20:41:10.965] [bmv2] [T] [thread 17104] [13.0] [cxt 0] /home/wly/p4-learning/exercises/10-Congestion_Aware_Load_Balancing/p4src/loadbalancer.p4(165) Condition "standard_metadata.instance_type == 4" (node_2) is false
[20:41:10.965] [bmv2] [T] [thread 17104] [13.0] [cxt 0] /home/wly/p4-learning/exercises/10-Congestion_Aware_Load_Balancing/p4src/loadbalancer.p4(175) Condition "hdr.ipv4.isValid() && hdr.ipv4.ttl > 1" (node_4) is false
[20:41:10.965] [bmv2] [T] [thread 17104] [13.0] [cxt 0] Applying table 'MyIngress.egress_type'
[20:41:10.965] [bmv2] [D] [thread 17104] [13.0] [cxt 0] Looking up key:
* standard_metadata.egress_spec: 0000

[20:41:10.965] [bmv2] [D] [thread 17104] [13.0] [cxt 0] Table 'MyIngress.egress_type': miss
[20:41:10.965] [bmv2] [D] [thread 17104] [13.0] [cxt 0] Action entry is NoAction - 
[20:41:10.965] [bmv2] [T] [thread 17104] [13.0] [cxt 0] Action NoAction
[20:41:10.965] [bmv2] [T] [thread 17104] [13.0] [cxt 0] /home/wly/p4-learning/exercises/10-Congestion_Aware_Load_Balancing/p4src/loadbalancer.p4(191) Condition "standard_metadata.instance_type == 0 && hdr.ethernet.etherType == TYPE_FEEDBACK && meta.egress_type == TYPE_EGRESS_HOST" (node_8) is false
[20:41:10.965] [bmv2] [D] [thread 17104] [13.0] [cxt 0] Pipeline 'ingress': end
[20:41:10.965] [bmv2] [D] [thread 17104] [13.0] [cxt 0] Egress port is 0
[20:41:10.965] [bmv2] [D] [thread 17105] [13.0] [cxt 0] Pipeline 'egress': start
[20:41:10.965] [bmv2] [T] [thread 17105] [13.0] [cxt 0] /home/wly/p4-learning/exercises/10-Congestion_Aware_Load_Balancing/p4src/loadbalancer.p4(234) Condition "standard_metadata.instance_type == 2" (node_13) is false
[20:41:10.965] [bmv2] [T] [thread 17105] [13.0] [cxt 0] /home/wly/p4-learning/exercises/10-Congestion_Aware_Load_Balancing/p4src/loadbalancer.p4(239) Condition "standard_metadata.instance_type == 0 && hdr.ethernet.etherType != TYPE_FEEDBACK" (node_15) is true
[20:41:10.965] [bmv2] [T] [thread 17105] [13.0] [cxt 0] /home/wly/p4-learning/exercises/10-Congestion_Aware_Load_Balancing/p4src/loadbalancer.p4(241) Condition "hdr.tcp.isValid()" (node_16) is false
[20:41:10.965] [bmv2] [D] [thread 17105] [13.0] [cxt 0] Pipeline 'egress': end
[20:41:10.965] [bmv2] [D] [thread 17105] [13.0] [cxt 0] Deparser 'deparser': start
[20:41:10.965] [bmv2] [T] [thread 17105] [13.0] [cxt 0] Skipping checksum 'cksum' update because condition not met
[20:41:10.965] [bmv2] [D] [thread 17105] [13.0] [cxt 0] Deparsing header 'ethernet'
[20:41:10.965] [bmv2] [D] [thread 17105] [13.0] [cxt 0] Deparser 'deparser': end
[20:41:10.965] [bmv2] [D] [thread 17109] [13.0] [cxt 0] Transmitting packet of size 201 out of port 0
[20:41:11.017] [bmv2] [D] [thread 17104] [14.0] [cxt 0] Processing packet received on port 3
[20:41:11.017] [bmv2] [D] [thread 17104] [14.0] [cxt 0] Parser 'parser': start
[20:41:11.017] [bmv2] [D] [thread 17104] [14.0] [cxt 0] Parser 'parser' entering state 'start'
[20:41:11.017] [bmv2] [D] [thread 17104] [14.0] [cxt 0] Extracting header 'ethernet'
[20:41:11.017] [bmv2] [D] [thread 17104] [14.0] [cxt 0] Parser state 'start': key is 86dd
[20:41:11.017] [bmv2] [T] [thread 17104] [14.0] [cxt 0] Bytes parsed: 14
[20:41:11.017] [bmv2] [D] [thread 17104] [14.0] [cxt 0] Parser 'parser': end
[20:41:11.017] [bmv2] [D] [thread 17104] [14.0] [cxt 0] Pipeline 'ingress': start
[20:41:11.017] [bmv2] [T] [thread 17104] [14.0] [cxt 0] /home/wly/p4-learning/exercises/10-Congestion_Aware_Load_Balancing/p4src/loadbalancer.p4(165) Condition "standard_metadata.instance_type == 4" (node_2) is false
[20:41:11.017] [bmv2] [T] [thread 17104] [14.0] [cxt 0] /home/wly/p4-learning/exercises/10-Congestion_Aware_Load_Balancing/p4src/loadbalancer.p4(175) Condition "hdr.ipv4.isValid() && hdr.ipv4.ttl > 1" (node_4) is false
[20:41:11.017] [bmv2] [T] [thread 17104] [14.0] [cxt 0] Applying table 'MyIngress.egress_type'
[20:41:11.017] [bmv2] [D] [thread 17104] [14.0] [cxt 0] Looking up key:
* standard_metadata.egress_spec: 0000

[20:41:11.017] [bmv2] [D] [thread 17104] [14.0] [cxt 0] Table 'MyIngress.egress_type': miss
[20:41:11.017] [bmv2] [D] [thread 17104] [14.0] [cxt 0] Action entry is NoAction - 
[20:41:11.017] [bmv2] [T] [thread 17104] [14.0] [cxt 0] Action NoAction
[20:41:11.017] [bmv2] [T] [thread 17104] [14.0] [cxt 0] /home/wly/p4-learning/exercises/10-Congestion_Aware_Load_Balancing/p4src/loadbalancer.p4(191) Condition "standard_metadata.instance_type == 0 && hdr.ethernet.etherType == TYPE_FEEDBACK && meta.egress_type == TYPE_EGRESS_HOST" (node_8) is false
[20:41:11.017] [bmv2] [D] [thread 17104] [14.0] [cxt 0] Pipeline 'ingress': end
[20:41:11.017] [bmv2] [D] [thread 17104] [14.0] [cxt 0] Egress port is 0
[20:41:11.017] [bmv2] [D] [thread 17105] [14.0] [cxt 0] Pipeline 'egress': start
[20:41:11.017] [bmv2] [T] [thread 17105] [14.0] [cxt 0] /home/wly/p4-learning/exercises/10-Congestion_Aware_Load_Balancing/p4src/loadbalancer.p4(234) Condition "standard_metadata.instance_type == 2" (node_13) is false
[20:41:11.017] [bmv2] [T] [thread 17105] [14.0] [cxt 0] /home/wly/p4-learning/exercises/10-Congestion_Aware_Load_Balancing/p4src/loadbalancer.p4(239) Condition "standard_metadata.instance_type == 0 && hdr.ethernet.etherType != TYPE_FEEDBACK" (node_15) is true
[20:41:11.017] [bmv2] [T] [thread 17105] [14.0] [cxt 0] /home/wly/p4-learning/exercises/10-Congestion_Aware_Load_Balancing/p4src/loadbalancer.p4(241) Condition "hdr.tcp.isValid()" (node_16) is false
[20:41:11.017] [bmv2] [D] [thread 17105] [14.0] [cxt 0] Pipeline 'egress': end
[20:41:11.017] [bmv2] [D] [thread 17105] [14.0] [cxt 0] Deparser 'deparser': start
[20:41:11.017] [bmv2] [T] [thread 17105] [14.0] [cxt 0] Skipping checksum 'cksum' update because condition not met
[20:41:11.017] [bmv2] [D] [thread 17105] [14.0] [cxt 0] Deparsing header 'ethernet'
[20:41:11.017] [bmv2] [D] [thread 17105] [14.0] [cxt 0] Deparser 'deparser': end
[20:41:11.017] [bmv2] [D] [thread 17109] [14.0] [cxt 0] Transmitting packet of size 203 out of port 0
[20:41:11.048] [bmv2] [D] [thread 17104] [15.0] [cxt 0] Processing packet received on port 1
[20:41:11.048] [bmv2] [D] [thread 17104] [15.0] [cxt 0] Parser 'parser': start
[20:41:11.048] [bmv2] [D] [thread 17104] [15.0] [cxt 0] Parser 'parser' entering state 'start'
[20:41:11.048] [bmv2] [D] [thread 17104] [15.0] [cxt 0] Extracting header 'ethernet'
[20:41:11.048] [bmv2] [D] [thread 17104] [15.0] [cxt 0] Parser state 'start': key is 86dd
[20:41:11.048] [bmv2] [T] [thread 17104] [15.0] [cxt 0] Bytes parsed: 14
[20:41:11.048] [bmv2] [D] [thread 17104] [15.0] [cxt 0] Parser 'parser': end
[20:41:11.048] [bmv2] [D] [thread 17104] [15.0] [cxt 0] Pipeline 'ingress': start
[20:41:11.048] [bmv2] [T] [thread 17104] [15.0] [cxt 0] /home/wly/p4-learning/exercises/10-Congestion_Aware_Load_Balancing/p4src/loadbalancer.p4(165) Condition "standard_metadata.instance_type == 4" (node_2) is false
[20:41:11.048] [bmv2] [T] [thread 17104] [15.0] [cxt 0] /home/wly/p4-learning/exercises/10-Congestion_Aware_Load_Balancing/p4src/loadbalancer.p4(175) Condition "hdr.ipv4.isValid() && hdr.ipv4.ttl > 1" (node_4) is false
[20:41:11.048] [bmv2] [T] [thread 17104] [15.0] [cxt 0] Applying table 'MyIngress.egress_type'
[20:41:11.048] [bmv2] [D] [thread 17104] [15.0] [cxt 0] Looking up key:
* standard_metadata.egress_spec: 0000

[20:41:11.048] [bmv2] [D] [thread 17104] [15.0] [cxt 0] Table 'MyIngress.egress_type': miss
[20:41:11.048] [bmv2] [D] [thread 17104] [15.0] [cxt 0] Action entry is NoAction - 
[20:41:11.048] [bmv2] [T] [thread 17104] [15.0] [cxt 0] Action NoAction
[20:41:11.048] [bmv2] [T] [thread 17104] [15.0] [cxt 0] /home/wly/p4-learning/exercises/10-Congestion_Aware_Load_Balancing/p4src/loadbalancer.p4(191) Condition "standard_metadata.instance_type == 0 && hdr.ethernet.etherType == TYPE_FEEDBACK && meta.egress_type == TYPE_EGRESS_HOST" (node_8) is false
[20:41:11.048] [bmv2] [D] [thread 17104] [15.0] [cxt 0] Pipeline 'ingress': end
[20:41:11.048] [bmv2] [D] [thread 17104] [15.0] [cxt 0] Egress port is 0
[20:41:11.048] [bmv2] [D] [thread 17105] [15.0] [cxt 0] Pipeline 'egress': start
[20:41:11.048] [bmv2] [T] [thread 17105] [15.0] [cxt 0] /home/wly/p4-learning/exercises/10-Congestion_Aware_Load_Balancing/p4src/loadbalancer.p4(234) Condition "standard_metadata.instance_type == 2" (node_13) is false
[20:41:11.048] [bmv2] [T] [thread 17105] [15.0] [cxt 0] /home/wly/p4-learning/exercises/10-Congestion_Aware_Load_Balancing/p4src/loadbalancer.p4(239) Condition "standard_metadata.instance_type == 0 && hdr.ethernet.etherType != TYPE_FEEDBACK" (node_15) is true
[20:41:11.048] [bmv2] [T] [thread 17105] [15.0] [cxt 0] /home/wly/p4-learning/exercises/10-Congestion_Aware_Load_Balancing/p4src/loadbalancer.p4(241) Condition "hdr.tcp.isValid()" (node_16) is false
[20:41:11.048] [bmv2] [D] [thread 17105] [15.0] [cxt 0] Pipeline 'egress': end
[20:41:11.048] [bmv2] [D] [thread 17105] [15.0] [cxt 0] Deparser 'deparser': start
[20:41:11.048] [bmv2] [T] [thread 17105] [15.0] [cxt 0] Skipping checksum 'cksum' update because condition not met
[20:41:11.048] [bmv2] [D] [thread 17105] [15.0] [cxt 0] Deparsing header 'ethernet'
[20:41:11.048] [bmv2] [D] [thread 17105] [15.0] [cxt 0] Deparser 'deparser': end
[20:41:11.048] [bmv2] [D] [thread 17109] [15.0] [cxt 0] Transmitting packet of size 203 out of port 0
[20:41:11.056] [bmv2] [D] [thread 17104] [16.0] [cxt 0] Processing packet received on port 1
[20:41:11.056] [bmv2] [D] [thread 17104] [16.0] [cxt 0] Parser 'parser': start
[20:41:11.056] [bmv2] [D] [thread 17104] [16.0] [cxt 0] Parser 'parser' entering state 'start'
[20:41:11.056] [bmv2] [D] [thread 17104] [16.0] [cxt 0] Extracting header 'ethernet'
[20:41:11.056] [bmv2] [D] [thread 17104] [16.0] [cxt 0] Parser state 'start': key is 86dd
[20:41:11.056] [bmv2] [T] [thread 17104] [16.0] [cxt 0] Bytes parsed: 14
[20:41:11.056] [bmv2] [D] [thread 17104] [16.0] [cxt 0] Parser 'parser': end
[20:41:11.056] [bmv2] [D] [thread 17104] [16.0] [cxt 0] Pipeline 'ingress': start
[20:41:11.056] [bmv2] [T] [thread 17104] [16.0] [cxt 0] /home/wly/p4-learning/exercises/10-Congestion_Aware_Load_Balancing/p4src/loadbalancer.p4(165) Condition "standard_metadata.instance_type == 4" (node_2) is false
[20:41:11.056] [bmv2] [T] [thread 17104] [16.0] [cxt 0] /home/wly/p4-learning/exercises/10-Congestion_Aware_Load_Balancing/p4src/loadbalancer.p4(175) Condition "hdr.ipv4.isValid() && hdr.ipv4.ttl > 1" (node_4) is false
[20:41:11.056] [bmv2] [T] [thread 17104] [16.0] [cxt 0] Applying table 'MyIngress.egress_type'
[20:41:11.056] [bmv2] [D] [thread 17104] [16.0] [cxt 0] Looking up key:
* standard_metadata.egress_spec: 0000

[20:41:11.056] [bmv2] [D] [thread 17104] [16.0] [cxt 0] Table 'MyIngress.egress_type': miss
[20:41:11.056] [bmv2] [D] [thread 17104] [16.0] [cxt 0] Action entry is NoAction - 
[20:41:11.056] [bmv2] [T] [thread 17104] [16.0] [cxt 0] Action NoAction
[20:41:11.056] [bmv2] [T] [thread 17104] [16.0] [cxt 0] /home/wly/p4-learning/exercises/10-Congestion_Aware_Load_Balancing/p4src/loadbalancer.p4(191) Condition "standard_metadata.instance_type == 0 && hdr.ethernet.etherType == TYPE_FEEDBACK && meta.egress_type == TYPE_EGRESS_HOST" (node_8) is false
[20:41:11.056] [bmv2] [D] [thread 17104] [16.0] [cxt 0] Pipeline 'ingress': end
[20:41:11.056] [bmv2] [D] [thread 17104] [16.0] [cxt 0] Egress port is 0
[20:41:11.056] [bmv2] [D] [thread 17105] [16.0] [cxt 0] Pipeline 'egress': start
[20:41:11.056] [bmv2] [T] [thread 17105] [16.0] [cxt 0] /home/wly/p4-learning/exercises/10-Congestion_Aware_Load_Balancing/p4src/loadbalancer.p4(234) Condition "standard_metadata.instance_type == 2" (node_13) is false
[20:41:11.056] [bmv2] [T] [thread 17105] [16.0] [cxt 0] /home/wly/p4-learning/exercises/10-Congestion_Aware_Load_Balancing/p4src/loadbalancer.p4(239) Condition "standard_metadata.instance_type == 0 && hdr.ethernet.etherType != TYPE_FEEDBACK" (node_15) is true
[20:41:11.056] [bmv2] [T] [thread 17105] [16.0] [cxt 0] /home/wly/p4-learning/exercises/10-Congestion_Aware_Load_Balancing/p4src/loadbalancer.p4(241) Condition "hdr.tcp.isValid()" (node_16) is false
[20:41:11.056] [bmv2] [D] [thread 17105] [16.0] [cxt 0] Pipeline 'egress': end
[20:41:11.056] [bmv2] [D] [thread 17105] [16.0] [cxt 0] Deparser 'deparser': start
[20:41:11.056] [bmv2] [T] [thread 17105] [16.0] [cxt 0] Skipping checksum 'cksum' update because condition not met
[20:41:11.056] [bmv2] [D] [thread 17105] [16.0] [cxt 0] Deparsing header 'ethernet'
[20:41:11.056] [bmv2] [D] [thread 17105] [16.0] [cxt 0] Deparser 'deparser': end
[20:41:11.056] [bmv2] [D] [thread 17109] [16.0] [cxt 0] Transmitting packet of size 201 out of port 0
[20:41:11.122] [bmv2] [D] [thread 17104] [17.0] [cxt 0] Processing packet received on port 3
[20:41:11.122] [bmv2] [D] [thread 17104] [17.0] [cxt 0] Parser 'parser': start
[20:41:11.122] [bmv2] [D] [thread 17104] [17.0] [cxt 0] Parser 'parser' entering state 'start'
[20:41:11.122] [bmv2] [D] [thread 17104] [17.0] [cxt 0] Extracting header 'ethernet'
[20:41:11.122] [bmv2] [D] [thread 17104] [17.0] [cxt 0] Parser state 'start': key is 86dd
[20:41:11.122] [bmv2] [T] [thread 17104] [17.0] [cxt 0] Bytes parsed: 14
[20:41:11.122] [bmv2] [D] [thread 17104] [17.0] [cxt 0] Parser 'parser': end
[20:41:11.122] [bmv2] [D] [thread 17104] [17.0] [cxt 0] Pipeline 'ingress': start
[20:41:11.122] [bmv2] [T] [thread 17104] [17.0] [cxt 0] /home/wly/p4-learning/exercises/10-Congestion_Aware_Load_Balancing/p4src/loadbalancer.p4(165) Condition "standard_metadata.instance_type == 4" (node_2) is false
[20:41:11.122] [bmv2] [T] [thread 17104] [17.0] [cxt 0] /home/wly/p4-learning/exercises/10-Congestion_Aware_Load_Balancing/p4src/loadbalancer.p4(175) Condition "hdr.ipv4.isValid() && hdr.ipv4.ttl > 1" (node_4) is false
[20:41:11.122] [bmv2] [T] [thread 17104] [17.0] [cxt 0] Applying table 'MyIngress.egress_type'
[20:41:11.122] [bmv2] [D] [thread 17104] [17.0] [cxt 0] Looking up key:
* standard_metadata.egress_spec: 0000

[20:41:11.122] [bmv2] [D] [thread 17104] [17.0] [cxt 0] Table 'MyIngress.egress_type': miss
[20:41:11.122] [bmv2] [D] [thread 17104] [17.0] [cxt 0] Action entry is NoAction - 
[20:41:11.122] [bmv2] [T] [thread 17104] [17.0] [cxt 0] Action NoAction
[20:41:11.122] [bmv2] [T] [thread 17104] [17.0] [cxt 0] /home/wly/p4-learning/exercises/10-Congestion_Aware_Load_Balancing/p4src/loadbalancer.p4(191) Condition "standard_metadata.instance_type == 0 && hdr.ethernet.etherType == TYPE_FEEDBACK && meta.egress_type == TYPE_EGRESS_HOST" (node_8) is false
[20:41:11.122] [bmv2] [D] [thread 17104] [17.0] [cxt 0] Pipeline 'ingress': end
[20:41:11.122] [bmv2] [D] [thread 17104] [17.0] [cxt 0] Egress port is 0
[20:41:11.122] [bmv2] [D] [thread 17105] [17.0] [cxt 0] Pipeline 'egress': start
[20:41:11.122] [bmv2] [T] [thread 17105] [17.0] [cxt 0] /home/wly/p4-learning/exercises/10-Congestion_Aware_Load_Balancing/p4src/loadbalancer.p4(234) Condition "standard_metadata.instance_type == 2" (node_13) is false
[20:41:11.122] [bmv2] [T] [thread 17105] [17.0] [cxt 0] /home/wly/p4-learning/exercises/10-Congestion_Aware_Load_Balancing/p4src/loadbalancer.p4(239) Condition "standard_metadata.instance_type == 0 && hdr.ethernet.etherType != TYPE_FEEDBACK" (node_15) is true
[20:41:11.122] [bmv2] [T] [thread 17105] [17.0] [cxt 0] /home/wly/p4-learning/exercises/10-Congestion_Aware_Load_Balancing/p4src/loadbalancer.p4(241) Condition "hdr.tcp.isValid()" (node_16) is false
[20:41:11.122] [bmv2] [D] [thread 17105] [17.0] [cxt 0] Pipeline 'egress': end
[20:41:11.122] [bmv2] [D] [thread 17105] [17.0] [cxt 0] Deparser 'deparser': start
[20:41:11.122] [bmv2] [T] [thread 17105] [17.0] [cxt 0] Skipping checksum 'cksum' update because condition not met
[20:41:11.122] [bmv2] [D] [thread 17105] [17.0] [cxt 0] Deparsing header 'ethernet'
[20:41:11.122] [bmv2] [D] [thread 17105] [17.0] [cxt 0] Deparser 'deparser': end
[20:41:11.122] [bmv2] [D] [thread 17109] [17.0] [cxt 0] Transmitting packet of size 201 out of port 0
[20:41:11.215] [bmv2] [D] [thread 17104] [18.0] [cxt 0] Processing packet received on port 2
[20:41:11.215] [bmv2] [D] [thread 17104] [18.0] [cxt 0] Parser 'parser': start
[20:41:11.215] [bmv2] [D] [thread 17104] [18.0] [cxt 0] Parser 'parser' entering state 'start'
[20:41:11.215] [bmv2] [D] [thread 17104] [18.0] [cxt 0] Extracting header 'ethernet'
[20:41:11.215] [bmv2] [D] [thread 17104] [18.0] [cxt 0] Parser state 'start': key is 86dd
[20:41:11.215] [bmv2] [T] [thread 17104] [18.0] [cxt 0] Bytes parsed: 14
[20:41:11.215] [bmv2] [D] [thread 17104] [18.0] [cxt 0] Parser 'parser': end
[20:41:11.215] [bmv2] [D] [thread 17104] [18.0] [cxt 0] Pipeline 'ingress': start
[20:41:11.215] [bmv2] [T] [thread 17104] [18.0] [cxt 0] /home/wly/p4-learning/exercises/10-Congestion_Aware_Load_Balancing/p4src/loadbalancer.p4(165) Condition "standard_metadata.instance_type == 4" (node_2) is false
[20:41:11.215] [bmv2] [T] [thread 17104] [18.0] [cxt 0] /home/wly/p4-learning/exercises/10-Congestion_Aware_Load_Balancing/p4src/loadbalancer.p4(175) Condition "hdr.ipv4.isValid() && hdr.ipv4.ttl > 1" (node_4) is false
[20:41:11.215] [bmv2] [T] [thread 17104] [18.0] [cxt 0] Applying table 'MyIngress.egress_type'
[20:41:11.215] [bmv2] [D] [thread 17104] [18.0] [cxt 0] Looking up key:
* standard_metadata.egress_spec: 0000

[20:41:11.215] [bmv2] [D] [thread 17104] [18.0] [cxt 0] Table 'MyIngress.egress_type': miss
[20:41:11.215] [bmv2] [D] [thread 17104] [18.0] [cxt 0] Action entry is NoAction - 
[20:41:11.215] [bmv2] [T] [thread 17104] [18.0] [cxt 0] Action NoAction
[20:41:11.215] [bmv2] [T] [thread 17104] [18.0] [cxt 0] /home/wly/p4-learning/exercises/10-Congestion_Aware_Load_Balancing/p4src/loadbalancer.p4(191) Condition "standard_metadata.instance_type == 0 && hdr.ethernet.etherType == TYPE_FEEDBACK && meta.egress_type == TYPE_EGRESS_HOST" (node_8) is false
[20:41:11.215] [bmv2] [D] [thread 17104] [18.0] [cxt 0] Pipeline 'ingress': end
[20:41:11.215] [bmv2] [D] [thread 17104] [18.0] [cxt 0] Egress port is 0
[20:41:11.215] [bmv2] [D] [thread 17105] [18.0] [cxt 0] Pipeline 'egress': start
[20:41:11.215] [bmv2] [T] [thread 17105] [18.0] [cxt 0] /home/wly/p4-learning/exercises/10-Congestion_Aware_Load_Balancing/p4src/loadbalancer.p4(234) Condition "standard_metadata.instance_type == 2" (node_13) is false
[20:41:11.215] [bmv2] [T] [thread 17105] [18.0] [cxt 0] /home/wly/p4-learning/exercises/10-Congestion_Aware_Load_Balancing/p4src/loadbalancer.p4(239) Condition "standard_metadata.instance_type == 0 && hdr.ethernet.etherType != TYPE_FEEDBACK" (node_15) is true
[20:41:11.215] [bmv2] [T] [thread 17105] [18.0] [cxt 0] /home/wly/p4-learning/exercises/10-Congestion_Aware_Load_Balancing/p4src/loadbalancer.p4(241) Condition "hdr.tcp.isValid()" (node_16) is false
[20:41:11.215] [bmv2] [D] [thread 17105] [18.0] [cxt 0] Pipeline 'egress': end
[20:41:11.215] [bmv2] [D] [thread 17105] [18.0] [cxt 0] Deparser 'deparser': start
[20:41:11.215] [bmv2] [T] [thread 17105] [18.0] [cxt 0] Skipping checksum 'cksum' update because condition not met
[20:41:11.215] [bmv2] [D] [thread 17105] [18.0] [cxt 0] Deparsing header 'ethernet'
[20:41:11.215] [bmv2] [D] [thread 17105] [18.0] [cxt 0] Deparser 'deparser': end
[20:41:11.215] [bmv2] [D] [thread 17109] [18.0] [cxt 0] Transmitting packet of size 203 out of port 0
[20:41:11.305] [bmv2] [D] [thread 17104] [19.0] [cxt 0] Processing packet received on port 1
[20:41:11.305] [bmv2] [D] [thread 17104] [19.0] [cxt 0] Parser 'parser': start
[20:41:11.305] [bmv2] [D] [thread 17104] [19.0] [cxt 0] Parser 'parser' entering state 'start'
[20:41:11.305] [bmv2] [D] [thread 17104] [19.0] [cxt 0] Extracting header 'ethernet'
[20:41:11.305] [bmv2] [D] [thread 17104] [19.0] [cxt 0] Parser state 'start': key is 86dd
[20:41:11.305] [bmv2] [T] [thread 17104] [19.0] [cxt 0] Bytes parsed: 14
[20:41:11.305] [bmv2] [D] [thread 17104] [19.0] [cxt 0] Parser 'parser': end
[20:41:11.305] [bmv2] [D] [thread 17104] [19.0] [cxt 0] Pipeline 'ingress': start
[20:41:11.305] [bmv2] [T] [thread 17104] [19.0] [cxt 0] /home/wly/p4-learning/exercises/10-Congestion_Aware_Load_Balancing/p4src/loadbalancer.p4(165) Condition "standard_metadata.instance_type == 4" (node_2) is false
[20:41:11.305] [bmv2] [T] [thread 17104] [19.0] [cxt 0] /home/wly/p4-learning/exercises/10-Congestion_Aware_Load_Balancing/p4src/loadbalancer.p4(175) Condition "hdr.ipv4.isValid() && hdr.ipv4.ttl > 1" (node_4) is false
[20:41:11.305] [bmv2] [T] [thread 17104] [19.0] [cxt 0] Applying table 'MyIngress.egress_type'
[20:41:11.305] [bmv2] [D] [thread 17104] [19.0] [cxt 0] Looking up key:
* standard_metadata.egress_spec: 0000

[20:41:11.305] [bmv2] [D] [thread 17104] [19.0] [cxt 0] Table 'MyIngress.egress_type': miss
[20:41:11.305] [bmv2] [D] [thread 17104] [19.0] [cxt 0] Action entry is NoAction - 
[20:41:11.305] [bmv2] [T] [thread 17104] [19.0] [cxt 0] Action NoAction
[20:41:11.305] [bmv2] [T] [thread 17104] [19.0] [cxt 0] /home/wly/p4-learning/exercises/10-Congestion_Aware_Load_Balancing/p4src/loadbalancer.p4(191) Condition "standard_metadata.instance_type == 0 && hdr.ethernet.etherType == TYPE_FEEDBACK && meta.egress_type == TYPE_EGRESS_HOST" (node_8) is false
[20:41:11.305] [bmv2] [D] [thread 17104] [19.0] [cxt 0] Pipeline 'ingress': end
[20:41:11.305] [bmv2] [D] [thread 17104] [19.0] [cxt 0] Egress port is 0
[20:41:11.305] [bmv2] [D] [thread 17105] [19.0] [cxt 0] Pipeline 'egress': start
[20:41:11.305] [bmv2] [T] [thread 17105] [19.0] [cxt 0] /home/wly/p4-learning/exercises/10-Congestion_Aware_Load_Balancing/p4src/loadbalancer.p4(234) Condition "standard_metadata.instance_type == 2" (node_13) is false
[20:41:11.306] [bmv2] [T] [thread 17105] [19.0] [cxt 0] /home/wly/p4-learning/exercises/10-Congestion_Aware_Load_Balancing/p4src/loadbalancer.p4(239) Condition "standard_metadata.instance_type == 0 && hdr.ethernet.etherType != TYPE_FEEDBACK" (node_15) is true
[20:41:11.306] [bmv2] [T] [thread 17105] [19.0] [cxt 0] /home/wly/p4-learning/exercises/10-Congestion_Aware_Load_Balancing/p4src/loadbalancer.p4(241) Condition "hdr.tcp.isValid()" (node_16) is false
[20:41:11.306] [bmv2] [D] [thread 17105] [19.0] [cxt 0] Pipeline 'egress': end
[20:41:11.306] [bmv2] [D] [thread 17105] [19.0] [cxt 0] Deparser 'deparser': start
[20:41:11.306] [bmv2] [T] [thread 17105] [19.0] [cxt 0] Skipping checksum 'cksum' update because condition not met
[20:41:11.306] [bmv2] [D] [thread 17105] [19.0] [cxt 0] Deparsing header 'ethernet'
[20:41:11.306] [bmv2] [D] [thread 17105] [19.0] [cxt 0] Deparser 'deparser': end
[20:41:11.306] [bmv2] [D] [thread 17109] [19.0] [cxt 0] Transmitting packet of size 203 out of port 0
[20:41:11.369] [bmv2] [D] [thread 17104] [20.0] [cxt 0] Processing packet received on port 3
[20:41:11.369] [bmv2] [D] [thread 17104] [20.0] [cxt 0] Parser 'parser': start
[20:41:11.369] [bmv2] [D] [thread 17104] [20.0] [cxt 0] Parser 'parser' entering state 'start'
[20:41:11.369] [bmv2] [D] [thread 17104] [20.0] [cxt 0] Extracting header 'ethernet'
[20:41:11.369] [bmv2] [D] [thread 17104] [20.0] [cxt 0] Parser state 'start': key is 86dd
[20:41:11.369] [bmv2] [T] [thread 17104] [20.0] [cxt 0] Bytes parsed: 14
[20:41:11.369] [bmv2] [D] [thread 17104] [20.0] [cxt 0] Parser 'parser': end
[20:41:11.369] [bmv2] [D] [thread 17104] [20.0] [cxt 0] Pipeline 'ingress': start
[20:41:11.369] [bmv2] [T] [thread 17104] [20.0] [cxt 0] /home/wly/p4-learning/exercises/10-Congestion_Aware_Load_Balancing/p4src/loadbalancer.p4(165) Condition "standard_metadata.instance_type == 4" (node_2) is false
[20:41:11.369] [bmv2] [T] [thread 17104] [20.0] [cxt 0] /home/wly/p4-learning/exercises/10-Congestion_Aware_Load_Balancing/p4src/loadbalancer.p4(175) Condition "hdr.ipv4.isValid() && hdr.ipv4.ttl > 1" (node_4) is false
[20:41:11.369] [bmv2] [T] [thread 17104] [20.0] [cxt 0] Applying table 'MyIngress.egress_type'
[20:41:11.369] [bmv2] [D] [thread 17104] [20.0] [cxt 0] Looking up key:
* standard_metadata.egress_spec: 0000

[20:41:11.369] [bmv2] [D] [thread 17104] [20.0] [cxt 0] Table 'MyIngress.egress_type': miss
[20:41:11.369] [bmv2] [D] [thread 17104] [20.0] [cxt 0] Action entry is NoAction - 
[20:41:11.369] [bmv2] [T] [thread 17104] [20.0] [cxt 0] Action NoAction
[20:41:11.369] [bmv2] [T] [thread 17104] [20.0] [cxt 0] /home/wly/p4-learning/exercises/10-Congestion_Aware_Load_Balancing/p4src/loadbalancer.p4(191) Condition "standard_metadata.instance_type == 0 && hdr.ethernet.etherType == TYPE_FEEDBACK && meta.egress_type == TYPE_EGRESS_HOST" (node_8) is false
[20:41:11.369] [bmv2] [D] [thread 17104] [20.0] [cxt 0] Pipeline 'ingress': end
[20:41:11.369] [bmv2] [D] [thread 17104] [20.0] [cxt 0] Egress port is 0
[20:41:11.369] [bmv2] [D] [thread 17105] [20.0] [cxt 0] Pipeline 'egress': start
[20:41:11.369] [bmv2] [T] [thread 17105] [20.0] [cxt 0] /home/wly/p4-learning/exercises/10-Congestion_Aware_Load_Balancing/p4src/loadbalancer.p4(234) Condition "standard_metadata.instance_type == 2" (node_13) is false
[20:41:11.369] [bmv2] [T] [thread 17105] [20.0] [cxt 0] /home/wly/p4-learning/exercises/10-Congestion_Aware_Load_Balancing/p4src/loadbalancer.p4(239) Condition "standard_metadata.instance_type == 0 && hdr.ethernet.etherType != TYPE_FEEDBACK" (node_15) is true
[20:41:11.369] [bmv2] [T] [thread 17105] [20.0] [cxt 0] /home/wly/p4-learning/exercises/10-Congestion_Aware_Load_Balancing/p4src/loadbalancer.p4(241) Condition "hdr.tcp.isValid()" (node_16) is false
[20:41:11.369] [bmv2] [D] [thread 17105] [20.0] [cxt 0] Pipeline 'egress': end
[20:41:11.369] [bmv2] [D] [thread 17105] [20.0] [cxt 0] Deparser 'deparser': start
[20:41:11.369] [bmv2] [T] [thread 17105] [20.0] [cxt 0] Skipping checksum 'cksum' update because condition not met
[20:41:11.369] [bmv2] [D] [thread 17105] [20.0] [cxt 0] Deparsing header 'ethernet'
[20:41:11.369] [bmv2] [D] [thread 17105] [20.0] [cxt 0] Deparser 'deparser': end
[20:41:11.369] [bmv2] [D] [thread 17109] [20.0] [cxt 0] Transmitting packet of size 203 out of port 0
[20:41:11.821] [bmv2] [T] [thread 17596] bm_get_config
[20:41:11.822] [bmv2] [T] [thread 17596] bm_mt_get_entries
[20:41:11.822] [bmv2] [T] [thread 17596] bm_mt_get_entries
[20:41:11.822] [bmv2] [T] [thread 17596] bm_mt_get_entries
[20:41:11.854] [bmv2] [T] [thread 17596] bm_reset_state
[20:41:11.855] [bmv2] [D] [thread 17596] Resetting simple_switch target-specific state
[20:41:11.855] [bmv2] [D] [thread 17596] resetting PRE state
[20:41:11.864] [bmv2] [T] [thread 17596] bm_set_default_action
[20:41:11.864] [bmv2] [D] [thread 17596] Set default entry for table 'MyIngress.ipv4_lpm': MyIngress.drop - 
[20:41:11.864] [bmv2] [T] [thread 17596] bm_set_default_action
[20:41:11.864] [bmv2] [D] [thread 17596] Set default entry for table 'MyIngress.ecmp_group_to_nhop': MyIngress.drop - 
[20:41:11.878] [bmv2] [T] [thread 17596] bm_table_add_entry
[20:41:11.878] [bmv2] [D] [thread 17596] Entry 0 added to table 'MyIngress.egress_type'
[20:41:11.878] [bmv2] [D] [thread 17596] Dumping entry 0
Match key:
* standard_metadata.egress_spec: EXACT     0001
Action entry: MyIngress.set_egress_type - 2,

[20:41:11.878] [bmv2] [T] [thread 17596] bm_table_add_entry
[20:41:11.878] [bmv2] [D] [thread 17596] Entry 1 added to table 'MyIngress.egress_type'
[20:41:11.878] [bmv2] [D] [thread 17596] Dumping entry 1
Match key:
* standard_metadata.egress_spec: EXACT     0002
Action entry: MyIngress.set_egress_type - 2,

[20:41:11.878] [bmv2] [T] [thread 17596] bm_table_add_entry
[20:41:11.878] [bmv2] [D] [thread 17596] Entry 2 added to table 'MyIngress.egress_type'
[20:41:11.878] [bmv2] [D] [thread 17596] Dumping entry 2
Match key:
* standard_metadata.egress_spec: EXACT     0003
Action entry: MyIngress.set_egress_type - 2,

[20:41:11.878] [bmv2] [T] [thread 17596] bm_table_add_entry
[20:41:11.878] [bmv2] [D] [thread 17596] Entry 3 added to table 'MyIngress.egress_type'
[20:41:11.878] [bmv2] [D] [thread 17596] Dumping entry 3
Match key:
* standard_metadata.egress_spec: EXACT     0004
Action entry: MyIngress.set_egress_type - 2,

[20:41:11.884] [bmv2] [T] [thread 17616] mirroring_sesssion_add
[20:41:11.968] [bmv2] [T] [thread 17596] bm_table_add_entry
[20:41:11.968] [bmv2] [D] [thread 17596] Entry 0 added to table 'MyIngress.ipv4_lpm'
[20:41:11.968] [bmv2] [D] [thread 17596] Dumping entry 0
Match key:
* hdr.ipv4.dstAddr    : LPM       0a010102/24
Action entry: MyIngress.set_nhop - 7ac7269ac489,1,

[20:41:11.968] [bmv2] [T] [thread 17596] bm_table_add_entry
[20:41:11.968] [bmv2] [D] [thread 17596] Entry 1 added to table 'MyIngress.ipv4_lpm'
[20:41:11.968] [bmv2] [D] [thread 17596] Dumping entry 1
Match key:
* hdr.ipv4.dstAddr    : LPM       0a010202/24
Action entry: MyIngress.set_nhop - 7ac7269ac489,1,

[20:41:11.968] [bmv2] [T] [thread 17596] bm_table_add_entry
[20:41:11.968] [bmv2] [D] [thread 17596] Entry 2 added to table 'MyIngress.ipv4_lpm'
[20:41:11.968] [bmv2] [D] [thread 17596] Dumping entry 2
Match key:
* hdr.ipv4.dstAddr    : LPM       0a020302/24
Action entry: MyIngress.set_nhop - 7ac7269ac489,1,

[20:41:11.969] [bmv2] [T] [thread 17596] bm_table_add_entry
[20:41:11.969] [bmv2] [D] [thread 17596] Entry 3 added to table 'MyIngress.ipv4_lpm'
[20:41:11.969] [bmv2] [D] [thread 17596] Dumping entry 3
Match key:
* hdr.ipv4.dstAddr    : LPM       0a020402/24
Action entry: MyIngress.set_nhop - 7ac7269ac489,1,

[20:41:11.969] [bmv2] [T] [thread 17596] bm_table_add_entry
[20:41:11.969] [bmv2] [D] [thread 17596] Entry 4 added to table 'MyIngress.ipv4_lpm'
[20:41:11.969] [bmv2] [D] [thread 17596] Dumping entry 4
Match key:
* hdr.ipv4.dstAddr    : LPM       0a030502/24
Action entry: MyIngress.set_nhop - 2e5622cb1b2e,2,

[20:41:11.969] [bmv2] [T] [thread 17596] bm_table_add_entry
[20:41:11.969] [bmv2] [D] [thread 17596] Entry 5 added to table 'MyIngress.ipv4_lpm'
[20:41:11.969] [bmv2] [D] [thread 17596] Dumping entry 5
Match key:
* hdr.ipv4.dstAddr    : LPM       0a030602/24
Action entry: MyIngress.set_nhop - 2e5622cb1b2e,2,

[20:41:11.969] [bmv2] [T] [thread 17596] bm_table_add_entry
[20:41:11.969] [bmv2] [D] [thread 17596] Entry 6 added to table 'MyIngress.ipv4_lpm'
[20:41:11.969] [bmv2] [D] [thread 17596] Dumping entry 6
Match key:
* hdr.ipv4.dstAddr    : LPM       0a040702/24
Action entry: MyIngress.set_nhop - 2e5622cb1b2e,2,

[20:41:11.970] [bmv2] [T] [thread 17596] bm_table_add_entry
[20:41:11.970] [bmv2] [D] [thread 17596] Entry 7 added to table 'MyIngress.ipv4_lpm'
[20:41:11.971] [bmv2] [D] [thread 17596] Dumping entry 7
Match key:
* hdr.ipv4.dstAddr    : LPM       0a040802/24
Action entry: MyIngress.set_nhop - 2e5622cb1b2e,2,

[20:41:11.971] [bmv2] [T] [thread 17596] bm_table_add_entry
[20:41:11.971] [bmv2] [D] [thread 17596] Entry 8 added to table 'MyIngress.ipv4_lpm'
[20:41:11.971] [bmv2] [D] [thread 17596] Dumping entry 8
Match key:
* hdr.ipv4.dstAddr    : LPM       0a050902/24
Action entry: MyIngress.set_nhop - 1e79dc5f476a,3,

[20:41:11.971] [bmv2] [T] [thread 17596] bm_table_add_entry
[20:41:11.971] [bmv2] [D] [thread 17596] Entry 9 added to table 'MyIngress.ipv4_lpm'
[20:41:11.971] [bmv2] [D] [thread 17596] Dumping entry 9
Match key:
* hdr.ipv4.dstAddr    : LPM       0a050a02/24
Action entry: MyIngress.set_nhop - 1e79dc5f476a,3,

[20:41:11.971] [bmv2] [T] [thread 17596] bm_table_add_entry
[20:41:11.971] [bmv2] [D] [thread 17596] Entry 10 added to table 'MyIngress.ipv4_lpm'
[20:41:11.971] [bmv2] [D] [thread 17596] Dumping entry 10
Match key:
* hdr.ipv4.dstAddr    : LPM       0a060b02/24
Action entry: MyIngress.set_nhop - 1e79dc5f476a,3,

[20:41:11.971] [bmv2] [T] [thread 17596] bm_table_add_entry
[20:41:11.971] [bmv2] [D] [thread 17596] Entry 11 added to table 'MyIngress.ipv4_lpm'
[20:41:11.971] [bmv2] [D] [thread 17596] Dumping entry 11
Match key:
* hdr.ipv4.dstAddr    : LPM       0a060c02/24
Action entry: MyIngress.set_nhop - 1e79dc5f476a,3,

[20:41:11.972] [bmv2] [T] [thread 17596] bm_table_add_entry
[20:41:11.972] [bmv2] [D] [thread 17596] Entry 12 added to table 'MyIngress.ipv4_lpm'
[20:41:11.972] [bmv2] [D] [thread 17596] Dumping entry 12
Match key:
* hdr.ipv4.dstAddr    : LPM       0a070d02/24
Action entry: MyIngress.set_nhop - 1eed8dc6bf2f,4,

[20:41:11.972] [bmv2] [T] [thread 17596] bm_table_add_entry
[20:41:11.972] [bmv2] [D] [thread 17596] Entry 13 added to table 'MyIngress.ipv4_lpm'
[20:41:11.972] [bmv2] [D] [thread 17596] Dumping entry 13
Match key:
* hdr.ipv4.dstAddr    : LPM       0a070e02/24
Action entry: MyIngress.set_nhop - 1eed8dc6bf2f,4,

[20:41:11.972] [bmv2] [T] [thread 17596] bm_table_add_entry
[20:41:11.972] [bmv2] [D] [thread 17596] Entry 14 added to table 'MyIngress.ipv4_lpm'
[20:41:11.972] [bmv2] [D] [thread 17596] Dumping entry 14
Match key:
* hdr.ipv4.dstAddr    : LPM       0a080f02/24
Action entry: MyIngress.set_nhop - 1eed8dc6bf2f,4,

[20:41:11.972] [bmv2] [T] [thread 17596] bm_table_add_entry
[20:41:11.972] [bmv2] [D] [thread 17596] Entry 15 added to table 'MyIngress.ipv4_lpm'
[20:41:11.972] [bmv2] [D] [thread 17596] Dumping entry 15
Match key:
* hdr.ipv4.dstAddr    : LPM       0a081002/24
Action entry: MyIngress.set_nhop - 1eed8dc6bf2f,4,

