Calling target program-options parser
[21:36:48.957] [bmv2] [D] [thread 44716] Set default default entry for table 'MyIngress.FEC_tbl': NoAction - 
[21:36:48.957] [bmv2] [D] [thread 44716] Set default default entry for table 'tbl_rsvp460': rsvp460 - 
[21:36:48.957] [bmv2] [D] [thread 44716] Set default default entry for table 'MyIngress.mpls_tbl': NoAction - 
[21:36:48.957] [bmv2] [D] [thread 44716] Set default default entry for table 'tbl_drop': MyIngress.drop - 
Adding interface s4-eth1 as port 1
[21:36:48.958] [bmv2] [D] [thread 44716] Adding interface s4-eth1 as port 1
Adding interface s4-eth2 as port 2
[21:36:48.977] [bmv2] [D] [thread 44716] Adding interface s4-eth2 as port 2
Adding interface s4-eth3 as port 3
[21:36:48.997] [bmv2] [D] [thread 44716] Adding interface s4-eth3 as port 3
Adding interface s4-eth4 as port 4
[21:36:49.021] [bmv2] [D] [thread 44716] Adding interface s4-eth4 as port 4
[21:36:49.046] [bmv2] [I] [thread 44716] Starting Thrift server on port 9093
[21:36:49.046] [bmv2] [I] [thread 44716] Thrift server was started
[21:36:49.117] [bmv2] [D] [thread 44722] [0.0] [cxt 0] Processing packet received on port 2
[21:36:49.117] [bmv2] [D] [thread 44722] [0.0] [cxt 0] Parser 'parser': start
[21:36:49.117] [bmv2] [D] [thread 44722] [0.0] [cxt 0] Parser 'parser' entering state 'start'
[21:36:49.117] [bmv2] [D] [thread 44722] [0.0] [cxt 0] Extracting header 'ethernet'
[21:36:49.117] [bmv2] [D] [thread 44722] [0.0] [cxt 0] Parser state 'start': key is 86dd
[21:36:49.117] [bmv2] [T] [thread 44722] [0.0] [cxt 0] Bytes parsed: 14
[21:36:49.117] [bmv2] [D] [thread 44722] [0.0] [cxt 0] Parser 'parser': end
[21:36:49.117] [bmv2] [D] [thread 44722] [0.0] [cxt 0] Pipeline 'ingress': start
[21:36:49.117] [bmv2] [T] [thread 44722] [0.0] [cxt 0] /home/wly/p4-learning/exercises/a-04-RSVP/thrift/rsvp.p4(474) Condition "hdr.ipv4.isValid()" (node_2) is false
[21:36:49.117] [bmv2] [T] [thread 44722] [0.0] [cxt 0] /home/wly/p4-learning/exercises/a-04-RSVP/thrift/rsvp.p4(477) Condition "hdr.mpls[0].isValid()" (node_4) is false
[21:36:49.117] [bmv2] [T] [thread 44722] [0.0] [cxt 0] /home/wly/p4-learning/exercises/a-04-RSVP/thrift/rsvp.p4(482) Condition "meta.meter_color != 0" (node_7) is false
[21:36:49.117] [bmv2] [D] [thread 44722] [0.0] [cxt 0] Pipeline 'ingress': end
[21:36:49.117] [bmv2] [D] [thread 44722] [0.0] [cxt 0] Egress port is 0
[21:36:49.117] [bmv2] [D] [thread 44723] [0.0] [cxt 0] Pipeline 'egress': start
[21:36:49.117] [bmv2] [D] [thread 44723] [0.0] [cxt 0] Pipeline 'egress': end
[21:36:49.117] [bmv2] [D] [thread 44723] [0.0] [cxt 0] Deparser 'deparser': start
[21:36:49.117] [bmv2] [T] [thread 44723] [0.0] [cxt 0] Skipping checksum 'cksum' update because condition not met
[21:36:49.117] [bmv2] [D] [thread 44723] [0.0] [cxt 0] Deparsing header 'ethernet'
[21:36:49.117] [bmv2] [D] [thread 44723] [0.0] [cxt 0] Deparser 'deparser': end
[21:36:49.117] [bmv2] [D] [thread 44727] [0.0] [cxt 0] Transmitting packet of size 90 out of port 0
[21:36:49.153] [bmv2] [D] [thread 44722] [1.0] [cxt 0] Processing packet received on port 4
[21:36:49.153] [bmv2] [D] [thread 44722] [1.0] [cxt 0] Parser 'parser': start
[21:36:49.153] [bmv2] [D] [thread 44722] [1.0] [cxt 0] Parser 'parser' entering state 'start'
[21:36:49.153] [bmv2] [D] [thread 44722] [1.0] [cxt 0] Extracting header 'ethernet'
[21:36:49.153] [bmv2] [D] [thread 44722] [1.0] [cxt 0] Parser state 'start': key is 86dd
[21:36:49.153] [bmv2] [T] [thread 44722] [1.0] [cxt 0] Bytes parsed: 14
[21:36:49.153] [bmv2] [D] [thread 44722] [1.0] [cxt 0] Parser 'parser': end
[21:36:49.153] [bmv2] [D] [thread 44722] [1.0] [cxt 0] Pipeline 'ingress': start
[21:36:49.153] [bmv2] [T] [thread 44722] [1.0] [cxt 0] /home/wly/p4-learning/exercises/a-04-RSVP/thrift/rsvp.p4(474) Condition "hdr.ipv4.isValid()" (node_2) is false
[21:36:49.153] [bmv2] [T] [thread 44722] [1.0] [cxt 0] /home/wly/p4-learning/exercises/a-04-RSVP/thrift/rsvp.p4(477) Condition "hdr.mpls[0].isValid()" (node_4) is false
[21:36:49.153] [bmv2] [T] [thread 44722] [1.0] [cxt 0] /home/wly/p4-learning/exercises/a-04-RSVP/thrift/rsvp.p4(482) Condition "meta.meter_color != 0" (node_7) is false
[21:36:49.153] [bmv2] [D] [thread 44722] [1.0] [cxt 0] Pipeline 'ingress': end
[21:36:49.153] [bmv2] [D] [thread 44722] [1.0] [cxt 0] Egress port is 0
[21:36:49.153] [bmv2] [D] [thread 44723] [1.0] [cxt 0] Pipeline 'egress': start
[21:36:49.154] [bmv2] [D] [thread 44723] [1.0] [cxt 0] Pipeline 'egress': end
[21:36:49.154] [bmv2] [D] [thread 44723] [1.0] [cxt 0] Deparser 'deparser': start
[21:36:49.154] [bmv2] [T] [thread 44723] [1.0] [cxt 0] Skipping checksum 'cksum' update because condition not met
[21:36:49.154] [bmv2] [D] [thread 44723] [1.0] [cxt 0] Deparsing header 'ethernet'
[21:36:49.154] [bmv2] [D] [thread 44723] [1.0] [cxt 0] Deparser 'deparser': end
[21:36:49.154] [bmv2] [D] [thread 44727] [1.0] [cxt 0] Transmitting packet of size 90 out of port 0
[21:36:49.277] [bmv2] [D] [thread 44722] [2.0] [cxt 0] Processing packet received on port 3
[21:36:49.277] [bmv2] [D] [thread 44722] [2.0] [cxt 0] Parser 'parser': start
[21:36:49.277] [bmv2] [D] [thread 44722] [2.0] [cxt 0] Parser 'parser' entering state 'start'
[21:36:49.277] [bmv2] [D] [thread 44722] [2.0] [cxt 0] Extracting header 'ethernet'
[21:36:49.277] [bmv2] [D] [thread 44722] [2.0] [cxt 0] Parser state 'start': key is 86dd
[21:36:49.277] [bmv2] [T] [thread 44722] [2.0] [cxt 0] Bytes parsed: 14
[21:36:49.277] [bmv2] [D] [thread 44722] [2.0] [cxt 0] Parser 'parser': end
[21:36:49.277] [bmv2] [D] [thread 44722] [2.0] [cxt 0] Pipeline 'ingress': start
[21:36:49.277] [bmv2] [T] [thread 44722] [2.0] [cxt 0] /home/wly/p4-learning/exercises/a-04-RSVP/thrift/rsvp.p4(474) Condition "hdr.ipv4.isValid()" (node_2) is false
[21:36:49.277] [bmv2] [T] [thread 44722] [2.0] [cxt 0] /home/wly/p4-learning/exercises/a-04-RSVP/thrift/rsvp.p4(477) Condition "hdr.mpls[0].isValid()" (node_4) is false
[21:36:49.277] [bmv2] [T] [thread 44722] [2.0] [cxt 0] /home/wly/p4-learning/exercises/a-04-RSVP/thrift/rsvp.p4(482) Condition "meta.meter_color != 0" (node_7) is false
[21:36:49.277] [bmv2] [D] [thread 44722] [2.0] [cxt 0] Pipeline 'ingress': end
[21:36:49.277] [bmv2] [D] [thread 44722] [2.0] [cxt 0] Egress port is 0
[21:36:49.277] [bmv2] [D] [thread 44723] [2.0] [cxt 0] Pipeline 'egress': start
[21:36:49.277] [bmv2] [D] [thread 44723] [2.0] [cxt 0] Pipeline 'egress': end
[21:36:49.277] [bmv2] [D] [thread 44723] [2.0] [cxt 0] Deparser 'deparser': start
[21:36:49.277] [bmv2] [T] [thread 44723] [2.0] [cxt 0] Skipping checksum 'cksum' update because condition not met
[21:36:49.277] [bmv2] [D] [thread 44723] [2.0] [cxt 0] Deparsing header 'ethernet'
[21:36:49.277] [bmv2] [D] [thread 44723] [2.0] [cxt 0] Deparser 'deparser': end
[21:36:49.277] [bmv2] [D] [thread 44727] [2.0] [cxt 0] Transmitting packet of size 90 out of port 0
[21:36:49.378] [bmv2] [D] [thread 44722] [3.0] [cxt 0] Processing packet received on port 3
[21:36:49.378] [bmv2] [D] [thread 44722] [3.0] [cxt 0] Parser 'parser': start
[21:36:49.378] [bmv2] [D] [thread 44722] [3.0] [cxt 0] Parser 'parser' entering state 'start'
[21:36:49.378] [bmv2] [D] [thread 44722] [3.0] [cxt 0] Extracting header 'ethernet'
[21:36:49.378] [bmv2] [D] [thread 44722] [3.0] [cxt 0] Parser state 'start': key is 86dd
[21:36:49.378] [bmv2] [T] [thread 44722] [3.0] [cxt 0] Bytes parsed: 14
[21:36:49.378] [bmv2] [D] [thread 44722] [3.0] [cxt 0] Parser 'parser': end
[21:36:49.378] [bmv2] [D] [thread 44722] [3.0] [cxt 0] Pipeline 'ingress': start
[21:36:49.378] [bmv2] [T] [thread 44722] [3.0] [cxt 0] /home/wly/p4-learning/exercises/a-04-RSVP/thrift/rsvp.p4(474) Condition "hdr.ipv4.isValid()" (node_2) is false
[21:36:49.378] [bmv2] [T] [thread 44722] [3.0] [cxt 0] /home/wly/p4-learning/exercises/a-04-RSVP/thrift/rsvp.p4(477) Condition "hdr.mpls[0].isValid()" (node_4) is false
[21:36:49.378] [bmv2] [T] [thread 44722] [3.0] [cxt 0] /home/wly/p4-learning/exercises/a-04-RSVP/thrift/rsvp.p4(482) Condition "meta.meter_color != 0" (node_7) is false
[21:36:49.378] [bmv2] [D] [thread 44722] [3.0] [cxt 0] Pipeline 'ingress': end
[21:36:49.378] [bmv2] [D] [thread 44722] [3.0] [cxt 0] Egress port is 0
[21:36:49.378] [bmv2] [D] [thread 44722] [4.0] [cxt 0] Processing packet received on port 3
[21:36:49.378] [bmv2] [D] [thread 44722] [4.0] [cxt 0] Parser 'parser': start
[21:36:49.378] [bmv2] [D] [thread 44722] [4.0] [cxt 0] Parser 'parser' entering state 'start'
[21:36:49.378] [bmv2] [D] [thread 44722] [4.0] [cxt 0] Extracting header 'ethernet'
[21:36:49.378] [bmv2] [D] [thread 44722] [4.0] [cxt 0] Parser state 'start': key is 86dd
[21:36:49.378] [bmv2] [T] [thread 44722] [4.0] [cxt 0] Bytes parsed: 14
[21:36:49.378] [bmv2] [D] [thread 44722] [4.0] [cxt 0] Parser 'parser': end
[21:36:49.378] [bmv2] [D] [thread 44722] [4.0] [cxt 0] Pipeline 'ingress': start
[21:36:49.378] [bmv2] [T] [thread 44722] [4.0] [cxt 0] /home/wly/p4-learning/exercises/a-04-RSVP/thrift/rsvp.p4(474) Condition "hdr.ipv4.isValid()" (node_2) is false
[21:36:49.378] [bmv2] [T] [thread 44722] [4.0] [cxt 0] /home/wly/p4-learning/exercises/a-04-RSVP/thrift/rsvp.p4(477) Condition "hdr.mpls[0].isValid()" (node_4) is false
[21:36:49.378] [bmv2] [T] [thread 44722] [4.0] [cxt 0] /home/wly/p4-learning/exercises/a-04-RSVP/thrift/rsvp.p4(482) Condition "meta.meter_color != 0" (node_7) is false
[21:36:49.378] [bmv2] [D] [thread 44722] [4.0] [cxt 0] Pipeline 'ingress': end
[21:36:49.378] [bmv2] [D] [thread 44722] [4.0] [cxt 0] Egress port is 0
[21:36:49.378] [bmv2] [D] [thread 44723] [3.0] [cxt 0] Pipeline 'egress': start
[21:36:49.378] [bmv2] [D] [thread 44723] [3.0] [cxt 0] Pipeline 'egress': end
[21:36:49.378] [bmv2] [D] [thread 44723] [3.0] [cxt 0] Deparser 'deparser': start
[21:36:49.378] [bmv2] [T] [thread 44723] [3.0] [cxt 0] Skipping checksum 'cksum' update because condition not met
[21:36:49.378] [bmv2] [D] [thread 44723] [3.0] [cxt 0] Deparsing header 'ethernet'
[21:36:49.378] [bmv2] [D] [thread 44723] [3.0] [cxt 0] Deparser 'deparser': end
[21:36:49.378] [bmv2] [D] [thread 44723] [4.0] [cxt 0] Pipeline 'egress': start
[21:36:49.378] [bmv2] [D] [thread 44723] [4.0] [cxt 0] Pipeline 'egress': end
[21:36:49.378] [bmv2] [D] [thread 44723] [4.0] [cxt 0] Deparser 'deparser': start
[21:36:49.378] [bmv2] [T] [thread 44723] [4.0] [cxt 0] Skipping checksum 'cksum' update because condition not met
[21:36:49.378] [bmv2] [D] [thread 44723] [4.0] [cxt 0] Deparsing header 'ethernet'
[21:36:49.378] [bmv2] [D] [thread 44723] [4.0] [cxt 0] Deparser 'deparser': end
[21:36:49.378] [bmv2] [D] [thread 44727] [3.0] [cxt 0] Transmitting packet of size 90 out of port 0
[21:36:49.378] [bmv2] [D] [thread 44727] [4.0] [cxt 0] Transmitting packet of size 70 out of port 0
[21:36:49.386] [bmv2] [D] [thread 44722] [5.0] [cxt 0] Processing packet received on port 3
[21:36:49.386] [bmv2] [D] [thread 44722] [5.0] [cxt 0] Parser 'parser': start
[21:36:49.386] [bmv2] [D] [thread 44722] [5.0] [cxt 0] Parser 'parser' entering state 'start'
[21:36:49.386] [bmv2] [D] [thread 44722] [5.0] [cxt 0] Extracting header 'ethernet'
[21:36:49.386] [bmv2] [D] [thread 44722] [5.0] [cxt 0] Parser state 'start': key is 86dd
[21:36:49.386] [bmv2] [T] [thread 44722] [5.0] [cxt 0] Bytes parsed: 14
[21:36:49.386] [bmv2] [D] [thread 44722] [5.0] [cxt 0] Parser 'parser': end
[21:36:49.386] [bmv2] [D] [thread 44722] [5.0] [cxt 0] Pipeline 'ingress': start
[21:36:49.386] [bmv2] [T] [thread 44722] [5.0] [cxt 0] /home/wly/p4-learning/exercises/a-04-RSVP/thrift/rsvp.p4(474) Condition "hdr.ipv4.isValid()" (node_2) is false
[21:36:49.386] [bmv2] [T] [thread 44722] [5.0] [cxt 0] /home/wly/p4-learning/exercises/a-04-RSVP/thrift/rsvp.p4(477) Condition "hdr.mpls[0].isValid()" (node_4) is false
[21:36:49.386] [bmv2] [T] [thread 44722] [5.0] [cxt 0] /home/wly/p4-learning/exercises/a-04-RSVP/thrift/rsvp.p4(482) Condition "meta.meter_color != 0" (node_7) is false
[21:36:49.386] [bmv2] [D] [thread 44722] [5.0] [cxt 0] Pipeline 'ingress': end
[21:36:49.386] [bmv2] [D] [thread 44722] [5.0] [cxt 0] Egress port is 0
[21:36:49.386] [bmv2] [D] [thread 44723] [5.0] [cxt 0] Pipeline 'egress': start
[21:36:49.386] [bmv2] [D] [thread 44723] [5.0] [cxt 0] Pipeline 'egress': end
[21:36:49.386] [bmv2] [D] [thread 44723] [5.0] [cxt 0] Deparser 'deparser': start
[21:36:49.386] [bmv2] [T] [thread 44723] [5.0] [cxt 0] Skipping checksum 'cksum' update because condition not met
[21:36:49.386] [bmv2] [D] [thread 44723] [5.0] [cxt 0] Deparsing header 'ethernet'
[21:36:49.386] [bmv2] [D] [thread 44723] [5.0] [cxt 0] Deparser 'deparser': end
[21:36:49.386] [bmv2] [D] [thread 44727] [5.0] [cxt 0] Transmitting packet of size 90 out of port 0
[21:36:49.437] [bmv2] [D] [thread 44722] [6.0] [cxt 0] Processing packet received on port 3
[21:36:49.437] [bmv2] [D] [thread 44722] [6.0] [cxt 0] Parser 'parser': start
[21:36:49.437] [bmv2] [D] [thread 44722] [6.0] [cxt 0] Parser 'parser' entering state 'start'
[21:36:49.437] [bmv2] [D] [thread 44722] [6.0] [cxt 0] Extracting header 'ethernet'
[21:36:49.437] [bmv2] [D] [thread 44722] [6.0] [cxt 0] Parser state 'start': key is 86dd
[21:36:49.437] [bmv2] [T] [thread 44722] [6.0] [cxt 0] Bytes parsed: 14
[21:36:49.437] [bmv2] [D] [thread 44722] [6.0] [cxt 0] Parser 'parser': end
[21:36:49.437] [bmv2] [D] [thread 44722] [6.0] [cxt 0] Pipeline 'ingress': start
[21:36:49.437] [bmv2] [T] [thread 44722] [6.0] [cxt 0] /home/wly/p4-learning/exercises/a-04-RSVP/thrift/rsvp.p4(474) Condition "hdr.ipv4.isValid()" (node_2) is false
[21:36:49.437] [bmv2] [T] [thread 44722] [6.0] [cxt 0] /home/wly/p4-learning/exercises/a-04-RSVP/thrift/rsvp.p4(477) Condition "hdr.mpls[0].isValid()" (node_4) is false
[21:36:49.437] [bmv2] [T] [thread 44722] [6.0] [cxt 0] /home/wly/p4-learning/exercises/a-04-RSVP/thrift/rsvp.p4(482) Condition "meta.meter_color != 0" (node_7) is false
[21:36:49.437] [bmv2] [D] [thread 44722] [6.0] [cxt 0] Pipeline 'ingress': end
[21:36:49.437] [bmv2] [D] [thread 44722] [6.0] [cxt 0] Egress port is 0
[21:36:49.437] [bmv2] [D] [thread 44722] [7.0] [cxt 0] Processing packet received on port 3
[21:36:49.437] [bmv2] [D] [thread 44722] [7.0] [cxt 0] Parser 'parser': start
[21:36:49.437] [bmv2] [D] [thread 44722] [7.0] [cxt 0] Parser 'parser' entering state 'start'
[21:36:49.437] [bmv2] [D] [thread 44722] [7.0] [cxt 0] Extracting header 'ethernet'
[21:36:49.437] [bmv2] [D] [thread 44722] [7.0] [cxt 0] Parser state 'start': key is 86dd
[21:36:49.437] [bmv2] [T] [thread 44722] [7.0] [cxt 0] Bytes parsed: 14
[21:36:49.437] [bmv2] [D] [thread 44722] [7.0] [cxt 0] Parser 'parser': end
[21:36:49.437] [bmv2] [D] [thread 44722] [7.0] [cxt 0] Pipeline 'ingress': start
[21:36:49.437] [bmv2] [T] [thread 44722] [7.0] [cxt 0] /home/wly/p4-learning/exercises/a-04-RSVP/thrift/rsvp.p4(474) Condition "hdr.ipv4.isValid()" (node_2) is false
[21:36:49.437] [bmv2] [T] [thread 44722] [7.0] [cxt 0] /home/wly/p4-learning/exercises/a-04-RSVP/thrift/rsvp.p4(477) Condition "hdr.mpls[0].isValid()" (node_4) is false
[21:36:49.437] [bmv2] [T] [thread 44722] [7.0] [cxt 0] /home/wly/p4-learning/exercises/a-04-RSVP/thrift/rsvp.p4(482) Condition "meta.meter_color != 0" (node_7) is false
[21:36:49.437] [bmv2] [D] [thread 44722] [7.0] [cxt 0] Pipeline 'ingress': end
[21:36:49.437] [bmv2] [D] [thread 44722] [7.0] [cxt 0] Egress port is 0
[21:36:49.437] [bmv2] [D] [thread 44723] [6.0] [cxt 0] Pipeline 'egress': start
[21:36:49.437] [bmv2] [D] [thread 44723] [6.0] [cxt 0] Pipeline 'egress': end
[21:36:49.437] [bmv2] [D] [thread 44723] [6.0] [cxt 0] Deparser 'deparser': start
[21:36:49.437] [bmv2] [T] [thread 44723] [6.0] [cxt 0] Skipping checksum 'cksum' update because condition not met
[21:36:49.437] [bmv2] [D] [thread 44723] [6.0] [cxt 0] Deparsing header 'ethernet'
[21:36:49.437] [bmv2] [D] [thread 44723] [6.0] [cxt 0] Deparser 'deparser': end
[21:36:49.437] [bmv2] [D] [thread 44723] [7.0] [cxt 0] Pipeline 'egress': start
[21:36:49.437] [bmv2] [D] [thread 44723] [7.0] [cxt 0] Pipeline 'egress': end
[21:36:49.437] [bmv2] [D] [thread 44723] [7.0] [cxt 0] Deparser 'deparser': start
[21:36:49.437] [bmv2] [T] [thread 44723] [7.0] [cxt 0] Skipping checksum 'cksum' update because condition not met
[21:36:49.437] [bmv2] [D] [thread 44723] [7.0] [cxt 0] Deparsing header 'ethernet'
[21:36:49.437] [bmv2] [D] [thread 44723] [7.0] [cxt 0] Deparser 'deparser': end
[21:36:49.437] [bmv2] [D] [thread 44727] [6.0] [cxt 0] Transmitting packet of size 90 out of port 0
[21:36:49.437] [bmv2] [D] [thread 44727] [7.0] [cxt 0] Transmitting packet of size 70 out of port 0
[21:36:49.437] [bmv2] [D] [thread 44722] [8.0] [cxt 0] Processing packet received on port 2
[21:36:49.437] [bmv2] [D] [thread 44722] [8.0] [cxt 0] Parser 'parser': start
[21:36:49.437] [bmv2] [D] [thread 44722] [8.0] [cxt 0] Parser 'parser' entering state 'start'
[21:36:49.437] [bmv2] [D] [thread 44722] [8.0] [cxt 0] Extracting header 'ethernet'
[21:36:49.437] [bmv2] [D] [thread 44722] [8.0] [cxt 0] Parser state 'start': key is 86dd
[21:36:49.437] [bmv2] [T] [thread 44722] [8.0] [cxt 0] Bytes parsed: 14
[21:36:49.437] [bmv2] [D] [thread 44722] [8.0] [cxt 0] Parser 'parser': end
[21:36:49.437] [bmv2] [D] [thread 44722] [8.0] [cxt 0] Pipeline 'ingress': start
[21:36:49.437] [bmv2] [T] [thread 44722] [8.0] [cxt 0] /home/wly/p4-learning/exercises/a-04-RSVP/thrift/rsvp.p4(474) Condition "hdr.ipv4.isValid()" (node_2) is false
[21:36:49.437] [bmv2] [T] [thread 44722] [8.0] [cxt 0] /home/wly/p4-learning/exercises/a-04-RSVP/thrift/rsvp.p4(477) Condition "hdr.mpls[0].isValid()" (node_4) is false
[21:36:49.437] [bmv2] [T] [thread 44722] [8.0] [cxt 0] /home/wly/p4-learning/exercises/a-04-RSVP/thrift/rsvp.p4(482) Condition "meta.meter_color != 0" (node_7) is false
[21:36:49.437] [bmv2] [D] [thread 44722] [8.0] [cxt 0] Pipeline 'ingress': end
[21:36:49.437] [bmv2] [D] [thread 44722] [8.0] [cxt 0] Egress port is 0
[21:36:49.437] [bmv2] [D] [thread 44722] [9.0] [cxt 0] Processing packet received on port 2
[21:36:49.437] [bmv2] [D] [thread 44722] [9.0] [cxt 0] Parser 'parser': start
[21:36:49.437] [bmv2] [D] [thread 44722] [9.0] [cxt 0] Parser 'parser' entering state 'start'
[21:36:49.437] [bmv2] [D] [thread 44722] [9.0] [cxt 0] Extracting header 'ethernet'
[21:36:49.437] [bmv2] [D] [thread 44722] [9.0] [cxt 0] Parser state 'start': key is 86dd
[21:36:49.437] [bmv2] [T] [thread 44722] [9.0] [cxt 0] Bytes parsed: 14
[21:36:49.437] [bmv2] [D] [thread 44722] [9.0] [cxt 0] Parser 'parser': end
[21:36:49.437] [bmv2] [D] [thread 44722] [9.0] [cxt 0] Pipeline 'ingress': start
[21:36:49.437] [bmv2] [T] [thread 44722] [9.0] [cxt 0] /home/wly/p4-learning/exercises/a-04-RSVP/thrift/rsvp.p4(474) Condition "hdr.ipv4.isValid()" (node_2) is false
[21:36:49.437] [bmv2] [T] [thread 44722] [9.0] [cxt 0] /home/wly/p4-learning/exercises/a-04-RSVP/thrift/rsvp.p4(477) Condition "hdr.mpls[0].isValid()" (node_4) is false
[21:36:49.437] [bmv2] [T] [thread 44722] [9.0] [cxt 0] /home/wly/p4-learning/exercises/a-04-RSVP/thrift/rsvp.p4(482) Condition "meta.meter_color != 0" (node_7) is false
[21:36:49.437] [bmv2] [D] [thread 44722] [9.0] [cxt 0] Pipeline 'ingress': end
[21:36:49.437] [bmv2] [D] [thread 44722] [9.0] [cxt 0] Egress port is 0
[21:36:49.437] [bmv2] [D] [thread 44723] [8.0] [cxt 0] Pipeline 'egress': start
[21:36:49.437] [bmv2] [D] [thread 44723] [8.0] [cxt 0] Pipeline 'egress': end
[21:36:49.437] [bmv2] [D] [thread 44723] [8.0] [cxt 0] Deparser 'deparser': start
[21:36:49.437] [bmv2] [T] [thread 44723] [8.0] [cxt 0] Skipping checksum 'cksum' update because condition not met
[21:36:49.437] [bmv2] [D] [thread 44723] [8.0] [cxt 0] Deparsing header 'ethernet'
[21:36:49.437] [bmv2] [D] [thread 44723] [8.0] [cxt 0] Deparser 'deparser': end
[21:36:49.437] [bmv2] [D] [thread 44723] [9.0] [cxt 0] Pipeline 'egress': start
[21:36:49.437] [bmv2] [D] [thread 44723] [9.0] [cxt 0] Pipeline 'egress': end
[21:36:49.437] [bmv2] [D] [thread 44723] [9.0] [cxt 0] Deparser 'deparser': start
[21:36:49.437] [bmv2] [T] [thread 44723] [9.0] [cxt 0] Skipping checksum 'cksum' update because condition not met
[21:36:49.437] [bmv2] [D] [thread 44723] [9.0] [cxt 0] Deparsing header 'ethernet'
[21:36:49.437] [bmv2] [D] [thread 44723] [9.0] [cxt 0] Deparser 'deparser': end
[21:36:49.437] [bmv2] [D] [thread 44727] [8.0] [cxt 0] Transmitting packet of size 90 out of port 0
[21:36:49.437] [bmv2] [D] [thread 44727] [9.0] [cxt 0] Transmitting packet of size 70 out of port 0
[21:36:49.449] [bmv2] [D] [thread 44722] [10.0] [cxt 0] Processing packet received on port 2
[21:36:49.449] [bmv2] [D] [thread 44722] [10.0] [cxt 0] Parser 'parser': start
[21:36:49.449] [bmv2] [D] [thread 44722] [10.0] [cxt 0] Parser 'parser' entering state 'start'
[21:36:49.449] [bmv2] [D] [thread 44722] [10.0] [cxt 0] Extracting header 'ethernet'
[21:36:49.449] [bmv2] [D] [thread 44722] [10.0] [cxt 0] Parser state 'start': key is 86dd
[21:36:49.449] [bmv2] [T] [thread 44722] [10.0] [cxt 0] Bytes parsed: 14
[21:36:49.449] [bmv2] [D] [thread 44722] [10.0] [cxt 0] Parser 'parser': end
[21:36:49.449] [bmv2] [D] [thread 44722] [10.0] [cxt 0] Pipeline 'ingress': start
[21:36:49.449] [bmv2] [T] [thread 44722] [10.0] [cxt 0] /home/wly/p4-learning/exercises/a-04-RSVP/thrift/rsvp.p4(474) Condition "hdr.ipv4.isValid()" (node_2) is false
[21:36:49.449] [bmv2] [T] [thread 44722] [10.0] [cxt 0] /home/wly/p4-learning/exercises/a-04-RSVP/thrift/rsvp.p4(477) Condition "hdr.mpls[0].isValid()" (node_4) is false
[21:36:49.449] [bmv2] [T] [thread 44722] [10.0] [cxt 0] /home/wly/p4-learning/exercises/a-04-RSVP/thrift/rsvp.p4(482) Condition "meta.meter_color != 0" (node_7) is false
[21:36:49.449] [bmv2] [D] [thread 44722] [10.0] [cxt 0] Pipeline 'ingress': end
[21:36:49.449] [bmv2] [D] [thread 44722] [10.0] [cxt 0] Egress port is 0
[21:36:49.449] [bmv2] [D] [thread 44722] [11.0] [cxt 0] Processing packet received on port 3
[21:36:49.449] [bmv2] [D] [thread 44722] [11.0] [cxt 0] Parser 'parser': start
[21:36:49.449] [bmv2] [D] [thread 44722] [11.0] [cxt 0] Parser 'parser' entering state 'start'
[21:36:49.449] [bmv2] [D] [thread 44722] [11.0] [cxt 0] Extracting header 'ethernet'
[21:36:49.449] [bmv2] [D] [thread 44722] [11.0] [cxt 0] Parser state 'start': key is 86dd
[21:36:49.449] [bmv2] [T] [thread 44722] [11.0] [cxt 0] Bytes parsed: 14
[21:36:49.449] [bmv2] [D] [thread 44722] [11.0] [cxt 0] Parser 'parser': end
[21:36:49.449] [bmv2] [D] [thread 44722] [11.0] [cxt 0] Pipeline 'ingress': start
[21:36:49.449] [bmv2] [T] [thread 44722] [11.0] [cxt 0] /home/wly/p4-learning/exercises/a-04-RSVP/thrift/rsvp.p4(474) Condition "hdr.ipv4.isValid()" (node_2) is false
[21:36:49.449] [bmv2] [T] [thread 44722] [11.0] [cxt 0] /home/wly/p4-learning/exercises/a-04-RSVP/thrift/rsvp.p4(477) Condition "hdr.mpls[0].isValid()" (node_4) is false
[21:36:49.449] [bmv2] [T] [thread 44722] [11.0] [cxt 0] /home/wly/p4-learning/exercises/a-04-RSVP/thrift/rsvp.p4(482) Condition "meta.meter_color != 0" (node_7) is false
[21:36:49.449] [bmv2] [D] [thread 44723] [10.0] [cxt 0] Pipeline 'egress': start
[21:36:49.449] [bmv2] [D] [thread 44723] [10.0] [cxt 0] Pipeline 'egress': end
[21:36:49.449] [bmv2] [D] [thread 44723] [10.0] [cxt 0] Deparser 'deparser': start
[21:36:49.449] [bmv2] [T] [thread 44723] [10.0] [cxt 0] Skipping checksum 'cksum' update because condition not met
[21:36:49.449] [bmv2] [D] [thread 44723] [10.0] [cxt 0] Deparsing header 'ethernet'
[21:36:49.449] [bmv2] [D] [thread 44723] [10.0] [cxt 0] Deparser 'deparser': end
[21:36:49.449] [bmv2] [D] [thread 44722] [11.0] [cxt 0] Pipeline 'ingress': end
[21:36:49.449] [bmv2] [D] [thread 44722] [11.0] [cxt 0] Egress port is 0
[21:36:49.449] [bmv2] [D] [thread 44727] [10.0] [cxt 0] Transmitting packet of size 90 out of port 0
[21:36:49.449] [bmv2] [D] [thread 44723] [11.0] [cxt 0] Pipeline 'egress': start
[21:36:49.449] [bmv2] [D] [thread 44723] [11.0] [cxt 0] Pipeline 'egress': end
[21:36:49.449] [bmv2] [D] [thread 44723] [11.0] [cxt 0] Deparser 'deparser': start
[21:36:49.449] [bmv2] [T] [thread 44723] [11.0] [cxt 0] Skipping checksum 'cksum' update because condition not met
[21:36:49.449] [bmv2] [D] [thread 44723] [11.0] [cxt 0] Deparsing header 'ethernet'
[21:36:49.449] [bmv2] [D] [thread 44723] [11.0] [cxt 0] Deparser 'deparser': end
[21:36:49.449] [bmv2] [D] [thread 44727] [11.0] [cxt 0] Transmitting packet of size 90 out of port 0
[21:37:08.752] [bmv2] [T] [thread 44942] bm_get_config
[21:37:08.753] [bmv2] [T] [thread 44942] bm_mt_get_entries
[21:37:08.753] [bmv2] [T] [thread 44942] bm_mt_get_entries
[21:37:08.761] [bmv2] [T] [thread 44942] bm_reset_state
[21:37:08.761] [bmv2] [D] [thread 44942] Resetting simple_switch target-specific state
[21:37:08.761] [bmv2] [D] [thread 44942] resetting PRE state
[21:37:08.767] [bmv2] [T] [thread 44942] bm_table_add_entry
[21:37:08.767] [bmv2] [D] [thread 44942] Entry 0 added to table 'MyIngress.mpls_tbl'
[21:37:08.767] [bmv2] [D] [thread 44942] Dumping entry 0
Match key:
* hdr.mpls[0].label   : EXACT     000001
* hdr.mpls[0].s       : EXACT     00
Action entry: MyIngress.mpls_forward - 628ab3131f9e,1,

[21:37:08.767] [bmv2] [T] [thread 44942] bm_table_add_entry
[21:37:08.767] [bmv2] [D] [thread 44942] Entry 1 added to table 'MyIngress.mpls_tbl'
[21:37:08.767] [bmv2] [D] [thread 44942] Dumping entry 1
Match key:
* hdr.mpls[0].label   : EXACT     000001
* hdr.mpls[0].s       : EXACT     01
Action entry: MyIngress.penultimate - 628ab3131f9e,1,

[21:37:08.767] [bmv2] [T] [thread 44942] bm_table_add_entry
[21:37:08.767] [bmv2] [D] [thread 44942] Entry 2 added to table 'MyIngress.mpls_tbl'
[21:37:08.767] [bmv2] [D] [thread 44942] Dumping entry 2
Match key:
* hdr.mpls[0].label   : EXACT     000002
* hdr.mpls[0].s       : EXACT     00
Action entry: MyIngress.mpls_forward - ab677922a8c,2,

[21:37:08.767] [bmv2] [T] [thread 44942] bm_table_add_entry
[21:37:08.767] [bmv2] [D] [thread 44942] Entry 3 added to table 'MyIngress.mpls_tbl'
[21:37:08.767] [bmv2] [D] [thread 44942] Dumping entry 3
Match key:
* hdr.mpls[0].label   : EXACT     000002
* hdr.mpls[0].s       : EXACT     01
Action entry: MyIngress.penultimate - ab677922a8c,2,

[21:37:08.767] [bmv2] [T] [thread 44942] bm_table_add_entry
[21:37:08.767] [bmv2] [D] [thread 44942] Entry 4 added to table 'MyIngress.mpls_tbl'
[21:37:08.767] [bmv2] [D] [thread 44942] Dumping entry 4
Match key:
* hdr.mpls[0].label   : EXACT     000003
* hdr.mpls[0].s       : EXACT     00
Action entry: MyIngress.mpls_forward - c6f4c1849a4b,3,

[21:37:08.768] [bmv2] [T] [thread 44942] bm_table_add_entry
[21:37:08.768] [bmv2] [D] [thread 44942] Entry 5 added to table 'MyIngress.mpls_tbl'
[21:37:08.768] [bmv2] [D] [thread 44942] Dumping entry 5
Match key:
* hdr.mpls[0].label   : EXACT     000003
* hdr.mpls[0].s       : EXACT     01
Action entry: MyIngress.penultimate - c6f4c1849a4b,3,

[21:37:08.768] [bmv2] [T] [thread 44942] bm_table_add_entry
[21:37:08.768] [bmv2] [D] [thread 44942] Entry 6 added to table 'MyIngress.mpls_tbl'
[21:37:08.768] [bmv2] [D] [thread 44942] Dumping entry 6
Match key:
* hdr.mpls[0].label   : EXACT     000004
* hdr.mpls[0].s       : EXACT     00
Action entry: MyIngress.mpls_forward - e96a2840972,4,

[21:37:08.768] [bmv2] [T] [thread 44942] bm_table_add_entry
[21:37:08.768] [bmv2] [D] [thread 44942] Entry 7 added to table 'MyIngress.mpls_tbl'
[21:37:08.768] [bmv2] [D] [thread 44942] Dumping entry 7
Match key:
* hdr.mpls[0].label   : EXACT     000004
* hdr.mpls[0].s       : EXACT     01
Action entry: MyIngress.penultimate - e96a2840972,4,

open: No such file or directory
open: No such file or directory
open: No such file or directory
open: No such file or directory
open: No such file or directory
open: No such file or directory
open: No such file or directory
open: No such file or directory
open: No such file or directory
open: No such file or directory
open: No such file or directory
open: No such file or directory
open: No such file or directory
open: No such file or directory
open: No such file or directory
open: No such file or directory
open: No such file or directory
