Calling target program-options parser
[21:36:48.844] [bmv2] [D] [thread 44703] Set default default entry for table 'MyIngress.FEC_tbl': NoAction - 
[21:36:48.844] [bmv2] [D] [thread 44703] Set default default entry for table 'tbl_rsvp460': rsvp460 - 
[21:36:48.844] [bmv2] [D] [thread 44703] Set default default entry for table 'MyIngress.mpls_tbl': NoAction - 
[21:36:48.844] [bmv2] [D] [thread 44703] Set default default entry for table 'tbl_drop': MyIngress.drop - 
Adding interface s3-eth1 as port 1
[21:36:48.844] [bmv2] [D] [thread 44703] Adding interface s3-eth1 as port 1
Adding interface s3-eth2 as port 2
[21:36:48.874] [bmv2] [D] [thread 44703] Adding interface s3-eth2 as port 2
Adding interface s3-eth3 as port 3
[21:36:48.905] [bmv2] [D] [thread 44703] Adding interface s3-eth3 as port 3
Adding interface s3-eth4 as port 4
[21:36:48.922] [bmv2] [D] [thread 44703] Adding interface s3-eth4 as port 4
[21:36:48.938] [bmv2] [I] [thread 44703] Starting Thrift server on port 9092
[21:36:48.938] [bmv2] [I] [thread 44703] Thrift server was started
[21:36:48.994] [bmv2] [D] [thread 44709] [0.0] [cxt 0] Processing packet received on port 4
[21:36:48.994] [bmv2] [D] [thread 44709] [0.0] [cxt 0] Parser 'parser': start
[21:36:48.994] [bmv2] [D] [thread 44709] [0.0] [cxt 0] Parser 'parser' entering state 'start'
[21:36:48.994] [bmv2] [D] [thread 44709] [0.0] [cxt 0] Extracting header 'ethernet'
[21:36:48.994] [bmv2] [D] [thread 44709] [0.0] [cxt 0] Parser state 'start': key is 86dd
[21:36:48.994] [bmv2] [T] [thread 44709] [0.0] [cxt 0] Bytes parsed: 14
[21:36:48.994] [bmv2] [D] [thread 44709] [0.0] [cxt 0] Parser 'parser': end
[21:36:48.994] [bmv2] [D] [thread 44709] [0.0] [cxt 0] Pipeline 'ingress': start
[21:36:48.994] [bmv2] [T] [thread 44709] [0.0] [cxt 0] /home/wly/p4-learning/exercises/a-04-RSVP/thrift/rsvp.p4(474) Condition "hdr.ipv4.isValid()" (node_2) is false
[21:36:48.994] [bmv2] [T] [thread 44709] [0.0] [cxt 0] /home/wly/p4-learning/exercises/a-04-RSVP/thrift/rsvp.p4(477) Condition "hdr.mpls[0].isValid()" (node_4) is false
[21:36:48.994] [bmv2] [T] [thread 44709] [0.0] [cxt 0] /home/wly/p4-learning/exercises/a-04-RSVP/thrift/rsvp.p4(482) Condition "meta.meter_color != 0" (node_7) is false
[21:36:48.994] [bmv2] [D] [thread 44709] [0.0] [cxt 0] Pipeline 'ingress': end
[21:36:48.994] [bmv2] [D] [thread 44709] [0.0] [cxt 0] Egress port is 0
[21:36:48.994] [bmv2] [D] [thread 44710] [0.0] [cxt 0] Pipeline 'egress': start
[21:36:48.994] [bmv2] [D] [thread 44710] [0.0] [cxt 0] Pipeline 'egress': end
[21:36:48.994] [bmv2] [D] [thread 44710] [0.0] [cxt 0] Deparser 'deparser': start
[21:36:48.994] [bmv2] [T] [thread 44710] [0.0] [cxt 0] Skipping checksum 'cksum' update because condition not met
[21:36:48.994] [bmv2] [D] [thread 44710] [0.0] [cxt 0] Deparsing header 'ethernet'
[21:36:48.994] [bmv2] [D] [thread 44710] [0.0] [cxt 0] Deparser 'deparser': end
[21:36:48.994] [bmv2] [D] [thread 44714] [0.0] [cxt 0] Transmitting packet of size 90 out of port 0
[21:36:49.085] [bmv2] [D] [thread 44709] [1.0] [cxt 0] Processing packet received on port 2
[21:36:49.085] [bmv2] [D] [thread 44709] [1.0] [cxt 0] Parser 'parser': start
[21:36:49.085] [bmv2] [D] [thread 44709] [1.0] [cxt 0] Parser 'parser' entering state 'start'
[21:36:49.085] [bmv2] [D] [thread 44709] [1.0] [cxt 0] Extracting header 'ethernet'
[21:36:49.085] [bmv2] [D] [thread 44709] [1.0] [cxt 0] Parser state 'start': key is 86dd
[21:36:49.085] [bmv2] [T] [thread 44709] [1.0] [cxt 0] Bytes parsed: 14
[21:36:49.085] [bmv2] [D] [thread 44709] [1.0] [cxt 0] Parser 'parser': end
[21:36:49.085] [bmv2] [D] [thread 44709] [1.0] [cxt 0] Pipeline 'ingress': start
[21:36:49.085] [bmv2] [T] [thread 44709] [1.0] [cxt 0] /home/wly/p4-learning/exercises/a-04-RSVP/thrift/rsvp.p4(474) Condition "hdr.ipv4.isValid()" (node_2) is false
[21:36:49.085] [bmv2] [T] [thread 44709] [1.0] [cxt 0] /home/wly/p4-learning/exercises/a-04-RSVP/thrift/rsvp.p4(477) Condition "hdr.mpls[0].isValid()" (node_4) is false
[21:36:49.085] [bmv2] [T] [thread 44709] [1.0] [cxt 0] /home/wly/p4-learning/exercises/a-04-RSVP/thrift/rsvp.p4(482) Condition "meta.meter_color != 0" (node_7) is false
[21:36:49.085] [bmv2] [D] [thread 44709] [1.0] [cxt 0] Pipeline 'ingress': end
[21:36:49.085] [bmv2] [D] [thread 44709] [1.0] [cxt 0] Egress port is 0
[21:36:49.085] [bmv2] [D] [thread 44710] [1.0] [cxt 0] Pipeline 'egress': start
[21:36:49.085] [bmv2] [D] [thread 44710] [1.0] [cxt 0] Pipeline 'egress': end
[21:36:49.085] [bmv2] [D] [thread 44710] [1.0] [cxt 0] Deparser 'deparser': start
[21:36:49.085] [bmv2] [T] [thread 44710] [1.0] [cxt 0] Skipping checksum 'cksum' update because condition not met
[21:36:49.085] [bmv2] [D] [thread 44710] [1.0] [cxt 0] Deparsing header 'ethernet'
[21:36:49.085] [bmv2] [D] [thread 44710] [1.0] [cxt 0] Deparser 'deparser': end
[21:36:49.085] [bmv2] [D] [thread 44714] [1.0] [cxt 0] Transmitting packet of size 90 out of port 0
[21:36:49.117] [bmv2] [D] [thread 44709] [2.0] [cxt 0] Processing packet received on port 3
[21:36:49.117] [bmv2] [D] [thread 44709] [2.0] [cxt 0] Parser 'parser': start
[21:36:49.117] [bmv2] [D] [thread 44709] [2.0] [cxt 0] Parser 'parser' entering state 'start'
[21:36:49.117] [bmv2] [D] [thread 44709] [2.0] [cxt 0] Extracting header 'ethernet'
[21:36:49.117] [bmv2] [D] [thread 44709] [2.0] [cxt 0] Parser state 'start': key is 86dd
[21:36:49.117] [bmv2] [T] [thread 44709] [2.0] [cxt 0] Bytes parsed: 14
[21:36:49.117] [bmv2] [D] [thread 44709] [2.0] [cxt 0] Parser 'parser': end
[21:36:49.117] [bmv2] [D] [thread 44709] [2.0] [cxt 0] Pipeline 'ingress': start
[21:36:49.117] [bmv2] [T] [thread 44709] [2.0] [cxt 0] /home/wly/p4-learning/exercises/a-04-RSVP/thrift/rsvp.p4(474) Condition "hdr.ipv4.isValid()" (node_2) is false
[21:36:49.117] [bmv2] [T] [thread 44709] [2.0] [cxt 0] /home/wly/p4-learning/exercises/a-04-RSVP/thrift/rsvp.p4(477) Condition "hdr.mpls[0].isValid()" (node_4) is false
[21:36:49.117] [bmv2] [T] [thread 44709] [2.0] [cxt 0] /home/wly/p4-learning/exercises/a-04-RSVP/thrift/rsvp.p4(482) Condition "meta.meter_color != 0" (node_7) is false
[21:36:49.117] [bmv2] [D] [thread 44709] [2.0] [cxt 0] Pipeline 'ingress': end
[21:36:49.117] [bmv2] [D] [thread 44709] [2.0] [cxt 0] Egress port is 0
[21:36:49.117] [bmv2] [D] [thread 44710] [2.0] [cxt 0] Pipeline 'egress': start
[21:36:49.117] [bmv2] [D] [thread 44710] [2.0] [cxt 0] Pipeline 'egress': end
[21:36:49.117] [bmv2] [D] [thread 44710] [2.0] [cxt 0] Deparser 'deparser': start
[21:36:49.117] [bmv2] [T] [thread 44710] [2.0] [cxt 0] Skipping checksum 'cksum' update because condition not met
[21:36:49.117] [bmv2] [D] [thread 44710] [2.0] [cxt 0] Deparsing header 'ethernet'
[21:36:49.117] [bmv2] [D] [thread 44710] [2.0] [cxt 0] Deparser 'deparser': end
[21:36:49.117] [bmv2] [D] [thread 44714] [2.0] [cxt 0] Transmitting packet of size 90 out of port 0
[21:36:49.219] [bmv2] [D] [thread 44709] [3.0] [cxt 0] Processing packet received on port 1
[21:36:49.219] [bmv2] [D] [thread 44709] [3.0] [cxt 0] Parser 'parser': start
[21:36:49.219] [bmv2] [D] [thread 44709] [3.0] [cxt 0] Parser 'parser' entering state 'start'
[21:36:49.219] [bmv2] [D] [thread 44709] [3.0] [cxt 0] Extracting header 'ethernet'
[21:36:49.219] [bmv2] [D] [thread 44709] [3.0] [cxt 0] Parser state 'start': key is 86dd
[21:36:49.219] [bmv2] [T] [thread 44709] [3.0] [cxt 0] Bytes parsed: 14
[21:36:49.219] [bmv2] [D] [thread 44709] [3.0] [cxt 0] Parser 'parser': end
[21:36:49.219] [bmv2] [D] [thread 44709] [3.0] [cxt 0] Pipeline 'ingress': start
[21:36:49.219] [bmv2] [T] [thread 44709] [3.0] [cxt 0] /home/wly/p4-learning/exercises/a-04-RSVP/thrift/rsvp.p4(474) Condition "hdr.ipv4.isValid()" (node_2) is false
[21:36:49.219] [bmv2] [T] [thread 44709] [3.0] [cxt 0] /home/wly/p4-learning/exercises/a-04-RSVP/thrift/rsvp.p4(477) Condition "hdr.mpls[0].isValid()" (node_4) is false
[21:36:49.219] [bmv2] [T] [thread 44709] [3.0] [cxt 0] /home/wly/p4-learning/exercises/a-04-RSVP/thrift/rsvp.p4(482) Condition "meta.meter_color != 0" (node_7) is false
[21:36:49.219] [bmv2] [D] [thread 44709] [3.0] [cxt 0] Pipeline 'ingress': end
[21:36:49.219] [bmv2] [D] [thread 44709] [3.0] [cxt 0] Egress port is 0
[21:36:49.219] [bmv2] [D] [thread 44709] [4.0] [cxt 0] Processing packet received on port 1
[21:36:49.219] [bmv2] [D] [thread 44709] [4.0] [cxt 0] Parser 'parser': start
[21:36:49.219] [bmv2] [D] [thread 44709] [4.0] [cxt 0] Parser 'parser' entering state 'start'
[21:36:49.219] [bmv2] [D] [thread 44709] [4.0] [cxt 0] Extracting header 'ethernet'
[21:36:49.219] [bmv2] [D] [thread 44709] [4.0] [cxt 0] Parser state 'start': key is 86dd
[21:36:49.219] [bmv2] [T] [thread 44709] [4.0] [cxt 0] Bytes parsed: 14
[21:36:49.219] [bmv2] [D] [thread 44709] [4.0] [cxt 0] Parser 'parser': end
[21:36:49.219] [bmv2] [D] [thread 44709] [4.0] [cxt 0] Pipeline 'ingress': start
[21:36:49.219] [bmv2] [T] [thread 44709] [4.0] [cxt 0] /home/wly/p4-learning/exercises/a-04-RSVP/thrift/rsvp.p4(474) Condition "hdr.ipv4.isValid()" (node_2) is false
[21:36:49.219] [bmv2] [T] [thread 44709] [4.0] [cxt 0] /home/wly/p4-learning/exercises/a-04-RSVP/thrift/rsvp.p4(477) Condition "hdr.mpls[0].isValid()" (node_4) is false
[21:36:49.219] [bmv2] [T] [thread 44709] [4.0] [cxt 0] /home/wly/p4-learning/exercises/a-04-RSVP/thrift/rsvp.p4(482) Condition "meta.meter_color != 0" (node_7) is false
[21:36:49.219] [bmv2] [D] [thread 44709] [4.0] [cxt 0] Pipeline 'ingress': end
[21:36:49.219] [bmv2] [D] [thread 44709] [4.0] [cxt 0] Egress port is 0
[21:36:49.219] [bmv2] [D] [thread 44710] [3.0] [cxt 0] Pipeline 'egress': start
[21:36:49.219] [bmv2] [D] [thread 44710] [3.0] [cxt 0] Pipeline 'egress': end
[21:36:49.219] [bmv2] [D] [thread 44710] [3.0] [cxt 0] Deparser 'deparser': start
[21:36:49.219] [bmv2] [T] [thread 44710] [3.0] [cxt 0] Skipping checksum 'cksum' update because condition not met
[21:36:49.219] [bmv2] [D] [thread 44710] [3.0] [cxt 0] Deparsing header 'ethernet'
[21:36:49.219] [bmv2] [D] [thread 44710] [3.0] [cxt 0] Deparser 'deparser': end
[21:36:49.219] [bmv2] [D] [thread 44710] [4.0] [cxt 0] Pipeline 'egress': start
[21:36:49.219] [bmv2] [D] [thread 44710] [4.0] [cxt 0] Pipeline 'egress': end
[21:36:49.219] [bmv2] [D] [thread 44710] [4.0] [cxt 0] Deparser 'deparser': start
[21:36:49.219] [bmv2] [T] [thread 44710] [4.0] [cxt 0] Skipping checksum 'cksum' update because condition not met
[21:36:49.219] [bmv2] [D] [thread 44710] [4.0] [cxt 0] Deparsing header 'ethernet'
[21:36:49.219] [bmv2] [D] [thread 44710] [4.0] [cxt 0] Deparser 'deparser': end
[21:36:49.219] [bmv2] [D] [thread 44714] [3.0] [cxt 0] Transmitting packet of size 90 out of port 0
[21:36:49.219] [bmv2] [D] [thread 44714] [4.0] [cxt 0] Transmitting packet of size 70 out of port 0
[21:36:49.230] [bmv2] [D] [thread 44709] [5.0] [cxt 0] Processing packet received on port 1
[21:36:49.230] [bmv2] [D] [thread 44709] [5.0] [cxt 0] Parser 'parser': start
[21:36:49.230] [bmv2] [D] [thread 44709] [5.0] [cxt 0] Parser 'parser' entering state 'start'
[21:36:49.230] [bmv2] [D] [thread 44709] [5.0] [cxt 0] Extracting header 'ethernet'
[21:36:49.230] [bmv2] [D] [thread 44709] [5.0] [cxt 0] Parser state 'start': key is 86dd
[21:36:49.230] [bmv2] [T] [thread 44709] [5.0] [cxt 0] Bytes parsed: 14
[21:36:49.230] [bmv2] [D] [thread 44709] [5.0] [cxt 0] Parser 'parser': end
[21:36:49.230] [bmv2] [D] [thread 44709] [5.0] [cxt 0] Pipeline 'ingress': start
[21:36:49.230] [bmv2] [T] [thread 44709] [5.0] [cxt 0] /home/wly/p4-learning/exercises/a-04-RSVP/thrift/rsvp.p4(474) Condition "hdr.ipv4.isValid()" (node_2) is false
[21:36:49.230] [bmv2] [T] [thread 44709] [5.0] [cxt 0] /home/wly/p4-learning/exercises/a-04-RSVP/thrift/rsvp.p4(477) Condition "hdr.mpls[0].isValid()" (node_4) is false
[21:36:49.230] [bmv2] [T] [thread 44709] [5.0] [cxt 0] /home/wly/p4-learning/exercises/a-04-RSVP/thrift/rsvp.p4(482) Condition "meta.meter_color != 0" (node_7) is false
[21:36:49.230] [bmv2] [D] [thread 44709] [5.0] [cxt 0] Pipeline 'ingress': end
[21:36:49.230] [bmv2] [D] [thread 44709] [5.0] [cxt 0] Egress port is 0
[21:36:49.230] [bmv2] [D] [thread 44710] [5.0] [cxt 0] Pipeline 'egress': start
[21:36:49.230] [bmv2] [D] [thread 44710] [5.0] [cxt 0] Pipeline 'egress': end
[21:36:49.230] [bmv2] [D] [thread 44710] [5.0] [cxt 0] Deparser 'deparser': start
[21:36:49.230] [bmv2] [T] [thread 44710] [5.0] [cxt 0] Skipping checksum 'cksum' update because condition not met
[21:36:49.230] [bmv2] [D] [thread 44710] [5.0] [cxt 0] Deparsing header 'ethernet'
[21:36:49.230] [bmv2] [D] [thread 44710] [5.0] [cxt 0] Deparser 'deparser': end
[21:36:49.230] [bmv2] [D] [thread 44714] [5.0] [cxt 0] Transmitting packet of size 90 out of port 0
[21:36:49.277] [bmv2] [D] [thread 44709] [6.0] [cxt 0] Processing packet received on port 4
[21:36:49.277] [bmv2] [D] [thread 44709] [6.0] [cxt 0] Parser 'parser': start
[21:36:49.277] [bmv2] [D] [thread 44709] [6.0] [cxt 0] Parser 'parser' entering state 'start'
[21:36:49.277] [bmv2] [D] [thread 44709] [6.0] [cxt 0] Extracting header 'ethernet'
[21:36:49.277] [bmv2] [D] [thread 44709] [6.0] [cxt 0] Parser state 'start': key is 86dd
[21:36:49.277] [bmv2] [T] [thread 44709] [6.0] [cxt 0] Bytes parsed: 14
[21:36:49.277] [bmv2] [D] [thread 44709] [6.0] [cxt 0] Parser 'parser': end
[21:36:49.277] [bmv2] [D] [thread 44709] [6.0] [cxt 0] Pipeline 'ingress': start
[21:36:49.277] [bmv2] [T] [thread 44709] [6.0] [cxt 0] /home/wly/p4-learning/exercises/a-04-RSVP/thrift/rsvp.p4(474) Condition "hdr.ipv4.isValid()" (node_2) is false
[21:36:49.277] [bmv2] [T] [thread 44709] [6.0] [cxt 0] /home/wly/p4-learning/exercises/a-04-RSVP/thrift/rsvp.p4(477) Condition "hdr.mpls[0].isValid()" (node_4) is false
[21:36:49.277] [bmv2] [T] [thread 44709] [6.0] [cxt 0] /home/wly/p4-learning/exercises/a-04-RSVP/thrift/rsvp.p4(482) Condition "meta.meter_color != 0" (node_7) is false
[21:36:49.277] [bmv2] [D] [thread 44709] [6.0] [cxt 0] Pipeline 'ingress': end
[21:36:49.277] [bmv2] [D] [thread 44709] [6.0] [cxt 0] Egress port is 0
[21:36:49.277] [bmv2] [D] [thread 44709] [7.0] [cxt 0] Processing packet received on port 4
[21:36:49.277] [bmv2] [D] [thread 44709] [7.0] [cxt 0] Parser 'parser': start
[21:36:49.277] [bmv2] [D] [thread 44709] [7.0] [cxt 0] Parser 'parser' entering state 'start'
[21:36:49.277] [bmv2] [D] [thread 44709] [7.0] [cxt 0] Extracting header 'ethernet'
[21:36:49.277] [bmv2] [D] [thread 44709] [7.0] [cxt 0] Parser state 'start': key is 86dd
[21:36:49.277] [bmv2] [T] [thread 44709] [7.0] [cxt 0] Bytes parsed: 14
[21:36:49.277] [bmv2] [D] [thread 44709] [7.0] [cxt 0] Parser 'parser': end
[21:36:49.277] [bmv2] [D] [thread 44709] [7.0] [cxt 0] Pipeline 'ingress': start
[21:36:49.277] [bmv2] [T] [thread 44709] [7.0] [cxt 0] /home/wly/p4-learning/exercises/a-04-RSVP/thrift/rsvp.p4(474) Condition "hdr.ipv4.isValid()" (node_2) is false
[21:36:49.277] [bmv2] [T] [thread 44709] [7.0] [cxt 0] /home/wly/p4-learning/exercises/a-04-RSVP/thrift/rsvp.p4(477) Condition "hdr.mpls[0].isValid()" (node_4) is false
[21:36:49.277] [bmv2] [T] [thread 44709] [7.0] [cxt 0] /home/wly/p4-learning/exercises/a-04-RSVP/thrift/rsvp.p4(482) Condition "meta.meter_color != 0" (node_7) is false
[21:36:49.277] [bmv2] [D] [thread 44709] [7.0] [cxt 0] Pipeline 'ingress': end
[21:36:49.277] [bmv2] [D] [thread 44709] [7.0] [cxt 0] Egress port is 0
[21:36:49.277] [bmv2] [D] [thread 44710] [6.0] [cxt 0] Pipeline 'egress': start
[21:36:49.277] [bmv2] [D] [thread 44710] [6.0] [cxt 0] Pipeline 'egress': end
[21:36:49.277] [bmv2] [D] [thread 44710] [6.0] [cxt 0] Deparser 'deparser': start
[21:36:49.277] [bmv2] [T] [thread 44710] [6.0] [cxt 0] Skipping checksum 'cksum' update because condition not met
[21:36:49.277] [bmv2] [D] [thread 44710] [6.0] [cxt 0] Deparsing header 'ethernet'
[21:36:49.277] [bmv2] [D] [thread 44710] [6.0] [cxt 0] Deparser 'deparser': end
[21:36:49.277] [bmv2] [D] [thread 44710] [7.0] [cxt 0] Pipeline 'egress': start
[21:36:49.277] [bmv2] [D] [thread 44710] [7.0] [cxt 0] Pipeline 'egress': end
[21:36:49.277] [bmv2] [D] [thread 44710] [7.0] [cxt 0] Deparser 'deparser': start
[21:36:49.277] [bmv2] [T] [thread 44710] [7.0] [cxt 0] Skipping checksum 'cksum' update because condition not met
[21:36:49.277] [bmv2] [D] [thread 44710] [7.0] [cxt 0] Deparsing header 'ethernet'
[21:36:49.277] [bmv2] [D] [thread 44710] [7.0] [cxt 0] Deparser 'deparser': end
[21:36:49.277] [bmv2] [D] [thread 44714] [6.0] [cxt 0] Transmitting packet of size 90 out of port 0
[21:36:49.277] [bmv2] [D] [thread 44714] [7.0] [cxt 0] Transmitting packet of size 86 out of port 0
[21:36:49.319] [bmv2] [D] [thread 44709] [8.0] [cxt 0] Processing packet received on port 1
[21:36:49.319] [bmv2] [D] [thread 44709] [8.0] [cxt 0] Parser 'parser': start
[21:36:49.319] [bmv2] [D] [thread 44709] [8.0] [cxt 0] Parser 'parser' entering state 'start'
[21:36:49.319] [bmv2] [D] [thread 44709] [8.0] [cxt 0] Extracting header 'ethernet'
[21:36:49.319] [bmv2] [D] [thread 44709] [8.0] [cxt 0] Parser state 'start': key is 86dd
[21:36:49.319] [bmv2] [T] [thread 44709] [8.0] [cxt 0] Bytes parsed: 14
[21:36:49.319] [bmv2] [D] [thread 44709] [8.0] [cxt 0] Parser 'parser': end
[21:36:49.319] [bmv2] [D] [thread 44709] [8.0] [cxt 0] Pipeline 'ingress': start
[21:36:49.319] [bmv2] [T] [thread 44709] [8.0] [cxt 0] /home/wly/p4-learning/exercises/a-04-RSVP/thrift/rsvp.p4(474) Condition "hdr.ipv4.isValid()" (node_2) is false
[21:36:49.319] [bmv2] [T] [thread 44709] [8.0] [cxt 0] /home/wly/p4-learning/exercises/a-04-RSVP/thrift/rsvp.p4(477) Condition "hdr.mpls[0].isValid()" (node_4) is false
[21:36:49.319] [bmv2] [T] [thread 44709] [8.0] [cxt 0] /home/wly/p4-learning/exercises/a-04-RSVP/thrift/rsvp.p4(482) Condition "meta.meter_color != 0" (node_7) is false
[21:36:49.319] [bmv2] [D] [thread 44709] [8.0] [cxt 0] Pipeline 'ingress': end
[21:36:49.319] [bmv2] [D] [thread 44709] [8.0] [cxt 0] Egress port is 0
[21:36:49.319] [bmv2] [D] [thread 44710] [8.0] [cxt 0] Pipeline 'egress': start
[21:36:49.319] [bmv2] [D] [thread 44710] [8.0] [cxt 0] Pipeline 'egress': end
[21:36:49.319] [bmv2] [D] [thread 44710] [8.0] [cxt 0] Deparser 'deparser': start
[21:36:49.319] [bmv2] [T] [thread 44710] [8.0] [cxt 0] Skipping checksum 'cksum' update because condition not met
[21:36:49.319] [bmv2] [D] [thread 44710] [8.0] [cxt 0] Deparsing header 'ethernet'
[21:36:49.319] [bmv2] [D] [thread 44710] [8.0] [cxt 0] Deparser 'deparser': end
[21:36:49.319] [bmv2] [D] [thread 44714] [8.0] [cxt 0] Transmitting packet of size 203 out of port 0
[21:36:49.378] [bmv2] [D] [thread 44709] [9.0] [cxt 0] Processing packet received on port 2
[21:36:49.378] [bmv2] [D] [thread 44709] [9.0] [cxt 0] Parser 'parser': start
[21:36:49.378] [bmv2] [D] [thread 44709] [9.0] [cxt 0] Parser 'parser' entering state 'start'
[21:36:49.378] [bmv2] [D] [thread 44709] [9.0] [cxt 0] Extracting header 'ethernet'
[21:36:49.378] [bmv2] [D] [thread 44709] [9.0] [cxt 0] Parser state 'start': key is 86dd
[21:36:49.378] [bmv2] [T] [thread 44709] [9.0] [cxt 0] Bytes parsed: 14
[21:36:49.378] [bmv2] [D] [thread 44709] [9.0] [cxt 0] Parser 'parser': end
[21:36:49.378] [bmv2] [D] [thread 44709] [9.0] [cxt 0] Pipeline 'ingress': start
[21:36:49.378] [bmv2] [T] [thread 44709] [9.0] [cxt 0] /home/wly/p4-learning/exercises/a-04-RSVP/thrift/rsvp.p4(474) Condition "hdr.ipv4.isValid()" (node_2) is false
[21:36:49.378] [bmv2] [T] [thread 44709] [9.0] [cxt 0] /home/wly/p4-learning/exercises/a-04-RSVP/thrift/rsvp.p4(477) Condition "hdr.mpls[0].isValid()" (node_4) is false
[21:36:49.378] [bmv2] [T] [thread 44709] [9.0] [cxt 0] /home/wly/p4-learning/exercises/a-04-RSVP/thrift/rsvp.p4(482) Condition "meta.meter_color != 0" (node_7) is false
[21:36:49.378] [bmv2] [D] [thread 44709] [9.0] [cxt 0] Pipeline 'ingress': end
[21:36:49.378] [bmv2] [D] [thread 44709] [9.0] [cxt 0] Egress port is 0
[21:36:49.378] [bmv2] [D] [thread 44710] [9.0] [cxt 0] Pipeline 'egress': start
[21:36:49.378] [bmv2] [D] [thread 44710] [9.0] [cxt 0] Pipeline 'egress': end
[21:36:49.378] [bmv2] [D] [thread 44710] [9.0] [cxt 0] Deparser 'deparser': start
[21:36:49.378] [bmv2] [T] [thread 44710] [9.0] [cxt 0] Skipping checksum 'cksum' update because condition not met
[21:36:49.378] [bmv2] [D] [thread 44710] [9.0] [cxt 0] Deparsing header 'ethernet'
[21:36:49.378] [bmv2] [D] [thread 44710] [9.0] [cxt 0] Deparser 'deparser': end
[21:36:49.378] [bmv2] [D] [thread 44714] [9.0] [cxt 0] Transmitting packet of size 90 out of port 0
[21:36:49.378] [bmv2] [D] [thread 44709] [10.0] [cxt 0] Processing packet received on port 2
[21:36:49.378] [bmv2] [D] [thread 44709] [10.0] [cxt 0] Parser 'parser': start
[21:36:49.378] [bmv2] [D] [thread 44709] [10.0] [cxt 0] Parser 'parser' entering state 'start'
[21:36:49.378] [bmv2] [D] [thread 44709] [10.0] [cxt 0] Extracting header 'ethernet'
[21:36:49.378] [bmv2] [D] [thread 44709] [10.0] [cxt 0] Parser state 'start': key is 86dd
[21:36:49.378] [bmv2] [T] [thread 44709] [10.0] [cxt 0] Bytes parsed: 14
[21:36:49.378] [bmv2] [D] [thread 44709] [10.0] [cxt 0] Parser 'parser': end
[21:36:49.378] [bmv2] [D] [thread 44709] [10.0] [cxt 0] Pipeline 'ingress': start
[21:36:49.378] [bmv2] [T] [thread 44709] [10.0] [cxt 0] /home/wly/p4-learning/exercises/a-04-RSVP/thrift/rsvp.p4(474) Condition "hdr.ipv4.isValid()" (node_2) is false
[21:36:49.378] [bmv2] [T] [thread 44709] [10.0] [cxt 0] /home/wly/p4-learning/exercises/a-04-RSVP/thrift/rsvp.p4(477) Condition "hdr.mpls[0].isValid()" (node_4) is false
[21:36:49.378] [bmv2] [T] [thread 44709] [10.0] [cxt 0] /home/wly/p4-learning/exercises/a-04-RSVP/thrift/rsvp.p4(482) Condition "meta.meter_color != 0" (node_7) is false
[21:36:49.378] [bmv2] [D] [thread 44709] [10.0] [cxt 0] Pipeline 'ingress': end
[21:36:49.378] [bmv2] [D] [thread 44709] [10.0] [cxt 0] Egress port is 0
[21:36:49.378] [bmv2] [D] [thread 44710] [10.0] [cxt 0] Pipeline 'egress': start
[21:36:49.378] [bmv2] [D] [thread 44710] [10.0] [cxt 0] Pipeline 'egress': end
[21:36:49.378] [bmv2] [D] [thread 44710] [10.0] [cxt 0] Deparser 'deparser': start
[21:36:49.378] [bmv2] [T] [thread 44710] [10.0] [cxt 0] Skipping checksum 'cksum' update because condition not met
[21:36:49.378] [bmv2] [D] [thread 44710] [10.0] [cxt 0] Deparsing header 'ethernet'
[21:36:49.378] [bmv2] [D] [thread 44710] [10.0] [cxt 0] Deparser 'deparser': end
[21:36:49.378] [bmv2] [D] [thread 44714] [10.0] [cxt 0] Transmitting packet of size 70 out of port 0
[21:36:49.385] [bmv2] [D] [thread 44709] [11.0] [cxt 0] Processing packet received on port 2
[21:36:49.385] [bmv2] [D] [thread 44709] [11.0] [cxt 0] Parser 'parser': start
[21:36:49.385] [bmv2] [D] [thread 44709] [11.0] [cxt 0] Parser 'parser' entering state 'start'
[21:36:49.385] [bmv2] [D] [thread 44709] [11.0] [cxt 0] Extracting header 'ethernet'
[21:36:49.385] [bmv2] [D] [thread 44709] [11.0] [cxt 0] Parser state 'start': key is 86dd
[21:36:49.385] [bmv2] [T] [thread 44709] [11.0] [cxt 0] Bytes parsed: 14
[21:36:49.385] [bmv2] [D] [thread 44709] [11.0] [cxt 0] Parser 'parser': end
[21:36:49.386] [bmv2] [D] [thread 44709] [11.0] [cxt 0] Pipeline 'ingress': start
[21:36:49.386] [bmv2] [T] [thread 44709] [11.0] [cxt 0] /home/wly/p4-learning/exercises/a-04-RSVP/thrift/rsvp.p4(474) Condition "hdr.ipv4.isValid()" (node_2) is false
[21:36:49.386] [bmv2] [T] [thread 44709] [11.0] [cxt 0] /home/wly/p4-learning/exercises/a-04-RSVP/thrift/rsvp.p4(477) Condition "hdr.mpls[0].isValid()" (node_4) is false
[21:36:49.386] [bmv2] [T] [thread 44709] [11.0] [cxt 0] /home/wly/p4-learning/exercises/a-04-RSVP/thrift/rsvp.p4(482) Condition "meta.meter_color != 0" (node_7) is false
[21:36:49.386] [bmv2] [D] [thread 44709] [11.0] [cxt 0] Pipeline 'ingress': end
[21:36:49.386] [bmv2] [D] [thread 44709] [11.0] [cxt 0] Egress port is 0
[21:36:49.386] [bmv2] [D] [thread 44710] [11.0] [cxt 0] Pipeline 'egress': start
[21:36:49.386] [bmv2] [D] [thread 44710] [11.0] [cxt 0] Pipeline 'egress': end
[21:36:49.386] [bmv2] [D] [thread 44710] [11.0] [cxt 0] Deparser 'deparser': start
[21:36:49.386] [bmv2] [T] [thread 44710] [11.0] [cxt 0] Skipping checksum 'cksum' update because condition not met
[21:36:49.386] [bmv2] [D] [thread 44710] [11.0] [cxt 0] Deparsing header 'ethernet'
[21:36:49.386] [bmv2] [D] [thread 44710] [11.0] [cxt 0] Deparser 'deparser': end
[21:36:49.386] [bmv2] [D] [thread 44714] [11.0] [cxt 0] Transmitting packet of size 90 out of port 0
[21:36:49.439] [bmv2] [D] [thread 44709] [12.0] [cxt 0] Processing packet received on port 3
[21:36:49.439] [bmv2] [D] [thread 44709] [12.0] [cxt 0] Parser 'parser': start
[21:36:49.439] [bmv2] [D] [thread 44709] [12.0] [cxt 0] Parser 'parser' entering state 'start'
[21:36:49.439] [bmv2] [D] [thread 44709] [12.0] [cxt 0] Extracting header 'ethernet'
[21:36:49.439] [bmv2] [D] [thread 44709] [12.0] [cxt 0] Parser state 'start': key is 86dd
[21:36:49.439] [bmv2] [T] [thread 44709] [12.0] [cxt 0] Bytes parsed: 14
[21:36:49.439] [bmv2] [D] [thread 44709] [12.0] [cxt 0] Parser 'parser': end
[21:36:49.439] [bmv2] [D] [thread 44709] [12.0] [cxt 0] Pipeline 'ingress': start
[21:36:49.439] [bmv2] [T] [thread 44709] [12.0] [cxt 0] /home/wly/p4-learning/exercises/a-04-RSVP/thrift/rsvp.p4(474) Condition "hdr.ipv4.isValid()" (node_2) is false
[21:36:49.439] [bmv2] [T] [thread 44709] [12.0] [cxt 0] /home/wly/p4-learning/exercises/a-04-RSVP/thrift/rsvp.p4(477) Condition "hdr.mpls[0].isValid()" (node_4) is false
[21:36:49.439] [bmv2] [T] [thread 44709] [12.0] [cxt 0] /home/wly/p4-learning/exercises/a-04-RSVP/thrift/rsvp.p4(482) Condition "meta.meter_color != 0" (node_7) is false
[21:36:49.439] [bmv2] [D] [thread 44709] [12.0] [cxt 0] Pipeline 'ingress': end
[21:36:49.439] [bmv2] [D] [thread 44709] [12.0] [cxt 0] Egress port is 0
[21:36:49.439] [bmv2] [D] [thread 44709] [13.0] [cxt 0] Processing packet received on port 3
[21:36:49.439] [bmv2] [D] [thread 44709] [13.0] [cxt 0] Parser 'parser': start
[21:36:49.439] [bmv2] [D] [thread 44709] [13.0] [cxt 0] Parser 'parser' entering state 'start'
[21:36:49.439] [bmv2] [D] [thread 44709] [13.0] [cxt 0] Extracting header 'ethernet'
[21:36:49.439] [bmv2] [D] [thread 44709] [13.0] [cxt 0] Parser state 'start': key is 86dd
[21:36:49.439] [bmv2] [T] [thread 44709] [13.0] [cxt 0] Bytes parsed: 14
[21:36:49.439] [bmv2] [D] [thread 44709] [13.0] [cxt 0] Parser 'parser': end
[21:36:49.439] [bmv2] [D] [thread 44709] [13.0] [cxt 0] Pipeline 'ingress': start
[21:36:49.439] [bmv2] [T] [thread 44709] [13.0] [cxt 0] /home/wly/p4-learning/exercises/a-04-RSVP/thrift/rsvp.p4(474) Condition "hdr.ipv4.isValid()" (node_2) is false
[21:36:49.439] [bmv2] [T] [thread 44709] [13.0] [cxt 0] /home/wly/p4-learning/exercises/a-04-RSVP/thrift/rsvp.p4(477) Condition "hdr.mpls[0].isValid()" (node_4) is false
[21:36:49.439] [bmv2] [T] [thread 44709] [13.0] [cxt 0] /home/wly/p4-learning/exercises/a-04-RSVP/thrift/rsvp.p4(482) Condition "meta.meter_color != 0" (node_7) is false
[21:36:49.439] [bmv2] [D] [thread 44709] [13.0] [cxt 0] Pipeline 'ingress': end
[21:36:49.439] [bmv2] [D] [thread 44709] [13.0] [cxt 0] Egress port is 0
[21:36:49.439] [bmv2] [D] [thread 44710] [12.0] [cxt 0] Pipeline 'egress': start
[21:36:49.439] [bmv2] [D] [thread 44710] [12.0] [cxt 0] Pipeline 'egress': end
[21:36:49.439] [bmv2] [D] [thread 44710] [12.0] [cxt 0] Deparser 'deparser': start
[21:36:49.439] [bmv2] [T] [thread 44710] [12.0] [cxt 0] Skipping checksum 'cksum' update because condition not met
[21:36:49.439] [bmv2] [D] [thread 44710] [12.0] [cxt 0] Deparsing header 'ethernet'
[21:36:49.439] [bmv2] [D] [thread 44710] [12.0] [cxt 0] Deparser 'deparser': end
[21:36:49.439] [bmv2] [D] [thread 44710] [13.0] [cxt 0] Pipeline 'egress': start
[21:36:49.439] [bmv2] [D] [thread 44710] [13.0] [cxt 0] Pipeline 'egress': end
[21:36:49.439] [bmv2] [D] [thread 44710] [13.0] [cxt 0] Deparser 'deparser': start
[21:36:49.439] [bmv2] [T] [thread 44710] [13.0] [cxt 0] Skipping checksum 'cksum' update because condition not met
[21:36:49.439] [bmv2] [D] [thread 44710] [13.0] [cxt 0] Deparsing header 'ethernet'
[21:36:49.439] [bmv2] [D] [thread 44710] [13.0] [cxt 0] Deparser 'deparser': end
[21:36:49.439] [bmv2] [D] [thread 44714] [12.0] [cxt 0] Transmitting packet of size 90 out of port 0
[21:36:49.439] [bmv2] [D] [thread 44714] [13.0] [cxt 0] Transmitting packet of size 70 out of port 0
[21:36:49.449] [bmv2] [D] [thread 44709] [14.0] [cxt 0] Processing packet received on port 3
[21:36:49.449] [bmv2] [D] [thread 44709] [14.0] [cxt 0] Parser 'parser': start
[21:36:49.449] [bmv2] [D] [thread 44709] [14.0] [cxt 0] Parser 'parser' entering state 'start'
[21:36:49.449] [bmv2] [D] [thread 44709] [14.0] [cxt 0] Extracting header 'ethernet'
[21:36:49.449] [bmv2] [D] [thread 44709] [14.0] [cxt 0] Parser state 'start': key is 86dd
[21:36:49.449] [bmv2] [T] [thread 44709] [14.0] [cxt 0] Bytes parsed: 14
[21:36:49.449] [bmv2] [D] [thread 44709] [14.0] [cxt 0] Parser 'parser': end
[21:36:49.449] [bmv2] [D] [thread 44709] [14.0] [cxt 0] Pipeline 'ingress': start
[21:36:49.449] [bmv2] [T] [thread 44709] [14.0] [cxt 0] /home/wly/p4-learning/exercises/a-04-RSVP/thrift/rsvp.p4(474) Condition "hdr.ipv4.isValid()" (node_2) is false
[21:36:49.449] [bmv2] [T] [thread 44709] [14.0] [cxt 0] /home/wly/p4-learning/exercises/a-04-RSVP/thrift/rsvp.p4(477) Condition "hdr.mpls[0].isValid()" (node_4) is false
[21:36:49.449] [bmv2] [T] [thread 44709] [14.0] [cxt 0] /home/wly/p4-learning/exercises/a-04-RSVP/thrift/rsvp.p4(482) Condition "meta.meter_color != 0" (node_7) is false
[21:36:49.449] [bmv2] [D] [thread 44709] [14.0] [cxt 0] Pipeline 'ingress': end
[21:36:49.449] [bmv2] [D] [thread 44709] [14.0] [cxt 0] Egress port is 0
[21:36:49.449] [bmv2] [D] [thread 44710] [14.0] [cxt 0] Pipeline 'egress': start
[21:36:49.449] [bmv2] [D] [thread 44710] [14.0] [cxt 0] Pipeline 'egress': end
[21:36:49.449] [bmv2] [D] [thread 44710] [14.0] [cxt 0] Deparser 'deparser': start
[21:36:49.449] [bmv2] [T] [thread 44710] [14.0] [cxt 0] Skipping checksum 'cksum' update because condition not met
[21:36:49.449] [bmv2] [D] [thread 44710] [14.0] [cxt 0] Deparsing header 'ethernet'
[21:36:49.449] [bmv2] [D] [thread 44710] [14.0] [cxt 0] Deparser 'deparser': end
[21:36:49.449] [bmv2] [D] [thread 44714] [14.0] [cxt 0] Transmitting packet of size 90 out of port 0
[21:37:08.750] [bmv2] [T] [thread 44941] bm_get_config
[21:37:08.751] [bmv2] [T] [thread 44941] bm_mt_get_entries
[21:37:08.751] [bmv2] [T] [thread 44941] bm_mt_get_entries
[21:37:08.761] [bmv2] [T] [thread 44941] bm_reset_state
[21:37:08.761] [bmv2] [D] [thread 44941] Resetting simple_switch target-specific state
[21:37:08.761] [bmv2] [D] [thread 44941] resetting PRE state
[21:37:08.766] [bmv2] [T] [thread 44941] bm_table_add_entry
[21:37:08.766] [bmv2] [D] [thread 44941] Entry 0 added to table 'MyIngress.FEC_tbl'
[21:37:08.766] [bmv2] [D] [thread 44941] Dumping entry 0
Match key:
* hdr.ipv4.srcAddr    : LPM       00000000/0
* hdr.ipv4.dstAddr    : EXACT     0a030302
Action entry: MyIngress.ipv4_forward - a030302,1,

[21:37:08.766] [bmv2] [T] [thread 44941] bm_table_add_entry
[21:37:08.766] [bmv2] [D] [thread 44941] Entry 0 added to table 'MyIngress.mpls_tbl'
[21:37:08.766] [bmv2] [D] [thread 44941] Dumping entry 0
Match key:
* hdr.mpls[0].label   : EXACT     000002
* hdr.mpls[0].s       : EXACT     00
Action entry: MyIngress.mpls_forward - 9634a3e6593b,2,

[21:37:08.766] [bmv2] [T] [thread 44941] bm_table_add_entry
[21:37:08.766] [bmv2] [D] [thread 44941] Entry 1 added to table 'MyIngress.mpls_tbl'
[21:37:08.766] [bmv2] [D] [thread 44941] Dumping entry 1
Match key:
* hdr.mpls[0].label   : EXACT     000002
* hdr.mpls[0].s       : EXACT     01
Action entry: MyIngress.penultimate - 9634a3e6593b,2,

[21:37:08.766] [bmv2] [T] [thread 44941] bm_table_add_entry
[21:37:08.766] [bmv2] [D] [thread 44941] Entry 2 added to table 'MyIngress.mpls_tbl'
[21:37:08.766] [bmv2] [D] [thread 44941] Dumping entry 2
Match key:
* hdr.mpls[0].label   : EXACT     000003
* hdr.mpls[0].s       : EXACT     00
Action entry: MyIngress.mpls_forward - 325b4449ddab,3,

[21:37:08.766] [bmv2] [T] [thread 44941] bm_table_add_entry
[21:37:08.766] [bmv2] [D] [thread 44941] Entry 3 added to table 'MyIngress.mpls_tbl'
[21:37:08.766] [bmv2] [D] [thread 44941] Dumping entry 3
Match key:
* hdr.mpls[0].label   : EXACT     000003
* hdr.mpls[0].s       : EXACT     01
Action entry: MyIngress.penultimate - 325b4449ddab,3,

[21:37:08.766] [bmv2] [T] [thread 44941] bm_table_add_entry
[21:37:08.766] [bmv2] [D] [thread 44941] Entry 4 added to table 'MyIngress.mpls_tbl'
[21:37:08.766] [bmv2] [D] [thread 44941] Dumping entry 4
Match key:
* hdr.mpls[0].label   : EXACT     000004
* hdr.mpls[0].s       : EXACT     00
Action entry: MyIngress.mpls_forward - aebba2f2cfec,4,

[21:37:08.767] [bmv2] [T] [thread 44941] bm_table_add_entry
[21:37:08.767] [bmv2] [D] [thread 44941] Entry 5 added to table 'MyIngress.mpls_tbl'
[21:37:08.767] [bmv2] [D] [thread 44941] Dumping entry 5
Match key:
* hdr.mpls[0].label   : EXACT     000004
* hdr.mpls[0].s       : EXACT     01
Action entry: MyIngress.penultimate - aebba2f2cfec,4,

open: No such file or directory
open: No such file or directory
open: No such file or directory
open: No such file or directory
open: No such file or directory
open: No such file or directory
open: No such file or directory
open: No such file or directory
open: No such file or directory
open: No such file or directory
open: No such file or directory
open: No such file or directory
